[0.924s] Invoking command in '/home/racecar/racecar_ws/src/lab1c/build/open_space_msg': CMAKE_PREFIX_PATH=${CMAKE_PREFIX_PATH}:/home/racecar/racecar_ws/src/lab1c/install/ros_exercises:/home/racecar/racecar_ws/src/lab1c/ros_exercises/install/ros_exercises:/home/racecar/racecar_ws/src/install/ros_exercises:/home/racecar/racecar_ws/install/ros_exercises:/opt/ros/foxy /usr/bin/cmake --build /home/racecar/racecar_ws/src/lab1c/build/open_space_msg -- -j8 -l8
[1.156s] [  9%] Built target open_space_msg__cpp
[1.158s] [ 12%] Built target open_space_msg__rosidl_generator_c
[1.421s] [ 22%] Built target open_space_msg__rosidl_typesupport_cpp
[1.429s] [ 32%] Built target open_space_msg__rosidl_typesupport_introspection_cpp
[1.432s] [ 51%] Built target open_space_msg__rosidl_typesupport_introspection_c
[1.435s] [ 51%] Built target open_space_msg__rosidl_typesupport_c
[1.437s] [ 61%] Built target open_space_msg__rosidl_typesupport_fastrtps_cpp
[1.597s] [ 70%] Built target open_space_msg__rosidl_typesupport_fastrtps_c
[1.697s] [ 70%] Built target open_space_msg
[1.780s] [ 74%] Built target open_space_msg__py
[1.886s] [ 80%] Built target open_space_msg__python
[2.064s] [ 90%] Built target open_space_msg__rosidl_typesupport_fastrtps_c__pyext
[2.066s] [ 96%] Built target open_space_msg__rosidl_typesupport_c__pyext
[2.068s] [100%] Built target open_space_msg__rosidl_typesupport_introspection_c__pyext
[2.133s] Invoked command in '/home/racecar/racecar_ws/src/lab1c/build/open_space_msg' returned '0': CMAKE_PREFIX_PATH=${CMAKE_PREFIX_PATH}:/home/racecar/racecar_ws/src/lab1c/install/ros_exercises:/home/racecar/racecar_ws/src/lab1c/ros_exercises/install/ros_exercises:/home/racecar/racecar_ws/src/install/ros_exercises:/home/racecar/racecar_ws/install/ros_exercises:/opt/ros/foxy /usr/bin/cmake --build /home/racecar/racecar_ws/src/lab1c/build/open_space_msg -- -j8 -l8
[2.479s] Invoking command in '/home/racecar/racecar_ws/src/lab1c/build/open_space_msg': CMAKE_PREFIX_PATH=${CMAKE_PREFIX_PATH}:/home/racecar/racecar_ws/src/lab1c/install/ros_exercises:/home/racecar/racecar_ws/src/lab1c/ros_exercises/install/ros_exercises:/home/racecar/racecar_ws/src/install/ros_exercises:/home/racecar/racecar_ws/install/ros_exercises:/opt/ros/foxy /usr/bin/cmake --install /home/racecar/racecar_ws/src/lab1c/build/open_space_msg
[2.510s] -- Install configuration: ""
[2.511s] -- Up-to-date: /home/racecar/racecar_ws/src/lab1c/install/open_space_msg/share/ament_index/resource_index/rosidl_interfaces/open_space_msg
[2.512s] -- Up-to-date: /home/racecar/racecar_ws/src/lab1c/install/open_space_msg/include/open_space_msg
[2.514s] -- Up-to-date: /home/racecar/racecar_ws/src/lab1c/install/open_space_msg/include/open_space_msg/msg
[2.515s] -- Up-to-date: /home/racecar/racecar_ws/src/lab1c/install/open_space_msg/include/open_space_msg/msg/open_space.h
[2.517s] -- Up-to-date: /home/racecar/racecar_ws/src/lab1c/install/open_space_msg/include/open_space_msg/msg/rosidl_generator_c__visibility_control.h
[2.520s] -- Up-to-date: /home/racecar/racecar_ws/src/lab1c/install/open_space_msg/include/open_space_msg/msg/detail
[2.521s] -- Up-to-date: /home/racecar/racecar_ws/src/lab1c/install/open_space_msg/include/open_space_msg/msg/detail/open_space__type_support.h
[2.523s] -- Up-to-date: /home/racecar/racecar_ws/src/lab1c/install/open_space_msg/include/open_space_msg/msg/detail/open_space__functions.h
[2.525s] -- Up-to-date: /home/racecar/racecar_ws/src/lab1c/install/open_space_msg/include/open_space_msg/msg/detail/open_space__struct.h
[2.526s] -- Up-to-date: /home/racecar/racecar_ws/src/lab1c/install/open_space_msg/include/open_space_msg/msg/detail/open_space__functions.c
[2.528s] -- Up-to-date: /home/racecar/racecar_ws/src/lab1c/install/open_space_msg/share/open_space_msg/environment/library_path.sh
[2.529s] -- Up-to-date: /home/racecar/racecar_ws/src/lab1c/install/open_space_msg/share/open_space_msg/environment/library_path.dsv
[2.531s] -- Up-to-date: /home/racecar/racecar_ws/src/lab1c/install/open_space_msg/lib/libopen_space_msg__rosidl_generator_c.so
[2.533s] -- Up-to-date: /home/racecar/racecar_ws/src/lab1c/install/open_space_msg/include/open_space_msg
[2.535s] -- Up-to-date: /home/racecar/racecar_ws/src/lab1c/install/open_space_msg/include/open_space_msg/msg
[2.536s] -- Up-to-date: /home/racecar/racecar_ws/src/lab1c/install/open_space_msg/include/open_space_msg/msg/detail
[2.538s] -- Up-to-date: /home/racecar/racecar_ws/src/lab1c/install/open_space_msg/include/open_space_msg/msg/detail/open_space__rosidl_typesupport_fastrtps_c.h
[2.540s] -- Up-to-date: /home/racecar/racecar_ws/src/lab1c/install/open_space_msg/include/open_space_msg/msg/rosidl_typesupport_fastrtps_c__visibility_control.h
[2.541s] -- Up-to-date: /home/racecar/racecar_ws/src/lab1c/install/open_space_msg/lib/libopen_space_msg__rosidl_typesupport_fastrtps_c.so
[2.544s] -- Up-to-date: /home/racecar/racecar_ws/src/lab1c/install/open_space_msg/include/open_space_msg
[2.546s] -- Up-to-date: /home/racecar/racecar_ws/src/lab1c/install/open_space_msg/include/open_space_msg/msg
[2.548s] -- Up-to-date: /home/racecar/racecar_ws/src/lab1c/install/open_space_msg/include/open_space_msg/msg/rosidl_typesupport_fastrtps_cpp__visibility_control.h
[2.551s] -- Up-to-date: /home/racecar/racecar_ws/src/lab1c/install/open_space_msg/include/open_space_msg/msg/detail
[2.554s] -- Up-to-date: /home/racecar/racecar_ws/src/lab1c/install/open_space_msg/include/open_space_msg/msg/detail/open_space__rosidl_typesupport_fastrtps_cpp.hpp
[2.555s] -- Up-to-date: /home/racecar/racecar_ws/src/lab1c/install/open_space_msg/include/open_space_msg/msg/detail/dds_fastrtps
[2.557s] -- Up-to-date: /home/racecar/racecar_ws/src/lab1c/install/open_space_msg/lib/libopen_space_msg__rosidl_typesupport_fastrtps_cpp.so
[2.559s] -- Up-to-date: /home/racecar/racecar_ws/src/lab1c/install/open_space_msg/include/open_space_msg
[2.561s] -- Up-to-date: /home/racecar/racecar_ws/src/lab1c/install/open_space_msg/include/open_space_msg/msg
[2.564s] -- Up-to-date: /home/racecar/racecar_ws/src/lab1c/install/open_space_msg/include/open_space_msg/msg/detail
[2.566s] -- Up-to-date: /home/racecar/racecar_ws/src/lab1c/install/open_space_msg/include/open_space_msg/msg/detail/open_space__rosidl_typesupport_introspection_c.h
[2.567s] -- Up-to-date: /home/racecar/racecar_ws/src/lab1c/install/open_space_msg/include/open_space_msg/msg/detail/open_space__type_support.c
[2.569s] -- Up-to-date: /home/racecar/racecar_ws/src/lab1c/install/open_space_msg/include/open_space_msg/msg/rosidl_typesupport_introspection_c__visibility_control.h
[2.571s] -- Up-to-date: /home/racecar/racecar_ws/src/lab1c/install/open_space_msg/lib/libopen_space_msg__rosidl_typesupport_introspection_c.so
[2.573s] -- Up-to-date: /home/racecar/racecar_ws/src/lab1c/install/open_space_msg/lib/libopen_space_msg__rosidl_typesupport_c.so
[2.574s] -- Up-to-date: /home/racecar/racecar_ws/src/lab1c/install/open_space_msg/include/open_space_msg
[2.576s] -- Up-to-date: /home/racecar/racecar_ws/src/lab1c/install/open_space_msg/include/open_space_msg/msg
[2.577s] -- Up-to-date: /home/racecar/racecar_ws/src/lab1c/install/open_space_msg/include/open_space_msg/msg/detail
[2.579s] -- Up-to-date: /home/racecar/racecar_ws/src/lab1c/install/open_space_msg/include/open_space_msg/msg/detail/open_space__traits.hpp
[2.580s] -- Up-to-date: /home/racecar/racecar_ws/src/lab1c/install/open_space_msg/include/open_space_msg/msg/detail/open_space__struct.hpp
[2.582s] -- Up-to-date: /home/racecar/racecar_ws/src/lab1c/install/open_space_msg/include/open_space_msg/msg/detail/open_space__builder.hpp
[2.585s] -- Up-to-date: /home/racecar/racecar_ws/src/lab1c/install/open_space_msg/include/open_space_msg/msg/detail/open_space__type_support.hpp
[2.588s] -- Up-to-date: /home/racecar/racecar_ws/src/lab1c/install/open_space_msg/include/open_space_msg/msg/rosidl_generator_cpp__visibility_control.hpp
[2.589s] -- Up-to-date: /home/racecar/racecar_ws/src/lab1c/install/open_space_msg/include/open_space_msg/msg/open_space.hpp
[2.591s] -- Up-to-date: /home/racecar/racecar_ws/src/lab1c/install/open_space_msg/include/open_space_msg
[2.593s] -- Up-to-date: /home/racecar/racecar_ws/src/lab1c/install/open_space_msg/include/open_space_msg/msg
[2.596s] -- Up-to-date: /home/racecar/racecar_ws/src/lab1c/install/open_space_msg/include/open_space_msg/msg/detail
[2.598s] -- Up-to-date: /home/racecar/racecar_ws/src/lab1c/install/open_space_msg/include/open_space_msg/msg/detail/open_space__type_support.cpp
[2.600s] -- Up-to-date: /home/racecar/racecar_ws/src/lab1c/install/open_space_msg/include/open_space_msg/msg/detail/open_space__rosidl_typesupport_introspection_cpp.hpp
[2.602s] -- Up-to-date: /home/racecar/racecar_ws/src/lab1c/install/open_space_msg/lib/libopen_space_msg__rosidl_typesupport_introspection_cpp.so
[2.604s] -- Up-to-date: /home/racecar/racecar_ws/src/lab1c/install/open_space_msg/lib/libopen_space_msg__rosidl_typesupport_cpp.so
[2.606s] -- Up-to-date: /home/racecar/racecar_ws/src/lab1c/install/open_space_msg/share/open_space_msg/environment/pythonpath.sh
[2.608s] -- Up-to-date: /home/racecar/racecar_ws/src/lab1c/install/open_space_msg/share/open_space_msg/environment/pythonpath.dsv
[2.610s] -- Up-to-date: /home/racecar/racecar_ws/src/lab1c/install/open_space_msg/lib/python3.8/site-packages/open_space_msg/__init__.py
[2.687s] -- Up-to-date: /home/racecar/racecar_ws/src/lab1c/install/open_space_msg/lib/python3.8/site-packages/open_space_msg/msg
[2.689s] -- Up-to-date: /home/racecar/racecar_ws/src/lab1c/install/open_space_msg/lib/python3.8/site-packages/open_space_msg/msg/_open_space.py
[2.691s] -- Up-to-date: /home/racecar/racecar_ws/src/lab1c/install/open_space_msg/lib/python3.8/site-packages/open_space_msg/msg/__init__.py
[2.693s] -- Up-to-date: /home/racecar/racecar_ws/src/lab1c/install/open_space_msg/lib/python3.8/site-packages/open_space_msg/msg/_open_space_s.c
[2.694s] -- Up-to-date: /home/racecar/racecar_ws/src/lab1c/install/open_space_msg/lib/python3.8/site-packages/open_space_msg/open_space_msg_s__rosidl_typesupport_fastrtps_c.cpython-38-x86_64-linux-gnu.so
[2.699s] -- Up-to-date: /home/racecar/racecar_ws/src/lab1c/install/open_space_msg/lib/python3.8/site-packages/open_space_msg/open_space_msg_s__rosidl_typesupport_introspection_c.cpython-38-x86_64-linux-gnu.so
[2.702s] -- Up-to-date: /home/racecar/racecar_ws/src/lab1c/install/open_space_msg/lib/python3.8/site-packages/open_space_msg/open_space_msg_s__rosidl_typesupport_c.cpython-38-x86_64-linux-gnu.so
[2.706s] -- Up-to-date: /home/racecar/racecar_ws/src/lab1c/install/open_space_msg/lib/libopen_space_msg__python.so
[2.709s] -- Up-to-date: /home/racecar/racecar_ws/src/lab1c/install/open_space_msg/share/open_space_msg/msg/OpenSpace.idl
[2.711s] -- Up-to-date: /home/racecar/racecar_ws/src/lab1c/install/open_space_msg/share/open_space_msg/msg/OpenSpace.msg
[2.713s] -- Up-to-date: /home/racecar/racecar_ws/src/lab1c/install/open_space_msg/share/ament_index/resource_index/package_run_dependencies/open_space_msg
[2.715s] -- Up-to-date: /home/racecar/racecar_ws/src/lab1c/install/open_space_msg/share/ament_index/resource_index/parent_prefix_path/open_space_msg
[2.717s] -- Up-to-date: /home/racecar/racecar_ws/src/lab1c/install/open_space_msg/share/open_space_msg/environment/ament_prefix_path.sh
[2.719s] -- Up-to-date: /home/racecar/racecar_ws/src/lab1c/install/open_space_msg/share/open_space_msg/environment/ament_prefix_path.dsv
[2.721s] -- Up-to-date: /home/racecar/racecar_ws/src/lab1c/install/open_space_msg/share/open_space_msg/environment/path.sh
[2.723s] -- Up-to-date: /home/racecar/racecar_ws/src/lab1c/install/open_space_msg/share/open_space_msg/environment/path.dsv
[2.724s] -- Up-to-date: /home/racecar/racecar_ws/src/lab1c/install/open_space_msg/share/open_space_msg/local_setup.bash
[2.726s] -- Up-to-date: /home/racecar/racecar_ws/src/lab1c/install/open_space_msg/share/open_space_msg/local_setup.sh
[2.728s] -- Up-to-date: /home/racecar/racecar_ws/src/lab1c/install/open_space_msg/share/open_space_msg/local_setup.zsh
[2.730s] -- Up-to-date: /home/racecar/racecar_ws/src/lab1c/install/open_space_msg/share/open_space_msg/local_setup.dsv
[2.732s] -- Installing: /home/racecar/racecar_ws/src/lab1c/install/open_space_msg/share/open_space_msg/package.dsv
[2.734s] -- Up-to-date: /home/racecar/racecar_ws/src/lab1c/install/open_space_msg/share/ament_index/resource_index/packages/open_space_msg
[2.737s] -- Up-to-date: /home/racecar/racecar_ws/src/lab1c/install/open_space_msg/share/open_space_msg/cmake/open_space_msg__rosidl_generator_cExport.cmake
[2.739s] -- Up-to-date: /home/racecar/racecar_ws/src/lab1c/install/open_space_msg/share/open_space_msg/cmake/open_space_msg__rosidl_generator_cExport-noconfig.cmake
[2.742s] -- Up-to-date: /home/racecar/racecar_ws/src/lab1c/install/open_space_msg/share/open_space_msg/cmake/open_space_msg__rosidl_typesupport_introspection_cExport.cmake
[2.744s] -- Up-to-date: /home/racecar/racecar_ws/src/lab1c/install/open_space_msg/share/open_space_msg/cmake/open_space_msg__rosidl_typesupport_introspection_cExport-noconfig.cmake
[2.747s] -- Up-to-date: /home/racecar/racecar_ws/src/lab1c/install/open_space_msg/share/open_space_msg/cmake/open_space_msg__rosidl_typesupport_cExport.cmake
[2.750s] -- Up-to-date: /home/racecar/racecar_ws/src/lab1c/install/open_space_msg/share/open_space_msg/cmake/open_space_msg__rosidl_typesupport_cExport-noconfig.cmake
[2.752s] -- Up-to-date: /home/racecar/racecar_ws/src/lab1c/install/open_space_msg/share/open_space_msg/cmake/open_space_msg__rosidl_generator_cppExport.cmake
[2.754s] -- Up-to-date: /home/racecar/racecar_ws/src/lab1c/install/open_space_msg/share/open_space_msg/cmake/open_space_msg__rosidl_typesupport_introspection_cppExport.cmake
[2.756s] -- Up-to-date: /home/racecar/racecar_ws/src/lab1c/install/open_space_msg/share/open_space_msg/cmake/open_space_msg__rosidl_typesupport_introspection_cppExport-noconfig.cmake
[2.759s] -- Up-to-date: /home/racecar/racecar_ws/src/lab1c/install/open_space_msg/share/open_space_msg/cmake/open_space_msg__rosidl_typesupport_cppExport.cmake
[2.761s] -- Up-to-date: /home/racecar/racecar_ws/src/lab1c/install/open_space_msg/share/open_space_msg/cmake/open_space_msg__rosidl_typesupport_cppExport-noconfig.cmake
[2.763s] -- Up-to-date: /home/racecar/racecar_ws/src/lab1c/install/open_space_msg/share/open_space_msg/cmake/rosidl_cmake-extras.cmake
[2.765s] -- Up-to-date: /home/racecar/racecar_ws/src/lab1c/install/open_space_msg/share/open_space_msg/cmake/ament_cmake_export_dependencies-extras.cmake
[2.767s] -- Up-to-date: /home/racecar/racecar_ws/src/lab1c/install/open_space_msg/share/open_space_msg/cmake/ament_cmake_export_libraries-extras.cmake
[2.768s] -- Up-to-date: /home/racecar/racecar_ws/src/lab1c/install/open_space_msg/share/open_space_msg/cmake/ament_cmake_export_targets-extras.cmake
[2.770s] -- Up-to-date: /home/racecar/racecar_ws/src/lab1c/install/open_space_msg/share/open_space_msg/cmake/ament_cmake_export_include_directories-extras.cmake
[2.772s] -- Up-to-date: /home/racecar/racecar_ws/src/lab1c/install/open_space_msg/share/open_space_msg/cmake/rosidl_cmake_export_typesupport_libraries-extras.cmake
[2.774s] -- Up-to-date: /home/racecar/racecar_ws/src/lab1c/install/open_space_msg/share/open_space_msg/cmake/rosidl_cmake_export_typesupport_targets-extras.cmake
[2.776s] -- Up-to-date: /home/racecar/racecar_ws/src/lab1c/install/open_space_msg/share/open_space_msg/cmake/open_space_msgConfig.cmake
[2.778s] -- Up-to-date: /home/racecar/racecar_ws/src/lab1c/install/open_space_msg/share/open_space_msg/cmake/open_space_msgConfig-version.cmake
[2.787s] -- Up-to-date: /home/racecar/racecar_ws/src/lab1c/install/open_space_msg/share/open_space_msg/package.xml
[2.814s] Invoked command in '/home/racecar/racecar_ws/src/lab1c/build/open_space_msg' returned '0': CMAKE_PREFIX_PATH=${CMAKE_PREFIX_PATH}:/home/racecar/racecar_ws/src/lab1c/install/ros_exercises:/home/racecar/racecar_ws/src/lab1c/ros_exercises/install/ros_exercises:/home/racecar/racecar_ws/src/install/ros_exercises:/home/racecar/racecar_ws/install/ros_exercises:/opt/ros/foxy /usr/bin/cmake --install /home/racecar/racecar_ws/src/lab1c/build/open_space_msg
