[1.922s] Invoking command in '/home/racecar/racecar_ws/src/ros_exercises': PYTHONPATH=/home/racecar/racecar_ws/src/ros_exercises/build/ros_exercises/prefix_override:/home/racecar/racecar_ws/src/ros_exercises/install/ros_exercises/lib/python3.8/site-packages:${PYTHONPATH} /usr/bin/python3 setup.py egg_info --egg-base build/ros_exercises build --build-base /home/racecar/racecar_ws/src/ros_exercises/build/ros_exercises/build install --record /home/racecar/racecar_ws/src/ros_exercises/build/ros_exercises/install.log --install-scripts $base/lib/ros_exercises --single-version-externally-managed
[2.328s] running egg_info
[2.331s] writing build/ros_exercises/ros_exercises.egg-info/PKG-INFO
[2.334s] writing dependency_links to build/ros_exercises/ros_exercises.egg-info/dependency_links.txt
[2.336s] writing entry points to build/ros_exercises/ros_exercises.egg-info/entry_points.txt
[2.339s] writing requirements to build/ros_exercises/ros_exercises.egg-info/requires.txt
[2.342s] writing top-level names to build/ros_exercises/ros_exercises.egg-info/top_level.txt
[2.441s] reading manifest file 'build/ros_exercises/ros_exercises.egg-info/SOURCES.txt'
[2.447s] writing manifest file 'build/ros_exercises/ros_exercises.egg-info/SOURCES.txt'
[2.449s] running build
[2.451s] running build_py
[2.454s] running install
[2.456s] running install_lib
[2.463s] running install_data
[2.465s] running install_egg_info
[2.468s] removing '/home/racecar/racecar_ws/src/ros_exercises/install/ros_exercises/lib/python3.8/site-packages/ros_exercises-0.0.0-py3.8.egg-info' (and everything under it)
[2.474s] Copying build/ros_exercises/ros_exercises.egg-info to /home/racecar/racecar_ws/src/ros_exercises/install/ros_exercises/lib/python3.8/site-packages/ros_exercises-0.0.0-py3.8.egg-info
[2.515s] running install_scripts
[2.548s] Installing simple_publisher script to /home/racecar/racecar_ws/src/ros_exercises/install/ros_exercises/lib/ros_exercises
[2.551s] Installing simple_subscriber script to /home/racecar/racecar_ws/src/ros_exercises/install/ros_exercises/lib/ros_exercises
[2.556s] writing list of installed files to '/home/racecar/racecar_ws/src/ros_exercises/build/ros_exercises/install.log'
[2.586s] Invoked command in '/home/racecar/racecar_ws/src/ros_exercises' returned '0': PYTHONPATH=/home/racecar/racecar_ws/src/ros_exercises/build/ros_exercises/prefix_override:/home/racecar/racecar_ws/src/ros_exercises/install/ros_exercises/lib/python3.8/site-packages:${PYTHONPATH} /usr/bin/python3 setup.py egg_info --egg-base build/ros_exercises build --build-base /home/racecar/racecar_ws/src/ros_exercises/build/ros_exercises/build install --record /home/racecar/racecar_ws/src/ros_exercises/build/ros_exercises/install.log --install-scripts $base/lib/ros_exercises --single-version-externally-managed
