[0.000000] (-) TimerEvent: {}
[0.000468] (open_space_msg) JobQueued: {'identifier': 'open_space_msg', 'dependencies': OrderedDict()}
[0.000968] (ros_exercises) JobQueued: {'identifier': 'ros_exercises', 'dependencies': OrderedDict()}
[0.001336] (open_space_msg) JobStarted: {'identifier': 'open_space_msg'}
[0.100347] (-) TimerEvent: {}
[0.202652] (-) TimerEvent: {}
[0.306982] (-) TimerEvent: {}
[0.411781] (-) TimerEvent: {}
[0.516926] (-) TimerEvent: {}
[0.620188] (-) TimerEvent: {}
[0.725347] (-) TimerEvent: {}
[0.737884] (ros_exercises) JobStarted: {'identifier': 'ros_exercises'}
[0.839408] (-) TimerEvent: {}
[0.942582] (-) TimerEvent: {}
[1.047131] (-) TimerEvent: {}
[1.151063] (-) TimerEvent: {}
[1.254384] (-) TimerEvent: {}
[1.357120] (-) TimerEvent: {}
[1.438450] (open_space_msg) JobProgress: {'identifier': 'open_space_msg', 'progress': 'cmake'}
[1.445570] (open_space_msg) JobProgress: {'identifier': 'open_space_msg', 'progress': 'build'}
[1.449218] (open_space_msg) Command: {'cmd': ['/usr/bin/cmake', '--build', '/home/racecar/racecar_ws/src/lab1c/build/open_space_msg', '--', '-j8', '-l8'], 'cwd': '/home/racecar/racecar_ws/src/lab1c/build/open_space_msg', 'env': OrderedDict([('PYTHONIOENCODING', 'utf-8'), ('HOSTNAME', '4a8c1757ee4a'), ('SHLVL', '1'), ('LD_LIBRARY_PATH', '/home/racecar/racecar_ws/src/lab1c/install/open_space_msg/lib:/home/racecar/racecar_ws/src/install/open_space_msg/lib:/opt/ros/foxy/opt/yaml_cpp_vendor/lib:/opt/ros/foxy/opt/rviz_ogre_vendor/lib:/opt/ros/foxy/lib/x86_64-linux-gnu:/opt/ros/foxy/lib'), ('HOME', '/home/racecar'), ('OLDPWD', '/home/racecar/racecar_ws/src/lab1c/ros_exercises'), ('ROS_PYTHON_VERSION', '3'), ('COLCON_PREFIX_PATH', '/home/racecar/racecar_ws/src/lab1c/install:/home/racecar/racecar_ws/src/install:/home/racecar/racecar_ws/src/lab1c/ros_exercises/install:/home/sim_ws/install:/home/racecar/racecar_ws/install'), ('ROS_DISTRO', 'foxy'), ('_', '/usr/bin/colcon'), ('ROS_VERSION', '2'), ('TERM', 'xterm'), ('ROS_LOCALHOST_ONLY', '0'), ('PATH', '/opt/ros/foxy/bin:/usr/local/sbin:/usr/local/bin:/usr/sbin:/usr/bin:/sbin:/bin'), ('LANG', 'en_US.UTF-8'), ('AMENT_PREFIX_PATH', '/home/racecar/racecar_ws/src/lab1c/install/ros_exercises:/home/racecar/racecar_ws/src/lab1c/install/open_space_msg:/home/racecar/racecar_ws/src/lab1c/ros_exercises/install/ros_exercises:/home/racecar/racecar_ws/src/install/ros_exercises:/home/racecar/racecar_ws/src/install/open_space_msg:/home/sim_ws/install/racecar_simulator:/home/racecar/racecar_ws/install/ros_exercises:/opt/ros/foxy'), ('SIM_WS', '/home/sim_ws'), ('PWD', '/home/racecar/racecar_ws/src/lab1c/build/open_space_msg'), ('PYTHONPATH', '/home/racecar/racecar_ws/src/lab1c/install/ros_exercises/lib/python3.8/site-packages:/home/racecar/racecar_ws/src/lab1c/install/open_space_msg/lib/python3.8/site-packages:/home/racecar/racecar_ws/src/lab1c/ros_exercises/install/ros_exercises/lib/python3.8/site-packages:/home/racecar/racecar_ws/src/install/ros_exercises/lib/python3.8/site-packages:/home/racecar/racecar_ws/src/install/open_space_msg/lib/python3.8/site-packages:/home/racecar/racecar_ws/install/ros_exercises/lib/python3.8/site-packages:/opt/ros/foxy/lib/python3.8/site-packages'), ('NO_VNC_VERSION', '1.4.0'), ('COLCON', '1'), ('CMAKE_PREFIX_PATH', '/home/racecar/racecar_ws/src/lab1c/install/open_space_msg:/home/racecar/racecar_ws/src/install/open_space_msg:/home/sim_ws/install/racecar_simulator:/home/racecar/racecar_ws/src/lab1c/install/ros_exercises:/home/racecar/racecar_ws/src/lab1c/ros_exercises/install/ros_exercises:/home/racecar/racecar_ws/src/install/ros_exercises:/home/racecar/racecar_ws/install/ros_exercises:/opt/ros/foxy')]), 'shell': False}
[1.469341] (-) TimerEvent: {}
[1.571028] (-) TimerEvent: {}
[1.672028] (-) TimerEvent: {}
[1.774271] (-) TimerEvent: {}
[1.870856] (open_space_msg) StdoutLine: {'line': b'[  9%] Built target open_space_msg__cpp\n'}
[1.874622] (open_space_msg) StdoutLine: {'line': b'[ 12%] Built target open_space_msg__rosidl_generator_c\n'}
[1.876596] (-) TimerEvent: {}
[1.978154] (-) TimerEvent: {}
[2.080048] (-) TimerEvent: {}
[2.181526] (-) TimerEvent: {}
[2.257674] (open_space_msg) StdoutLine: {'line': b'[ 22%] Built target open_space_msg__rosidl_typesupport_introspection_cpp\n'}
[2.280108] (open_space_msg) StdoutLine: {'line': b'[ 38%] Built target open_space_msg__rosidl_typesupport_fastrtps_cpp\n'}
[2.290457] (-) TimerEvent: {}
[2.292124] (open_space_msg) StdoutLine: {'line': b'[ 61%] Built target open_space_msg__rosidl_typesupport_introspection_c\n'}
[2.295599] (open_space_msg) StdoutLine: {'line': b'[ 61%] Built target open_space_msg__rosidl_typesupport_c\n'}
[2.297613] (open_space_msg) StdoutLine: {'line': b'[ 61%] Built target open_space_msg__rosidl_typesupport_cpp\n'}
[2.401281] (-) TimerEvent: {}
[2.507009] (-) TimerEvent: {}
[2.556481] (open_space_msg) StdoutLine: {'line': b'[ 70%] Built target open_space_msg__rosidl_typesupport_fastrtps_c\n'}
[2.608805] (-) TimerEvent: {}
[2.713015] (-) TimerEvent: {}
[2.748824] (open_space_msg) StdoutLine: {'line': b'[ 70%] Built target open_space_msg\n'}
[2.815658] (-) TimerEvent: {}
[2.920005] (-) TimerEvent: {}
[2.921215] (open_space_msg) StdoutLine: {'line': b'[ 74%] Built target open_space_msg__py\n'}
[3.020903] (-) TimerEvent: {}
[3.097490] (open_space_msg) StdoutLine: {'line': b'[ 80%] Built target open_space_msg__python\n'}
[3.122207] (-) TimerEvent: {}
[3.223136] (-) TimerEvent: {}
[3.323972] (-) TimerEvent: {}
[3.383862] (open_space_msg) StdoutLine: {'line': b'[100%] Built target open_space_msg__rosidl_typesupport_fastrtps_c__pyext\n'}
[3.386401] (open_space_msg) StdoutLine: {'line': b'[100%] Built target open_space_msg__rosidl_typesupport_introspection_c__pyext\n'}
[3.389067] (open_space_msg) StdoutLine: {'line': b'[100%] Built target open_space_msg__rosidl_typesupport_c__pyext\n'}
[3.425076] (-) TimerEvent: {}
[3.480068] (open_space_msg) CommandEnded: {'returncode': 0}
[3.526120] (-) TimerEvent: {}
[3.628058] (-) TimerEvent: {}
[3.729048] (-) TimerEvent: {}
[3.748001] (ros_exercises) Command: {'cmd': ['/usr/bin/python3', 'setup.py', 'egg_info', '--egg-base', '../build/ros_exercises', 'build', '--build-base', '/home/racecar/racecar_ws/src/lab1c/build/ros_exercises/build', 'install', '--record', '/home/racecar/racecar_ws/src/lab1c/build/ros_exercises/install.log', '--install-scripts', '$base/lib/ros_exercises', '--single-version-externally-managed'], 'cwd': '/home/racecar/racecar_ws/src/lab1c/ros_exercises', 'env': {'PYTHONIOENCODING': 'utf-8', 'HOSTNAME': '4a8c1757ee4a', 'SHLVL': '1', 'LD_LIBRARY_PATH': '/home/racecar/racecar_ws/src/lab1c/install/open_space_msg/lib:/home/racecar/racecar_ws/src/install/open_space_msg/lib:/opt/ros/foxy/opt/yaml_cpp_vendor/lib:/opt/ros/foxy/opt/rviz_ogre_vendor/lib:/opt/ros/foxy/lib/x86_64-linux-gnu:/opt/ros/foxy/lib', 'HOME': '/home/racecar', 'OLDPWD': '/home/racecar/racecar_ws/src/lab1c/ros_exercises', 'ROS_PYTHON_VERSION': '3', 'COLCON_PREFIX_PATH': '/home/racecar/racecar_ws/src/lab1c/install:/home/racecar/racecar_ws/src/install:/home/racecar/racecar_ws/src/lab1c/ros_exercises/install:/home/sim_ws/install:/home/racecar/racecar_ws/install', 'ROS_DISTRO': 'foxy', '_': '/usr/bin/colcon', 'ROS_VERSION': '2', 'TERM': 'xterm', 'ROS_LOCALHOST_ONLY': '0', 'PATH': '/opt/ros/foxy/bin:/usr/local/sbin:/usr/local/bin:/usr/sbin:/usr/bin:/sbin:/bin', 'LANG': 'en_US.UTF-8', 'AMENT_PREFIX_PATH': '/home/racecar/racecar_ws/src/lab1c/install/ros_exercises:/home/racecar/racecar_ws/src/lab1c/install/open_space_msg:/home/racecar/racecar_ws/src/lab1c/ros_exercises/install/ros_exercises:/home/racecar/racecar_ws/src/install/ros_exercises:/home/racecar/racecar_ws/src/install/open_space_msg:/home/sim_ws/install/racecar_simulator:/home/racecar/racecar_ws/install/ros_exercises:/opt/ros/foxy', 'SIM_WS': '/home/sim_ws', 'PWD': '/home/racecar/racecar_ws/src/lab1c/build/ros_exercises', 'PYTHONPATH': '/home/racecar/racecar_ws/src/lab1c/build/ros_exercises/prefix_override:/home/racecar/racecar_ws/src/lab1c/install/ros_exercises/lib/python3.8/site-packages:/home/racecar/racecar_ws/src/lab1c/install/ros_exercises/lib/python3.8/site-packages:/home/racecar/racecar_ws/src/lab1c/install/open_space_msg/lib/python3.8/site-packages:/home/racecar/racecar_ws/src/lab1c/ros_exercises/install/ros_exercises/lib/python3.8/site-packages:/home/racecar/racecar_ws/src/install/ros_exercises/lib/python3.8/site-packages:/home/racecar/racecar_ws/src/install/open_space_msg/lib/python3.8/site-packages:/home/racecar/racecar_ws/install/ros_exercises/lib/python3.8/site-packages:/opt/ros/foxy/lib/python3.8/site-packages', 'NO_VNC_VERSION': '1.4.0', 'COLCON': '1', 'CMAKE_PREFIX_PATH': '/home/racecar/racecar_ws/src/lab1c/install/open_space_msg:/home/racecar/racecar_ws/src/install/open_space_msg:/home/sim_ws/install/racecar_simulator'}, 'shell': False}
[3.830118] (-) TimerEvent: {}
[3.930920] (-) TimerEvent: {}
[4.014538] (open_space_msg) JobProgress: {'identifier': 'open_space_msg', 'progress': 'install'}
[4.032259] (-) TimerEvent: {}
[4.075501] (open_space_msg) Command: {'cmd': ['/usr/bin/cmake', '--install', '/home/racecar/racecar_ws/src/lab1c/build/open_space_msg'], 'cwd': '/home/racecar/racecar_ws/src/lab1c/build/open_space_msg', 'env': OrderedDict([('PYTHONIOENCODING', 'utf-8'), ('HOSTNAME', '4a8c1757ee4a'), ('SHLVL', '1'), ('LD_LIBRARY_PATH', '/home/racecar/racecar_ws/src/lab1c/install/open_space_msg/lib:/home/racecar/racecar_ws/src/install/open_space_msg/lib:/opt/ros/foxy/opt/yaml_cpp_vendor/lib:/opt/ros/foxy/opt/rviz_ogre_vendor/lib:/opt/ros/foxy/lib/x86_64-linux-gnu:/opt/ros/foxy/lib'), ('HOME', '/home/racecar'), ('OLDPWD', '/home/racecar/racecar_ws/src/lab1c/ros_exercises'), ('ROS_PYTHON_VERSION', '3'), ('COLCON_PREFIX_PATH', '/home/racecar/racecar_ws/src/lab1c/install:/home/racecar/racecar_ws/src/install:/home/racecar/racecar_ws/src/lab1c/ros_exercises/install:/home/sim_ws/install:/home/racecar/racecar_ws/install'), ('ROS_DISTRO', 'foxy'), ('_', '/usr/bin/colcon'), ('ROS_VERSION', '2'), ('TERM', 'xterm'), ('ROS_LOCALHOST_ONLY', '0'), ('PATH', '/opt/ros/foxy/bin:/usr/local/sbin:/usr/local/bin:/usr/sbin:/usr/bin:/sbin:/bin'), ('LANG', 'en_US.UTF-8'), ('AMENT_PREFIX_PATH', '/home/racecar/racecar_ws/src/lab1c/install/ros_exercises:/home/racecar/racecar_ws/src/lab1c/install/open_space_msg:/home/racecar/racecar_ws/src/lab1c/ros_exercises/install/ros_exercises:/home/racecar/racecar_ws/src/install/ros_exercises:/home/racecar/racecar_ws/src/install/open_space_msg:/home/sim_ws/install/racecar_simulator:/home/racecar/racecar_ws/install/ros_exercises:/opt/ros/foxy'), ('SIM_WS', '/home/sim_ws'), ('PWD', '/home/racecar/racecar_ws/src/lab1c/build/open_space_msg'), ('PYTHONPATH', '/home/racecar/racecar_ws/src/lab1c/install/ros_exercises/lib/python3.8/site-packages:/home/racecar/racecar_ws/src/lab1c/install/open_space_msg/lib/python3.8/site-packages:/home/racecar/racecar_ws/src/lab1c/ros_exercises/install/ros_exercises/lib/python3.8/site-packages:/home/racecar/racecar_ws/src/install/ros_exercises/lib/python3.8/site-packages:/home/racecar/racecar_ws/src/install/open_space_msg/lib/python3.8/site-packages:/home/racecar/racecar_ws/install/ros_exercises/lib/python3.8/site-packages:/opt/ros/foxy/lib/python3.8/site-packages'), ('NO_VNC_VERSION', '1.4.0'), ('COLCON', '1'), ('CMAKE_PREFIX_PATH', '/home/racecar/racecar_ws/src/lab1c/install/open_space_msg:/home/racecar/racecar_ws/src/install/open_space_msg:/home/sim_ws/install/racecar_simulator:/home/racecar/racecar_ws/src/lab1c/install/ros_exercises:/home/racecar/racecar_ws/src/lab1c/ros_exercises/install/ros_exercises:/home/racecar/racecar_ws/src/install/ros_exercises:/home/racecar/racecar_ws/install/ros_exercises:/opt/ros/foxy')]), 'shell': False}
[4.116205] (open_space_msg) StdoutLine: {'line': b'-- Install configuration: ""\n'}
[4.119873] (open_space_msg) StdoutLine: {'line': b'-- Up-to-date: /home/racecar/racecar_ws/src/lab1c/install/open_space_msg/share/ament_index/resource_index/rosidl_interfaces/open_space_msg\n'}
[4.124202] (open_space_msg) StdoutLine: {'line': b'-- Up-to-date: /home/racecar/racecar_ws/src/lab1c/install/open_space_msg/include/open_space_msg\n'}
[4.126624] (open_space_msg) StdoutLine: {'line': b'-- Up-to-date: /home/racecar/racecar_ws/src/lab1c/install/open_space_msg/include/open_space_msg/msg\n'}
[4.129151] (open_space_msg) StdoutLine: {'line': b'-- Up-to-date: /home/racecar/racecar_ws/src/lab1c/install/open_space_msg/include/open_space_msg/msg/open_space.h\n'}
[4.131328] (open_space_msg) StdoutLine: {'line': b'-- Up-to-date: /home/racecar/racecar_ws/src/lab1c/install/open_space_msg/include/open_space_msg/msg/rosidl_generator_c__visibility_control.h\n'}
[4.133486] (-) TimerEvent: {}
[4.134391] (open_space_msg) StdoutLine: {'line': b'-- Up-to-date: /home/racecar/racecar_ws/src/lab1c/install/open_space_msg/include/open_space_msg/msg/detail\n'}
[4.138173] (open_space_msg) StdoutLine: {'line': b'-- Up-to-date: /home/racecar/racecar_ws/src/lab1c/install/open_space_msg/include/open_space_msg/msg/detail/open_space__type_support.h\n'}
[4.140376] (open_space_msg) StdoutLine: {'line': b'-- Up-to-date: /home/racecar/racecar_ws/src/lab1c/install/open_space_msg/include/open_space_msg/msg/detail/open_space__functions.h\n'}
[4.142654] (open_space_msg) StdoutLine: {'line': b'-- Up-to-date: /home/racecar/racecar_ws/src/lab1c/install/open_space_msg/include/open_space_msg/msg/detail/open_space__struct.h\n'}
[4.146496] (open_space_msg) StdoutLine: {'line': b'-- Up-to-date: /home/racecar/racecar_ws/src/lab1c/install/open_space_msg/include/open_space_msg/msg/detail/open_space__functions.c\n'}
[4.148783] (open_space_msg) StdoutLine: {'line': b'-- Up-to-date: /home/racecar/racecar_ws/src/lab1c/install/open_space_msg/share/open_space_msg/environment/library_path.sh\n'}
[4.150968] (open_space_msg) StdoutLine: {'line': b'-- Up-to-date: /home/racecar/racecar_ws/src/lab1c/install/open_space_msg/share/open_space_msg/environment/library_path.dsv\n'}
[4.153465] (open_space_msg) StdoutLine: {'line': b'-- Up-to-date: /home/racecar/racecar_ws/src/lab1c/install/open_space_msg/lib/libopen_space_msg__rosidl_generator_c.so\n'}
[4.156282] (open_space_msg) StdoutLine: {'line': b'-- Up-to-date: /home/racecar/racecar_ws/src/lab1c/install/open_space_msg/include/open_space_msg\n'}
[4.159463] (open_space_msg) StdoutLine: {'line': b'-- Up-to-date: /home/racecar/racecar_ws/src/lab1c/install/open_space_msg/include/open_space_msg/msg\n'}
[4.162608] (open_space_msg) StdoutLine: {'line': b'-- Up-to-date: /home/racecar/racecar_ws/src/lab1c/install/open_space_msg/include/open_space_msg/msg/detail\n'}
[4.164802] (open_space_msg) StdoutLine: {'line': b'-- Up-to-date: /home/racecar/racecar_ws/src/lab1c/install/open_space_msg/include/open_space_msg/msg/detail/open_space__rosidl_typesupport_fastrtps_c.h\n'}
[4.167841] (open_space_msg) StdoutLine: {'line': b'-- Up-to-date: /home/racecar/racecar_ws/src/lab1c/install/open_space_msg/include/open_space_msg/msg/rosidl_typesupport_fastrtps_c__visibility_control.h\n'}
[4.170618] (open_space_msg) StdoutLine: {'line': b'-- Up-to-date: /home/racecar/racecar_ws/src/lab1c/install/open_space_msg/lib/libopen_space_msg__rosidl_typesupport_fastrtps_c.so\n'}
[4.172725] (open_space_msg) StdoutLine: {'line': b'-- Up-to-date: /home/racecar/racecar_ws/src/lab1c/install/open_space_msg/include/open_space_msg\n'}
[4.174744] (open_space_msg) StdoutLine: {'line': b'-- Up-to-date: /home/racecar/racecar_ws/src/lab1c/install/open_space_msg/include/open_space_msg/msg\n'}
[4.176866] (open_space_msg) StdoutLine: {'line': b'-- Up-to-date: /home/racecar/racecar_ws/src/lab1c/install/open_space_msg/include/open_space_msg/msg/rosidl_typesupport_fastrtps_cpp__visibility_control.h\n'}
[4.179228] (open_space_msg) StdoutLine: {'line': b'-- Up-to-date: /home/racecar/racecar_ws/src/lab1c/install/open_space_msg/include/open_space_msg/msg/detail\n'}
[4.181153] (open_space_msg) StdoutLine: {'line': b'-- Up-to-date: /home/racecar/racecar_ws/src/lab1c/install/open_space_msg/include/open_space_msg/msg/detail/open_space__rosidl_typesupport_fastrtps_cpp.hpp\n'}
[4.183145] (open_space_msg) StdoutLine: {'line': b'-- Up-to-date: /home/racecar/racecar_ws/src/lab1c/install/open_space_msg/include/open_space_msg/msg/detail/dds_fastrtps\n'}
[4.186123] (open_space_msg) StdoutLine: {'line': b'-- Up-to-date: /home/racecar/racecar_ws/src/lab1c/install/open_space_msg/lib/libopen_space_msg__rosidl_typesupport_fastrtps_cpp.so\n'}
[4.190601] (open_space_msg) StdoutLine: {'line': b'-- Up-to-date: /home/racecar/racecar_ws/src/lab1c/install/open_space_msg/include/open_space_msg\n'}
[4.194401] (open_space_msg) StdoutLine: {'line': b'-- Up-to-date: /home/racecar/racecar_ws/src/lab1c/install/open_space_msg/include/open_space_msg/msg\n'}
[4.197021] (open_space_msg) StdoutLine: {'line': b'-- Up-to-date: /home/racecar/racecar_ws/src/lab1c/install/open_space_msg/include/open_space_msg/msg/detail\n'}
[4.203042] (open_space_msg) StdoutLine: {'line': b'-- Up-to-date: /home/racecar/racecar_ws/src/lab1c/install/open_space_msg/include/open_space_msg/msg/detail/open_space__rosidl_typesupport_introspection_c.h\n'}
[4.206198] (open_space_msg) StdoutLine: {'line': b'-- Up-to-date: /home/racecar/racecar_ws/src/lab1c/install/open_space_msg/include/open_space_msg/msg/detail/open_space__type_support.c\n'}
[4.208493] (open_space_msg) StdoutLine: {'line': b'-- Up-to-date: /home/racecar/racecar_ws/src/lab1c/install/open_space_msg/include/open_space_msg/msg/rosidl_typesupport_introspection_c__visibility_control.h\n'}
[4.210462] (open_space_msg) StdoutLine: {'line': b'-- Up-to-date: /home/racecar/racecar_ws/src/lab1c/install/open_space_msg/lib/libopen_space_msg__rosidl_typesupport_introspection_c.so\n'}
[4.212677] (open_space_msg) StdoutLine: {'line': b'-- Up-to-date: /home/racecar/racecar_ws/src/lab1c/install/open_space_msg/lib/libopen_space_msg__rosidl_typesupport_c.so\n'}
[4.216509] (open_space_msg) StdoutLine: {'line': b'-- Up-to-date: /home/racecar/racecar_ws/src/lab1c/install/open_space_msg/include/open_space_msg\n'}
[4.218634] (open_space_msg) StdoutLine: {'line': b'-- Up-to-date: /home/racecar/racecar_ws/src/lab1c/install/open_space_msg/include/open_space_msg/msg\n'}
[4.220484] (open_space_msg) StdoutLine: {'line': b'-- Up-to-date: /home/racecar/racecar_ws/src/lab1c/install/open_space_msg/include/open_space_msg/msg/detail\n'}
[4.222946] (open_space_msg) StdoutLine: {'line': b'-- Up-to-date: /home/racecar/racecar_ws/src/lab1c/install/open_space_msg/include/open_space_msg/msg/detail/open_space__traits.hpp\n'}
[4.225054] (open_space_msg) StdoutLine: {'line': b'-- Up-to-date: /home/racecar/racecar_ws/src/lab1c/install/open_space_msg/include/open_space_msg/msg/detail/open_space__struct.hpp\n'}
[4.227778] (open_space_msg) StdoutLine: {'line': b'-- Up-to-date: /home/racecar/racecar_ws/src/lab1c/install/open_space_msg/include/open_space_msg/msg/detail/open_space__builder.hpp\n'}
[4.230016] (open_space_msg) StdoutLine: {'line': b'-- Up-to-date: /home/racecar/racecar_ws/src/lab1c/install/open_space_msg/include/open_space_msg/msg/detail/open_space__type_support.hpp\n'}
[4.235314] (-) TimerEvent: {}
[4.240082] (open_space_msg) StdoutLine: {'line': b'-- Up-to-date: /home/racecar/racecar_ws/src/lab1c/install/open_space_msg/include/open_space_msg/msg/rosidl_generator_cpp__visibility_control.hpp\n'}
[4.243061] (open_space_msg) StdoutLine: {'line': b'-- Up-to-date: /home/racecar/racecar_ws/src/lab1c/install/open_space_msg/include/open_space_msg/msg/open_space.hpp\n'}
[4.245638] (open_space_msg) StdoutLine: {'line': b'-- Up-to-date: /home/racecar/racecar_ws/src/lab1c/install/open_space_msg/include/open_space_msg\n'}
[4.248319] (open_space_msg) StdoutLine: {'line': b'-- Up-to-date: /home/racecar/racecar_ws/src/lab1c/install/open_space_msg/include/open_space_msg/msg\n'}
[4.251092] (ros_exercises) StdoutLine: {'line': b'running egg_info\n'}
[4.253268] (open_space_msg) StdoutLine: {'line': b'-- Up-to-date: /home/racecar/racecar_ws/src/lab1c/install/open_space_msg/include/open_space_msg/msg/detail\n'}
[4.255386] (open_space_msg) StdoutLine: {'line': b'-- Up-to-date: /home/racecar/racecar_ws/src/lab1c/install/open_space_msg/include/open_space_msg/msg/detail/open_space__type_support.cpp\n'}
[4.258173] (ros_exercises) StdoutLine: {'line': b'writing ../build/ros_exercises/ros_exercises.egg-info/PKG-INFO\n'}
[4.261121] (open_space_msg) StdoutLine: {'line': b'-- Up-to-date: /home/racecar/racecar_ws/src/lab1c/install/open_space_msg/include/open_space_msg/msg/detail/open_space__rosidl_typesupport_introspection_cpp.hpp\n'}
[4.263797] (ros_exercises) StdoutLine: {'line': b'writing dependency_links to ../build/ros_exercises/ros_exercises.egg-info/dependency_links.txt\n'}
[4.266288] (open_space_msg) StdoutLine: {'line': b'-- Up-to-date: /home/racecar/racecar_ws/src/lab1c/install/open_space_msg/lib/libopen_space_msg__rosidl_typesupport_introspection_cpp.so\n'}
[4.268695] (ros_exercises) StdoutLine: {'line': b'writing entry points to ../build/ros_exercises/ros_exercises.egg-info/entry_points.txt\n'}
[4.270968] (open_space_msg) StdoutLine: {'line': b'-- Up-to-date: /home/racecar/racecar_ws/src/lab1c/install/open_space_msg/lib/libopen_space_msg__rosidl_typesupport_cpp.so\n'}
[4.273121] (ros_exercises) StdoutLine: {'line': b'writing requirements to ../build/ros_exercises/ros_exercises.egg-info/requires.txt\n'}
[4.275422] (open_space_msg) StdoutLine: {'line': b'-- Up-to-date: /home/racecar/racecar_ws/src/lab1c/install/open_space_msg/share/open_space_msg/environment/pythonpath.sh\n'}
[4.281184] (ros_exercises) StdoutLine: {'line': b'writing top-level names to ../build/ros_exercises/ros_exercises.egg-info/top_level.txt\n'}
[4.283575] (open_space_msg) StdoutLine: {'line': b'-- Up-to-date: /home/racecar/racecar_ws/src/lab1c/install/open_space_msg/share/open_space_msg/environment/pythonpath.dsv\n'}
[4.285805] (open_space_msg) StdoutLine: {'line': b'-- Up-to-date: /home/racecar/racecar_ws/src/lab1c/install/open_space_msg/lib/python3.8/site-packages/open_space_msg/__init__.py\n'}
[4.336125] (-) TimerEvent: {}
[4.345817] (ros_exercises) StdoutLine: {'line': b"reading manifest file '../build/ros_exercises/ros_exercises.egg-info/SOURCES.txt'\n"}
[4.352349] (ros_exercises) StdoutLine: {'line': b"writing manifest file '../build/ros_exercises/ros_exercises.egg-info/SOURCES.txt'\n"}
[4.355590] (ros_exercises) StdoutLine: {'line': b'running build\n'}
[4.358155] (ros_exercises) StdoutLine: {'line': b'running build_py\n'}
[4.360874] (ros_exercises) StdoutLine: {'line': b'copying ros_exercises/base_link_tf_pub.py -> /home/racecar/racecar_ws/src/lab1c/build/ros_exercises/build/lib/ros_exercises\n'}
[4.368639] (open_space_msg) StdoutLine: {'line': b'-- Up-to-date: /home/racecar/racecar_ws/src/lab1c/install/open_space_msg/lib/python3.8/site-packages/open_space_msg/msg\n'}
[4.373613] (ros_exercises) StdoutLine: {'line': b'running install\n'}
[4.377963] (ros_exercises) StdoutLine: {'line': b'running install_lib\n'}
[4.382213] (open_space_msg) StdoutLine: {'line': b'-- Up-to-date: /home/racecar/racecar_ws/src/lab1c/install/open_space_msg/lib/python3.8/site-packages/open_space_msg/msg/_open_space.py\n'}
[4.385194] (open_space_msg) StdoutLine: {'line': b'-- Up-to-date: /home/racecar/racecar_ws/src/lab1c/install/open_space_msg/lib/python3.8/site-packages/open_space_msg/msg/__init__.py\n'}
[4.388707] (open_space_msg) StdoutLine: {'line': b'-- Up-to-date: /home/racecar/racecar_ws/src/lab1c/install/open_space_msg/lib/python3.8/site-packages/open_space_msg/msg/_open_space_s.c\n'}
[4.390829] (ros_exercises) StdoutLine: {'line': b'copying /home/racecar/racecar_ws/src/lab1c/build/ros_exercises/build/lib/ros_exercises/base_link_tf_pub.py -> /home/racecar/racecar_ws/src/lab1c/install/ros_exercises/lib/python3.8/site-packages/ros_exercises\n'}
[4.394770] (open_space_msg) StdoutLine: {'line': b'-- Up-to-date: /home/racecar/racecar_ws/src/lab1c/install/open_space_msg/lib/python3.8/site-packages/open_space_msg/open_space_msg_s__rosidl_typesupport_fastrtps_c.cpython-38-x86_64-linux-gnu.so\n'}
[4.399207] (open_space_msg) StdoutLine: {'line': b'-- Up-to-date: /home/racecar/racecar_ws/src/lab1c/install/open_space_msg/lib/python3.8/site-packages/open_space_msg/open_space_msg_s__rosidl_typesupport_introspection_c.cpython-38-x86_64-linux-gnu.so\n'}
[4.402453] (ros_exercises) StdoutLine: {'line': b'byte-compiling /home/racecar/racecar_ws/src/lab1c/install/ros_exercises/lib/python3.8/site-packages/ros_exercises/base_link_tf_pub.py to base_link_tf_pub.cpython-38.pyc\n'}
[4.405221] (open_space_msg) StdoutLine: {'line': b'-- Up-to-date: /home/racecar/racecar_ws/src/lab1c/install/open_space_msg/lib/python3.8/site-packages/open_space_msg/open_space_msg_s__rosidl_typesupport_c.cpython-38-x86_64-linux-gnu.so\n'}
[4.411693] (open_space_msg) StdoutLine: {'line': b'-- Up-to-date: /home/racecar/racecar_ws/src/lab1c/install/open_space_msg/lib/libopen_space_msg__python.so\n'}
[4.414716] (ros_exercises) StdoutLine: {'line': b'running install_data\n'}
[4.417946] (open_space_msg) StdoutLine: {'line': b'-- Up-to-date: /home/racecar/racecar_ws/src/lab1c/install/open_space_msg/share/open_space_msg/msg/OpenSpace.idl\n'}
[4.420700] (ros_exercises) StdoutLine: {'line': b'running install_egg_info\n'}
[4.423495] (open_space_msg) StdoutLine: {'line': b'-- Up-to-date: /home/racecar/racecar_ws/src/lab1c/install/open_space_msg/share/open_space_msg/msg/OpenSpace.msg\n'}
[4.426521] (ros_exercises) StdoutLine: {'line': b"removing '/home/racecar/racecar_ws/src/lab1c/install/ros_exercises/lib/python3.8/site-packages/ros_exercises-0.0.0-py3.8.egg-info' (and everything under it)\n"}
[4.430013] (open_space_msg) StdoutLine: {'line': b'-- Up-to-date: /home/racecar/racecar_ws/src/lab1c/install/open_space_msg/share/ament_index/resource_index/package_run_dependencies/open_space_msg\n'}
[4.433766] (open_space_msg) StdoutLine: {'line': b'-- Up-to-date: /home/racecar/racecar_ws/src/lab1c/install/open_space_msg/share/ament_index/resource_index/parent_prefix_path/open_space_msg\n'}
[4.437097] (-) TimerEvent: {}
[4.438148] (open_space_msg) StdoutLine: {'line': b'-- Up-to-date: /home/racecar/racecar_ws/src/lab1c/install/open_space_msg/share/open_space_msg/environment/ament_prefix_path.sh\n'}
[4.443348] (ros_exercises) StdoutLine: {'line': b'Copying ../build/ros_exercises/ros_exercises.egg-info to /home/racecar/racecar_ws/src/lab1c/install/ros_exercises/lib/python3.8/site-packages/ros_exercises-0.0.0-py3.8.egg-info\n'}
[4.446387] (open_space_msg) StdoutLine: {'line': b'-- Up-to-date: /home/racecar/racecar_ws/src/lab1c/install/open_space_msg/share/open_space_msg/environment/ament_prefix_path.dsv\n'}
[4.449275] (open_space_msg) StdoutLine: {'line': b'-- Up-to-date: /home/racecar/racecar_ws/src/lab1c/install/open_space_msg/share/open_space_msg/environment/path.sh\n'}
[4.451960] (open_space_msg) StdoutLine: {'line': b'-- Up-to-date: /home/racecar/racecar_ws/src/lab1c/install/open_space_msg/share/open_space_msg/environment/path.dsv\n'}
[4.456228] (open_space_msg) StdoutLine: {'line': b'-- Up-to-date: /home/racecar/racecar_ws/src/lab1c/install/open_space_msg/share/open_space_msg/local_setup.bash\n'}
[4.459819] (open_space_msg) StdoutLine: {'line': b'-- Up-to-date: /home/racecar/racecar_ws/src/lab1c/install/open_space_msg/share/open_space_msg/local_setup.sh\n'}
[4.462850] (open_space_msg) StdoutLine: {'line': b'-- Up-to-date: /home/racecar/racecar_ws/src/lab1c/install/open_space_msg/share/open_space_msg/local_setup.zsh\n'}
[4.467850] (open_space_msg) StdoutLine: {'line': b'-- Up-to-date: /home/racecar/racecar_ws/src/lab1c/install/open_space_msg/share/open_space_msg/local_setup.dsv\n'}
[4.470645] (open_space_msg) StdoutLine: {'line': b'-- Installing: /home/racecar/racecar_ws/src/lab1c/install/open_space_msg/share/open_space_msg/package.dsv\n'}
[4.473922] (open_space_msg) StdoutLine: {'line': b'-- Up-to-date: /home/racecar/racecar_ws/src/lab1c/install/open_space_msg/share/ament_index/resource_index/packages/open_space_msg\n'}
[4.482149] (open_space_msg) StdoutLine: {'line': b'-- Up-to-date: /home/racecar/racecar_ws/src/lab1c/install/open_space_msg/share/open_space_msg/cmake/open_space_msg__rosidl_generator_cExport.cmake\n'}
[4.488995] (open_space_msg) StdoutLine: {'line': b'-- Up-to-date: /home/racecar/racecar_ws/src/lab1c/install/open_space_msg/share/open_space_msg/cmake/open_space_msg__rosidl_generator_cExport-noconfig.cmake\n'}
[4.493204] (open_space_msg) StdoutLine: {'line': b'-- Up-to-date: /home/racecar/racecar_ws/src/lab1c/install/open_space_msg/share/open_space_msg/cmake/open_space_msg__rosidl_typesupport_introspection_cExport.cmake\n'}
[4.495641] (ros_exercises) StdoutLine: {'line': b'running install_scripts\n'}
[4.498913] (open_space_msg) StdoutLine: {'line': b'-- Up-to-date: /home/racecar/racecar_ws/src/lab1c/install/open_space_msg/share/open_space_msg/cmake/open_space_msg__rosidl_typesupport_introspection_cExport-noconfig.cmake\n'}
[4.501222] (open_space_msg) StdoutLine: {'line': b'-- Up-to-date: /home/racecar/racecar_ws/src/lab1c/install/open_space_msg/share/open_space_msg/cmake/open_space_msg__rosidl_typesupport_cExport.cmake\n'}
[4.503180] (open_space_msg) StdoutLine: {'line': b'-- Up-to-date: /home/racecar/racecar_ws/src/lab1c/install/open_space_msg/share/open_space_msg/cmake/open_space_msg__rosidl_typesupport_cExport-noconfig.cmake\n'}
[4.510045] (open_space_msg) StdoutLine: {'line': b'-- Up-to-date: /home/racecar/racecar_ws/src/lab1c/install/open_space_msg/share/open_space_msg/cmake/open_space_msg__rosidl_generator_cppExport.cmake\n'}
[4.516177] (open_space_msg) StdoutLine: {'line': b'-- Up-to-date: /home/racecar/racecar_ws/src/lab1c/install/open_space_msg/share/open_space_msg/cmake/open_space_msg__rosidl_typesupport_introspection_cppExport.cmake\n'}
[4.520929] (open_space_msg) StdoutLine: {'line': b'-- Up-to-date: /home/racecar/racecar_ws/src/lab1c/install/open_space_msg/share/open_space_msg/cmake/open_space_msg__rosidl_typesupport_introspection_cppExport-noconfig.cmake\n'}
[4.525968] (open_space_msg) StdoutLine: {'line': b'-- Up-to-date: /home/racecar/racecar_ws/src/lab1c/install/open_space_msg/share/open_space_msg/cmake/open_space_msg__rosidl_typesupport_cppExport.cmake\n'}
[4.530527] (open_space_msg) StdoutLine: {'line': b'-- Up-to-date: /home/racecar/racecar_ws/src/lab1c/install/open_space_msg/share/open_space_msg/cmake/open_space_msg__rosidl_typesupport_cppExport-noconfig.cmake\n'}
[4.533974] (open_space_msg) StdoutLine: {'line': b'-- Up-to-date: /home/racecar/racecar_ws/src/lab1c/install/open_space_msg/share/open_space_msg/cmake/rosidl_cmake-extras.cmake\n'}
[4.536567] (ros_exercises) StdoutLine: {'line': b'Installing base_link_tf_pub script to /home/racecar/racecar_ws/src/lab1c/install/ros_exercises/lib/ros_exercises\n'}
[4.538911] (-) TimerEvent: {}
[4.539588] (open_space_msg) StdoutLine: {'line': b'-- Up-to-date: /home/racecar/racecar_ws/src/lab1c/install/open_space_msg/share/open_space_msg/cmake/ament_cmake_export_dependencies-extras.cmake\n'}
[4.542603] (open_space_msg) StdoutLine: {'line': b'-- Up-to-date: /home/racecar/racecar_ws/src/lab1c/install/open_space_msg/share/open_space_msg/cmake/ament_cmake_export_libraries-extras.cmake\n'}
[4.546549] (ros_exercises) StdoutLine: {'line': b'Installing dynamic_tf_cam_publisher script to /home/racecar/racecar_ws/src/lab1c/install/ros_exercises/lib/ros_exercises\n'}
[4.549651] (open_space_msg) StdoutLine: {'line': b'-- Up-to-date: /home/racecar/racecar_ws/src/lab1c/install/open_space_msg/share/open_space_msg/cmake/ament_cmake_export_targets-extras.cmake\n'}
[4.553360] (ros_exercises) StdoutLine: {'line': b'Installing fake_scan_publisher script to /home/racecar/racecar_ws/src/lab1c/install/ros_exercises/lib/ros_exercises\n'}
[4.557165] (open_space_msg) StdoutLine: {'line': b'-- Up-to-date: /home/racecar/racecar_ws/src/lab1c/install/open_space_msg/share/open_space_msg/cmake/ament_cmake_export_include_directories-extras.cmake\n'}
[4.559684] (open_space_msg) StdoutLine: {'line': b'-- Up-to-date: /home/racecar/racecar_ws/src/lab1c/install/open_space_msg/share/open_space_msg/cmake/rosidl_cmake_export_typesupport_libraries-extras.cmake\n'}
[4.562389] (open_space_msg) StdoutLine: {'line': b'-- Up-to-date: /home/racecar/racecar_ws/src/lab1c/install/open_space_msg/share/open_space_msg/cmake/rosidl_cmake_export_typesupport_targets-extras.cmake\n'}
[4.566066] (ros_exercises) StdoutLine: {'line': b'Installing open_space_publisher script to /home/racecar/racecar_ws/src/lab1c/install/ros_exercises/lib/ros_exercises\n'}
[4.568767] (open_space_msg) StdoutLine: {'line': b'-- Up-to-date: /home/racecar/racecar_ws/src/lab1c/install/open_space_msg/share/open_space_msg/cmake/open_space_msgConfig.cmake\n'}
[4.573706] (ros_exercises) StdoutLine: {'line': b'Installing simple_publisher script to /home/racecar/racecar_ws/src/lab1c/install/ros_exercises/lib/ros_exercises\n'}
[4.577314] (open_space_msg) StdoutLine: {'line': b'-- Up-to-date: /home/racecar/racecar_ws/src/lab1c/install/open_space_msg/share/open_space_msg/cmake/open_space_msgConfig-version.cmake\n'}
[4.582442] (open_space_msg) StdoutLine: {'line': b'-- Up-to-date: /home/racecar/racecar_ws/src/lab1c/install/open_space_msg/share/open_space_msg/package.xml\n'}
[4.586877] (ros_exercises) StdoutLine: {'line': b'Installing simple_subscriber script to /home/racecar/racecar_ws/src/lab1c/install/ros_exercises/lib/ros_exercises\n'}
[4.589806] (ros_exercises) StdoutLine: {'line': b'Installing static_tf_cam_publisher script to /home/racecar/racecar_ws/src/lab1c/install/ros_exercises/lib/ros_exercises\n'}
[4.594142] (open_space_msg) CommandEnded: {'returncode': 0}
[4.601736] (ros_exercises) StdoutLine: {'line': b"writing list of installed files to '/home/racecar/racecar_ws/src/lab1c/build/ros_exercises/install.log'\n"}
[4.644888] (-) TimerEvent: {}
[4.750607] (-) TimerEvent: {}
[4.853590] (-) TimerEvent: {}
[4.962726] (-) TimerEvent: {}
[5.065204] (-) TimerEvent: {}
[5.100813] (ros_exercises) CommandEnded: {'returncode': 0}
[5.167232] (-) TimerEvent: {}
[5.272942] (-) TimerEvent: {}
[5.389404] (-) TimerEvent: {}
[5.418960] (ros_exercises) JobEnded: {'identifier': 'ros_exercises', 'rc': 0}
[5.490190] (-) TimerEvent: {}
[5.591997] (-) TimerEvent: {}
[5.695731] (-) TimerEvent: {}
[5.800009] (-) TimerEvent: {}
[5.908481] (-) TimerEvent: {}
[6.024203] (-) TimerEvent: {}
[6.130986] (-) TimerEvent: {}
[6.236889] (-) TimerEvent: {}
[6.262150] (open_space_msg) JobEnded: {'identifier': 'open_space_msg', 'rc': 0}
[6.270509] (-) EventReactorShutdown: {}
