[3.309s] DEBUG:colcon:Command line arguments: ['/usr/bin/colcon', 'build']
[3.310s] DEBUG:colcon:Parsed command line arguments: Namespace(ament_cmake_args=None, base_paths=['.'], build_base='build', catkin_cmake_args=None, catkin_skip_building_tests=False, cmake_args=None, cmake_clean_cache=False, cmake_clean_first=False, cmake_force_configure=False, cmake_target=None, cmake_target_skip_unavailable=False, continue_on_error=False, event_handlers=None, executor='parallel', ignore_user_meta=False, install_base='install', log_base=None, log_level=None, main=<bound method BuildVerb.main of <colcon_core.verb.build.BuildVerb object at 0x7f37b41629d0>>, merge_install=False, metas=['./colcon.meta'], packages_above=None, packages_above_and_dependencies=None, packages_above_depth=None, packages_end=None, packages_ignore=None, packages_ignore_regex=None, packages_select=None, packages_select_build_failed=False, packages_select_by_dep=None, packages_select_regex=None, packages_select_test_failures=False, packages_skip=None, packages_skip_build_finished=False, packages_skip_by_dep=None, packages_skip_regex=None, packages_skip_test_passed=False, packages_skip_up_to=None, packages_start=None, packages_up_to=None, packages_up_to_regex=None, parallel_workers=8, paths=None, symlink_install=False, test_result_base=None, verb_extension=<colcon_core.verb.build.BuildVerb object at 0x7f37b41629d0>, verb_name='build', verb_parser=<colcon_defaults.argument_parser.defaults.DefaultArgumentsDecorator object at 0x7f37b3d18c70>)
[3.449s] Level 1:colcon.colcon_core.package_discovery:discover_packages(colcon_meta) check parameters
[3.449s] Level 1:colcon.colcon_core.package_discovery:discover_packages(recursive) check parameters
[3.450s] Level 1:colcon.colcon_core.package_discovery:discover_packages(ignore) check parameters
[3.450s] Level 1:colcon.colcon_core.package_discovery:discover_packages(path) check parameters
[3.451s] Level 1:colcon.colcon_core.package_discovery:discover_packages(colcon_meta) discover
[3.451s] Level 1:colcon.colcon_core.package_discovery:discover_packages(recursive) discover
[3.451s] INFO:colcon.colcon_core.package_discovery:Crawling recursively for packages in '/home/racecar/racecar_ws/src/lab1c'
[3.452s] Level 1:colcon.colcon_core.package_identification:_identify(.) by extensions ['ignore', 'ignore_ament_install']
[3.453s] Level 1:colcon.colcon_core.package_identification:_identify(.) by extension 'ignore'
[3.453s] Level 1:colcon.colcon_core.package_identification:_identify(.) by extension 'ignore_ament_install'
[3.454s] Level 1:colcon.colcon_core.package_identification:_identify(.) by extensions ['colcon_pkg']
[3.454s] Level 1:colcon.colcon_core.package_identification:_identify(.) by extension 'colcon_pkg'
[3.455s] Level 1:colcon.colcon_core.package_identification:_identify(.) by extensions ['colcon_meta']
[3.455s] Level 1:colcon.colcon_core.package_identification:_identify(.) by extension 'colcon_meta'
[3.455s] Level 1:colcon.colcon_core.package_identification:_identify(.) by extensions ['ros']
[3.456s] Level 1:colcon.colcon_core.package_identification:_identify(.) by extension 'ros'
[3.474s] Level 1:colcon.colcon_core.package_identification:_identify(.) by extensions ['cmake', 'python']
[3.474s] Level 1:colcon.colcon_core.package_identification:_identify(.) by extension 'cmake'
[3.475s] Level 1:colcon.colcon_core.package_identification:_identify(.) by extension 'python'
[3.476s] Level 1:colcon.colcon_core.package_identification:_identify(.) by extensions ['python_setup_py']
[3.476s] Level 1:colcon.colcon_core.package_identification:_identify(.) by extension 'python_setup_py'
[3.477s] Level 1:colcon.colcon_core.package_identification:_identify(build) by extensions ['ignore', 'ignore_ament_install']
[3.478s] Level 1:colcon.colcon_core.package_identification:_identify(build) by extension 'ignore'
[3.478s] Level 1:colcon.colcon_core.package_identification:_identify(build) ignored
[3.479s] Level 1:colcon.colcon_core.package_identification:_identify(install) by extensions ['ignore', 'ignore_ament_install']
[3.480s] Level 1:colcon.colcon_core.package_identification:_identify(install) by extension 'ignore'
[3.480s] Level 1:colcon.colcon_core.package_identification:_identify(install) ignored
[3.482s] Level 1:colcon.colcon_core.package_identification:_identify(log) by extensions ['ignore', 'ignore_ament_install']
[3.483s] Level 1:colcon.colcon_core.package_identification:_identify(log) by extension 'ignore'
[3.483s] Level 1:colcon.colcon_core.package_identification:_identify(log) ignored
[3.485s] Level 1:colcon.colcon_core.package_identification:_identify(open_space_msg) by extensions ['ignore', 'ignore_ament_install']
[3.485s] Level 1:colcon.colcon_core.package_identification:_identify(open_space_msg) by extension 'ignore'
[3.486s] Level 1:colcon.colcon_core.package_identification:_identify(open_space_msg) by extension 'ignore_ament_install'
[3.487s] Level 1:colcon.colcon_core.package_identification:_identify(open_space_msg) by extensions ['colcon_pkg']
[3.487s] Level 1:colcon.colcon_core.package_identification:_identify(open_space_msg) by extension 'colcon_pkg'
[3.488s] Level 1:colcon.colcon_core.package_identification:_identify(open_space_msg) by extensions ['colcon_meta']
[3.488s] Level 1:colcon.colcon_core.package_identification:_identify(open_space_msg) by extension 'colcon_meta'
[3.489s] Level 1:colcon.colcon_core.package_identification:_identify(open_space_msg) by extensions ['ros']
[3.489s] Level 1:colcon.colcon_core.package_identification:_identify(open_space_msg) by extension 'ros'
[3.493s] DEBUG:colcon.colcon_core.package_identification:Package 'open_space_msg' with type 'ros.ament_cmake' and name 'open_space_msg'
[3.494s] Level 1:colcon.colcon_core.package_identification:_identify(ros_exercises) by extensions ['ignore', 'ignore_ament_install']
[3.494s] Level 1:colcon.colcon_core.package_identification:_identify(ros_exercises) by extension 'ignore'
[3.495s] Level 1:colcon.colcon_core.package_identification:_identify(ros_exercises) by extension 'ignore_ament_install'
[3.495s] Level 1:colcon.colcon_core.package_identification:_identify(ros_exercises) by extensions ['colcon_pkg']
[3.495s] Level 1:colcon.colcon_core.package_identification:_identify(ros_exercises) by extension 'colcon_pkg'
[3.496s] Level 1:colcon.colcon_core.package_identification:_identify(ros_exercises) by extensions ['colcon_meta']
[3.496s] Level 1:colcon.colcon_core.package_identification:_identify(ros_exercises) by extension 'colcon_meta'
[3.496s] Level 1:colcon.colcon_core.package_identification:_identify(ros_exercises) by extensions ['ros']
[3.497s] Level 1:colcon.colcon_core.package_identification:_identify(ros_exercises) by extension 'ros'
[3.498s] DEBUG:colcon.colcon_core.package_identification:Package 'ros_exercises' with type 'ros.ament_python' and name 'ros_exercises'
[3.498s] Level 1:colcon.colcon_core.package_discovery:discover_packages(recursive) using defaults
[3.499s] Level 1:colcon.colcon_core.package_discovery:discover_packages(ignore) discover
[3.499s] Level 1:colcon.colcon_core.package_discovery:discover_packages(ignore) using defaults
[3.499s] Level 1:colcon.colcon_core.package_discovery:discover_packages(path) discover
[3.499s] Level 1:colcon.colcon_core.package_discovery:discover_packages(path) using defaults
[3.747s] Level 5:colcon.colcon_core.verb:set package 'open_space_msg' build argument 'cmake_args' from command line to 'None'
[3.748s] Level 5:colcon.colcon_core.verb:set package 'open_space_msg' build argument 'cmake_target' from command line to 'None'
[3.748s] Level 5:colcon.colcon_core.verb:set package 'open_space_msg' build argument 'cmake_target_skip_unavailable' from command line to 'False'
[3.748s] Level 5:colcon.colcon_core.verb:set package 'open_space_msg' build argument 'cmake_clean_cache' from command line to 'False'
[3.749s] Level 5:colcon.colcon_core.verb:set package 'open_space_msg' build argument 'cmake_clean_first' from command line to 'False'
[3.749s] Level 5:colcon.colcon_core.verb:set package 'open_space_msg' build argument 'cmake_force_configure' from command line to 'False'
[3.749s] Level 5:colcon.colcon_core.verb:set package 'open_space_msg' build argument 'ament_cmake_args' from command line to 'None'
[3.750s] Level 5:colcon.colcon_core.verb:set package 'open_space_msg' build argument 'catkin_cmake_args' from command line to 'None'
[3.750s] Level 5:colcon.colcon_core.verb:set package 'open_space_msg' build argument 'catkin_skip_building_tests' from command line to 'False'
[3.750s] DEBUG:colcon.colcon_core.verb:Building package 'open_space_msg' with the following arguments: {'ament_cmake_args': None, 'build_base': '/home/racecar/racecar_ws/src/lab1c/build/open_space_msg', 'catkin_cmake_args': None, 'catkin_skip_building_tests': False, 'cmake_args': None, 'cmake_clean_cache': False, 'cmake_clean_first': False, 'cmake_force_configure': False, 'cmake_target': None, 'cmake_target_skip_unavailable': False, 'install_base': '/home/racecar/racecar_ws/src/lab1c/install/open_space_msg', 'merge_install': False, 'path': '/home/racecar/racecar_ws/src/lab1c/open_space_msg', 'symlink_install': False, 'test_result_base': None}
[3.805s] Level 5:colcon.colcon_core.verb:set package 'ros_exercises' build argument 'cmake_args' from command line to 'None'
[3.806s] Level 5:colcon.colcon_core.verb:set package 'ros_exercises' build argument 'cmake_target' from command line to 'None'
[3.806s] Level 5:colcon.colcon_core.verb:set package 'ros_exercises' build argument 'cmake_target_skip_unavailable' from command line to 'False'
[3.807s] Level 5:colcon.colcon_core.verb:set package 'ros_exercises' build argument 'cmake_clean_cache' from command line to 'False'
[3.807s] Level 5:colcon.colcon_core.verb:set package 'ros_exercises' build argument 'cmake_clean_first' from command line to 'False'
[3.807s] Level 5:colcon.colcon_core.verb:set package 'ros_exercises' build argument 'cmake_force_configure' from command line to 'False'
[3.808s] Level 5:colcon.colcon_core.verb:set package 'ros_exercises' build argument 'ament_cmake_args' from command line to 'None'
[3.808s] Level 5:colcon.colcon_core.verb:set package 'ros_exercises' build argument 'catkin_cmake_args' from command line to 'None'
[3.809s] Level 5:colcon.colcon_core.verb:set package 'ros_exercises' build argument 'catkin_skip_building_tests' from command line to 'False'
[3.809s] DEBUG:colcon.colcon_core.verb:Building package 'ros_exercises' with the following arguments: {'ament_cmake_args': None, 'build_base': '/home/racecar/racecar_ws/src/lab1c/build/ros_exercises', 'catkin_cmake_args': None, 'catkin_skip_building_tests': False, 'cmake_args': None, 'cmake_clean_cache': False, 'cmake_clean_first': False, 'cmake_force_configure': False, 'cmake_target': None, 'cmake_target_skip_unavailable': False, 'install_base': '/home/racecar/racecar_ws/src/lab1c/install/ros_exercises', 'merge_install': False, 'path': '/home/racecar/racecar_ws/src/lab1c/ros_exercises', 'symlink_install': False, 'test_result_base': None}
[3.867s] INFO:colcon.colcon_core.executor:Executing jobs using 'parallel' executor
[3.945s] DEBUG:colcon.colcon_parallel_executor.executor.parallel:run_until_complete
[3.946s] INFO:colcon.colcon_ros.task.ament_cmake.build:Building ROS package in '/home/racecar/racecar_ws/src/lab1c/open_space_msg' with build type 'ament_cmake'
[3.946s] INFO:colcon.colcon_cmake.task.cmake.build:Building CMake package in '/home/racecar/racecar_ws/src/lab1c/open_space_msg'
[4.017s] INFO:colcon.colcon_core.plugin_system:Skipping extension 'colcon_core.shell.bat': Not used on non-Windows systems
[4.017s] INFO:colcon.colcon_core.shell:Skip shell extension 'powershell' for command environment: Not usable outside of PowerShell
[4.018s] DEBUG:colcon.colcon_core.shell:Skip shell extension 'dsv' for command environment
[4.683s] INFO:colcon.colcon_ros.task.ament_python.build:Building ROS package in '/home/racecar/racecar_ws/src/lab1c/ros_exercises' with build type 'ament_python'
[4.686s] Level 1:colcon.colcon_core.shell:create_environment_hook('ros_exercises', 'ament_prefix_path')
[4.786s] INFO:colcon.colcon_core.shell:Creating environment hook '/home/racecar/racecar_ws/src/lab1c/install/ros_exercises/share/ros_exercises/hook/ament_prefix_path.ps1'
[4.797s] INFO:colcon.colcon_core.shell:Creating environment descriptor '/home/racecar/racecar_ws/src/lab1c/install/ros_exercises/share/ros_exercises/hook/ament_prefix_path.dsv'
[4.800s] INFO:colcon.colcon_core.shell:Creating environment hook '/home/racecar/racecar_ws/src/lab1c/install/ros_exercises/share/ros_exercises/hook/ament_prefix_path.sh'
[4.900s] INFO:colcon.colcon_core.shell:Skip shell extension 'powershell' for command environment: Not usable outside of PowerShell
[4.901s] DEBUG:colcon.colcon_core.shell:Skip shell extension 'dsv' for command environment
[5.414s] DEBUG:colcon.colcon_core.event_handler.log_command:Invoking command in '/home/racecar/racecar_ws/src/lab1c/build/open_space_msg': CMAKE_PREFIX_PATH=${CMAKE_PREFIX_PATH}:/home/racecar/racecar_ws/src/lab1c/install/ros_exercises:/home/racecar/racecar_ws/src/lab1c/ros_exercises/install/ros_exercises:/home/racecar/racecar_ws/src/install/ros_exercises:/home/racecar/racecar_ws/install/ros_exercises:/opt/ros/foxy /usr/bin/cmake --build /home/racecar/racecar_ws/src/lab1c/build/open_space_msg -- -j8 -l8
[5.941s] INFO:colcon.colcon_core.task.python.build:Building Python package in '/home/racecar/racecar_ws/src/lab1c/ros_exercises'
[6.024s] INFO:colcon.colcon_core.shell:Skip shell extension 'powershell' for command environment: Not usable outside of PowerShell
[6.025s] DEBUG:colcon.colcon_core.shell:Skip shell extension 'dsv' for command environment
[7.434s] DEBUG:colcon.colcon_core.event_handler.log_command:Invoked command in '/home/racecar/racecar_ws/src/lab1c/build/open_space_msg' returned '0': CMAKE_PREFIX_PATH=${CMAKE_PREFIX_PATH}:/home/racecar/racecar_ws/src/lab1c/install/ros_exercises:/home/racecar/racecar_ws/src/lab1c/ros_exercises/install/ros_exercises:/home/racecar/racecar_ws/src/install/ros_exercises:/home/racecar/racecar_ws/install/ros_exercises:/opt/ros/foxy /usr/bin/cmake --build /home/racecar/racecar_ws/src/lab1c/build/open_space_msg -- -j8 -l8
[7.702s] DEBUG:colcon.colcon_core.event_handler.log_command:Invoking command in '/home/racecar/racecar_ws/src/lab1c/ros_exercises': PYTHONPATH=/home/racecar/racecar_ws/src/lab1c/build/ros_exercises/prefix_override:/home/racecar/racecar_ws/src/lab1c/install/ros_exercises/lib/python3.8/site-packages:${PYTHONPATH} /usr/bin/python3 setup.py egg_info --egg-base ../build/ros_exercises build --build-base /home/racecar/racecar_ws/src/lab1c/build/ros_exercises/build install --record /home/racecar/racecar_ws/src/lab1c/build/ros_exercises/install.log --install-scripts $base/lib/ros_exercises --single-version-externally-managed
[8.024s] DEBUG:colcon.colcon_core.event_handler.log_command:Invoking command in '/home/racecar/racecar_ws/src/lab1c/build/open_space_msg': CMAKE_PREFIX_PATH=${CMAKE_PREFIX_PATH}:/home/racecar/racecar_ws/src/lab1c/install/ros_exercises:/home/racecar/racecar_ws/src/lab1c/ros_exercises/install/ros_exercises:/home/racecar/racecar_ws/src/install/ros_exercises:/home/racecar/racecar_ws/install/ros_exercises:/opt/ros/foxy /usr/bin/cmake --install /home/racecar/racecar_ws/src/lab1c/build/open_space_msg
[8.512s] Level 1:colcon.colcon_core.environment:create_environment_scripts_only(open_space_msg)
[8.547s] DEBUG:colcon.colcon_core.event_handler.log_command:Invoked command in '/home/racecar/racecar_ws/src/lab1c/build/open_space_msg' returned '0': CMAKE_PREFIX_PATH=${CMAKE_PREFIX_PATH}:/home/racecar/racecar_ws/src/lab1c/install/ros_exercises:/home/racecar/racecar_ws/src/lab1c/ros_exercises/install/ros_exercises:/home/racecar/racecar_ws/src/install/ros_exercises:/home/racecar/racecar_ws/install/ros_exercises:/opt/ros/foxy /usr/bin/cmake --install /home/racecar/racecar_ws/src/lab1c/build/open_space_msg
[8.613s] Level 1:colcon.colcon_core.environment:checking '/home/racecar/racecar_ws/src/lab1c/install/open_space_msg' for CMake module files
[8.628s] Level 1:colcon.colcon_core.environment:checking '/home/racecar/racecar_ws/src/lab1c/install/open_space_msg' for CMake config files
[8.647s] Level 1:colcon.colcon_core.shell:create_environment_hook('open_space_msg', 'cmake_prefix_path')
[8.724s] INFO:colcon.colcon_core.shell:Creating environment hook '/home/racecar/racecar_ws/src/lab1c/install/open_space_msg/share/open_space_msg/hook/cmake_prefix_path.ps1'
[8.729s] INFO:colcon.colcon_core.shell:Creating environment descriptor '/home/racecar/racecar_ws/src/lab1c/install/open_space_msg/share/open_space_msg/hook/cmake_prefix_path.dsv'
[8.732s] INFO:colcon.colcon_core.shell:Creating environment hook '/home/racecar/racecar_ws/src/lab1c/install/open_space_msg/share/open_space_msg/hook/cmake_prefix_path.sh'
[8.738s] Level 1:colcon.colcon_core.environment:checking '/home/racecar/racecar_ws/src/lab1c/install/open_space_msg/lib'
[8.741s] Level 1:colcon.colcon_core.shell:create_environment_hook('open_space_msg', 'ld_library_path_lib')
[8.811s] INFO:colcon.colcon_core.shell:Creating environment hook '/home/racecar/racecar_ws/src/lab1c/install/open_space_msg/share/open_space_msg/hook/ld_library_path_lib.ps1'
[8.815s] INFO:colcon.colcon_core.shell:Creating environment descriptor '/home/racecar/racecar_ws/src/lab1c/install/open_space_msg/share/open_space_msg/hook/ld_library_path_lib.dsv'
[8.818s] INFO:colcon.colcon_core.shell:Creating environment hook '/home/racecar/racecar_ws/src/lab1c/install/open_space_msg/share/open_space_msg/hook/ld_library_path_lib.sh'
[8.821s] Level 1:colcon.colcon_core.environment:checking '/home/racecar/racecar_ws/src/lab1c/install/open_space_msg/bin'
[8.821s] Level 1:colcon.colcon_core.environment:checking '/home/racecar/racecar_ws/src/lab1c/install/open_space_msg/lib/pkgconfig/open_space_msg.pc'
[8.823s] Level 1:colcon.colcon_core.environment:checking '/home/racecar/racecar_ws/src/lab1c/install/open_space_msg/lib/python3.8/site-packages'
[8.823s] Level 1:colcon.colcon_core.shell:create_environment_hook('open_space_msg', 'pythonpath')
[8.909s] INFO:colcon.colcon_core.shell:Creating environment hook '/home/racecar/racecar_ws/src/lab1c/install/open_space_msg/share/open_space_msg/hook/pythonpath.ps1'
[8.913s] INFO:colcon.colcon_core.shell:Creating environment descriptor '/home/racecar/racecar_ws/src/lab1c/install/open_space_msg/share/open_space_msg/hook/pythonpath.dsv'
[8.915s] INFO:colcon.colcon_core.shell:Creating environment hook '/home/racecar/racecar_ws/src/lab1c/install/open_space_msg/share/open_space_msg/hook/pythonpath.sh'
[8.918s] Level 1:colcon.colcon_core.environment:checking '/home/racecar/racecar_ws/src/lab1c/install/open_space_msg/bin'
[9.003s] INFO:colcon.colcon_core.shell:Creating package script '/home/racecar/racecar_ws/src/lab1c/install/open_space_msg/share/open_space_msg/package.ps1'
[9.008s] INFO:colcon.colcon_core.shell:Creating package descriptor '/home/racecar/racecar_ws/src/lab1c/install/open_space_msg/share/open_space_msg/package.dsv'
[9.014s] INFO:colcon.colcon_core.shell:Creating package script '/home/racecar/racecar_ws/src/lab1c/install/open_space_msg/share/open_space_msg/package.sh'
[9.020s] INFO:colcon.colcon_core.shell:Creating package script '/home/racecar/racecar_ws/src/lab1c/install/open_space_msg/share/open_space_msg/package.bash'
[9.024s] INFO:colcon.colcon_core.shell:Creating package script '/home/racecar/racecar_ws/src/lab1c/install/open_space_msg/share/open_space_msg/package.zsh'
[9.029s] Level 1:colcon.colcon_core.environment:create_file_with_runtime_dependencies(/home/racecar/racecar_ws/src/lab1c/install/open_space_msg/share/colcon-core/packages/open_space_msg)
[9.051s] DEBUG:colcon.colcon_core.event_handler.log_command:Invoked command in '/home/racecar/racecar_ws/src/lab1c/ros_exercises' returned '0': PYTHONPATH=/home/racecar/racecar_ws/src/lab1c/build/ros_exercises/prefix_override:/home/racecar/racecar_ws/src/lab1c/install/ros_exercises/lib/python3.8/site-packages:${PYTHONPATH} /usr/bin/python3 setup.py egg_info --egg-base ../build/ros_exercises build --build-base /home/racecar/racecar_ws/src/lab1c/build/ros_exercises/build install --record /home/racecar/racecar_ws/src/lab1c/build/ros_exercises/install.log --install-scripts $base/lib/ros_exercises --single-version-externally-managed
[9.129s] Level 1:colcon.colcon_core.environment:checking '/home/racecar/racecar_ws/src/lab1c/install/ros_exercises' for CMake module files
[9.141s] Level 1:colcon.colcon_core.environment:checking '/home/racecar/racecar_ws/src/lab1c/install/ros_exercises' for CMake config files
[9.162s] Level 1:colcon.colcon_core.environment:checking '/home/racecar/racecar_ws/src/lab1c/install/ros_exercises/lib'
[9.163s] Level 1:colcon.colcon_core.environment:checking '/home/racecar/racecar_ws/src/lab1c/install/ros_exercises/bin'
[9.164s] Level 1:colcon.colcon_core.environment:checking '/home/racecar/racecar_ws/src/lab1c/install/ros_exercises/lib/pkgconfig/ros_exercises.pc'
[9.165s] Level 1:colcon.colcon_core.environment:checking '/home/racecar/racecar_ws/src/lab1c/install/ros_exercises/lib/python3.8/site-packages'
[9.166s] Level 1:colcon.colcon_core.shell:create_environment_hook('ros_exercises', 'pythonpath')
[9.247s] INFO:colcon.colcon_core.shell:Creating environment hook '/home/racecar/racecar_ws/src/lab1c/install/ros_exercises/share/ros_exercises/hook/pythonpath.ps1'
[9.250s] INFO:colcon.colcon_core.shell:Creating environment descriptor '/home/racecar/racecar_ws/src/lab1c/install/ros_exercises/share/ros_exercises/hook/pythonpath.dsv'
[9.256s] INFO:colcon.colcon_core.shell:Creating environment hook '/home/racecar/racecar_ws/src/lab1c/install/ros_exercises/share/ros_exercises/hook/pythonpath.sh'
[9.260s] Level 1:colcon.colcon_core.environment:checking '/home/racecar/racecar_ws/src/lab1c/install/ros_exercises/bin'
[9.261s] Level 1:colcon.colcon_core.environment:create_environment_scripts_only(ros_exercises)
[9.352s] INFO:colcon.colcon_core.shell:Creating package script '/home/racecar/racecar_ws/src/lab1c/install/ros_exercises/share/ros_exercises/package.ps1'
[9.355s] INFO:colcon.colcon_core.shell:Creating package descriptor '/home/racecar/racecar_ws/src/lab1c/install/ros_exercises/share/ros_exercises/package.dsv'
[9.357s] INFO:colcon.colcon_core.shell:Creating package script '/home/racecar/racecar_ws/src/lab1c/install/ros_exercises/share/ros_exercises/package.sh'
[9.359s] INFO:colcon.colcon_core.shell:Creating package script '/home/racecar/racecar_ws/src/lab1c/install/ros_exercises/share/ros_exercises/package.bash'
[9.361s] INFO:colcon.colcon_core.shell:Creating package script '/home/racecar/racecar_ws/src/lab1c/install/ros_exercises/share/ros_exercises/package.zsh'
[9.363s] Level 1:colcon.colcon_core.environment:create_file_with_runtime_dependencies(/home/racecar/racecar_ws/src/lab1c/install/ros_exercises/share/colcon-core/packages/ros_exercises)
[9.655s] Level 1:colcon.colcon_core.environment:create_environment_scripts_only(open_space_msg)
[9.742s] Level 1:colcon.colcon_core.environment:checking '/home/racecar/racecar_ws/src/lab1c/install/open_space_msg' for CMake module files
[9.752s] Level 1:colcon.colcon_core.environment:checking '/home/racecar/racecar_ws/src/lab1c/install/open_space_msg' for CMake config files
[9.767s] Level 1:colcon.colcon_core.shell:create_environment_hook('open_space_msg', 'cmake_prefix_path')
[9.870s] INFO:colcon.colcon_core.shell:Creating environment hook '/home/racecar/racecar_ws/src/lab1c/install/open_space_msg/share/open_space_msg/hook/cmake_prefix_path.ps1'
[9.873s] INFO:colcon.colcon_core.shell:Creating environment descriptor '/home/racecar/racecar_ws/src/lab1c/install/open_space_msg/share/open_space_msg/hook/cmake_prefix_path.dsv'
[9.877s] INFO:colcon.colcon_core.shell:Creating environment hook '/home/racecar/racecar_ws/src/lab1c/install/open_space_msg/share/open_space_msg/hook/cmake_prefix_path.sh'
[9.881s] Level 1:colcon.colcon_core.environment:checking '/home/racecar/racecar_ws/src/lab1c/install/open_space_msg/lib'
[9.883s] Level 1:colcon.colcon_core.shell:create_environment_hook('open_space_msg', 'ld_library_path_lib')
[9.992s] INFO:colcon.colcon_core.shell:Creating environment hook '/home/racecar/racecar_ws/src/lab1c/install/open_space_msg/share/open_space_msg/hook/ld_library_path_lib.ps1'
[9.996s] INFO:colcon.colcon_core.shell:Creating environment descriptor '/home/racecar/racecar_ws/src/lab1c/install/open_space_msg/share/open_space_msg/hook/ld_library_path_lib.dsv'
[10.000s] INFO:colcon.colcon_core.shell:Creating environment hook '/home/racecar/racecar_ws/src/lab1c/install/open_space_msg/share/open_space_msg/hook/ld_library_path_lib.sh'
[10.004s] Level 1:colcon.colcon_core.environment:checking '/home/racecar/racecar_ws/src/lab1c/install/open_space_msg/bin'
[10.006s] Level 1:colcon.colcon_core.environment:checking '/home/racecar/racecar_ws/src/lab1c/install/open_space_msg/lib/pkgconfig/open_space_msg.pc'
[10.007s] Level 1:colcon.colcon_core.environment:checking '/home/racecar/racecar_ws/src/lab1c/install/open_space_msg/lib/python3.8/site-packages'
[10.008s] Level 1:colcon.colcon_core.shell:create_environment_hook('open_space_msg', 'pythonpath')
[10.096s] INFO:colcon.colcon_core.shell:Creating environment hook '/home/racecar/racecar_ws/src/lab1c/install/open_space_msg/share/open_space_msg/hook/pythonpath.ps1'
[10.100s] INFO:colcon.colcon_core.shell:Creating environment descriptor '/home/racecar/racecar_ws/src/lab1c/install/open_space_msg/share/open_space_msg/hook/pythonpath.dsv'
[10.103s] INFO:colcon.colcon_core.shell:Creating environment hook '/home/racecar/racecar_ws/src/lab1c/install/open_space_msg/share/open_space_msg/hook/pythonpath.sh'
[10.106s] Level 1:colcon.colcon_core.environment:checking '/home/racecar/racecar_ws/src/lab1c/install/open_space_msg/bin'
[10.187s] INFO:colcon.colcon_core.shell:Creating package script '/home/racecar/racecar_ws/src/lab1c/install/open_space_msg/share/open_space_msg/package.ps1'
[10.191s] INFO:colcon.colcon_core.shell:Creating package descriptor '/home/racecar/racecar_ws/src/lab1c/install/open_space_msg/share/open_space_msg/package.dsv'
[10.195s] INFO:colcon.colcon_core.shell:Creating package script '/home/racecar/racecar_ws/src/lab1c/install/open_space_msg/share/open_space_msg/package.sh'
[10.199s] INFO:colcon.colcon_core.shell:Creating package script '/home/racecar/racecar_ws/src/lab1c/install/open_space_msg/share/open_space_msg/package.bash'
[10.202s] INFO:colcon.colcon_core.shell:Creating package script '/home/racecar/racecar_ws/src/lab1c/install/open_space_msg/share/open_space_msg/package.zsh'
[10.205s] Level 1:colcon.colcon_core.environment:create_file_with_runtime_dependencies(/home/racecar/racecar_ws/src/lab1c/install/open_space_msg/share/colcon-core/packages/open_space_msg)
[10.207s] DEBUG:colcon.colcon_parallel_executor.executor.parallel:closing loop
[10.208s] DEBUG:colcon.colcon_parallel_executor.executor.parallel:loop closed
[10.209s] DEBUG:colcon.colcon_parallel_executor.executor.parallel:run_until_complete finished with '0'
[10.209s] DEBUG:colcon.colcon_core.event_reactor:joining thread
[10.317s] INFO:colcon.colcon_core.plugin_system:Skipping extension 'colcon_notification.desktop_notification.notify_send': Could not find 'notify-send'
[10.318s] INFO:colcon.colcon_core.plugin_system:Skipping extension 'colcon_notification.desktop_notification.terminal_notifier': Not used on non-Darwin systems
[10.319s] INFO:colcon.colcon_core.plugin_system:Skipping extension 'colcon_notification.desktop_notification.win32': Not used on non-Windows systems
[10.319s] INFO:colcon.colcon_notification.desktop_notification:Sending desktop notification using 'notify2'
[10.320s] DEBUG:colcon.colcon_notification.desktop_notification.notify2:Failed to initialize notify2: org.freedesktop.DBus.Error.NotSupported: Unable to autolaunch a dbus-daemon without a $DISPLAY for X11
[10.320s] DEBUG:colcon.colcon_core.event_reactor:joined thread
[10.414s] INFO:colcon.colcon_core.shell:Creating prefix script '/home/racecar/racecar_ws/src/lab1c/install/local_setup.ps1'
[10.418s] INFO:colcon.colcon_core.shell:Creating prefix util module '/home/racecar/racecar_ws/src/lab1c/install/_local_setup_util_ps1.py'
[10.425s] INFO:colcon.colcon_core.shell:Creating prefix chain script '/home/racecar/racecar_ws/src/lab1c/install/setup.ps1'
[10.518s] INFO:colcon.colcon_core.shell:Creating prefix script '/home/racecar/racecar_ws/src/lab1c/install/local_setup.sh'
[10.520s] INFO:colcon.colcon_core.shell:Creating prefix util module '/home/racecar/racecar_ws/src/lab1c/install/_local_setup_util_sh.py'
[10.523s] INFO:colcon.colcon_core.shell:Creating prefix chain script '/home/racecar/racecar_ws/src/lab1c/install/setup.sh'
[10.620s] INFO:colcon.colcon_core.shell:Creating prefix script '/home/racecar/racecar_ws/src/lab1c/install/local_setup.bash'
[10.625s] INFO:colcon.colcon_core.shell:Creating prefix chain script '/home/racecar/racecar_ws/src/lab1c/install/setup.bash'
[10.720s] INFO:colcon.colcon_core.shell:Creating prefix script '/home/racecar/racecar_ws/src/lab1c/install/local_setup.zsh'
[10.723s] INFO:colcon.colcon_core.shell:Creating prefix chain script '/home/racecar/racecar_ws/src/lab1c/install/setup.zsh'
