[2.398s] Invoking command in '/home/racecar/racecar_ws/src/lab1c/ros_exercises': PYTHONPATH=/home/racecar/racecar_ws/src/lab1c/build/ros_exercises/prefix_override:/home/racecar/racecar_ws/src/lab1c/install/ros_exercises/lib/python3.8/site-packages:${PYTHONPATH} /usr/bin/python3 setup.py egg_info --egg-base ../build/ros_exercises build --build-base /home/racecar/racecar_ws/src/lab1c/build/ros_exercises/build install --record /home/racecar/racecar_ws/src/lab1c/build/ros_exercises/install.log --install-scripts $base/lib/ros_exercises --single-version-externally-managed
[2.821s] running egg_info
[2.823s] writing ../build/ros_exercises/ros_exercises.egg-info/PKG-INFO
[2.828s] writing dependency_links to ../build/ros_exercises/ros_exercises.egg-info/dependency_links.txt
[2.833s] writing entry points to ../build/ros_exercises/ros_exercises.egg-info/entry_points.txt
[2.838s] writing requirements to ../build/ros_exercises/ros_exercises.egg-info/requires.txt
[2.842s] writing top-level names to ../build/ros_exercises/ros_exercises.egg-info/top_level.txt
[2.950s] reading manifest file '../build/ros_exercises/ros_exercises.egg-info/SOURCES.txt'
[2.962s] writing manifest file '../build/ros_exercises/ros_exercises.egg-info/SOURCES.txt'
[2.966s] running build
[2.968s] running build_py
[2.973s] copying ros_exercises/open_space_publisher.py -> /home/racecar/racecar_ws/src/lab1c/build/ros_exercises/build/lib/ros_exercises
[2.982s] running install
[2.985s] running install_lib
[2.991s] copying /home/racecar/racecar_ws/src/lab1c/build/ros_exercises/build/lib/ros_exercises/open_space_publisher.py -> /home/racecar/racecar_ws/src/lab1c/install/ros_exercises/lib/python3.8/site-packages/ros_exercises
[2.994s] byte-compiling /home/racecar/racecar_ws/src/lab1c/install/ros_exercises/lib/python3.8/site-packages/ros_exercises/open_space_publisher.py to open_space_publisher.cpython-38.pyc
[2.997s] running install_data
[2.999s] running install_egg_info
[3.002s] removing '/home/racecar/racecar_ws/src/lab1c/install/ros_exercises/lib/python3.8/site-packages/ros_exercises-0.0.0-py3.8.egg-info' (and everything under it)
[3.004s] Copying ../build/ros_exercises/ros_exercises.egg-info to /home/racecar/racecar_ws/src/lab1c/install/ros_exercises/lib/python3.8/site-packages/ros_exercises-0.0.0-py3.8.egg-info
[3.026s] running install_scripts
[3.063s] Installing fake_scan_publisher script to /home/racecar/racecar_ws/src/lab1c/install/ros_exercises/lib/ros_exercises
[3.066s] Installing open_space_publisher script to /home/racecar/racecar_ws/src/lab1c/install/ros_exercises/lib/ros_exercises
[3.071s] Installing simple_publisher script to /home/racecar/racecar_ws/src/lab1c/install/ros_exercises/lib/ros_exercises
[3.076s] Installing simple_subscriber script to /home/racecar/racecar_ws/src/lab1c/install/ros_exercises/lib/ros_exercises
[3.081s] writing list of installed files to '/home/racecar/racecar_ws/src/lab1c/build/ros_exercises/install.log'
[3.118s] Invoked command in '/home/racecar/racecar_ws/src/lab1c/ros_exercises' returned '0': PYTHONPATH=/home/racecar/racecar_ws/src/lab1c/build/ros_exercises/prefix_override:/home/racecar/racecar_ws/src/lab1c/install/ros_exercises/lib/python3.8/site-packages:${PYTHONPATH} /usr/bin/python3 setup.py egg_info --egg-base ../build/ros_exercises build --build-base /home/racecar/racecar_ws/src/lab1c/build/ros_exercises/build install --record /home/racecar/racecar_ws/src/lab1c/build/ros_exercises/install.log --install-scripts $base/lib/ros_exercises --single-version-externally-managed
