[0.000000] (-) TimerEvent: {}
[0.000658] (open_space_msg) JobQueued: {'identifier': 'open_space_msg', 'dependencies': OrderedDict()}
[0.001165] (ros_exercises) JobQueued: {'identifier': 'ros_exercises', 'dependencies': OrderedDict()}
[0.001643] (open_space_msg) JobStarted: {'identifier': 'open_space_msg'}
[0.102778] (-) TimerEvent: {}
[0.204342] (-) TimerEvent: {}
[0.311402] (-) TimerEvent: {}
[0.404005] (ros_exercises) JobStarted: {'identifier': 'ros_exercises'}
[0.412267] (-) TimerEvent: {}
[0.513671] (-) TimerEvent: {}
[0.617495] (-) TimerEvent: {}
[0.728054] (-) TimerEvent: {}
[0.851708] (-) TimerEvent: {}
[0.897595] (open_space_msg) JobProgress: {'identifier': 'open_space_msg', 'progress': 'cmake'}
[0.903653] (open_space_msg) JobProgress: {'identifier': 'open_space_msg', 'progress': 'build'}
[0.905680] (open_space_msg) Command: {'cmd': ['/usr/bin/cmake', '--build', '/home/racecar/racecar_ws/src/lab1c/build/open_space_msg', '--', '-j8', '-l8'], 'cwd': '/home/racecar/racecar_ws/src/lab1c/build/open_space_msg', 'env': OrderedDict([('PYTHONIOENCODING', 'utf-8'), ('HOSTNAME', '7e48457b528d'), ('SHLVL', '1'), ('LD_LIBRARY_PATH', '/home/racecar/racecar_ws/src/lab1c/install/open_space_msg/lib:/home/racecar/racecar_ws/src/install/open_space_msg/lib:/opt/ros/foxy/opt/yaml_cpp_vendor/lib:/opt/ros/foxy/opt/rviz_ogre_vendor/lib:/opt/ros/foxy/lib/x86_64-linux-gnu:/opt/ros/foxy/lib'), ('HOME', '/home/racecar'), ('OLDPWD', '/home/racecar/racecar_ws'), ('ROS_PYTHON_VERSION', '3'), ('COLCON_PREFIX_PATH', '/home/racecar/racecar_ws/src/lab1c/install:/home/racecar/racecar_ws/src/install:/home/sim_ws/install:/home/racecar/racecar_ws/install'), ('ROS_DISTRO', 'foxy'), ('_', '/usr/bin/colcon'), ('ROS_VERSION', '2'), ('TERM', 'xterm'), ('ROS_LOCALHOST_ONLY', '0'), ('PATH', '/opt/ros/foxy/bin:/usr/local/sbin:/usr/local/bin:/usr/sbin:/usr/bin:/sbin:/bin'), ('LANG', 'en_US.UTF-8'), ('AMENT_PREFIX_PATH', '/home/racecar/racecar_ws/src/lab1c/install/ros_exercises:/home/racecar/racecar_ws/src/lab1c/install/open_space_msg:/home/racecar/racecar_ws/src/install/ros_exercises:/home/racecar/racecar_ws/src/install/open_space_msg:/home/racecar/racecar_ws/install/ros_exercises:/home/sim_ws/install/racecar_simulator:/opt/ros/foxy'), ('SIM_WS', '/home/sim_ws'), ('PWD', '/home/racecar/racecar_ws/src/lab1c/build/open_space_msg'), ('PYTHONPATH', '/home/racecar/racecar_ws/src/lab1c/install/ros_exercises/lib/python3.8/site-packages:/home/racecar/racecar_ws/src/lab1c/install/open_space_msg/lib/python3.8/site-packages:/home/racecar/racecar_ws/src/install/ros_exercises/lib/python3.8/site-packages:/home/racecar/racecar_ws/src/install/open_space_msg/lib/python3.8/site-packages:/home/racecar/racecar_ws/install/ros_exercises/lib/python3.8/site-packages:/opt/ros/foxy/lib/python3.8/site-packages'), ('NO_VNC_VERSION', '1.4.0'), ('COLCON', '1'), ('CMAKE_PREFIX_PATH', '/home/racecar/racecar_ws/src/lab1c/install/open_space_msg:/home/racecar/racecar_ws/src/install/open_space_msg:/home/sim_ws/install/racecar_simulator:/home/racecar/racecar_ws/src/lab1c/install/ros_exercises:/home/racecar/racecar_ws/src/install/ros_exercises:/home/racecar/racecar_ws/install/ros_exercises:/opt/ros/foxy')]), 'shell': False}
[0.952307] (-) TimerEvent: {}
[1.053423] (-) TimerEvent: {}
[1.154325] (-) TimerEvent: {}
[1.256264] (-) TimerEvent: {}
[1.265146] (open_space_msg) StdoutLine: {'line': b'[  3%] Built target open_space_msg__cpp\n'}
[1.271478] (open_space_msg) StdoutLine: {'line': b'[ 12%] Built target open_space_msg__rosidl_generator_c\n'}
[1.357665] (-) TimerEvent: {}
[1.459891] (-) TimerEvent: {}
[1.567009] (-) TimerEvent: {}
[1.582145] (open_space_msg) StdoutLine: {'line': b'[ 25%] Built target open_space_msg__rosidl_typesupport_fastrtps_cpp\n'}
[1.588368] (open_space_msg) StdoutLine: {'line': b'[ 38%] Built target open_space_msg__rosidl_typesupport_cpp\n'}
[1.593694] (open_space_msg) StdoutLine: {'line': b'[ 45%] Built target open_space_msg__rosidl_typesupport_introspection_cpp\n'}
[1.597843] (open_space_msg) StdoutLine: {'line': b'[ 58%] Built target open_space_msg__rosidl_typesupport_c\n'}
[1.601433] (open_space_msg) StdoutLine: {'line': b'[ 61%] Built target open_space_msg__rosidl_typesupport_introspection_c\n'}
[1.667346] (-) TimerEvent: {}
[1.761452] (open_space_msg) StdoutLine: {'line': b'[ 70%] Built target open_space_msg__rosidl_typesupport_fastrtps_c\n'}
[1.769290] (-) TimerEvent: {}
[1.871993] (-) TimerEvent: {}
[1.974661] (-) TimerEvent: {}
[1.977970] (open_space_msg) StdoutLine: {'line': b'[ 70%] Built target open_space_msg\n'}
[2.075312] (-) TimerEvent: {}
[2.139459] (open_space_msg) StdoutLine: {'line': b'[ 74%] Built target open_space_msg__py\n'}
[2.176321] (-) TimerEvent: {}
[2.277343] (-) TimerEvent: {}
[2.279932] (open_space_msg) StdoutLine: {'line': b'[ 80%] Built target open_space_msg__python\n'}
[2.378388] (-) TimerEvent: {}
[2.479345] (-) TimerEvent: {}
[2.511599] (open_space_msg) StdoutLine: {'line': b'[ 90%] Built target open_space_msg__rosidl_typesupport_c__pyext\n'}
[2.515664] (open_space_msg) StdoutLine: {'line': b'[100%] Built target open_space_msg__rosidl_typesupport_fastrtps_c__pyext\n'}
[2.517899] (open_space_msg) StdoutLine: {'line': b'[100%] Built target open_space_msg__rosidl_typesupport_introspection_c__pyext\n'}
[2.580822] (-) TimerEvent: {}
[2.593591] (open_space_msg) CommandEnded: {'returncode': 0}
[2.681382] (-) TimerEvent: {}
[2.783335] (-) TimerEvent: {}
[2.792898] (ros_exercises) Command: {'cmd': ['/usr/bin/python3', 'setup.py', 'egg_info', '--egg-base', '../build/ros_exercises', 'build', '--build-base', '/home/racecar/racecar_ws/src/lab1c/build/ros_exercises/build', 'install', '--record', '/home/racecar/racecar_ws/src/lab1c/build/ros_exercises/install.log', '--install-scripts', '$base/lib/ros_exercises', '--single-version-externally-managed'], 'cwd': '/home/racecar/racecar_ws/src/lab1c/ros_exercises', 'env': {'PYTHONIOENCODING': 'utf-8', 'HOSTNAME': '7e48457b528d', 'SHLVL': '1', 'LD_LIBRARY_PATH': '/home/racecar/racecar_ws/src/lab1c/install/open_space_msg/lib:/home/racecar/racecar_ws/src/install/open_space_msg/lib:/opt/ros/foxy/opt/yaml_cpp_vendor/lib:/opt/ros/foxy/opt/rviz_ogre_vendor/lib:/opt/ros/foxy/lib/x86_64-linux-gnu:/opt/ros/foxy/lib', 'HOME': '/home/racecar', 'OLDPWD': '/home/racecar/racecar_ws', 'ROS_PYTHON_VERSION': '3', 'COLCON_PREFIX_PATH': '/home/racecar/racecar_ws/src/lab1c/install:/home/racecar/racecar_ws/src/install:/home/sim_ws/install:/home/racecar/racecar_ws/install', 'ROS_DISTRO': 'foxy', '_': '/usr/bin/colcon', 'ROS_VERSION': '2', 'TERM': 'xterm', 'ROS_LOCALHOST_ONLY': '0', 'PATH': '/opt/ros/foxy/bin:/usr/local/sbin:/usr/local/bin:/usr/sbin:/usr/bin:/sbin:/bin', 'LANG': 'en_US.UTF-8', 'AMENT_PREFIX_PATH': '/home/racecar/racecar_ws/src/lab1c/install/ros_exercises:/home/racecar/racecar_ws/src/lab1c/install/open_space_msg:/home/racecar/racecar_ws/src/install/ros_exercises:/home/racecar/racecar_ws/src/install/open_space_msg:/home/racecar/racecar_ws/install/ros_exercises:/home/sim_ws/install/racecar_simulator:/opt/ros/foxy', 'SIM_WS': '/home/sim_ws', 'PWD': '/home/racecar/racecar_ws/src/lab1c/build/ros_exercises', 'PYTHONPATH': '/home/racecar/racecar_ws/src/lab1c/build/ros_exercises/prefix_override:/home/racecar/racecar_ws/src/lab1c/install/ros_exercises/lib/python3.8/site-packages:/home/racecar/racecar_ws/src/lab1c/install/ros_exercises/lib/python3.8/site-packages:/home/racecar/racecar_ws/src/lab1c/install/open_space_msg/lib/python3.8/site-packages:/home/racecar/racecar_ws/src/install/ros_exercises/lib/python3.8/site-packages:/home/racecar/racecar_ws/src/install/open_space_msg/lib/python3.8/site-packages:/home/racecar/racecar_ws/install/ros_exercises/lib/python3.8/site-packages:/opt/ros/foxy/lib/python3.8/site-packages', 'NO_VNC_VERSION': '1.4.0', 'COLCON': '1', 'CMAKE_PREFIX_PATH': '/home/racecar/racecar_ws/src/lab1c/install/open_space_msg:/home/racecar/racecar_ws/src/install/open_space_msg:/home/sim_ws/install/racecar_simulator'}, 'shell': False}
[2.883534] (-) TimerEvent: {}
[2.985314] (-) TimerEvent: {}
[3.086297] (-) TimerEvent: {}
[3.123729] (open_space_msg) JobProgress: {'identifier': 'open_space_msg', 'progress': 'install'}
[3.170448] (open_space_msg) Command: {'cmd': ['/usr/bin/cmake', '--install', '/home/racecar/racecar_ws/src/lab1c/build/open_space_msg'], 'cwd': '/home/racecar/racecar_ws/src/lab1c/build/open_space_msg', 'env': OrderedDict([('PYTHONIOENCODING', 'utf-8'), ('HOSTNAME', '7e48457b528d'), ('SHLVL', '1'), ('LD_LIBRARY_PATH', '/home/racecar/racecar_ws/src/lab1c/install/open_space_msg/lib:/home/racecar/racecar_ws/src/install/open_space_msg/lib:/opt/ros/foxy/opt/yaml_cpp_vendor/lib:/opt/ros/foxy/opt/rviz_ogre_vendor/lib:/opt/ros/foxy/lib/x86_64-linux-gnu:/opt/ros/foxy/lib'), ('HOME', '/home/racecar'), ('OLDPWD', '/home/racecar/racecar_ws'), ('ROS_PYTHON_VERSION', '3'), ('COLCON_PREFIX_PATH', '/home/racecar/racecar_ws/src/lab1c/install:/home/racecar/racecar_ws/src/install:/home/sim_ws/install:/home/racecar/racecar_ws/install'), ('ROS_DISTRO', 'foxy'), ('_', '/usr/bin/colcon'), ('ROS_VERSION', '2'), ('TERM', 'xterm'), ('ROS_LOCALHOST_ONLY', '0'), ('PATH', '/opt/ros/foxy/bin:/usr/local/sbin:/usr/local/bin:/usr/sbin:/usr/bin:/sbin:/bin'), ('LANG', 'en_US.UTF-8'), ('AMENT_PREFIX_PATH', '/home/racecar/racecar_ws/src/lab1c/install/ros_exercises:/home/racecar/racecar_ws/src/lab1c/install/open_space_msg:/home/racecar/racecar_ws/src/install/ros_exercises:/home/racecar/racecar_ws/src/install/open_space_msg:/home/racecar/racecar_ws/install/ros_exercises:/home/sim_ws/install/racecar_simulator:/opt/ros/foxy'), ('SIM_WS', '/home/sim_ws'), ('PWD', '/home/racecar/racecar_ws/src/lab1c/build/open_space_msg'), ('PYTHONPATH', '/home/racecar/racecar_ws/src/lab1c/install/ros_exercises/lib/python3.8/site-packages:/home/racecar/racecar_ws/src/lab1c/install/open_space_msg/lib/python3.8/site-packages:/home/racecar/racecar_ws/src/install/ros_exercises/lib/python3.8/site-packages:/home/racecar/racecar_ws/src/install/open_space_msg/lib/python3.8/site-packages:/home/racecar/racecar_ws/install/ros_exercises/lib/python3.8/site-packages:/opt/ros/foxy/lib/python3.8/site-packages'), ('NO_VNC_VERSION', '1.4.0'), ('COLCON', '1'), ('CMAKE_PREFIX_PATH', '/home/racecar/racecar_ws/src/lab1c/install/open_space_msg:/home/racecar/racecar_ws/src/install/open_space_msg:/home/sim_ws/install/racecar_simulator:/home/racecar/racecar_ws/src/lab1c/install/ros_exercises:/home/racecar/racecar_ws/src/install/ros_exercises:/home/racecar/racecar_ws/install/ros_exercises:/opt/ros/foxy')]), 'shell': False}
[3.187312] (-) TimerEvent: {}
[3.216644] (open_space_msg) StdoutLine: {'line': b'-- Install configuration: ""\n'}
[3.223680] (ros_exercises) StdoutLine: {'line': b'running egg_info\n'}
[3.226164] (ros_exercises) StdoutLine: {'line': b'writing ../build/ros_exercises/ros_exercises.egg-info/PKG-INFO\n'}
[3.228624] (open_space_msg) StdoutLine: {'line': b'-- Up-to-date: /home/racecar/racecar_ws/src/lab1c/install/open_space_msg/share/ament_index/resource_index/rosidl_interfaces/open_space_msg\n'}
[3.231147] (ros_exercises) StdoutLine: {'line': b'writing dependency_links to ../build/ros_exercises/ros_exercises.egg-info/dependency_links.txt\n'}
[3.233596] (open_space_msg) StdoutLine: {'line': b'-- Up-to-date: /home/racecar/racecar_ws/src/lab1c/install/open_space_msg/include/open_space_msg\n'}
[3.236360] (ros_exercises) StdoutLine: {'line': b'writing entry points to ../build/ros_exercises/ros_exercises.egg-info/entry_points.txt\n'}
[3.238467] (open_space_msg) StdoutLine: {'line': b'-- Up-to-date: /home/racecar/racecar_ws/src/lab1c/install/open_space_msg/include/open_space_msg/msg\n'}
[3.240659] (ros_exercises) StdoutLine: {'line': b'writing requirements to ../build/ros_exercises/ros_exercises.egg-info/requires.txt\n'}
[3.243280] (open_space_msg) StdoutLine: {'line': b'-- Up-to-date: /home/racecar/racecar_ws/src/lab1c/install/open_space_msg/include/open_space_msg/msg/open_space.h\n'}
[3.245437] (ros_exercises) StdoutLine: {'line': b'writing top-level names to ../build/ros_exercises/ros_exercises.egg-info/top_level.txt\n'}
[3.247758] (open_space_msg) StdoutLine: {'line': b'-- Up-to-date: /home/racecar/racecar_ws/src/lab1c/install/open_space_msg/include/open_space_msg/msg/rosidl_generator_c__visibility_control.h\n'}
[3.250507] (open_space_msg) StdoutLine: {'line': b'-- Up-to-date: /home/racecar/racecar_ws/src/lab1c/install/open_space_msg/include/open_space_msg/msg/detail\n'}
[3.252805] (open_space_msg) StdoutLine: {'line': b'-- Up-to-date: /home/racecar/racecar_ws/src/lab1c/install/open_space_msg/include/open_space_msg/msg/detail/open_space__type_support.h\n'}
[3.255177] (open_space_msg) StdoutLine: {'line': b'-- Up-to-date: /home/racecar/racecar_ws/src/lab1c/install/open_space_msg/include/open_space_msg/msg/detail/open_space__functions.h\n'}
[3.258630] (open_space_msg) StdoutLine: {'line': b'-- Up-to-date: /home/racecar/racecar_ws/src/lab1c/install/open_space_msg/include/open_space_msg/msg/detail/open_space__struct.h\n'}
[3.261384] (open_space_msg) StdoutLine: {'line': b'-- Up-to-date: /home/racecar/racecar_ws/src/lab1c/install/open_space_msg/include/open_space_msg/msg/detail/open_space__functions.c\n'}
[3.263592] (open_space_msg) StdoutLine: {'line': b'-- Up-to-date: /home/racecar/racecar_ws/src/lab1c/install/open_space_msg/share/open_space_msg/environment/library_path.sh\n'}
[3.265773] (open_space_msg) StdoutLine: {'line': b'-- Up-to-date: /home/racecar/racecar_ws/src/lab1c/install/open_space_msg/share/open_space_msg/environment/library_path.dsv\n'}
[3.268002] (open_space_msg) StdoutLine: {'line': b'-- Up-to-date: /home/racecar/racecar_ws/src/lab1c/install/open_space_msg/lib/libopen_space_msg__rosidl_generator_c.so\n'}
[3.270573] (open_space_msg) StdoutLine: {'line': b'-- Up-to-date: /home/racecar/racecar_ws/src/lab1c/install/open_space_msg/include/open_space_msg\n'}
[3.273500] (open_space_msg) StdoutLine: {'line': b'-- Up-to-date: /home/racecar/racecar_ws/src/lab1c/install/open_space_msg/include/open_space_msg/msg\n'}
[3.276100] (open_space_msg) StdoutLine: {'line': b'-- Up-to-date: /home/racecar/racecar_ws/src/lab1c/install/open_space_msg/include/open_space_msg/msg/detail\n'}
[3.278997] (open_space_msg) StdoutLine: {'line': b'-- Up-to-date: /home/racecar/racecar_ws/src/lab1c/install/open_space_msg/include/open_space_msg/msg/detail/open_space__rosidl_typesupport_fastrtps_c.h\n'}
[3.281758] (open_space_msg) StdoutLine: {'line': b'-- Up-to-date: /home/racecar/racecar_ws/src/lab1c/install/open_space_msg/include/open_space_msg/msg/rosidl_typesupport_fastrtps_c__visibility_control.h\n'}
[3.283958] (open_space_msg) StdoutLine: {'line': b'-- Up-to-date: /home/racecar/racecar_ws/src/lab1c/install/open_space_msg/lib/libopen_space_msg__rosidl_typesupport_fastrtps_c.so\n'}
[3.286110] (open_space_msg) StdoutLine: {'line': b'-- Up-to-date: /home/racecar/racecar_ws/src/lab1c/install/open_space_msg/include/open_space_msg\n'}
[3.288333] (-) TimerEvent: {}
[3.289147] (open_space_msg) StdoutLine: {'line': b'-- Up-to-date: /home/racecar/racecar_ws/src/lab1c/install/open_space_msg/include/open_space_msg/msg\n'}
[3.292824] (open_space_msg) StdoutLine: {'line': b'-- Up-to-date: /home/racecar/racecar_ws/src/lab1c/install/open_space_msg/include/open_space_msg/msg/rosidl_typesupport_fastrtps_cpp__visibility_control.h\n'}
[3.295883] (open_space_msg) StdoutLine: {'line': b'-- Up-to-date: /home/racecar/racecar_ws/src/lab1c/install/open_space_msg/include/open_space_msg/msg/detail\n'}
[3.297811] (open_space_msg) StdoutLine: {'line': b'-- Up-to-date: /home/racecar/racecar_ws/src/lab1c/install/open_space_msg/include/open_space_msg/msg/detail/open_space__rosidl_typesupport_fastrtps_cpp.hpp\n'}
[3.300229] (open_space_msg) StdoutLine: {'line': b'-- Up-to-date: /home/racecar/racecar_ws/src/lab1c/install/open_space_msg/include/open_space_msg/msg/detail/dds_fastrtps\n'}
[3.302768] (open_space_msg) StdoutLine: {'line': b'-- Up-to-date: /home/racecar/racecar_ws/src/lab1c/install/open_space_msg/lib/libopen_space_msg__rosidl_typesupport_fastrtps_cpp.so\n'}
[3.305435] (open_space_msg) StdoutLine: {'line': b'-- Up-to-date: /home/racecar/racecar_ws/src/lab1c/install/open_space_msg/include/open_space_msg\n'}
[3.308045] (open_space_msg) StdoutLine: {'line': b'-- Up-to-date: /home/racecar/racecar_ws/src/lab1c/install/open_space_msg/include/open_space_msg/msg\n'}
[3.310134] (open_space_msg) StdoutLine: {'line': b'-- Up-to-date: /home/racecar/racecar_ws/src/lab1c/install/open_space_msg/include/open_space_msg/msg/detail\n'}
[3.312414] (open_space_msg) StdoutLine: {'line': b'-- Up-to-date: /home/racecar/racecar_ws/src/lab1c/install/open_space_msg/include/open_space_msg/msg/detail/open_space__rosidl_typesupport_introspection_c.h\n'}
[3.314761] (open_space_msg) StdoutLine: {'line': b'-- Up-to-date: /home/racecar/racecar_ws/src/lab1c/install/open_space_msg/include/open_space_msg/msg/detail/open_space__type_support.c\n'}
[3.316893] (open_space_msg) StdoutLine: {'line': b'-- Up-to-date: /home/racecar/racecar_ws/src/lab1c/install/open_space_msg/include/open_space_msg/msg/rosidl_typesupport_introspection_c__visibility_control.h\n'}
[3.319151] (open_space_msg) StdoutLine: {'line': b'-- Up-to-date: /home/racecar/racecar_ws/src/lab1c/install/open_space_msg/lib/libopen_space_msg__rosidl_typesupport_introspection_c.so\n'}
[3.322054] (open_space_msg) StdoutLine: {'line': b'-- Up-to-date: /home/racecar/racecar_ws/src/lab1c/install/open_space_msg/lib/libopen_space_msg__rosidl_typesupport_c.so\n'}
[3.326170] (open_space_msg) StdoutLine: {'line': b'-- Up-to-date: /home/racecar/racecar_ws/src/lab1c/install/open_space_msg/include/open_space_msg\n'}
[3.329220] (open_space_msg) StdoutLine: {'line': b'-- Up-to-date: /home/racecar/racecar_ws/src/lab1c/install/open_space_msg/include/open_space_msg/msg\n'}
[3.332102] (open_space_msg) StdoutLine: {'line': b'-- Up-to-date: /home/racecar/racecar_ws/src/lab1c/install/open_space_msg/include/open_space_msg/msg/detail\n'}
[3.334382] (open_space_msg) StdoutLine: {'line': b'-- Up-to-date: /home/racecar/racecar_ws/src/lab1c/install/open_space_msg/include/open_space_msg/msg/detail/open_space__traits.hpp\n'}
[3.337109] (open_space_msg) StdoutLine: {'line': b'-- Up-to-date: /home/racecar/racecar_ws/src/lab1c/install/open_space_msg/include/open_space_msg/msg/detail/open_space__struct.hpp\n'}
[3.339943] (open_space_msg) StdoutLine: {'line': b'-- Up-to-date: /home/racecar/racecar_ws/src/lab1c/install/open_space_msg/include/open_space_msg/msg/detail/open_space__builder.hpp\n'}
[3.342815] (open_space_msg) StdoutLine: {'line': b'-- Up-to-date: /home/racecar/racecar_ws/src/lab1c/install/open_space_msg/include/open_space_msg/msg/detail/open_space__type_support.hpp\n'}
[3.345349] (open_space_msg) StdoutLine: {'line': b'-- Up-to-date: /home/racecar/racecar_ws/src/lab1c/install/open_space_msg/include/open_space_msg/msg/rosidl_generator_cpp__visibility_control.hpp\n'}
[3.347939] (open_space_msg) StdoutLine: {'line': b'-- Up-to-date: /home/racecar/racecar_ws/src/lab1c/install/open_space_msg/include/open_space_msg/msg/open_space.hpp\n'}
[3.350621] (open_space_msg) StdoutLine: {'line': b'-- Up-to-date: /home/racecar/racecar_ws/src/lab1c/install/open_space_msg/include/open_space_msg\n'}
[3.352629] (ros_exercises) StdoutLine: {'line': b"reading manifest file '../build/ros_exercises/ros_exercises.egg-info/SOURCES.txt'\n"}
[3.354973] (open_space_msg) StdoutLine: {'line': b'-- Up-to-date: /home/racecar/racecar_ws/src/lab1c/install/open_space_msg/include/open_space_msg/msg\n'}
[3.357843] (open_space_msg) StdoutLine: {'line': b'-- Up-to-date: /home/racecar/racecar_ws/src/lab1c/install/open_space_msg/include/open_space_msg/msg/detail\n'}
[3.360394] (open_space_msg) StdoutLine: {'line': b'-- Up-to-date: /home/racecar/racecar_ws/src/lab1c/install/open_space_msg/include/open_space_msg/msg/detail/open_space__type_support.cpp\n'}
[3.363105] (open_space_msg) StdoutLine: {'line': b'-- Up-to-date: /home/racecar/racecar_ws/src/lab1c/install/open_space_msg/include/open_space_msg/msg/detail/open_space__rosidl_typesupport_introspection_cpp.hpp\n'}
[3.365229] (ros_exercises) StdoutLine: {'line': b"writing manifest file '../build/ros_exercises/ros_exercises.egg-info/SOURCES.txt'\n"}
[3.367896] (ros_exercises) StdoutLine: {'line': b'running build\n'}
[3.371432] (ros_exercises) StdoutLine: {'line': b'running build_py\n'}
[3.373541] (open_space_msg) StdoutLine: {'line': b'-- Up-to-date: /home/racecar/racecar_ws/src/lab1c/install/open_space_msg/lib/libopen_space_msg__rosidl_typesupport_introspection_cpp.so\n'}
[3.375631] (ros_exercises) StdoutLine: {'line': b'copying ros_exercises/open_space_publisher.py -> /home/racecar/racecar_ws/src/lab1c/build/ros_exercises/build/lib/ros_exercises\n'}
[3.377859] (open_space_msg) StdoutLine: {'line': b'-- Up-to-date: /home/racecar/racecar_ws/src/lab1c/install/open_space_msg/lib/libopen_space_msg__rosidl_typesupport_cpp.so\n'}
[3.379811] (open_space_msg) StdoutLine: {'line': b'-- Up-to-date: /home/racecar/racecar_ws/src/lab1c/install/open_space_msg/share/open_space_msg/environment/pythonpath.sh\n'}
[3.382882] (open_space_msg) StdoutLine: {'line': b'-- Up-to-date: /home/racecar/racecar_ws/src/lab1c/install/open_space_msg/share/open_space_msg/environment/pythonpath.dsv\n'}
[3.385605] (ros_exercises) StdoutLine: {'line': b'running install\n'}
[3.387641] (ros_exercises) StdoutLine: {'line': b'running install_lib\n'}
[3.390275] (-) TimerEvent: {}
[3.391032] (open_space_msg) StdoutLine: {'line': b'-- Up-to-date: /home/racecar/racecar_ws/src/lab1c/install/open_space_msg/lib/python3.8/site-packages/open_space_msg/__init__.py\n'}
[3.393344] (ros_exercises) StdoutLine: {'line': b'copying /home/racecar/racecar_ws/src/lab1c/build/ros_exercises/build/lib/ros_exercises/open_space_publisher.py -> /home/racecar/racecar_ws/src/lab1c/install/ros_exercises/lib/python3.8/site-packages/ros_exercises\n'}
[3.396613] (ros_exercises) StdoutLine: {'line': b'byte-compiling /home/racecar/racecar_ws/src/lab1c/install/ros_exercises/lib/python3.8/site-packages/ros_exercises/open_space_publisher.py to open_space_publisher.cpython-38.pyc\n'}
[3.399451] (ros_exercises) StdoutLine: {'line': b'running install_data\n'}
[3.402361] (ros_exercises) StdoutLine: {'line': b'running install_egg_info\n'}
[3.404785] (ros_exercises) StdoutLine: {'line': b"removing '/home/racecar/racecar_ws/src/lab1c/install/ros_exercises/lib/python3.8/site-packages/ros_exercises-0.0.0-py3.8.egg-info' (and everything under it)\n"}
[3.406910] (ros_exercises) StdoutLine: {'line': b'Copying ../build/ros_exercises/ros_exercises.egg-info to /home/racecar/racecar_ws/src/lab1c/install/ros_exercises/lib/python3.8/site-packages/ros_exercises-0.0.0-py3.8.egg-info\n'}
[3.428652] (ros_exercises) StdoutLine: {'line': b'running install_scripts\n'}
[3.445899] (open_space_msg) StdoutLine: {'line': b'-- Up-to-date: /home/racecar/racecar_ws/src/lab1c/install/open_space_msg/lib/python3.8/site-packages/open_space_msg/msg\n'}
[3.450024] (open_space_msg) StdoutLine: {'line': b'-- Up-to-date: /home/racecar/racecar_ws/src/lab1c/install/open_space_msg/lib/python3.8/site-packages/open_space_msg/msg/_open_space.py\n'}
[3.453650] (open_space_msg) StdoutLine: {'line': b'-- Up-to-date: /home/racecar/racecar_ws/src/lab1c/install/open_space_msg/lib/python3.8/site-packages/open_space_msg/msg/__init__.py\n'}
[3.455819] (open_space_msg) StdoutLine: {'line': b'-- Up-to-date: /home/racecar/racecar_ws/src/lab1c/install/open_space_msg/lib/python3.8/site-packages/open_space_msg/msg/_open_space_s.c\n'}
[3.457881] (open_space_msg) StdoutLine: {'line': b'-- Up-to-date: /home/racecar/racecar_ws/src/lab1c/install/open_space_msg/lib/python3.8/site-packages/open_space_msg/open_space_msg_s__rosidl_typesupport_fastrtps_c.cpython-38-x86_64-linux-gnu.so\n'}
[3.462899] (open_space_msg) StdoutLine: {'line': b'-- Up-to-date: /home/racecar/racecar_ws/src/lab1c/install/open_space_msg/lib/python3.8/site-packages/open_space_msg/open_space_msg_s__rosidl_typesupport_introspection_c.cpython-38-x86_64-linux-gnu.so\n'}
[3.465706] (ros_exercises) StdoutLine: {'line': b'Installing fake_scan_publisher script to /home/racecar/racecar_ws/src/lab1c/install/ros_exercises/lib/ros_exercises\n'}
[3.468358] (ros_exercises) StdoutLine: {'line': b'Installing open_space_publisher script to /home/racecar/racecar_ws/src/lab1c/install/ros_exercises/lib/ros_exercises\n'}
[3.470982] (open_space_msg) StdoutLine: {'line': b'-- Up-to-date: /home/racecar/racecar_ws/src/lab1c/install/open_space_msg/lib/python3.8/site-packages/open_space_msg/open_space_msg_s__rosidl_typesupport_c.cpython-38-x86_64-linux-gnu.so\n'}
[3.474526] (ros_exercises) StdoutLine: {'line': b'Installing simple_publisher script to /home/racecar/racecar_ws/src/lab1c/install/ros_exercises/lib/ros_exercises\n'}
[3.476585] (open_space_msg) StdoutLine: {'line': b'-- Up-to-date: /home/racecar/racecar_ws/src/lab1c/install/open_space_msg/lib/libopen_space_msg__python.so\n'}
[3.478701] (ros_exercises) StdoutLine: {'line': b'Installing simple_subscriber script to /home/racecar/racecar_ws/src/lab1c/install/ros_exercises/lib/ros_exercises\n'}
[3.481679] (open_space_msg) StdoutLine: {'line': b'-- Up-to-date: /home/racecar/racecar_ws/src/lab1c/install/open_space_msg/share/open_space_msg/msg/OpenSpace.idl\n'}
[3.484098] (ros_exercises) StdoutLine: {'line': b"writing list of installed files to '/home/racecar/racecar_ws/src/lab1c/build/ros_exercises/install.log'\n"}
[3.486300] (open_space_msg) StdoutLine: {'line': b'-- Up-to-date: /home/racecar/racecar_ws/src/lab1c/install/open_space_msg/share/open_space_msg/msg/OpenSpace.msg\n'}
[3.488431] (open_space_msg) StdoutLine: {'line': b'-- Up-to-date: /home/racecar/racecar_ws/src/lab1c/install/open_space_msg/share/ament_index/resource_index/package_run_dependencies/open_space_msg\n'}
[3.490927] (-) TimerEvent: {}
[3.491930] (open_space_msg) StdoutLine: {'line': b'-- Up-to-date: /home/racecar/racecar_ws/src/lab1c/install/open_space_msg/share/ament_index/resource_index/parent_prefix_path/open_space_msg\n'}
[3.494141] (open_space_msg) StdoutLine: {'line': b'-- Up-to-date: /home/racecar/racecar_ws/src/lab1c/install/open_space_msg/share/open_space_msg/environment/ament_prefix_path.sh\n'}
[3.496284] (open_space_msg) StdoutLine: {'line': b'-- Up-to-date: /home/racecar/racecar_ws/src/lab1c/install/open_space_msg/share/open_space_msg/environment/ament_prefix_path.dsv\n'}
[3.498445] (open_space_msg) StdoutLine: {'line': b'-- Up-to-date: /home/racecar/racecar_ws/src/lab1c/install/open_space_msg/share/open_space_msg/environment/path.sh\n'}
[3.501549] (open_space_msg) StdoutLine: {'line': b'-- Up-to-date: /home/racecar/racecar_ws/src/lab1c/install/open_space_msg/share/open_space_msg/environment/path.dsv\n'}
[3.504026] (open_space_msg) StdoutLine: {'line': b'-- Up-to-date: /home/racecar/racecar_ws/src/lab1c/install/open_space_msg/share/open_space_msg/local_setup.bash\n'}
[3.506127] (open_space_msg) StdoutLine: {'line': b'-- Up-to-date: /home/racecar/racecar_ws/src/lab1c/install/open_space_msg/share/open_space_msg/local_setup.sh\n'}
[3.508297] (open_space_msg) StdoutLine: {'line': b'-- Up-to-date: /home/racecar/racecar_ws/src/lab1c/install/open_space_msg/share/open_space_msg/local_setup.zsh\n'}
[3.511004] (open_space_msg) StdoutLine: {'line': b'-- Up-to-date: /home/racecar/racecar_ws/src/lab1c/install/open_space_msg/share/open_space_msg/local_setup.dsv\n'}
[3.514717] (open_space_msg) StdoutLine: {'line': b'-- Installing: /home/racecar/racecar_ws/src/lab1c/install/open_space_msg/share/open_space_msg/package.dsv\n'}
[3.518959] (open_space_msg) StdoutLine: {'line': b'-- Up-to-date: /home/racecar/racecar_ws/src/lab1c/install/open_space_msg/share/ament_index/resource_index/packages/open_space_msg\n'}
[3.521876] (ros_exercises) CommandEnded: {'returncode': 0}
[3.524500] (open_space_msg) StdoutLine: {'line': b'-- Up-to-date: /home/racecar/racecar_ws/src/lab1c/install/open_space_msg/share/open_space_msg/cmake/open_space_msg__rosidl_generator_cExport.cmake\n'}
[3.527020] (open_space_msg) StdoutLine: {'line': b'-- Up-to-date: /home/racecar/racecar_ws/src/lab1c/install/open_space_msg/share/open_space_msg/cmake/open_space_msg__rosidl_generator_cExport-noconfig.cmake\n'}
[3.529610] (open_space_msg) StdoutLine: {'line': b'-- Up-to-date: /home/racecar/racecar_ws/src/lab1c/install/open_space_msg/share/open_space_msg/cmake/open_space_msg__rosidl_typesupport_introspection_cExport.cmake\n'}
[3.536001] (open_space_msg) StdoutLine: {'line': b'-- Up-to-date: /home/racecar/racecar_ws/src/lab1c/install/open_space_msg/share/open_space_msg/cmake/open_space_msg__rosidl_typesupport_introspection_cExport-noconfig.cmake\n'}
[3.543366] (open_space_msg) StdoutLine: {'line': b'-- Up-to-date: /home/racecar/racecar_ws/src/lab1c/install/open_space_msg/share/open_space_msg/cmake/open_space_msg__rosidl_typesupport_cExport.cmake\n'}
[3.549629] (open_space_msg) StdoutLine: {'line': b'-- Up-to-date: /home/racecar/racecar_ws/src/lab1c/install/open_space_msg/share/open_space_msg/cmake/open_space_msg__rosidl_typesupport_cExport-noconfig.cmake\n'}
[3.553737] (open_space_msg) StdoutLine: {'line': b'-- Up-to-date: /home/racecar/racecar_ws/src/lab1c/install/open_space_msg/share/open_space_msg/cmake/open_space_msg__rosidl_generator_cppExport.cmake\n'}
[3.560684] (open_space_msg) StdoutLine: {'line': b'-- Up-to-date: /home/racecar/racecar_ws/src/lab1c/install/open_space_msg/share/open_space_msg/cmake/open_space_msg__rosidl_typesupport_introspection_cppExport.cmake\n'}
[3.566370] (open_space_msg) StdoutLine: {'line': b'-- Up-to-date: /home/racecar/racecar_ws/src/lab1c/install/open_space_msg/share/open_space_msg/cmake/open_space_msg__rosidl_typesupport_introspection_cppExport-noconfig.cmake\n'}
[3.579697] (open_space_msg) StdoutLine: {'line': b'-- Up-to-date: /home/racecar/racecar_ws/src/lab1c/install/open_space_msg/share/open_space_msg/cmake/open_space_msg__rosidl_typesupport_cppExport.cmake\n'}
[3.588377] (open_space_msg) StdoutLine: {'line': b'-- Up-to-date: /home/racecar/racecar_ws/src/lab1c/install/open_space_msg/share/open_space_msg/cmake/open_space_msg__rosidl_typesupport_cppExport-noconfig.cmake\n'}
[3.597772] (-) TimerEvent: {}
[3.600432] (open_space_msg) StdoutLine: {'line': b'-- Up-to-date: /home/racecar/racecar_ws/src/lab1c/install/open_space_msg/share/open_space_msg/cmake/rosidl_cmake-extras.cmake\n'}
[3.604508] (open_space_msg) StdoutLine: {'line': b'-- Up-to-date: /home/racecar/racecar_ws/src/lab1c/install/open_space_msg/share/open_space_msg/cmake/ament_cmake_export_dependencies-extras.cmake\n'}
[3.610280] (open_space_msg) StdoutLine: {'line': b'-- Up-to-date: /home/racecar/racecar_ws/src/lab1c/install/open_space_msg/share/open_space_msg/cmake/ament_cmake_export_libraries-extras.cmake\n'}
[3.613825] (open_space_msg) StdoutLine: {'line': b'-- Up-to-date: /home/racecar/racecar_ws/src/lab1c/install/open_space_msg/share/open_space_msg/cmake/ament_cmake_export_targets-extras.cmake\n'}
[3.616000] (open_space_msg) StdoutLine: {'line': b'-- Up-to-date: /home/racecar/racecar_ws/src/lab1c/install/open_space_msg/share/open_space_msg/cmake/ament_cmake_export_include_directories-extras.cmake\n'}
[3.617081] (open_space_msg) StdoutLine: {'line': b'-- Up-to-date: /home/racecar/racecar_ws/src/lab1c/install/open_space_msg/share/open_space_msg/cmake/rosidl_cmake_export_typesupport_libraries-extras.cmake\n'}
[3.619401] (open_space_msg) StdoutLine: {'line': b'-- Up-to-date: /home/racecar/racecar_ws/src/lab1c/install/open_space_msg/share/open_space_msg/cmake/rosidl_cmake_export_typesupport_targets-extras.cmake\n'}
[3.620768] (open_space_msg) StdoutLine: {'line': b'-- Up-to-date: /home/racecar/racecar_ws/src/lab1c/install/open_space_msg/share/open_space_msg/cmake/open_space_msgConfig.cmake\n'}
[3.625261] (open_space_msg) StdoutLine: {'line': b'-- Up-to-date: /home/racecar/racecar_ws/src/lab1c/install/open_space_msg/share/open_space_msg/cmake/open_space_msgConfig-version.cmake\n'}
[3.627056] (open_space_msg) StdoutLine: {'line': b'-- Up-to-date: /home/racecar/racecar_ws/src/lab1c/install/open_space_msg/share/open_space_msg/package.xml\n'}
[3.699397] (-) TimerEvent: {}
[3.808845] (-) TimerEvent: {}
[3.814150] (ros_exercises) JobEnded: {'identifier': 'ros_exercises', 'rc': 0}
[3.821576] (open_space_msg) CommandEnded: {'returncode': 0}
[3.909367] (-) TimerEvent: {}
[4.010481] (-) TimerEvent: {}
[4.116064] (-) TimerEvent: {}
[4.220352] (-) TimerEvent: {}
[4.330419] (-) TimerEvent: {}
[4.451319] (-) TimerEvent: {}
[4.552311] (-) TimerEvent: {}
[4.653279] (-) TimerEvent: {}
[4.754450] (-) TimerEvent: {}
[4.855489] (-) TimerEvent: {}
[4.959364] (-) TimerEvent: {}
[5.063861] (-) TimerEvent: {}
[5.182539] (-) TimerEvent: {}
[5.293053] (-) TimerEvent: {}
[5.403434] (-) TimerEvent: {}
[5.514539] (-) TimerEvent: {}
[5.543383] (open_space_msg) JobEnded: {'identifier': 'open_space_msg', 'rc': 0}
[5.552936] (-) EventReactorShutdown: {}
