[3.439s] DEBUG:colcon:Command line arguments: ['/usr/bin/colcon', 'build']
[3.439s] DEBUG:colcon:Parsed command line arguments: Namespace(ament_cmake_args=None, base_paths=['.'], build_base='build', catkin_cmake_args=None, catkin_skip_building_tests=False, cmake_args=None, cmake_clean_cache=False, cmake_clean_first=False, cmake_force_configure=False, cmake_target=None, cmake_target_skip_unavailable=False, continue_on_error=False, event_handlers=None, executor='parallel', ignore_user_meta=False, install_base='install', log_base=None, log_level=None, main=<bound method BuildVerb.main of <colcon_core.verb.build.BuildVerb object at 0x7fce3df176a0>>, merge_install=False, metas=['./colcon.meta'], packages_above=None, packages_above_and_dependencies=None, packages_above_depth=None, packages_end=None, packages_ignore=None, packages_ignore_regex=None, packages_select=None, packages_select_build_failed=False, packages_select_by_dep=None, packages_select_regex=None, packages_select_test_failures=False, packages_skip=None, packages_skip_build_finished=False, packages_skip_by_dep=None, packages_skip_regex=None, packages_skip_test_passed=False, packages_skip_up_to=None, packages_start=None, packages_up_to=None, packages_up_to_regex=None, parallel_workers=8, paths=None, symlink_install=False, test_result_base=None, verb_extension=<colcon_core.verb.build.BuildVerb object at 0x7fce3df176a0>, verb_name='build', verb_parser=<colcon_defaults.argument_parser.defaults.DefaultArgumentsDecorator object at 0x7fce3db0a7f0>)
[3.593s] Level 1:colcon.colcon_core.package_discovery:discover_packages(colcon_meta) check parameters
[3.594s] Level 1:colcon.colcon_core.package_discovery:discover_packages(recursive) check parameters
[3.594s] Level 1:colcon.colcon_core.package_discovery:discover_packages(ignore) check parameters
[3.595s] Level 1:colcon.colcon_core.package_discovery:discover_packages(path) check parameters
[3.595s] Level 1:colcon.colcon_core.package_discovery:discover_packages(colcon_meta) discover
[3.595s] Level 1:colcon.colcon_core.package_discovery:discover_packages(recursive) discover
[3.596s] INFO:colcon.colcon_core.package_discovery:Crawling recursively for packages in '/home/racecar/racecar_ws/src/lab1c'
[3.598s] Level 1:colcon.colcon_core.package_identification:_identify(.) by extensions ['ignore', 'ignore_ament_install']
[3.598s] Level 1:colcon.colcon_core.package_identification:_identify(.) by extension 'ignore'
[3.598s] Level 1:colcon.colcon_core.package_identification:_identify(.) by extension 'ignore_ament_install'
[3.599s] Level 1:colcon.colcon_core.package_identification:_identify(.) by extensions ['colcon_pkg']
[3.599s] Level 1:colcon.colcon_core.package_identification:_identify(.) by extension 'colcon_pkg'
[3.600s] Level 1:colcon.colcon_core.package_identification:_identify(.) by extensions ['colcon_meta']
[3.600s] Level 1:colcon.colcon_core.package_identification:_identify(.) by extension 'colcon_meta'
[3.601s] Level 1:colcon.colcon_core.package_identification:_identify(.) by extensions ['ros']
[3.601s] Level 1:colcon.colcon_core.package_identification:_identify(.) by extension 'ros'
[3.616s] Level 1:colcon.colcon_core.package_identification:_identify(.) by extensions ['cmake', 'python']
[3.617s] Level 1:colcon.colcon_core.package_identification:_identify(.) by extension 'cmake'
[3.617s] Level 1:colcon.colcon_core.package_identification:_identify(.) by extension 'python'
[3.618s] Level 1:colcon.colcon_core.package_identification:_identify(.) by extensions ['python_setup_py']
[3.618s] Level 1:colcon.colcon_core.package_identification:_identify(.) by extension 'python_setup_py'
[3.620s] Level 1:colcon.colcon_core.package_identification:_identify(build) by extensions ['ignore', 'ignore_ament_install']
[3.620s] Level 1:colcon.colcon_core.package_identification:_identify(build) by extension 'ignore'
[3.620s] Level 1:colcon.colcon_core.package_identification:_identify(build) ignored
[3.622s] Level 1:colcon.colcon_core.package_identification:_identify(install) by extensions ['ignore', 'ignore_ament_install']
[3.622s] Level 1:colcon.colcon_core.package_identification:_identify(install) by extension 'ignore'
[3.622s] Level 1:colcon.colcon_core.package_identification:_identify(install) ignored
[3.624s] Level 1:colcon.colcon_core.package_identification:_identify(log) by extensions ['ignore', 'ignore_ament_install']
[3.624s] Level 1:colcon.colcon_core.package_identification:_identify(log) by extension 'ignore'
[3.625s] Level 1:colcon.colcon_core.package_identification:_identify(log) ignored
[3.626s] Level 1:colcon.colcon_core.package_identification:_identify(open_space_msg) by extensions ['ignore', 'ignore_ament_install']
[3.626s] Level 1:colcon.colcon_core.package_identification:_identify(open_space_msg) by extension 'ignore'
[3.627s] Level 1:colcon.colcon_core.package_identification:_identify(open_space_msg) by extension 'ignore_ament_install'
[3.627s] Level 1:colcon.colcon_core.package_identification:_identify(open_space_msg) by extensions ['colcon_pkg']
[3.627s] Level 1:colcon.colcon_core.package_identification:_identify(open_space_msg) by extension 'colcon_pkg'
[3.628s] Level 1:colcon.colcon_core.package_identification:_identify(open_space_msg) by extensions ['colcon_meta']
[3.628s] Level 1:colcon.colcon_core.package_identification:_identify(open_space_msg) by extension 'colcon_meta'
[3.629s] Level 1:colcon.colcon_core.package_identification:_identify(open_space_msg) by extensions ['ros']
[3.629s] Level 1:colcon.colcon_core.package_identification:_identify(open_space_msg) by extension 'ros'
[3.632s] DEBUG:colcon.colcon_core.package_identification:Package 'open_space_msg' with type 'ros.ament_cmake' and name 'open_space_msg'
[3.634s] Level 1:colcon.colcon_core.package_identification:_identify(ros_exercises) by extensions ['ignore', 'ignore_ament_install']
[3.634s] Level 1:colcon.colcon_core.package_identification:_identify(ros_exercises) by extension 'ignore'
[3.635s] Level 1:colcon.colcon_core.package_identification:_identify(ros_exercises) by extension 'ignore_ament_install'
[3.636s] Level 1:colcon.colcon_core.package_identification:_identify(ros_exercises) by extensions ['colcon_pkg']
[3.636s] Level 1:colcon.colcon_core.package_identification:_identify(ros_exercises) by extension 'colcon_pkg'
[3.637s] Level 1:colcon.colcon_core.package_identification:_identify(ros_exercises) by extensions ['colcon_meta']
[3.637s] Level 1:colcon.colcon_core.package_identification:_identify(ros_exercises) by extension 'colcon_meta'
[3.637s] Level 1:colcon.colcon_core.package_identification:_identify(ros_exercises) by extensions ['ros']
[3.638s] Level 1:colcon.colcon_core.package_identification:_identify(ros_exercises) by extension 'ros'
[3.639s] DEBUG:colcon.colcon_core.package_identification:Package 'ros_exercises' with type 'ros.ament_python' and name 'ros_exercises'
[3.640s] Level 1:colcon.colcon_core.package_discovery:discover_packages(recursive) using defaults
[3.640s] Level 1:colcon.colcon_core.package_discovery:discover_packages(ignore) discover
[3.640s] Level 1:colcon.colcon_core.package_discovery:discover_packages(ignore) using defaults
[3.641s] Level 1:colcon.colcon_core.package_discovery:discover_packages(path) discover
[3.641s] Level 1:colcon.colcon_core.package_discovery:discover_packages(path) using defaults
[3.860s] Level 5:colcon.colcon_core.verb:set package 'open_space_msg' build argument 'cmake_args' from command line to 'None'
[3.860s] Level 5:colcon.colcon_core.verb:set package 'open_space_msg' build argument 'cmake_target' from command line to 'None'
[3.861s] Level 5:colcon.colcon_core.verb:set package 'open_space_msg' build argument 'cmake_target_skip_unavailable' from command line to 'False'
[3.861s] Level 5:colcon.colcon_core.verb:set package 'open_space_msg' build argument 'cmake_clean_cache' from command line to 'False'
[3.861s] Level 5:colcon.colcon_core.verb:set package 'open_space_msg' build argument 'cmake_clean_first' from command line to 'False'
[3.862s] Level 5:colcon.colcon_core.verb:set package 'open_space_msg' build argument 'cmake_force_configure' from command line to 'False'
[3.862s] Level 5:colcon.colcon_core.verb:set package 'open_space_msg' build argument 'ament_cmake_args' from command line to 'None'
[3.863s] Level 5:colcon.colcon_core.verb:set package 'open_space_msg' build argument 'catkin_cmake_args' from command line to 'None'
[3.863s] Level 5:colcon.colcon_core.verb:set package 'open_space_msg' build argument 'catkin_skip_building_tests' from command line to 'False'
[3.863s] DEBUG:colcon.colcon_core.verb:Building package 'open_space_msg' with the following arguments: {'ament_cmake_args': None, 'build_base': '/home/racecar/racecar_ws/src/lab1c/build/open_space_msg', 'catkin_cmake_args': None, 'catkin_skip_building_tests': False, 'cmake_args': None, 'cmake_clean_cache': False, 'cmake_clean_first': False, 'cmake_force_configure': False, 'cmake_target': None, 'cmake_target_skip_unavailable': False, 'install_base': '/home/racecar/racecar_ws/src/lab1c/install/open_space_msg', 'merge_install': False, 'path': '/home/racecar/racecar_ws/src/lab1c/open_space_msg', 'symlink_install': False, 'test_result_base': None}
[3.913s] Level 5:colcon.colcon_core.verb:set package 'ros_exercises' build argument 'cmake_args' from command line to 'None'
[3.914s] Level 5:colcon.colcon_core.verb:set package 'ros_exercises' build argument 'cmake_target' from command line to 'None'
[3.914s] Level 5:colcon.colcon_core.verb:set package 'ros_exercises' build argument 'cmake_target_skip_unavailable' from command line to 'False'
[3.914s] Level 5:colcon.colcon_core.verb:set package 'ros_exercises' build argument 'cmake_clean_cache' from command line to 'False'
[3.915s] Level 5:colcon.colcon_core.verb:set package 'ros_exercises' build argument 'cmake_clean_first' from command line to 'False'
[3.915s] Level 5:colcon.colcon_core.verb:set package 'ros_exercises' build argument 'cmake_force_configure' from command line to 'False'
[3.915s] Level 5:colcon.colcon_core.verb:set package 'ros_exercises' build argument 'ament_cmake_args' from command line to 'None'
[3.916s] Level 5:colcon.colcon_core.verb:set package 'ros_exercises' build argument 'catkin_cmake_args' from command line to 'None'
[3.916s] Level 5:colcon.colcon_core.verb:set package 'ros_exercises' build argument 'catkin_skip_building_tests' from command line to 'False'
[3.916s] DEBUG:colcon.colcon_core.verb:Building package 'ros_exercises' with the following arguments: {'ament_cmake_args': None, 'build_base': '/home/racecar/racecar_ws/src/lab1c/build/ros_exercises', 'catkin_cmake_args': None, 'catkin_skip_building_tests': False, 'cmake_args': None, 'cmake_clean_cache': False, 'cmake_clean_first': False, 'cmake_force_configure': False, 'cmake_target': None, 'cmake_target_skip_unavailable': False, 'install_base': '/home/racecar/racecar_ws/src/lab1c/install/ros_exercises', 'merge_install': False, 'path': '/home/racecar/racecar_ws/src/lab1c/ros_exercises', 'symlink_install': False, 'test_result_base': None}
[3.966s] INFO:colcon.colcon_core.executor:Executing jobs using 'parallel' executor
[4.016s] DEBUG:colcon.colcon_parallel_executor.executor.parallel:run_until_complete
[4.016s] INFO:colcon.colcon_ros.task.ament_cmake.build:Building ROS package in '/home/racecar/racecar_ws/src/lab1c/open_space_msg' with build type 'ament_cmake'
[4.017s] INFO:colcon.colcon_cmake.task.cmake.build:Building CMake package in '/home/racecar/racecar_ws/src/lab1c/open_space_msg'
[4.070s] INFO:colcon.colcon_core.plugin_system:Skipping extension 'colcon_core.shell.bat': Not used on non-Windows systems
[4.070s] INFO:colcon.colcon_core.shell:Skip shell extension 'powershell' for command environment: Not usable outside of PowerShell
[4.071s] DEBUG:colcon.colcon_core.shell:Skip shell extension 'dsv' for command environment
[4.420s] INFO:colcon.colcon_ros.task.ament_python.build:Building ROS package in '/home/racecar/racecar_ws/src/lab1c/ros_exercises' with build type 'ament_python'
[4.421s] Level 1:colcon.colcon_core.shell:create_environment_hook('ros_exercises', 'ament_prefix_path')
[4.477s] INFO:colcon.colcon_core.shell:Creating environment hook '/home/racecar/racecar_ws/src/lab1c/install/ros_exercises/share/ros_exercises/hook/ament_prefix_path.ps1'
[4.480s] INFO:colcon.colcon_core.shell:Creating environment descriptor '/home/racecar/racecar_ws/src/lab1c/install/ros_exercises/share/ros_exercises/hook/ament_prefix_path.dsv'
[4.482s] INFO:colcon.colcon_core.shell:Creating environment hook '/home/racecar/racecar_ws/src/lab1c/install/ros_exercises/share/ros_exercises/hook/ament_prefix_path.sh'
[4.535s] INFO:colcon.colcon_core.shell:Skip shell extension 'powershell' for command environment: Not usable outside of PowerShell
[4.536s] DEBUG:colcon.colcon_core.shell:Skip shell extension 'dsv' for command environment
[4.939s] DEBUG:colcon.colcon_core.event_handler.log_command:Invoking command in '/home/racecar/racecar_ws/src/lab1c/build/open_space_msg': CMAKE_PREFIX_PATH=${CMAKE_PREFIX_PATH}:/home/racecar/racecar_ws/src/lab1c/install/ros_exercises:/home/racecar/racecar_ws/src/install/ros_exercises:/home/racecar/racecar_ws/install/ros_exercises:/opt/ros/foxy /usr/bin/cmake --build /home/racecar/racecar_ws/src/lab1c/build/open_space_msg -- -j8 -l8
[5.364s] INFO:colcon.colcon_core.task.python.build:Building Python package in '/home/racecar/racecar_ws/src/lab1c/ros_exercises'
[5.435s] INFO:colcon.colcon_core.shell:Skip shell extension 'powershell' for command environment: Not usable outside of PowerShell
[5.435s] DEBUG:colcon.colcon_core.shell:Skip shell extension 'dsv' for command environment
[6.613s] DEBUG:colcon.colcon_core.event_handler.log_command:Invoked command in '/home/racecar/racecar_ws/src/lab1c/build/open_space_msg' returned '0': CMAKE_PREFIX_PATH=${CMAKE_PREFIX_PATH}:/home/racecar/racecar_ws/src/lab1c/install/ros_exercises:/home/racecar/racecar_ws/src/install/ros_exercises:/home/racecar/racecar_ws/install/ros_exercises:/opt/ros/foxy /usr/bin/cmake --build /home/racecar/racecar_ws/src/lab1c/build/open_space_msg -- -j8 -l8
[6.819s] DEBUG:colcon.colcon_core.event_handler.log_command:Invoking command in '/home/racecar/racecar_ws/src/lab1c/ros_exercises': PYTHONPATH=/home/racecar/racecar_ws/src/lab1c/build/ros_exercises/prefix_override:/home/racecar/racecar_ws/src/lab1c/install/ros_exercises/lib/python3.8/site-packages:${PYTHONPATH} /usr/bin/python3 setup.py egg_info --egg-base ../build/ros_exercises build --build-base /home/racecar/racecar_ws/src/lab1c/build/ros_exercises/build install --record /home/racecar/racecar_ws/src/lab1c/build/ros_exercises/install.log --install-scripts $base/lib/ros_exercises --single-version-externally-managed
[7.190s] DEBUG:colcon.colcon_core.event_handler.log_command:Invoking command in '/home/racecar/racecar_ws/src/lab1c/build/open_space_msg': CMAKE_PREFIX_PATH=${CMAKE_PREFIX_PATH}:/home/racecar/racecar_ws/src/lab1c/install/ros_exercises:/home/racecar/racecar_ws/src/install/ros_exercises:/home/racecar/racecar_ws/install/ros_exercises:/opt/ros/foxy /usr/bin/cmake --install /home/racecar/racecar_ws/src/lab1c/build/open_space_msg
[7.540s] DEBUG:colcon.colcon_core.event_handler.log_command:Invoked command in '/home/racecar/racecar_ws/src/lab1c/ros_exercises' returned '0': PYTHONPATH=/home/racecar/racecar_ws/src/lab1c/build/ros_exercises/prefix_override:/home/racecar/racecar_ws/src/lab1c/install/ros_exercises/lib/python3.8/site-packages:${PYTHONPATH} /usr/bin/python3 setup.py egg_info --egg-base ../build/ros_exercises build --build-base /home/racecar/racecar_ws/src/lab1c/build/ros_exercises/build install --record /home/racecar/racecar_ws/src/lab1c/build/ros_exercises/install.log --install-scripts $base/lib/ros_exercises --single-version-externally-managed
[7.640s] Level 1:colcon.colcon_core.environment:checking '/home/racecar/racecar_ws/src/lab1c/install/ros_exercises' for CMake module files
[7.648s] Level 1:colcon.colcon_core.environment:checking '/home/racecar/racecar_ws/src/lab1c/install/ros_exercises' for CMake config files
[7.664s] Level 1:colcon.colcon_core.environment:checking '/home/racecar/racecar_ws/src/lab1c/install/ros_exercises/lib'
[7.666s] Level 1:colcon.colcon_core.environment:checking '/home/racecar/racecar_ws/src/lab1c/install/ros_exercises/bin'
[7.666s] Level 1:colcon.colcon_core.environment:checking '/home/racecar/racecar_ws/src/lab1c/install/ros_exercises/lib/pkgconfig/ros_exercises.pc'
[7.667s] Level 1:colcon.colcon_core.environment:checking '/home/racecar/racecar_ws/src/lab1c/install/ros_exercises/lib/python3.8/site-packages'
[7.668s] Level 1:colcon.colcon_core.shell:create_environment_hook('ros_exercises', 'pythonpath')
[7.730s] INFO:colcon.colcon_core.shell:Creating environment hook '/home/racecar/racecar_ws/src/lab1c/install/ros_exercises/share/ros_exercises/hook/pythonpath.ps1'
[7.733s] INFO:colcon.colcon_core.shell:Creating environment descriptor '/home/racecar/racecar_ws/src/lab1c/install/ros_exercises/share/ros_exercises/hook/pythonpath.dsv'
[7.735s] INFO:colcon.colcon_core.shell:Creating environment hook '/home/racecar/racecar_ws/src/lab1c/install/ros_exercises/share/ros_exercises/hook/pythonpath.sh'
[7.738s] Level 1:colcon.colcon_core.environment:checking '/home/racecar/racecar_ws/src/lab1c/install/ros_exercises/bin'
[7.738s] Level 1:colcon.colcon_core.environment:create_environment_scripts_only(ros_exercises)
[7.811s] INFO:colcon.colcon_core.shell:Creating package script '/home/racecar/racecar_ws/src/lab1c/install/ros_exercises/share/ros_exercises/package.ps1'
[7.814s] INFO:colcon.colcon_core.shell:Creating package descriptor '/home/racecar/racecar_ws/src/lab1c/install/ros_exercises/share/ros_exercises/package.dsv'
[7.817s] INFO:colcon.colcon_core.shell:Creating package script '/home/racecar/racecar_ws/src/lab1c/install/ros_exercises/share/ros_exercises/package.sh'
[7.821s] INFO:colcon.colcon_core.shell:Creating package script '/home/racecar/racecar_ws/src/lab1c/install/ros_exercises/share/ros_exercises/package.bash'
[7.823s] INFO:colcon.colcon_core.shell:Creating package script '/home/racecar/racecar_ws/src/lab1c/install/ros_exercises/share/ros_exercises/package.zsh'
[7.827s] Level 1:colcon.colcon_core.environment:create_file_with_runtime_dependencies(/home/racecar/racecar_ws/src/lab1c/install/ros_exercises/share/colcon-core/packages/ros_exercises)
[7.831s] Level 1:colcon.colcon_core.environment:create_environment_scripts_only(open_space_msg)
[7.840s] DEBUG:colcon.colcon_core.event_handler.log_command:Invoked command in '/home/racecar/racecar_ws/src/lab1c/build/open_space_msg' returned '0': CMAKE_PREFIX_PATH=${CMAKE_PREFIX_PATH}:/home/racecar/racecar_ws/src/lab1c/install/ros_exercises:/home/racecar/racecar_ws/src/install/ros_exercises:/home/racecar/racecar_ws/install/ros_exercises:/opt/ros/foxy /usr/bin/cmake --install /home/racecar/racecar_ws/src/lab1c/build/open_space_msg
[7.905s] Level 1:colcon.colcon_core.environment:checking '/home/racecar/racecar_ws/src/lab1c/install/open_space_msg' for CMake module files
[7.916s] Level 1:colcon.colcon_core.environment:checking '/home/racecar/racecar_ws/src/lab1c/install/open_space_msg' for CMake config files
[7.934s] Level 1:colcon.colcon_core.shell:create_environment_hook('open_space_msg', 'cmake_prefix_path')
[8.026s] INFO:colcon.colcon_core.shell:Creating environment hook '/home/racecar/racecar_ws/src/lab1c/install/open_space_msg/share/open_space_msg/hook/cmake_prefix_path.ps1'
[8.030s] INFO:colcon.colcon_core.shell:Creating environment descriptor '/home/racecar/racecar_ws/src/lab1c/install/open_space_msg/share/open_space_msg/hook/cmake_prefix_path.dsv'
[8.034s] INFO:colcon.colcon_core.shell:Creating environment hook '/home/racecar/racecar_ws/src/lab1c/install/open_space_msg/share/open_space_msg/hook/cmake_prefix_path.sh'
[8.039s] Level 1:colcon.colcon_core.environment:checking '/home/racecar/racecar_ws/src/lab1c/install/open_space_msg/lib'
[8.042s] Level 1:colcon.colcon_core.shell:create_environment_hook('open_space_msg', 'ld_library_path_lib')
[8.131s] INFO:colcon.colcon_core.shell:Creating environment hook '/home/racecar/racecar_ws/src/lab1c/install/open_space_msg/share/open_space_msg/hook/ld_library_path_lib.ps1'
[8.146s] INFO:colcon.colcon_core.shell:Creating environment descriptor '/home/racecar/racecar_ws/src/lab1c/install/open_space_msg/share/open_space_msg/hook/ld_library_path_lib.dsv'
[8.157s] INFO:colcon.colcon_core.shell:Creating environment hook '/home/racecar/racecar_ws/src/lab1c/install/open_space_msg/share/open_space_msg/hook/ld_library_path_lib.sh'
[8.162s] Level 1:colcon.colcon_core.environment:checking '/home/racecar/racecar_ws/src/lab1c/install/open_space_msg/bin'
[8.163s] Level 1:colcon.colcon_core.environment:checking '/home/racecar/racecar_ws/src/lab1c/install/open_space_msg/lib/pkgconfig/open_space_msg.pc'
[8.165s] Level 1:colcon.colcon_core.environment:checking '/home/racecar/racecar_ws/src/lab1c/install/open_space_msg/lib/python3.8/site-packages'
[8.172s] Level 1:colcon.colcon_core.shell:create_environment_hook('open_space_msg', 'pythonpath')
[8.267s] INFO:colcon.colcon_core.shell:Creating environment hook '/home/racecar/racecar_ws/src/lab1c/install/open_space_msg/share/open_space_msg/hook/pythonpath.ps1'
[8.271s] INFO:colcon.colcon_core.shell:Creating environment descriptor '/home/racecar/racecar_ws/src/lab1c/install/open_space_msg/share/open_space_msg/hook/pythonpath.dsv'
[8.273s] INFO:colcon.colcon_core.shell:Creating environment hook '/home/racecar/racecar_ws/src/lab1c/install/open_space_msg/share/open_space_msg/hook/pythonpath.sh'
[8.277s] Level 1:colcon.colcon_core.environment:checking '/home/racecar/racecar_ws/src/lab1c/install/open_space_msg/bin'
[8.358s] INFO:colcon.colcon_core.shell:Creating package script '/home/racecar/racecar_ws/src/lab1c/install/open_space_msg/share/open_space_msg/package.ps1'
[8.370s] INFO:colcon.colcon_core.shell:Creating package descriptor '/home/racecar/racecar_ws/src/lab1c/install/open_space_msg/share/open_space_msg/package.dsv'
[8.373s] INFO:colcon.colcon_core.shell:Creating package script '/home/racecar/racecar_ws/src/lab1c/install/open_space_msg/share/open_space_msg/package.sh'
[8.376s] INFO:colcon.colcon_core.shell:Creating package script '/home/racecar/racecar_ws/src/lab1c/install/open_space_msg/share/open_space_msg/package.bash'
[8.378s] INFO:colcon.colcon_core.shell:Creating package script '/home/racecar/racecar_ws/src/lab1c/install/open_space_msg/share/open_space_msg/package.zsh'
[8.381s] Level 1:colcon.colcon_core.environment:create_file_with_runtime_dependencies(/home/racecar/racecar_ws/src/lab1c/install/open_space_msg/share/colcon-core/packages/open_space_msg)
[9.005s] Level 1:colcon.colcon_core.environment:create_environment_scripts_only(open_space_msg)
[9.096s] Level 1:colcon.colcon_core.environment:checking '/home/racecar/racecar_ws/src/lab1c/install/open_space_msg' for CMake module files
[9.107s] Level 1:colcon.colcon_core.environment:checking '/home/racecar/racecar_ws/src/lab1c/install/open_space_msg' for CMake config files
[9.134s] Level 1:colcon.colcon_core.shell:create_environment_hook('open_space_msg', 'cmake_prefix_path')
[9.215s] INFO:colcon.colcon_core.shell:Creating environment hook '/home/racecar/racecar_ws/src/lab1c/install/open_space_msg/share/open_space_msg/hook/cmake_prefix_path.ps1'
[9.218s] INFO:colcon.colcon_core.shell:Creating environment descriptor '/home/racecar/racecar_ws/src/lab1c/install/open_space_msg/share/open_space_msg/hook/cmake_prefix_path.dsv'
[9.223s] INFO:colcon.colcon_core.shell:Creating environment hook '/home/racecar/racecar_ws/src/lab1c/install/open_space_msg/share/open_space_msg/hook/cmake_prefix_path.sh'
[9.230s] Level 1:colcon.colcon_core.environment:checking '/home/racecar/racecar_ws/src/lab1c/install/open_space_msg/lib'
[9.233s] Level 1:colcon.colcon_core.shell:create_environment_hook('open_space_msg', 'ld_library_path_lib')
[9.321s] INFO:colcon.colcon_core.shell:Creating environment hook '/home/racecar/racecar_ws/src/lab1c/install/open_space_msg/share/open_space_msg/hook/ld_library_path_lib.ps1'
[9.326s] INFO:colcon.colcon_core.shell:Creating environment descriptor '/home/racecar/racecar_ws/src/lab1c/install/open_space_msg/share/open_space_msg/hook/ld_library_path_lib.dsv'
[9.331s] INFO:colcon.colcon_core.shell:Creating environment hook '/home/racecar/racecar_ws/src/lab1c/install/open_space_msg/share/open_space_msg/hook/ld_library_path_lib.sh'
[9.337s] Level 1:colcon.colcon_core.environment:checking '/home/racecar/racecar_ws/src/lab1c/install/open_space_msg/bin'
[9.339s] Level 1:colcon.colcon_core.environment:checking '/home/racecar/racecar_ws/src/lab1c/install/open_space_msg/lib/pkgconfig/open_space_msg.pc'
[9.341s] Level 1:colcon.colcon_core.environment:checking '/home/racecar/racecar_ws/src/lab1c/install/open_space_msg/lib/python3.8/site-packages'
[9.342s] Level 1:colcon.colcon_core.shell:create_environment_hook('open_space_msg', 'pythonpath')
[9.432s] INFO:colcon.colcon_core.shell:Creating environment hook '/home/racecar/racecar_ws/src/lab1c/install/open_space_msg/share/open_space_msg/hook/pythonpath.ps1'
[9.435s] INFO:colcon.colcon_core.shell:Creating environment descriptor '/home/racecar/racecar_ws/src/lab1c/install/open_space_msg/share/open_space_msg/hook/pythonpath.dsv'
[9.439s] INFO:colcon.colcon_core.shell:Creating environment hook '/home/racecar/racecar_ws/src/lab1c/install/open_space_msg/share/open_space_msg/hook/pythonpath.sh'
[9.443s] Level 1:colcon.colcon_core.environment:checking '/home/racecar/racecar_ws/src/lab1c/install/open_space_msg/bin'
[9.530s] INFO:colcon.colcon_core.shell:Creating package script '/home/racecar/racecar_ws/src/lab1c/install/open_space_msg/share/open_space_msg/package.ps1'
[9.536s] INFO:colcon.colcon_core.shell:Creating package descriptor '/home/racecar/racecar_ws/src/lab1c/install/open_space_msg/share/open_space_msg/package.dsv'
[9.540s] INFO:colcon.colcon_core.shell:Creating package script '/home/racecar/racecar_ws/src/lab1c/install/open_space_msg/share/open_space_msg/package.sh'
[9.545s] INFO:colcon.colcon_core.shell:Creating package script '/home/racecar/racecar_ws/src/lab1c/install/open_space_msg/share/open_space_msg/package.bash'
[9.550s] INFO:colcon.colcon_core.shell:Creating package script '/home/racecar/racecar_ws/src/lab1c/install/open_space_msg/share/open_space_msg/package.zsh'
[9.553s] Level 1:colcon.colcon_core.environment:create_file_with_runtime_dependencies(/home/racecar/racecar_ws/src/lab1c/install/open_space_msg/share/colcon-core/packages/open_space_msg)
[9.559s] DEBUG:colcon.colcon_parallel_executor.executor.parallel:closing loop
[9.561s] DEBUG:colcon.colcon_parallel_executor.executor.parallel:loop closed
[9.562s] DEBUG:colcon.colcon_parallel_executor.executor.parallel:run_until_complete finished with '0'
[9.563s] DEBUG:colcon.colcon_core.event_reactor:joining thread
[9.678s] INFO:colcon.colcon_core.plugin_system:Skipping extension 'colcon_notification.desktop_notification.notify_send': Could not find 'notify-send'
[9.679s] INFO:colcon.colcon_core.plugin_system:Skipping extension 'colcon_notification.desktop_notification.terminal_notifier': Not used on non-Darwin systems
[9.680s] INFO:colcon.colcon_core.plugin_system:Skipping extension 'colcon_notification.desktop_notification.win32': Not used on non-Windows systems
[9.680s] INFO:colcon.colcon_notification.desktop_notification:Sending desktop notification using 'notify2'
[9.681s] DEBUG:colcon.colcon_notification.desktop_notification.notify2:Failed to initialize notify2: org.freedesktop.DBus.Error.NotSupported: Unable to autolaunch a dbus-daemon without a $DISPLAY for X11
[9.682s] DEBUG:colcon.colcon_core.event_reactor:joined thread
[9.755s] INFO:colcon.colcon_core.shell:Creating prefix script '/home/racecar/racecar_ws/src/lab1c/install/local_setup.ps1'
[9.763s] INFO:colcon.colcon_core.shell:Creating prefix util module '/home/racecar/racecar_ws/src/lab1c/install/_local_setup_util_ps1.py'
[9.772s] INFO:colcon.colcon_core.shell:Creating prefix chain script '/home/racecar/racecar_ws/src/lab1c/install/setup.ps1'
[9.866s] INFO:colcon.colcon_core.shell:Creating prefix script '/home/racecar/racecar_ws/src/lab1c/install/local_setup.sh'
[9.871s] INFO:colcon.colcon_core.shell:Creating prefix util module '/home/racecar/racecar_ws/src/lab1c/install/_local_setup_util_sh.py'
[9.873s] INFO:colcon.colcon_core.shell:Creating prefix chain script '/home/racecar/racecar_ws/src/lab1c/install/setup.sh'
[9.957s] INFO:colcon.colcon_core.shell:Creating prefix script '/home/racecar/racecar_ws/src/lab1c/install/local_setup.bash'
[9.960s] INFO:colcon.colcon_core.shell:Creating prefix chain script '/home/racecar/racecar_ws/src/lab1c/install/setup.bash'
[10.036s] INFO:colcon.colcon_core.shell:Creating prefix script '/home/racecar/racecar_ws/src/lab1c/install/local_setup.zsh'
[10.040s] INFO:colcon.colcon_core.shell:Creating prefix chain script '/home/racecar/racecar_ws/src/lab1c/install/setup.zsh'
