[0.000000] (-) TimerEvent: {}
[0.000723] (ros_exercises) JobQueued: {'identifier': 'ros_exercises', 'dependencies': OrderedDict()}
[0.001230] (ros_exercises) JobStarted: {'identifier': 'ros_exercises'}
[0.099388] (-) TimerEvent: {}
[0.202442] (-) TimerEvent: {}
[0.308280] (-) TimerEvent: {}
[0.409511] (-) TimerEvent: {}
[0.511425] (-) TimerEvent: {}
[0.615121] (-) TimerEvent: {}
[0.716275] (-) TimerEvent: {}
[0.817439] (-) TimerEvent: {}
[0.919642] (-) TimerEvent: {}
[1.021386] (-) TimerEvent: {}
[1.123459] (-) TimerEvent: {}
[1.225517] (-) TimerEvent: {}
[1.296493] (ros_exercises) Command: {'cmd': ['/usr/bin/python3', 'setup.py', 'develop', '--uninstall', '--editable', '--build-directory', '/home/racecar/racecar_ws/src/ros_exercises/build/ros_exercises/build'], 'cwd': '/home/racecar/racecar_ws/src/ros_exercises/build/ros_exercises', 'env': {'VNCDESKTOP': '057a5573a02e:1 (racecar)', 'PYTHONIOENCODING': 'utf-8', 'HOSTNAME': '057a5573a02e', 'SHLVL': '2', 'LD_LIBRARY_PATH': '/opt/ros/foxy/opt/yaml_cpp_vendor/lib:/opt/ros/foxy/opt/rviz_ogre_vendor/lib:/opt/ros/foxy/lib/x86_64-linux-gnu:/opt/ros/foxy/lib', 'HOME': '/home/racecar', 'OLDPWD': '/home/racecar/racecar_ws/src/ros_exercises/ros_exercises', 'ROS_PYTHON_VERSION': '3', 'COLCON_PREFIX_PATH': '/home/racecar/racecar_ws/src/ros_exercises/install:/home/sim_ws/install:/home/racecar/racecar_ws/install', 'ROS_DISTRO': 'foxy', 'LOGNAME': 'racecar', 'WINDOWID': '10485773', '_': '/usr/bin/colcon', 'ROS_VERSION': '2', 'XTERM_SHELL': '/bin/bash', 'TERM': 'xterm', 'ROS_LOCALHOST_ONLY': '0', 'PATH': '/opt/ros/foxy/bin:/usr/local/sbin:/usr/local/bin:/usr/sbin:/usr/bin:/sbin:/bin', 'DISPLAY': ':1', 'LANG': 'en_US.UTF-8', 'AMENT_PREFIX_PATH': '/home/racecar/racecar_ws/src/ros_exercises/install/ros_exercises:/home/sim_ws/install/racecar_simulator:/home/racecar/racecar_ws/install/ros_exercises:/opt/ros/foxy', 'SHELL': '/bin/bash', 'SIM_WS': '/home/sim_ws', 'PWD': '/home/racecar/racecar_ws/src/ros_exercises/build/ros_exercises', 'XTERM_LOCALE': 'en_US.UTF-8', 'XTERM_VERSION': 'XTerm(353)', 'PYTHONPATH': '/home/racecar/racecar_ws/src/ros_exercises/build/ros_exercises/prefix_override:/home/racecar/racecar_ws/src/ros_exercises/install/ros_exercises/lib/python3.8/site-packages:/home/racecar/racecar_ws/src/ros_exercises/build/ros_exercises:/home/racecar/racecar_ws/src/ros_exercises/install/ros_exercises/lib/python3.8/site-packages:/home/racecar/racecar_ws/install/ros_exercises/lib/python3.8/site-packages:/opt/ros/foxy/lib/python3.8/site-packages', 'NO_VNC_VERSION': '1.4.0', 'COLCON': '1', 'CMAKE_PREFIX_PATH': '/home/sim_ws/install/racecar_simulator'}, 'shell': False}
[1.326334] (-) TimerEvent: {}
[1.427312] (-) TimerEvent: {}
[1.529367] (-) TimerEvent: {}
[1.567449] (ros_exercises) StdoutLine: {'line': b'running develop\n'}
[1.630280] (-) TimerEvent: {}
[1.731308] (-) TimerEvent: {}
[1.733195] (ros_exercises) StdoutLine: {'line': b'Removing /home/racecar/racecar_ws/src/ros_exercises/install/ros_exercises/lib/python3.8/site-packages/ros-exercises.egg-link (link to .)\n'}
[1.763120] (ros_exercises) CommandEnded: {'returncode': 0}
[1.769312] (ros_exercises) Command: {'cmd': ['/usr/bin/python3', 'setup.py', 'egg_info', '--egg-base', 'build/ros_exercises', 'build', '--build-base', '/home/racecar/racecar_ws/src/ros_exercises/build/ros_exercises/build', 'install', '--record', '/home/racecar/racecar_ws/src/ros_exercises/build/ros_exercises/install.log', '--install-scripts', '$base/lib/ros_exercises', '--single-version-externally-managed'], 'cwd': '/home/racecar/racecar_ws/src/ros_exercises', 'env': {'VNCDESKTOP': '057a5573a02e:1 (racecar)', 'PYTHONIOENCODING': 'utf-8', 'HOSTNAME': '057a5573a02e', 'SHLVL': '2', 'LD_LIBRARY_PATH': '/opt/ros/foxy/opt/yaml_cpp_vendor/lib:/opt/ros/foxy/opt/rviz_ogre_vendor/lib:/opt/ros/foxy/lib/x86_64-linux-gnu:/opt/ros/foxy/lib', 'HOME': '/home/racecar', 'OLDPWD': '/home/racecar/racecar_ws/src/ros_exercises/ros_exercises', 'ROS_PYTHON_VERSION': '3', 'COLCON_PREFIX_PATH': '/home/racecar/racecar_ws/src/ros_exercises/install:/home/sim_ws/install:/home/racecar/racecar_ws/install', 'ROS_DISTRO': 'foxy', 'LOGNAME': 'racecar', 'WINDOWID': '10485773', '_': '/usr/bin/colcon', 'ROS_VERSION': '2', 'XTERM_SHELL': '/bin/bash', 'TERM': 'xterm', 'ROS_LOCALHOST_ONLY': '0', 'PATH': '/opt/ros/foxy/bin:/usr/local/sbin:/usr/local/bin:/usr/sbin:/usr/bin:/sbin:/bin', 'DISPLAY': ':1', 'LANG': 'en_US.UTF-8', 'AMENT_PREFIX_PATH': '/home/racecar/racecar_ws/src/ros_exercises/install/ros_exercises:/home/sim_ws/install/racecar_simulator:/home/racecar/racecar_ws/install/ros_exercises:/opt/ros/foxy', 'SHELL': '/bin/bash', 'SIM_WS': '/home/sim_ws', 'PWD': '/home/racecar/racecar_ws/src/ros_exercises/build/ros_exercises', 'XTERM_LOCALE': 'en_US.UTF-8', 'XTERM_VERSION': 'XTerm(353)', 'PYTHONPATH': '/home/racecar/racecar_ws/src/ros_exercises/build/ros_exercises/prefix_override:/home/racecar/racecar_ws/src/ros_exercises/install/ros_exercises/lib/python3.8/site-packages:/home/racecar/racecar_ws/src/ros_exercises/build/ros_exercises:/home/racecar/racecar_ws/src/ros_exercises/install/ros_exercises/lib/python3.8/site-packages:/home/racecar/racecar_ws/install/ros_exercises/lib/python3.8/site-packages:/opt/ros/foxy/lib/python3.8/site-packages', 'NO_VNC_VERSION': '1.4.0', 'COLCON': '1', 'CMAKE_PREFIX_PATH': '/home/sim_ws/install/racecar_simulator'}, 'shell': False}
[1.832292] (-) TimerEvent: {}
[1.933280] (-) TimerEvent: {}
[2.014488] (ros_exercises) StdoutLine: {'line': b'running egg_info\n'}
[2.016190] (ros_exercises) StdoutLine: {'line': b'writing build/ros_exercises/ros_exercises.egg-info/PKG-INFO\n'}
[2.017502] (ros_exercises) StdoutLine: {'line': b'writing dependency_links to build/ros_exercises/ros_exercises.egg-info/dependency_links.txt\n'}
[2.018720] (ros_exercises) StdoutLine: {'line': b'writing entry points to build/ros_exercises/ros_exercises.egg-info/entry_points.txt\n'}
[2.019884] (ros_exercises) StdoutLine: {'line': b'writing requirements to build/ros_exercises/ros_exercises.egg-info/requires.txt\n'}
[2.020957] (ros_exercises) StdoutLine: {'line': b'writing top-level names to build/ros_exercises/ros_exercises.egg-info/top_level.txt\n'}
[2.034425] (-) TimerEvent: {}
[2.070729] (ros_exercises) StdoutLine: {'line': b"reading manifest file 'build/ros_exercises/ros_exercises.egg-info/SOURCES.txt'\n"}
[2.074309] (ros_exercises) StdoutLine: {'line': b"writing manifest file 'build/ros_exercises/ros_exercises.egg-info/SOURCES.txt'\n"}
[2.076139] (ros_exercises) StdoutLine: {'line': b'running build\n'}
[2.077161] (ros_exercises) StdoutLine: {'line': b'running build_py\n'}
[2.078338] (ros_exercises) StdoutLine: {'line': b'copying ros_exercises/simple_publisher.py -> /home/racecar/racecar_ws/src/ros_exercises/build/ros_exercises/build/lib/ros_exercises\n'}
[2.080150] (ros_exercises) StdoutLine: {'line': b'running install\n'}
[2.081289] (ros_exercises) StdoutLine: {'line': b'running install_lib\n'}
[2.083515] (ros_exercises) StdoutLine: {'line': b'creating /home/racecar/racecar_ws/src/ros_exercises/install/ros_exercises/lib/python3.8/site-packages/ros_exercises\n'}
[2.084691] (ros_exercises) StdoutLine: {'line': b'copying /home/racecar/racecar_ws/src/ros_exercises/build/ros_exercises/build/lib/ros_exercises/__init__.py -> /home/racecar/racecar_ws/src/ros_exercises/install/ros_exercises/lib/python3.8/site-packages/ros_exercises\n'}
[2.086681] (ros_exercises) StdoutLine: {'line': b'copying /home/racecar/racecar_ws/src/ros_exercises/build/ros_exercises/build/lib/ros_exercises/simple_publisher.py -> /home/racecar/racecar_ws/src/ros_exercises/install/ros_exercises/lib/python3.8/site-packages/ros_exercises\n'}
[2.090610] (ros_exercises) StdoutLine: {'line': b'byte-compiling /home/racecar/racecar_ws/src/ros_exercises/install/ros_exercises/lib/python3.8/site-packages/ros_exercises/__init__.py to __init__.cpython-38.pyc\n'}
[2.094229] (ros_exercises) StdoutLine: {'line': b'byte-compiling /home/racecar/racecar_ws/src/ros_exercises/install/ros_exercises/lib/python3.8/site-packages/ros_exercises/simple_publisher.py to simple_publisher.cpython-38.pyc\n'}
[2.098727] (ros_exercises) StdoutLine: {'line': b'running install_data\n'}
[2.102630] (ros_exercises) StdoutLine: {'line': b'copying package.xml -> /home/racecar/racecar_ws/src/ros_exercises/install/ros_exercises/share/ros_exercises\n'}
[2.105020] (ros_exercises) StdoutLine: {'line': b'running install_egg_info\n'}
[2.107717] (ros_exercises) StdoutLine: {'line': b'Copying build/ros_exercises/ros_exercises.egg-info to /home/racecar/racecar_ws/src/ros_exercises/install/ros_exercises/lib/python3.8/site-packages/ros_exercises-0.0.0-py3.8.egg-info\n'}
[2.129794] (ros_exercises) StdoutLine: {'line': b'running install_scripts\n'}
[2.135454] (-) TimerEvent: {}
[2.150903] (ros_exercises) StdoutLine: {'line': b'Installing simple_publisher script to /home/racecar/racecar_ws/src/ros_exercises/install/ros_exercises/lib/ros_exercises\n'}
[2.154587] (ros_exercises) StdoutLine: {'line': b"writing list of installed files to '/home/racecar/racecar_ws/src/ros_exercises/build/ros_exercises/install.log'\n"}
[2.187055] (ros_exercises) CommandEnded: {'returncode': 0}
[2.244970] (-) TimerEvent: {}
[2.387045] (-) TimerEvent: {}
[2.434035] (ros_exercises) JobEnded: {'identifier': 'ros_exercises', 'rc': 0}
[2.437733] (-) EventReactorShutdown: {}
