[1.723s] Invoking command in '/home/racecar/racecar_ws/src/lab1c/ros_exercises': PYTHONPATH=/home/racecar/racecar_ws/src/lab1c/ros_exercises/build/ros_exercises/prefix_override:/home/racecar/racecar_ws/src/lab1c/ros_exercises/install/ros_exercises/lib/python3.8/site-packages:${PYTHONPATH} /usr/bin/python3 setup.py egg_info --egg-base build/ros_exercises build --build-base /home/racecar/racecar_ws/src/lab1c/ros_exercises/build/ros_exercises/build install --record /home/racecar/racecar_ws/src/lab1c/ros_exercises/build/ros_exercises/install.log --install-scripts $base/lib/ros_exercises --single-version-externally-managed
[2.005s] running egg_info
[2.006s] writing build/ros_exercises/ros_exercises.egg-info/PKG-INFO
[2.007s] writing dependency_links to build/ros_exercises/ros_exercises.egg-info/dependency_links.txt
[2.009s] writing entry points to build/ros_exercises/ros_exercises.egg-info/entry_points.txt
[2.010s] writing requirements to build/ros_exercises/ros_exercises.egg-info/requires.txt
[2.011s] writing top-level names to build/ros_exercises/ros_exercises.egg-info/top_level.txt
[2.069s] reading manifest file 'build/ros_exercises/ros_exercises.egg-info/SOURCES.txt'
[2.072s] writing manifest file 'build/ros_exercises/ros_exercises.egg-info/SOURCES.txt'
[2.073s] running build
[2.074s] running build_py
[2.077s] running install
[2.078s] running install_lib
[2.086s] running install_data
[2.088s] running install_egg_info
[2.091s] removing '/home/racecar/racecar_ws/src/lab1c/ros_exercises/install/ros_exercises/lib/python3.8/site-packages/ros_exercises-0.0.0-py3.8.egg-info' (and everything under it)
[2.096s] Copying build/ros_exercises/ros_exercises.egg-info to /home/racecar/racecar_ws/src/lab1c/ros_exercises/install/ros_exercises/lib/python3.8/site-packages/ros_exercises-0.0.0-py3.8.egg-info
[2.120s] running install_scripts
[2.145s] Installing base_link_tf_publisher script to /home/racecar/racecar_ws/src/lab1c/ros_exercises/install/ros_exercises/lib/ros_exercises
[2.147s] Installing dynamic_tf_cam_publisher script to /home/racecar/racecar_ws/src/lab1c/ros_exercises/install/ros_exercises/lib/ros_exercises
[2.149s] Installing fake_scan_publisher script to /home/racecar/racecar_ws/src/lab1c/ros_exercises/install/ros_exercises/lib/ros_exercises
[2.152s] Installing open_space_publisher script to /home/racecar/racecar_ws/src/lab1c/ros_exercises/install/ros_exercises/lib/ros_exercises
[2.153s] Installing simple_publisher script to /home/racecar/racecar_ws/src/lab1c/ros_exercises/install/ros_exercises/lib/ros_exercises
[2.159s] Installing simple_subscriber script to /home/racecar/racecar_ws/src/lab1c/ros_exercises/install/ros_exercises/lib/ros_exercises
[2.161s] Installing static_tf_cam_publisher script to /home/racecar/racecar_ws/src/lab1c/ros_exercises/install/ros_exercises/lib/ros_exercises
[2.165s] writing list of installed files to '/home/racecar/racecar_ws/src/lab1c/ros_exercises/build/ros_exercises/install.log'
[2.201s] Invoked command in '/home/racecar/racecar_ws/src/lab1c/ros_exercises' returned '0': PYTHONPATH=/home/racecar/racecar_ws/src/lab1c/ros_exercises/build/ros_exercises/prefix_override:/home/racecar/racecar_ws/src/lab1c/ros_exercises/install/ros_exercises/lib/python3.8/site-packages:${PYTHONPATH} /usr/bin/python3 setup.py egg_info --egg-base build/ros_exercises build --build-base /home/racecar/racecar_ws/src/lab1c/ros_exercises/build/ros_exercises/build install --record /home/racecar/racecar_ws/src/lab1c/ros_exercises/build/ros_exercises/install.log --install-scripts $base/lib/ros_exercises --single-version-externally-managed
