[1.758s] Invoking command in '/home/racecar/racecar_ws/src/lab1c/ros_exercises': PYTHONPATH=/home/racecar/racecar_ws/src/lab1c/build/ros_exercises/prefix_override:/home/racecar/racecar_ws/src/lab1c/install/ros_exercises/lib/python3.8/site-packages:${PYTHONPATH} /usr/bin/python3 setup.py egg_info --egg-base ../build/ros_exercises build --build-base /home/racecar/racecar_ws/src/lab1c/build/ros_exercises/build install --record /home/racecar/racecar_ws/src/lab1c/build/ros_exercises/install.log --install-scripts $base/lib/ros_exercises --single-version-externally-managed
[2.058s] running egg_info
[2.060s] writing ../build/ros_exercises/ros_exercises.egg-info/PKG-INFO
[2.061s] writing dependency_links to ../build/ros_exercises/ros_exercises.egg-info/dependency_links.txt
[2.063s] writing entry points to ../build/ros_exercises/ros_exercises.egg-info/entry_points.txt
[2.065s] writing requirements to ../build/ros_exercises/ros_exercises.egg-info/requires.txt
[2.067s] writing top-level names to ../build/ros_exercises/ros_exercises.egg-info/top_level.txt
[2.130s] reading manifest file '../build/ros_exercises/ros_exercises.egg-info/SOURCES.txt'
[2.136s] writing manifest file '../build/ros_exercises/ros_exercises.egg-info/SOURCES.txt'
[2.139s] running build
[2.141s] running build_py
[2.151s] running install
[2.156s] running install_lib
[2.179s] running install_data
[2.184s] running install_egg_info
[2.196s] removing '/home/racecar/racecar_ws/src/lab1c/install/ros_exercises/lib/python3.8/site-packages/ros_exercises-0.0.0-py3.8.egg-info' (and everything under it)
[2.203s] Copying ../build/ros_exercises/ros_exercises.egg-info to /home/racecar/racecar_ws/src/lab1c/install/ros_exercises/lib/python3.8/site-packages/ros_exercises-0.0.0-py3.8.egg-info
[2.207s] running install_scripts
[2.214s] Installing fake_scan_publisher script to /home/racecar/racecar_ws/src/lab1c/install/ros_exercises/lib/ros_exercises
[2.218s] Installing open_space_publisher script to /home/racecar/racecar_ws/src/lab1c/install/ros_exercises/lib/ros_exercises
[2.223s] Installing simple_publisher script to /home/racecar/racecar_ws/src/lab1c/install/ros_exercises/lib/ros_exercises
[2.226s] Installing simple_subscriber script to /home/racecar/racecar_ws/src/lab1c/install/ros_exercises/lib/ros_exercises
[2.228s] writing list of installed files to '/home/racecar/racecar_ws/src/lab1c/build/ros_exercises/install.log'
[2.467s] Invoked command in '/home/racecar/racecar_ws/src/lab1c/ros_exercises' returned '0': PYTHONPATH=/home/racecar/racecar_ws/src/lab1c/build/ros_exercises/prefix_override:/home/racecar/racecar_ws/src/lab1c/install/ros_exercises/lib/python3.8/site-packages:${PYTHONPATH} /usr/bin/python3 setup.py egg_info --egg-base ../build/ros_exercises build --build-base /home/racecar/racecar_ws/src/lab1c/build/ros_exercises/build install --record /home/racecar/racecar_ws/src/lab1c/build/ros_exercises/install.log --install-scripts $base/lib/ros_exercises --single-version-externally-managed
