[1.446s] Invoking command in '/home/racecar/racecar_ws/src/ros_exercises': PYTHONPATH=/home/racecar/racecar_ws/src/ros_exercises/build/ros_exercises/prefix_override:/home/racecar/racecar_ws/src/ros_exercises/install/ros_exercises/lib/python3.8/site-packages:${PYTHONPATH} /usr/bin/python3 setup.py egg_info --egg-base build/ros_exercises build --build-base /home/racecar/racecar_ws/src/ros_exercises/build/ros_exercises/build install --record /home/racecar/racecar_ws/src/ros_exercises/build/ros_exercises/install.log --install-scripts $base/lib/ros_exercises --single-version-externally-managed
[1.688s] running egg_info
[1.690s] writing build/ros_exercises/ros_exercises.egg-info/PKG-INFO
[1.691s] writing dependency_links to build/ros_exercises/ros_exercises.egg-info/dependency_links.txt
[1.692s] writing entry points to build/ros_exercises/ros_exercises.egg-info/entry_points.txt
[1.693s] writing requirements to build/ros_exercises/ros_exercises.egg-info/requires.txt
[1.694s] writing top-level names to build/ros_exercises/ros_exercises.egg-info/top_level.txt
[1.749s] reading manifest file 'build/ros_exercises/ros_exercises.egg-info/SOURCES.txt'
[1.751s] writing manifest file 'build/ros_exercises/ros_exercises.egg-info/SOURCES.txt'
[1.753s] running build
[1.754s] running build_py
[1.755s] copying ros_exercises/fake_scan_publisher.py -> /home/racecar/racecar_ws/src/ros_exercises/build/ros_exercises/build/lib/ros_exercises
[1.757s] running install
[1.758s] running install_lib
[1.761s] copying /home/racecar/racecar_ws/src/ros_exercises/build/ros_exercises/build/lib/ros_exercises/fake_scan_publisher.py -> /home/racecar/racecar_ws/src/ros_exercises/install/ros_exercises/lib/python3.8/site-packages/ros_exercises
[1.767s] byte-compiling /home/racecar/racecar_ws/src/ros_exercises/install/ros_exercises/lib/python3.8/site-packages/ros_exercises/fake_scan_publisher.py to fake_scan_publisher.cpython-38.pyc
[1.773s] running install_data
[1.775s] running install_egg_info
[1.779s] removing '/home/racecar/racecar_ws/src/ros_exercises/install/ros_exercises/lib/python3.8/site-packages/ros_exercises-0.0.0-py3.8.egg-info' (and everything under it)
[1.783s] Copying build/ros_exercises/ros_exercises.egg-info to /home/racecar/racecar_ws/src/ros_exercises/install/ros_exercises/lib/python3.8/site-packages/ros_exercises-0.0.0-py3.8.egg-info
[1.809s] running install_scripts
[1.830s] Installing fake_scan_publisher script to /home/racecar/racecar_ws/src/ros_exercises/install/ros_exercises/lib/ros_exercises
[1.831s] Installing simple_publisher script to /home/racecar/racecar_ws/src/ros_exercises/install/ros_exercises/lib/ros_exercises
[1.833s] Installing simple_subscriber script to /home/racecar/racecar_ws/src/ros_exercises/install/ros_exercises/lib/ros_exercises
[1.836s] writing list of installed files to '/home/racecar/racecar_ws/src/ros_exercises/build/ros_exercises/install.log'
[1.857s] Invoked command in '/home/racecar/racecar_ws/src/ros_exercises' returned '0': PYTHONPATH=/home/racecar/racecar_ws/src/ros_exercises/build/ros_exercises/prefix_override:/home/racecar/racecar_ws/src/ros_exercises/install/ros_exercises/lib/python3.8/site-packages:${PYTHONPATH} /usr/bin/python3 setup.py egg_info --egg-base build/ros_exercises build --build-base /home/racecar/racecar_ws/src/ros_exercises/build/ros_exercises/build install --record /home/racecar/racecar_ws/src/ros_exercises/build/ros_exercises/install.log --install-scripts $base/lib/ros_exercises --single-version-externally-managed
