[0.635s] Invoking command in '/home/racecar/racecar_ws/src/lab1c/build/open_space_msg': CMAKE_PREFIX_PATH=${CMAKE_PREFIX_PATH}:/home/racecar/racecar_ws/src/install/ros_exercises:/home/racecar/racecar_ws/install/ros_exercises:/opt/ros/foxy /usr/bin/cmake /home/racecar/racecar_ws/src/lab1c/open_space_msg -DCMAKE_INSTALL_PREFIX=/home/racecar/racecar_ws/src/lab1c/install/open_space_msg
[0.767s] -- The C compiler identification is GNU 9.4.0
[0.919s] -- The CXX compiler identification is GNU 9.4.0
[0.932s] -- Check for working C compiler: /usr/bin/cc
[1.193s] -- Check for working C compiler: /usr/bin/cc -- works
[1.196s] -- Detecting C compiler ABI info
[1.448s] -- Detecting C compiler ABI info - done
[1.477s] -- Detecting C compile features
[1.478s] -- Detecting C compile features - done
[1.487s] -- Check for working CXX compiler: /usr/bin/c++
[1.747s] -- Check for working CXX compiler: /usr/bin/c++ -- works
[1.750s] -- Detecting CXX compiler ABI info
[2.004s] -- Detecting CXX compiler ABI info - done
[2.033s] -- Detecting CXX compile features
[2.037s] -- Detecting CXX compile features - done
[2.067s] -- Found ament_cmake: 0.9.12 (/opt/ros/foxy/share/ament_cmake/cmake)
[2.141s] -- Found PythonInterp: /usr/bin/python3 (found suitable version "3.8.10", minimum required is "3") 
[2.143s] -- Using PYTHON_EXECUTABLE: /usr/bin/python3
[2.713s] -- Found rosidl_default_generators: 1.0.1 (/opt/ros/foxy/share/rosidl_default_generators/cmake)
[2.741s] -- Using all available rosidl_typesupport_c: rosidl_typesupport_fastrtps_c;rosidl_typesupport_introspection_c
[2.807s] -- Found rosidl_adapter: 1.3.1 (/opt/ros/foxy/share/rosidl_adapter/cmake)
[3.165s] -- Found OpenSSL: /usr/lib/x86_64-linux-gnu/libcrypto.so (found version "1.1.1f")  
[3.241s] -- Found FastRTPS: /opt/ros/foxy/include  
[3.548s] -- Using all available rosidl_typesupport_cpp: rosidl_typesupport_fastrtps_cpp;rosidl_typesupport_introspection_cpp
[3.706s] -- Found PythonInterp: /usr/bin/python3 (found version "3.8.10") 
[3.933s] -- Found ament_cmake_ros: 0.9.2 (/opt/ros/foxy/share/ament_cmake_ros/cmake)
[4.319s] -- Using all available rosidl_typesupport_c: rosidl_typesupport_fastrtps_c;rosidl_typesupport_introspection_c
[4.400s] -- Using all available rosidl_typesupport_cpp: rosidl_typesupport_fastrtps_cpp;rosidl_typesupport_introspection_cpp
[4.432s] -- Found PythonInterp: /usr/bin/python3 (found suitable version "3.8.10", minimum required is "3.5") 
[4.451s] -- Found python_cmake_module: 0.8.1 (/opt/ros/foxy/share/python_cmake_module/cmake)
[4.495s] -- Found PythonLibs: /usr/lib/x86_64-linux-gnu/libpython3.8.so (found suitable version "3.8.10", minimum required is "3.5") 
[4.496s] -- Using PYTHON_EXECUTABLE: /usr/bin/python3
[4.498s] -- Using PYTHON_INCLUDE_DIRS: /usr/include/python3.8
[4.499s] -- Using PYTHON_LIBRARIES: /usr/lib/x86_64-linux-gnu/libpython3.8.so
[4.526s] -- Found PythonExtra: .so  
[4.662s] -- Found ament_lint_auto: 0.9.8 (/opt/ros/foxy/share/ament_lint_auto/cmake)
[4.924s] -- Added test 'copyright' to check source files copyright and LICENSE
[4.989s] -- Added test 'lint_cmake' to check CMake code style
[5.039s] -- Added test 'xmllint' to check XML markup files
[5.119s] -- Configuring done
[5.706s] -- Generating done
[5.775s] -- Build files have been written to: /home/racecar/racecar_ws/src/lab1c/build/open_space_msg
[5.783s] Invoked command in '/home/racecar/racecar_ws/src/lab1c/build/open_space_msg' returned '0': CMAKE_PREFIX_PATH=${CMAKE_PREFIX_PATH}:/home/racecar/racecar_ws/src/install/ros_exercises:/home/racecar/racecar_ws/install/ros_exercises:/opt/ros/foxy /usr/bin/cmake /home/racecar/racecar_ws/src/lab1c/open_space_msg -DCMAKE_INSTALL_PREFIX=/home/racecar/racecar_ws/src/lab1c/install/open_space_msg
[5.788s] Invoking command in '/home/racecar/racecar_ws/src/lab1c/build/open_space_msg': CMAKE_PREFIX_PATH=${CMAKE_PREFIX_PATH}:/home/racecar/racecar_ws/src/install/ros_exercises:/home/racecar/racecar_ws/install/ros_exercises:/opt/ros/foxy /usr/bin/cmake --build /home/racecar/racecar_ws/src/lab1c/build/open_space_msg -- -j8 -l8
[5.913s] [35m[1mScanning dependencies of target open_space_msg__cpp[0m
[5.916s] [  3%] [34m[1mGenerating C code for ROS interfaces[0m
[5.958s] [  6%] [34m[1mGenerating C++ code for ROS interfaces[0m
[6.375s] [35m[1mScanning dependencies of target open_space_msg__rosidl_generator_c[0m
[6.397s] [  6%] Built target open_space_msg__cpp
[6.468s] [  9%] [34m[1mGenerating C++ type support dispatch for ROS interfaces[0m
[6.484s] [ 16%] [34m[1mGenerating C++ introspection for ROS interfaces[0m
[6.487s] [ 16%] [34m[1mGenerating C++ type support for eProsima Fast-RTPS[0m
[6.489s] [ 19%] [32mBuilding C object CMakeFiles/open_space_msg__rosidl_generator_c.dir/rosidl_generator_c/open_space_msg/msg/detail/open_space__functions.c.o[0m
[6.608s] [ 22%] [32m[1mLinking C shared library libopen_space_msg__rosidl_generator_c.so[0m
[6.719s] [ 22%] Built target open_space_msg__rosidl_generator_c
[6.780s] [ 29%] [34m[1mGenerating C introspection for ROS interfaces[0m
[6.781s] [ 29%] [34m[1mGenerating C type support dispatch for ROS interfaces[0m
[6.871s] [35m[1mScanning dependencies of target open_space_msg__rosidl_typesupport_cpp[0m
[6.953s] [35m[1mScanning dependencies of target open_space_msg__rosidl_typesupport_introspection_cpp[0m
[6.993s] [35m[1mScanning dependencies of target open_space_msg__rosidl_typesupport_fastrtps_cpp[0m
[6.995s] [ 32%] [32mBuilding CXX object CMakeFiles/open_space_msg__rosidl_typesupport_cpp.dir/rosidl_typesupport_cpp/open_space_msg/msg/open_space__type_support.cpp.o[0m
[7.071s] [ 35%] [32mBuilding CXX object CMakeFiles/open_space_msg__rosidl_typesupport_introspection_cpp.dir/rosidl_typesupport_introspection_cpp/open_space_msg/msg/detail/open_space__type_support.cpp.o[0m
[7.179s] [ 38%] [32mBuilding CXX object CMakeFiles/open_space_msg__rosidl_typesupport_fastrtps_cpp.dir/rosidl_typesupport_fastrtps_cpp/open_space_msg/msg/detail/dds_fastrtps/open_space__type_support.cpp.o[0m
[7.218s] [35m[1mScanning dependencies of target open_space_msg__rosidl_typesupport_c[0m
[7.281s] [35m[1mScanning dependencies of target open_space_msg__rosidl_typesupport_introspection_c[0m
[7.322s] [ 41%] [32mBuilding CXX object CMakeFiles/open_space_msg__rosidl_typesupport_c.dir/rosidl_typesupport_c/open_space_msg/msg/open_space__type_support.cpp.o[0m
[7.399s] [ 45%] [32mBuilding C object CMakeFiles/open_space_msg__rosidl_typesupport_introspection_c.dir/rosidl_typesupport_introspection_c/open_space_msg/msg/detail/open_space__type_support.c.o[0m
[7.437s] [ 48%] [32m[1mLinking CXX shared library libopen_space_msg__rosidl_typesupport_c.so[0m
[7.519s] [ 51%] [32m[1mLinking C shared library libopen_space_msg__rosidl_typesupport_introspection_c.so[0m
[7.597s] [ 51%] Built target open_space_msg__rosidl_typesupport_c
[7.635s] [ 54%] [32m[1mLinking CXX shared library libopen_space_msg__rosidl_typesupport_cpp.so[0m
[7.661s] [ 54%] Built target open_space_msg__rosidl_typesupport_introspection_c
[7.690s] [ 58%] [32m[1mLinking CXX shared library libopen_space_msg__rosidl_typesupport_introspection_cpp.so[0m
[7.765s] [ 58%] Built target open_space_msg__rosidl_typesupport_cpp
[7.808s] [ 58%] Built target open_space_msg__rosidl_typesupport_introspection_cpp
[7.930s] [ 61%] [32m[1mLinking CXX shared library libopen_space_msg__rosidl_typesupport_fastrtps_cpp.so[0m
[8.071s] [ 61%] Built target open_space_msg__rosidl_typesupport_fastrtps_cpp
[8.107s] [ 64%] [34m[1mGenerating C type support for eProsima Fast-RTPS[0m
[8.454s] [35m[1mScanning dependencies of target open_space_msg__rosidl_typesupport_fastrtps_c[0m
[8.580s] [ 67%] [32mBuilding CXX object CMakeFiles/open_space_msg__rosidl_typesupport_fastrtps_c.dir/rosidl_typesupport_fastrtps_c/open_space_msg/msg/detail/open_space__type_support_c.cpp.o[0m
[9.076s] [ 70%] [32m[1mLinking CXX shared library libopen_space_msg__rosidl_typesupport_fastrtps_c.so[0m
[9.228s] [ 70%] Built target open_space_msg__rosidl_typesupport_fastrtps_c
[9.255s] [35m[1mScanning dependencies of target open_space_msg[0m
[9.287s] [ 70%] Built target open_space_msg
[9.311s] [35m[1mScanning dependencies of target open_space_msg__py[0m
[9.345s] [ 74%] [34m[1mGenerating Python code for ROS interfaces[0m
[9.875s] [ 74%] Built target open_space_msg__py
[9.904s] [35m[1mScanning dependencies of target open_space_msg__python[0m
[10.145s] [ 77%] [32mBuilding C object CMakeFiles/open_space_msg__python.dir/rosidl_generator_py/open_space_msg/msg/_open_space_s.c.o[0m
[10.317s] [ 80%] [32m[1mLinking C shared library rosidl_generator_py/open_space_msg/libopen_space_msg__python.so[0m
[10.400s] [ 80%] Built target open_space_msg__python
[10.453s] [35m[1mScanning dependencies of target open_space_msg__rosidl_typesupport_c__pyext[0m
[10.456s] [35m[1mScanning dependencies of target open_space_msg__rosidl_typesupport_introspection_c__pyext[0m
[10.458s] [35m[1mScanning dependencies of target open_space_msg__rosidl_typesupport_fastrtps_c__pyext[0m
[10.845s] [ 83%] [32mBuilding C object CMakeFiles/open_space_msg__rosidl_typesupport_c__pyext.dir/rosidl_generator_py/open_space_msg/_open_space_msg_s.ep.rosidl_typesupport_c.c.o[0m
[10.850s] [ 87%] [32mBuilding C object CMakeFiles/open_space_msg__rosidl_typesupport_introspection_c__pyext.dir/rosidl_generator_py/open_space_msg/_open_space_msg_s.ep.rosidl_typesupport_introspection_c.c.o[0m
[10.875s] [ 90%] [32mBuilding C object CMakeFiles/open_space_msg__rosidl_typesupport_fastrtps_c__pyext.dir/rosidl_generator_py/open_space_msg/_open_space_msg_s.ep.rosidl_typesupport_fastrtps_c.c.o[0m
[11.132s] [ 93%] [32m[1mLinking C shared library rosidl_generator_py/open_space_msg/open_space_msg_s__rosidl_typesupport_c.cpython-38-x86_64-linux-gnu.so[0m
[11.138s] [ 96%] [32m[1mLinking C shared library rosidl_generator_py/open_space_msg/open_space_msg_s__rosidl_typesupport_introspection_c.cpython-38-x86_64-linux-gnu.so[0m
[11.214s] [100%] [32m[1mLinking CXX shared library rosidl_generator_py/open_space_msg/open_space_msg_s__rosidl_typesupport_fastrtps_c.cpython-38-x86_64-linux-gnu.so[0m
[11.274s] [100%] Built target open_space_msg__rosidl_typesupport_c__pyext
[11.276s] [100%] Built target open_space_msg__rosidl_typesupport_introspection_c__pyext
[11.344s] [100%] Built target open_space_msg__rosidl_typesupport_fastrtps_c__pyext
[11.379s] Invoked command in '/home/racecar/racecar_ws/src/lab1c/build/open_space_msg' returned '0': CMAKE_PREFIX_PATH=${CMAKE_PREFIX_PATH}:/home/racecar/racecar_ws/src/install/ros_exercises:/home/racecar/racecar_ws/install/ros_exercises:/opt/ros/foxy /usr/bin/cmake --build /home/racecar/racecar_ws/src/lab1c/build/open_space_msg -- -j8 -l8
[11.566s] Invoking command in '/home/racecar/racecar_ws/src/lab1c/build/open_space_msg': CMAKE_PREFIX_PATH=${CMAKE_PREFIX_PATH}:/home/racecar/racecar_ws/src/install/ros_exercises:/home/racecar/racecar_ws/install/ros_exercises:/opt/ros/foxy /usr/bin/cmake --install /home/racecar/racecar_ws/src/lab1c/build/open_space_msg
[11.584s] -- Install configuration: ""
[11.588s] -- Installing: /home/racecar/racecar_ws/src/lab1c/install/open_space_msg/share/ament_index/resource_index/rosidl_interfaces/open_space_msg
[11.592s] -- Installing: /home/racecar/racecar_ws/src/lab1c/install/open_space_msg/include/open_space_msg
[11.596s] -- Installing: /home/racecar/racecar_ws/src/lab1c/install/open_space_msg/include/open_space_msg/msg
[11.599s] -- Installing: /home/racecar/racecar_ws/src/lab1c/install/open_space_msg/include/open_space_msg/msg/open_space.h
[11.603s] -- Installing: /home/racecar/racecar_ws/src/lab1c/install/open_space_msg/include/open_space_msg/msg/rosidl_generator_c__visibility_control.h
[11.607s] -- Installing: /home/racecar/racecar_ws/src/lab1c/install/open_space_msg/include/open_space_msg/msg/detail
[11.610s] -- Installing: /home/racecar/racecar_ws/src/lab1c/install/open_space_msg/include/open_space_msg/msg/detail/open_space__type_support.h
[11.614s] -- Installing: /home/racecar/racecar_ws/src/lab1c/install/open_space_msg/include/open_space_msg/msg/detail/open_space__functions.h
[11.620s] -- Installing: /home/racecar/racecar_ws/src/lab1c/install/open_space_msg/include/open_space_msg/msg/detail/open_space__struct.h
[11.625s] -- Installing: /home/racecar/racecar_ws/src/lab1c/install/open_space_msg/include/open_space_msg/msg/detail/open_space__functions.c
[11.632s] -- Installing: /home/racecar/racecar_ws/src/lab1c/install/open_space_msg/share/open_space_msg/environment/library_path.sh
[11.636s] -- Installing: /home/racecar/racecar_ws/src/lab1c/install/open_space_msg/share/open_space_msg/environment/library_path.dsv
[11.642s] -- Installing: /home/racecar/racecar_ws/src/lab1c/install/open_space_msg/lib/libopen_space_msg__rosidl_generator_c.so
[11.650s] -- Set runtime path of "/home/racecar/racecar_ws/src/lab1c/install/open_space_msg/lib/libopen_space_msg__rosidl_generator_c.so" to ""
[11.651s] -- Up-to-date: /home/racecar/racecar_ws/src/lab1c/install/open_space_msg/include/open_space_msg
[11.652s] -- Up-to-date: /home/racecar/racecar_ws/src/lab1c/install/open_space_msg/include/open_space_msg/msg
[11.653s] -- Up-to-date: /home/racecar/racecar_ws/src/lab1c/install/open_space_msg/include/open_space_msg/msg/detail
[11.655s] -- Installing: /home/racecar/racecar_ws/src/lab1c/install/open_space_msg/include/open_space_msg/msg/detail/open_space__rosidl_typesupport_fastrtps_c.h
[11.659s] -- Installing: /home/racecar/racecar_ws/src/lab1c/install/open_space_msg/include/open_space_msg/msg/rosidl_typesupport_fastrtps_c__visibility_control.h
[11.664s] -- Installing: /home/racecar/racecar_ws/src/lab1c/install/open_space_msg/lib/libopen_space_msg__rosidl_typesupport_fastrtps_c.so
[11.672s] -- Set runtime path of "/home/racecar/racecar_ws/src/lab1c/install/open_space_msg/lib/libopen_space_msg__rosidl_typesupport_fastrtps_c.so" to ""
[11.673s] -- Up-to-date: /home/racecar/racecar_ws/src/lab1c/install/open_space_msg/include/open_space_msg
[11.674s] -- Up-to-date: /home/racecar/racecar_ws/src/lab1c/install/open_space_msg/include/open_space_msg/msg
[11.675s] -- Installing: /home/racecar/racecar_ws/src/lab1c/install/open_space_msg/include/open_space_msg/msg/rosidl_typesupport_fastrtps_cpp__visibility_control.h
[11.680s] -- Up-to-date: /home/racecar/racecar_ws/src/lab1c/install/open_space_msg/include/open_space_msg/msg/detail
[11.681s] -- Installing: /home/racecar/racecar_ws/src/lab1c/install/open_space_msg/include/open_space_msg/msg/detail/open_space__rosidl_typesupport_fastrtps_cpp.hpp
[11.686s] -- Installing: /home/racecar/racecar_ws/src/lab1c/install/open_space_msg/include/open_space_msg/msg/detail/dds_fastrtps
[11.690s] -- Installing: /home/racecar/racecar_ws/src/lab1c/install/open_space_msg/lib/libopen_space_msg__rosidl_typesupport_fastrtps_cpp.so
[11.697s] -- Set runtime path of "/home/racecar/racecar_ws/src/lab1c/install/open_space_msg/lib/libopen_space_msg__rosidl_typesupport_fastrtps_cpp.so" to ""
[11.698s] -- Up-to-date: /home/racecar/racecar_ws/src/lab1c/install/open_space_msg/include/open_space_msg
[11.699s] -- Up-to-date: /home/racecar/racecar_ws/src/lab1c/install/open_space_msg/include/open_space_msg/msg
[11.701s] -- Up-to-date: /home/racecar/racecar_ws/src/lab1c/install/open_space_msg/include/open_space_msg/msg/detail
[11.702s] -- Installing: /home/racecar/racecar_ws/src/lab1c/install/open_space_msg/include/open_space_msg/msg/detail/open_space__rosidl_typesupport_introspection_c.h
[11.706s] -- Installing: /home/racecar/racecar_ws/src/lab1c/install/open_space_msg/include/open_space_msg/msg/detail/open_space__type_support.c
[11.711s] -- Installing: /home/racecar/racecar_ws/src/lab1c/install/open_space_msg/include/open_space_msg/msg/rosidl_typesupport_introspection_c__visibility_control.h
[11.716s] -- Installing: /home/racecar/racecar_ws/src/lab1c/install/open_space_msg/lib/libopen_space_msg__rosidl_typesupport_introspection_c.so
[11.723s] -- Set runtime path of "/home/racecar/racecar_ws/src/lab1c/install/open_space_msg/lib/libopen_space_msg__rosidl_typesupport_introspection_c.so" to ""
[11.725s] -- Installing: /home/racecar/racecar_ws/src/lab1c/install/open_space_msg/lib/libopen_space_msg__rosidl_typesupport_c.so
[11.734s] -- Set runtime path of "/home/racecar/racecar_ws/src/lab1c/install/open_space_msg/lib/libopen_space_msg__rosidl_typesupport_c.so" to ""
[11.736s] -- Up-to-date: /home/racecar/racecar_ws/src/lab1c/install/open_space_msg/include/open_space_msg
[11.738s] -- Up-to-date: /home/racecar/racecar_ws/src/lab1c/install/open_space_msg/include/open_space_msg/msg
[11.739s] -- Up-to-date: /home/racecar/racecar_ws/src/lab1c/install/open_space_msg/include/open_space_msg/msg/detail
[11.741s] -- Installing: /home/racecar/racecar_ws/src/lab1c/install/open_space_msg/include/open_space_msg/msg/detail/open_space__traits.hpp
[11.746s] -- Installing: /home/racecar/racecar_ws/src/lab1c/install/open_space_msg/include/open_space_msg/msg/detail/open_space__struct.hpp
[11.753s] -- Installing: /home/racecar/racecar_ws/src/lab1c/install/open_space_msg/include/open_space_msg/msg/detail/open_space__builder.hpp
[11.761s] -- Installing: /home/racecar/racecar_ws/src/lab1c/install/open_space_msg/include/open_space_msg/msg/detail/open_space__type_support.hpp
[11.765s] -- Installing: /home/racecar/racecar_ws/src/lab1c/install/open_space_msg/include/open_space_msg/msg/rosidl_generator_cpp__visibility_control.hpp
[11.770s] -- Installing: /home/racecar/racecar_ws/src/lab1c/install/open_space_msg/include/open_space_msg/msg/open_space.hpp
[11.775s] -- Up-to-date: /home/racecar/racecar_ws/src/lab1c/install/open_space_msg/include/open_space_msg
[11.776s] -- Up-to-date: /home/racecar/racecar_ws/src/lab1c/install/open_space_msg/include/open_space_msg/msg
[11.778s] -- Up-to-date: /home/racecar/racecar_ws/src/lab1c/install/open_space_msg/include/open_space_msg/msg/detail
[11.780s] -- Installing: /home/racecar/racecar_ws/src/lab1c/install/open_space_msg/include/open_space_msg/msg/detail/open_space__type_support.cpp
[11.785s] -- Installing: /home/racecar/racecar_ws/src/lab1c/install/open_space_msg/include/open_space_msg/msg/detail/open_space__rosidl_typesupport_introspection_cpp.hpp
[11.792s] -- Installing: /home/racecar/racecar_ws/src/lab1c/install/open_space_msg/lib/libopen_space_msg__rosidl_typesupport_introspection_cpp.so
[11.799s] -- Set runtime path of "/home/racecar/racecar_ws/src/lab1c/install/open_space_msg/lib/libopen_space_msg__rosidl_typesupport_introspection_cpp.so" to ""
[11.800s] -- Installing: /home/racecar/racecar_ws/src/lab1c/install/open_space_msg/lib/libopen_space_msg__rosidl_typesupport_cpp.so
[11.810s] -- Set runtime path of "/home/racecar/racecar_ws/src/lab1c/install/open_space_msg/lib/libopen_space_msg__rosidl_typesupport_cpp.so" to ""
[11.812s] -- Installing: /home/racecar/racecar_ws/src/lab1c/install/open_space_msg/share/open_space_msg/environment/pythonpath.sh
[11.817s] -- Installing: /home/racecar/racecar_ws/src/lab1c/install/open_space_msg/share/open_space_msg/environment/pythonpath.dsv
[11.825s] -- Installing: /home/racecar/racecar_ws/src/lab1c/install/open_space_msg/lib/python3.8/site-packages/open_space_msg/__init__.py
[11.876s] Compiling '/home/racecar/racecar_ws/src/lab1c/install/open_space_msg/lib/python3.8/site-packages/open_space_msg/__init__.py'...
[11.882s] -- Installing: /home/racecar/racecar_ws/src/lab1c/install/open_space_msg/lib/python3.8/site-packages/open_space_msg/msg
[11.886s] -- Installing: /home/racecar/racecar_ws/src/lab1c/install/open_space_msg/lib/python3.8/site-packages/open_space_msg/msg/_open_space.py
[11.891s] -- Installing: /home/racecar/racecar_ws/src/lab1c/install/open_space_msg/lib/python3.8/site-packages/open_space_msg/msg/__init__.py
[11.896s] -- Installing: /home/racecar/racecar_ws/src/lab1c/install/open_space_msg/lib/python3.8/site-packages/open_space_msg/msg/_open_space_s.c
[11.901s] -- Installing: /home/racecar/racecar_ws/src/lab1c/install/open_space_msg/lib/python3.8/site-packages/open_space_msg/open_space_msg_s__rosidl_typesupport_fastrtps_c.cpython-38-x86_64-linux-gnu.so
[11.909s] -- Set runtime path of "/home/racecar/racecar_ws/src/lab1c/install/open_space_msg/lib/python3.8/site-packages/open_space_msg/open_space_msg_s__rosidl_typesupport_fastrtps_c.cpython-38-x86_64-linux-gnu.so" to ""
[11.910s] -- Installing: /home/racecar/racecar_ws/src/lab1c/install/open_space_msg/lib/python3.8/site-packages/open_space_msg/open_space_msg_s__rosidl_typesupport_introspection_c.cpython-38-x86_64-linux-gnu.so
[11.917s] -- Set runtime path of "/home/racecar/racecar_ws/src/lab1c/install/open_space_msg/lib/python3.8/site-packages/open_space_msg/open_space_msg_s__rosidl_typesupport_introspection_c.cpython-38-x86_64-linux-gnu.so" to ""
[11.919s] -- Installing: /home/racecar/racecar_ws/src/lab1c/install/open_space_msg/lib/python3.8/site-packages/open_space_msg/open_space_msg_s__rosidl_typesupport_c.cpython-38-x86_64-linux-gnu.so
[11.926s] -- Set runtime path of "/home/racecar/racecar_ws/src/lab1c/install/open_space_msg/lib/python3.8/site-packages/open_space_msg/open_space_msg_s__rosidl_typesupport_c.cpython-38-x86_64-linux-gnu.so" to ""
[11.927s] -- Installing: /home/racecar/racecar_ws/src/lab1c/install/open_space_msg/lib/libopen_space_msg__python.so
[11.934s] -- Set runtime path of "/home/racecar/racecar_ws/src/lab1c/install/open_space_msg/lib/libopen_space_msg__python.so" to ""
[11.937s] -- Installing: /home/racecar/racecar_ws/src/lab1c/install/open_space_msg/share/open_space_msg/msg/OpenSpace.idl
[11.942s] -- Installing: /home/racecar/racecar_ws/src/lab1c/install/open_space_msg/share/open_space_msg/msg/OpenSpace.msg
[11.949s] -- Installing: /home/racecar/racecar_ws/src/lab1c/install/open_space_msg/share/ament_index/resource_index/package_run_dependencies/open_space_msg
[11.955s] -- Installing: /home/racecar/racecar_ws/src/lab1c/install/open_space_msg/share/ament_index/resource_index/parent_prefix_path/open_space_msg
[11.960s] -- Installing: /home/racecar/racecar_ws/src/lab1c/install/open_space_msg/share/open_space_msg/environment/ament_prefix_path.sh
[11.964s] -- Installing: /home/racecar/racecar_ws/src/lab1c/install/open_space_msg/share/open_space_msg/environment/ament_prefix_path.dsv
[11.969s] -- Installing: /home/racecar/racecar_ws/src/lab1c/install/open_space_msg/share/open_space_msg/environment/path.sh
[11.973s] -- Installing: /home/racecar/racecar_ws/src/lab1c/install/open_space_msg/share/open_space_msg/environment/path.dsv
[11.979s] -- Installing: /home/racecar/racecar_ws/src/lab1c/install/open_space_msg/share/open_space_msg/local_setup.bash
[11.983s] -- Installing: /home/racecar/racecar_ws/src/lab1c/install/open_space_msg/share/open_space_msg/local_setup.sh
[11.988s] -- Installing: /home/racecar/racecar_ws/src/lab1c/install/open_space_msg/share/open_space_msg/local_setup.zsh
[11.993s] -- Installing: /home/racecar/racecar_ws/src/lab1c/install/open_space_msg/share/open_space_msg/local_setup.dsv
[11.999s] -- Installing: /home/racecar/racecar_ws/src/lab1c/install/open_space_msg/share/open_space_msg/package.dsv
[12.008s] -- Installing: /home/racecar/racecar_ws/src/lab1c/install/open_space_msg/share/ament_index/resource_index/packages/open_space_msg
[12.018s] -- Installing: /home/racecar/racecar_ws/src/lab1c/install/open_space_msg/share/open_space_msg/cmake/open_space_msg__rosidl_generator_cExport.cmake
[12.024s] -- Installing: /home/racecar/racecar_ws/src/lab1c/install/open_space_msg/share/open_space_msg/cmake/open_space_msg__rosidl_generator_cExport-noconfig.cmake
[12.029s] -- Installing: /home/racecar/racecar_ws/src/lab1c/install/open_space_msg/share/open_space_msg/cmake/open_space_msg__rosidl_typesupport_introspection_cExport.cmake
[12.034s] -- Installing: /home/racecar/racecar_ws/src/lab1c/install/open_space_msg/share/open_space_msg/cmake/open_space_msg__rosidl_typesupport_introspection_cExport-noconfig.cmake
[12.040s] -- Installing: /home/racecar/racecar_ws/src/lab1c/install/open_space_msg/share/open_space_msg/cmake/open_space_msg__rosidl_typesupport_cExport.cmake
[12.046s] -- Installing: /home/racecar/racecar_ws/src/lab1c/install/open_space_msg/share/open_space_msg/cmake/open_space_msg__rosidl_typesupport_cExport-noconfig.cmake
[12.051s] -- Installing: /home/racecar/racecar_ws/src/lab1c/install/open_space_msg/share/open_space_msg/cmake/open_space_msg__rosidl_generator_cppExport.cmake
[12.057s] -- Installing: /home/racecar/racecar_ws/src/lab1c/install/open_space_msg/share/open_space_msg/cmake/open_space_msg__rosidl_typesupport_introspection_cppExport.cmake
[12.062s] -- Installing: /home/racecar/racecar_ws/src/lab1c/install/open_space_msg/share/open_space_msg/cmake/open_space_msg__rosidl_typesupport_introspection_cppExport-noconfig.cmake
[12.068s] -- Installing: /home/racecar/racecar_ws/src/lab1c/install/open_space_msg/share/open_space_msg/cmake/open_space_msg__rosidl_typesupport_cppExport.cmake
[12.073s] -- Installing: /home/racecar/racecar_ws/src/lab1c/install/open_space_msg/share/open_space_msg/cmake/open_space_msg__rosidl_typesupport_cppExport-noconfig.cmake
[12.078s] -- Installing: /home/racecar/racecar_ws/src/lab1c/install/open_space_msg/share/open_space_msg/cmake/rosidl_cmake-extras.cmake
[12.083s] -- Installing: /home/racecar/racecar_ws/src/lab1c/install/open_space_msg/share/open_space_msg/cmake/ament_cmake_export_dependencies-extras.cmake
[12.090s] -- Installing: /home/racecar/racecar_ws/src/lab1c/install/open_space_msg/share/open_space_msg/cmake/ament_cmake_export_libraries-extras.cmake
[12.094s] -- Installing: /home/racecar/racecar_ws/src/lab1c/install/open_space_msg/share/open_space_msg/cmake/ament_cmake_export_targets-extras.cmake
[12.100s] -- Installing: /home/racecar/racecar_ws/src/lab1c/install/open_space_msg/share/open_space_msg/cmake/ament_cmake_export_include_directories-extras.cmake
[12.104s] -- Installing: /home/racecar/racecar_ws/src/lab1c/install/open_space_msg/share/open_space_msg/cmake/rosidl_cmake_export_typesupport_libraries-extras.cmake
[12.110s] -- Installing: /home/racecar/racecar_ws/src/lab1c/install/open_space_msg/share/open_space_msg/cmake/rosidl_cmake_export_typesupport_targets-extras.cmake
[12.116s] -- Installing: /home/racecar/racecar_ws/src/lab1c/install/open_space_msg/share/open_space_msg/cmake/open_space_msgConfig.cmake
[12.122s] -- Installing: /home/racecar/racecar_ws/src/lab1c/install/open_space_msg/share/open_space_msg/cmake/open_space_msgConfig-version.cmake
[12.127s] -- Installing: /home/racecar/racecar_ws/src/lab1c/install/open_space_msg/share/open_space_msg/package.xml
[12.135s] Invoked command in '/home/racecar/racecar_ws/src/lab1c/build/open_space_msg' returned '0': CMAKE_PREFIX_PATH=${CMAKE_PREFIX_PATH}:/home/racecar/racecar_ws/src/install/ros_exercises:/home/racecar/racecar_ws/install/ros_exercises:/opt/ros/foxy /usr/bin/cmake --install /home/racecar/racecar_ws/src/lab1c/build/open_space_msg
