[0.000000] (-) TimerEvent: {}
[0.000566] (ros_exercises) JobQueued: {'identifier': 'ros_exercises', 'dependencies': OrderedDict()}
[0.001000] (ros_exercises) JobStarted: {'identifier': 'ros_exercises'}
[0.099595] (-) TimerEvent: {}
[0.203609] (-) TimerEvent: {}
[0.306359] (-) TimerEvent: {}
[0.408229] (-) TimerEvent: {}
[0.510307] (-) TimerEvent: {}
[0.612104] (-) TimerEvent: {}
[0.717006] (-) TimerEvent: {}
[0.818069] (-) TimerEvent: {}
[0.920773] (-) TimerEvent: {}
[1.024188] (-) TimerEvent: {}
[1.126341] (-) TimerEvent: {}
[1.228597] (-) TimerEvent: {}
[1.330123] (-) TimerEvent: {}
[1.414182] (ros_exercises) Command: {'cmd': ['/usr/bin/python3', 'setup.py', 'egg_info', '--egg-base', 'build/ros_exercises', 'build', '--build-base', '/home/racecar/racecar_ws/src/ros_exercises/build/ros_exercises/build', 'install', '--record', '/home/racecar/racecar_ws/src/ros_exercises/build/ros_exercises/install.log', '--install-scripts', '$base/lib/ros_exercises', '--single-version-externally-managed'], 'cwd': '/home/racecar/racecar_ws/src/ros_exercises', 'env': {'VNCDESKTOP': '7454ae33d199:1 (racecar)', 'PYTHONIOENCODING': 'utf-8', 'HOSTNAME': '7454ae33d199', 'SHLVL': '2', 'LD_LIBRARY_PATH': '/opt/ros/foxy/opt/yaml_cpp_vendor/lib:/opt/ros/foxy/opt/rviz_ogre_vendor/lib:/opt/ros/foxy/lib/x86_64-linux-gnu:/opt/ros/foxy/lib', 'HOME': '/home/racecar', 'OLDPWD': '/home/racecar/racecar_ws/src/ros_exercises/ros_exercises', 'ROS_PYTHON_VERSION': '3', 'COLCON_PREFIX_PATH': '/home/racecar/racecar_ws/src/ros_exercises/install:/home/racecar/racecar_ws/src/install:/home/sim_ws/install:/home/racecar/racecar_ws/install', 'ROS_DISTRO': 'foxy', 'LOGNAME': 'racecar', 'WINDOWID': '6291469', '_': '/usr/bin/colcon', 'ROS_VERSION': '2', 'XTERM_SHELL': '/bin/bash', 'TERM': 'xterm', 'ROS_LOCALHOST_ONLY': '0', 'PATH': '/opt/ros/foxy/bin:/usr/local/sbin:/usr/local/bin:/usr/sbin:/usr/bin:/sbin:/bin', 'DISPLAY': ':1', 'LANG': 'en_US.UTF-8', 'AMENT_PREFIX_PATH': '/home/racecar/racecar_ws/src/ros_exercises/install/ros_exercises:/home/racecar/racecar_ws/src/install/ros_exercises:/home/sim_ws/install/racecar_simulator:/home/racecar/racecar_ws/install/ros_exercises:/opt/ros/foxy', 'SHELL': '/bin/bash', 'SIM_WS': '/home/sim_ws', 'PWD': '/home/racecar/racecar_ws/src/ros_exercises/build/ros_exercises', 'XTERM_LOCALE': 'en_US.UTF-8', 'XTERM_VERSION': 'XTerm(353)', 'PYTHONPATH': '/home/racecar/racecar_ws/src/ros_exercises/build/ros_exercises/prefix_override:/home/racecar/racecar_ws/src/ros_exercises/install/ros_exercises/lib/python3.8/site-packages:/home/racecar/racecar_ws/src/ros_exercises/install/ros_exercises/lib/python3.8/site-packages:/home/racecar/racecar_ws/src/install/ros_exercises/lib/python3.8/site-packages:/home/racecar/racecar_ws/install/ros_exercises/lib/python3.8/site-packages:/opt/ros/foxy/lib/python3.8/site-packages', 'NO_VNC_VERSION': '1.4.0', 'COLCON': '1', 'CMAKE_PREFIX_PATH': '/home/sim_ws/install/racecar_simulator'}, 'shell': False}
[1.431269] (-) TimerEvent: {}
[1.533174] (-) TimerEvent: {}
[1.634252] (-) TimerEvent: {}
[1.667086] (ros_exercises) StdoutLine: {'line': b'running egg_info\n'}
[1.668654] (ros_exercises) StdoutLine: {'line': b'writing build/ros_exercises/ros_exercises.egg-info/PKG-INFO\n'}
[1.669803] (ros_exercises) StdoutLine: {'line': b'writing dependency_links to build/ros_exercises/ros_exercises.egg-info/dependency_links.txt\n'}
[1.670803] (ros_exercises) StdoutLine: {'line': b'writing entry points to build/ros_exercises/ros_exercises.egg-info/entry_points.txt\n'}
[1.671905] (ros_exercises) StdoutLine: {'line': b'writing requirements to build/ros_exercises/ros_exercises.egg-info/requires.txt\n'}
[1.672984] (ros_exercises) StdoutLine: {'line': b'writing top-level names to build/ros_exercises/ros_exercises.egg-info/top_level.txt\n'}
[1.721340] (ros_exercises) StdoutLine: {'line': b"reading manifest file 'build/ros_exercises/ros_exercises.egg-info/SOURCES.txt'\n"}
[1.724305] (ros_exercises) StdoutLine: {'line': b"writing manifest file 'build/ros_exercises/ros_exercises.egg-info/SOURCES.txt'\n"}
[1.725341] (ros_exercises) StdoutLine: {'line': b'running build\n'}
[1.726638] (ros_exercises) StdoutLine: {'line': b'running build_py\n'}
[1.728362] (ros_exercises) StdoutLine: {'line': b'copying ros_exercises/fake_scan_publisher.py -> /home/racecar/racecar_ws/src/ros_exercises/build/ros_exercises/build/lib/ros_exercises\n'}
[1.730484] (ros_exercises) StdoutLine: {'line': b'running install\n'}
[1.731506] (ros_exercises) StdoutLine: {'line': b'running install_lib\n'}
[1.734189] (ros_exercises) StdoutLine: {'line': b'copying /home/racecar/racecar_ws/src/ros_exercises/build/ros_exercises/build/lib/ros_exercises/fake_scan_publisher.py -> /home/racecar/racecar_ws/src/ros_exercises/install/ros_exercises/lib/python3.8/site-packages/ros_exercises\n'}
[1.735820] (-) TimerEvent: {}
[1.740183] (ros_exercises) StdoutLine: {'line': b'byte-compiling /home/racecar/racecar_ws/src/ros_exercises/install/ros_exercises/lib/python3.8/site-packages/ros_exercises/fake_scan_publisher.py to fake_scan_publisher.cpython-38.pyc\n'}
[1.745832] (ros_exercises) StdoutLine: {'line': b'running install_data\n'}
[1.748811] (ros_exercises) StdoutLine: {'line': b'running install_egg_info\n'}
[1.751377] (ros_exercises) StdoutLine: {'line': b"removing '/home/racecar/racecar_ws/src/ros_exercises/install/ros_exercises/lib/python3.8/site-packages/ros_exercises-0.0.0-py3.8.egg-info' (and everything under it)\n"}
[1.755084] (ros_exercises) StdoutLine: {'line': b'Copying build/ros_exercises/ros_exercises.egg-info to /home/racecar/racecar_ws/src/ros_exercises/install/ros_exercises/lib/python3.8/site-packages/ros_exercises-0.0.0-py3.8.egg-info\n'}
[1.780910] (ros_exercises) StdoutLine: {'line': b'running install_scripts\n'}
[1.802879] (ros_exercises) StdoutLine: {'line': b'Installing fake_scan_publisher script to /home/racecar/racecar_ws/src/ros_exercises/install/ros_exercises/lib/ros_exercises\n'}
[1.804457] (ros_exercises) StdoutLine: {'line': b'Installing simple_publisher script to /home/racecar/racecar_ws/src/ros_exercises/install/ros_exercises/lib/ros_exercises\n'}
[1.806153] (ros_exercises) StdoutLine: {'line': b'Installing simple_subscriber script to /home/racecar/racecar_ws/src/ros_exercises/install/ros_exercises/lib/ros_exercises\n'}
[1.808812] (ros_exercises) StdoutLine: {'line': b"writing list of installed files to '/home/racecar/racecar_ws/src/ros_exercises/build/ros_exercises/install.log'\n"}
[1.832279] (ros_exercises) CommandEnded: {'returncode': 0}
[1.836225] (-) TimerEvent: {}
[1.938412] (-) TimerEvent: {}
[2.000060] (ros_exercises) JobEnded: {'identifier': 'ros_exercises', 'rc': 0}
[2.004527] (-) EventReactorShutdown: {}
