[0.000000] (-) TimerEvent: {}
[0.000588] (ros_exercises) JobQueued: {'identifier': 'ros_exercises', 'dependencies': OrderedDict()}
[0.003298] (ros_exercises) JobStarted: {'identifier': 'ros_exercises'}
[0.099971] (-) TimerEvent: {}
[0.201880] (-) TimerEvent: {}
[0.307514] (-) TimerEvent: {}
[0.408481] (-) TimerEvent: {}
[0.509715] (-) TimerEvent: {}
[0.610587] (-) TimerEvent: {}
[0.711862] (-) TimerEvent: {}
[0.813763] (-) TimerEvent: {}
[0.915680] (-) TimerEvent: {}
[1.017606] (-) TimerEvent: {}
[1.118683] (-) TimerEvent: {}
[1.219675] (-) TimerEvent: {}
[1.321555] (-) TimerEvent: {}
[1.422661] (-) TimerEvent: {}
[1.524587] (-) TimerEvent: {}
[1.625574] (-) TimerEvent: {}
[1.700543] (ros_exercises) Command: {'cmd': ['/usr/bin/python3', 'setup.py', 'egg_info', '--egg-base', 'build/ros_exercises', 'build', '--build-base', '/home/racecar/racecar_ws/src/lab1c/ros_exercises/build/ros_exercises/build', 'install', '--record', '/home/racecar/racecar_ws/src/lab1c/ros_exercises/build/ros_exercises/install.log', '--install-scripts', '$base/lib/ros_exercises', '--single-version-externally-managed'], 'cwd': '/home/racecar/racecar_ws/src/lab1c/ros_exercises', 'env': {'PYTHONIOENCODING': 'utf-8', 'HOSTNAME': '4a8c1757ee4a', 'SHLVL': '1', 'LD_LIBRARY_PATH': '/home/racecar/racecar_ws/src/lab1c/install/open_space_msg/lib:/home/racecar/racecar_ws/src/install/open_space_msg/lib:/opt/ros/foxy/opt/yaml_cpp_vendor/lib:/opt/ros/foxy/opt/rviz_ogre_vendor/lib:/opt/ros/foxy/lib/x86_64-linux-gnu:/opt/ros/foxy/lib', 'HOME': '/home/racecar', 'OLDPWD': '/home/racecar/racecar_ws/src/lab1c/ros_exercises/launch', 'ROS_PYTHON_VERSION': '3', 'COLCON_PREFIX_PATH': '/home/racecar/racecar_ws/src/lab1c/ros_exercises/install:/home/racecar/racecar_ws/src/lab1c/install:/home/racecar/racecar_ws/src/install:/home/sim_ws/install:/home/racecar/racecar_ws/install', 'ROS_DISTRO': 'foxy', '_': '/usr/bin/colcon', 'ROS_VERSION': '2', 'TERM': 'xterm', 'ROS_LOCALHOST_ONLY': '0', 'PATH': '/opt/ros/foxy/bin:/usr/local/sbin:/usr/local/bin:/usr/sbin:/usr/bin:/sbin:/bin', 'LANG': 'en_US.UTF-8', 'AMENT_PREFIX_PATH': '/home/racecar/racecar_ws/src/lab1c/install/ros_exercises:/home/racecar/racecar_ws/src/lab1c/install/open_space_msg:/home/racecar/racecar_ws/src/lab1c/ros_exercises/install/ros_exercises:/home/racecar/racecar_ws/src/install/ros_exercises:/home/racecar/racecar_ws/src/install/open_space_msg:/home/sim_ws/install/racecar_simulator:/home/racecar/racecar_ws/install/ros_exercises:/opt/ros/foxy', 'SIM_WS': '/home/sim_ws', 'PWD': '/home/racecar/racecar_ws/src/lab1c/ros_exercises/build/ros_exercises', 'PYTHONPATH': '/home/racecar/racecar_ws/src/lab1c/ros_exercises/build/ros_exercises/prefix_override:/home/racecar/racecar_ws/src/lab1c/ros_exercises/install/ros_exercises/lib/python3.8/site-packages:/home/racecar/racecar_ws/src/lab1c/install/ros_exercises/lib/python3.8/site-packages:/home/racecar/racecar_ws/src/lab1c/install/open_space_msg/lib/python3.8/site-packages:/home/racecar/racecar_ws/src/lab1c/ros_exercises/install/ros_exercises/lib/python3.8/site-packages:/home/racecar/racecar_ws/src/install/ros_exercises/lib/python3.8/site-packages:/home/racecar/racecar_ws/src/install/open_space_msg/lib/python3.8/site-packages:/home/racecar/racecar_ws/install/ros_exercises/lib/python3.8/site-packages:/opt/ros/foxy/lib/python3.8/site-packages', 'NO_VNC_VERSION': '1.4.0', 'COLCON': '1', 'CMAKE_PREFIX_PATH': '/home/racecar/racecar_ws/src/lab1c/install/open_space_msg:/home/racecar/racecar_ws/src/install/open_space_msg:/home/sim_ws/install/racecar_simulator'}, 'shell': False}
[1.726500] (-) TimerEvent: {}
[1.827689] (-) TimerEvent: {}
[1.929817] (-) TimerEvent: {}
[1.990268] (ros_exercises) StdoutLine: {'line': b'running egg_info\n'}
[1.991861] (ros_exercises) StdoutLine: {'line': b'writing build/ros_exercises/ros_exercises.egg-info/PKG-INFO\n'}
[1.993075] (ros_exercises) StdoutLine: {'line': b'writing dependency_links to build/ros_exercises/ros_exercises.egg-info/dependency_links.txt\n'}
[1.994081] (ros_exercises) StdoutLine: {'line': b'writing entry points to build/ros_exercises/ros_exercises.egg-info/entry_points.txt\n'}
[1.995308] (ros_exercises) StdoutLine: {'line': b'writing requirements to build/ros_exercises/ros_exercises.egg-info/requires.txt\n'}
[1.996571] (ros_exercises) StdoutLine: {'line': b'writing top-level names to build/ros_exercises/ros_exercises.egg-info/top_level.txt\n'}
[2.030484] (-) TimerEvent: {}
[2.049084] (ros_exercises) StdoutLine: {'line': b"reading manifest file 'build/ros_exercises/ros_exercises.egg-info/SOURCES.txt'\n"}
[2.053894] (ros_exercises) StdoutLine: {'line': b"writing manifest file 'build/ros_exercises/ros_exercises.egg-info/SOURCES.txt'\n"}
[2.055540] (ros_exercises) StdoutLine: {'line': b'running build\n'}
[2.056813] (ros_exercises) StdoutLine: {'line': b'running build_py\n'}
[2.059163] (ros_exercises) StdoutLine: {'line': b'running install\n'}
[2.060811] (ros_exercises) StdoutLine: {'line': b'running install_lib\n'}
[2.069849] (ros_exercises) StdoutLine: {'line': b'running install_data\n'}
[2.072025] (ros_exercises) StdoutLine: {'line': b'running install_egg_info\n'}
[2.074830] (ros_exercises) StdoutLine: {'line': b"removing '/home/racecar/racecar_ws/src/lab1c/ros_exercises/install/ros_exercises/lib/python3.8/site-packages/ros_exercises-0.0.0-py3.8.egg-info' (and everything under it)\n"}
[2.079625] (ros_exercises) StdoutLine: {'line': b'Copying build/ros_exercises/ros_exercises.egg-info to /home/racecar/racecar_ws/src/lab1c/ros_exercises/install/ros_exercises/lib/python3.8/site-packages/ros_exercises-0.0.0-py3.8.egg-info\n'}
[2.103957] (ros_exercises) StdoutLine: {'line': b'running install_scripts\n'}
[2.133899] (-) TimerEvent: {}
[2.136644] (ros_exercises) StdoutLine: {'line': b'Installing base_link_tf_pub script to /home/racecar/racecar_ws/src/lab1c/ros_exercises/install/ros_exercises/lib/ros_exercises\n'}
[2.139450] (ros_exercises) StdoutLine: {'line': b'Installing dynamic_tf_cam_publisher script to /home/racecar/racecar_ws/src/lab1c/ros_exercises/install/ros_exercises/lib/ros_exercises\n'}
[2.141804] (ros_exercises) StdoutLine: {'line': b'Installing fake_scan_publisher script to /home/racecar/racecar_ws/src/lab1c/ros_exercises/install/ros_exercises/lib/ros_exercises\n'}
[2.144140] (ros_exercises) StdoutLine: {'line': b'Installing open_space_publisher script to /home/racecar/racecar_ws/src/lab1c/ros_exercises/install/ros_exercises/lib/ros_exercises\n'}
[2.146704] (ros_exercises) StdoutLine: {'line': b'Installing simple_publisher script to /home/racecar/racecar_ws/src/lab1c/ros_exercises/install/ros_exercises/lib/ros_exercises\n'}
[2.150727] (ros_exercises) StdoutLine: {'line': b'Installing simple_subscriber script to /home/racecar/racecar_ws/src/lab1c/ros_exercises/install/ros_exercises/lib/ros_exercises\n'}
[2.153055] (ros_exercises) StdoutLine: {'line': b'Installing static_tf_cam_publisher script to /home/racecar/racecar_ws/src/lab1c/ros_exercises/install/ros_exercises/lib/ros_exercises\n'}
[2.157243] (ros_exercises) StdoutLine: {'line': b"writing list of installed files to '/home/racecar/racecar_ws/src/lab1c/ros_exercises/build/ros_exercises/install.log'\n"}
[2.187491] (ros_exercises) CommandEnded: {'returncode': 0}
[2.237800] (-) TimerEvent: {}
[2.339789] (-) TimerEvent: {}
[2.408131] (ros_exercises) JobEnded: {'identifier': 'ros_exercises', 'rc': 0}
[2.413241] (-) EventReactorShutdown: {}
