[1.184s] Invoking command in '/home/racecar/racecar_ws/src/ros_exercises': PYTHONPATH=/home/racecar/racecar_ws/src/ros_exercises/build/ros_exercises/prefix_override:/home/racecar/racecar_ws/src/ros_exercises/install/ros_exercises/lib/python3.8/site-packages:${PYTHONPATH} /usr/bin/python3 setup.py egg_info --egg-base build/ros_exercises build --build-base /home/racecar/racecar_ws/src/ros_exercises/build/ros_exercises/build install --record /home/racecar/racecar_ws/src/ros_exercises/build/ros_exercises/install.log --install-scripts $base/lib/ros_exercises --single-version-externally-managed
[1.438s] running egg_info
[1.440s] writing build/ros_exercises/ros_exercises.egg-info/PKG-INFO
[1.441s] writing dependency_links to build/ros_exercises/ros_exercises.egg-info/dependency_links.txt
[1.442s] writing entry points to build/ros_exercises/ros_exercises.egg-info/entry_points.txt
[1.443s] writing requirements to build/ros_exercises/ros_exercises.egg-info/requires.txt
[1.444s] writing top-level names to build/ros_exercises/ros_exercises.egg-info/top_level.txt
[1.494s] reading manifest file 'build/ros_exercises/ros_exercises.egg-info/SOURCES.txt'
[1.497s] writing manifest file 'build/ros_exercises/ros_exercises.egg-info/SOURCES.txt'
[1.498s] running build
[1.499s] running build_py
[1.500s] running install
[1.501s] running install_lib
[1.504s] running install_data
[1.506s] running install_egg_info
[1.508s] removing '/home/racecar/racecar_ws/src/ros_exercises/install/ros_exercises/lib/python3.8/site-packages/ros_exercises-0.0.0-py3.8.egg-info' (and everything under it)
[1.513s] Copying build/ros_exercises/ros_exercises.egg-info to /home/racecar/racecar_ws/src/ros_exercises/install/ros_exercises/lib/python3.8/site-packages/ros_exercises-0.0.0-py3.8.egg-info
[1.545s] running install_scripts
[1.568s] Installing simple_publisher script to /home/racecar/racecar_ws/src/ros_exercises/install/ros_exercises/lib/ros_exercises
[1.570s] Installing simple_subscriber script to /home/racecar/racecar_ws/src/ros_exercises/install/ros_exercises/lib/ros_exercises
[1.573s] writing list of installed files to '/home/racecar/racecar_ws/src/ros_exercises/build/ros_exercises/install.log'
[1.596s] Invoked command in '/home/racecar/racecar_ws/src/ros_exercises' returned '0': PYTHONPATH=/home/racecar/racecar_ws/src/ros_exercises/build/ros_exercises/prefix_override:/home/racecar/racecar_ws/src/ros_exercises/install/ros_exercises/lib/python3.8/site-packages:${PYTHONPATH} /usr/bin/python3 setup.py egg_info --egg-base build/ros_exercises build --build-base /home/racecar/racecar_ws/src/ros_exercises/build/ros_exercises/build install --record /home/racecar/racecar_ws/src/ros_exercises/build/ros_exercises/install.log --install-scripts $base/lib/ros_exercises --single-version-externally-managed
