[1.392s] Invoking command in '/home/racecar/racecar_ws/src/lab1c/ros_exercises': PYTHONPATH=/home/racecar/racecar_ws/src/lab1c/ros_exercises/build/ros_exercises/prefix_override:/home/racecar/racecar_ws/src/lab1c/ros_exercises/install/ros_exercises/lib/python3.8/site-packages:${PYTHONPATH} /usr/bin/python3 setup.py egg_info --egg-base build/ros_exercises build --build-base /home/racecar/racecar_ws/src/lab1c/ros_exercises/build/ros_exercises/build install --record /home/racecar/racecar_ws/src/lab1c/ros_exercises/build/ros_exercises/install.log --install-scripts $base/lib/ros_exercises --single-version-externally-managed
[1.642s] running egg_info
[1.644s] writing build/ros_exercises/ros_exercises.egg-info/PKG-INFO
[1.645s] writing dependency_links to build/ros_exercises/ros_exercises.egg-info/dependency_links.txt
[1.646s] writing entry points to build/ros_exercises/ros_exercises.egg-info/entry_points.txt
[1.648s] writing requirements to build/ros_exercises/ros_exercises.egg-info/requires.txt
[1.649s] writing top-level names to build/ros_exercises/ros_exercises.egg-info/top_level.txt
[1.701s] reading manifest file 'build/ros_exercises/ros_exercises.egg-info/SOURCES.txt'
[1.704s] writing manifest file 'build/ros_exercises/ros_exercises.egg-info/SOURCES.txt'
[1.705s] running build
[1.706s] running build_py
[1.707s] copying ros_exercises/open_space_publisher.py -> /home/racecar/racecar_ws/src/lab1c/ros_exercises/build/ros_exercises/build/lib/ros_exercises
[1.709s] copying ros_exercises/fake_scan_publisher.py -> /home/racecar/racecar_ws/src/lab1c/ros_exercises/build/ros_exercises/build/lib/ros_exercises
[1.712s] running install
[1.713s] running install_lib
[1.717s] copying /home/racecar/racecar_ws/src/lab1c/ros_exercises/build/ros_exercises/build/lib/ros_exercises/open_space_publisher.py -> /home/racecar/racecar_ws/src/lab1c/ros_exercises/install/ros_exercises/lib/python3.8/site-packages/ros_exercises
[1.720s] copying /home/racecar/racecar_ws/src/lab1c/ros_exercises/build/ros_exercises/build/lib/ros_exercises/fake_scan_publisher.py -> /home/racecar/racecar_ws/src/lab1c/ros_exercises/install/ros_exercises/lib/python3.8/site-packages/ros_exercises
[1.724s] byte-compiling /home/racecar/racecar_ws/src/lab1c/ros_exercises/install/ros_exercises/lib/python3.8/site-packages/ros_exercises/open_space_publisher.py to open_space_publisher.cpython-38.pyc
[1.730s] byte-compiling /home/racecar/racecar_ws/src/lab1c/ros_exercises/install/ros_exercises/lib/python3.8/site-packages/ros_exercises/fake_scan_publisher.py to fake_scan_publisher.cpython-38.pyc
[1.733s] running install_data
[1.735s] copying package.xml -> /home/racecar/racecar_ws/src/lab1c/ros_exercises/install/ros_exercises/share/ros_exercises
[1.737s] running install_egg_info
[1.740s] removing '/home/racecar/racecar_ws/src/lab1c/ros_exercises/install/ros_exercises/lib/python3.8/site-packages/ros_exercises-0.0.0-py3.8.egg-info' (and everything under it)
[1.744s] Copying build/ros_exercises/ros_exercises.egg-info to /home/racecar/racecar_ws/src/lab1c/ros_exercises/install/ros_exercises/lib/python3.8/site-packages/ros_exercises-0.0.0-py3.8.egg-info
[1.770s] running install_scripts
[1.809s] Installing fake_scan_publisher script to /home/racecar/racecar_ws/src/lab1c/ros_exercises/install/ros_exercises/lib/ros_exercises
[1.811s] Installing open_space_publisher script to /home/racecar/racecar_ws/src/lab1c/ros_exercises/install/ros_exercises/lib/ros_exercises
[1.813s] Installing simple_publisher script to /home/racecar/racecar_ws/src/lab1c/ros_exercises/install/ros_exercises/lib/ros_exercises
[1.815s] Installing simple_subscriber script to /home/racecar/racecar_ws/src/lab1c/ros_exercises/install/ros_exercises/lib/ros_exercises
[1.819s] writing list of installed files to '/home/racecar/racecar_ws/src/lab1c/ros_exercises/build/ros_exercises/install.log'
[1.855s] Invoked command in '/home/racecar/racecar_ws/src/lab1c/ros_exercises' returned '0': PYTHONPATH=/home/racecar/racecar_ws/src/lab1c/ros_exercises/build/ros_exercises/prefix_override:/home/racecar/racecar_ws/src/lab1c/ros_exercises/install/ros_exercises/lib/python3.8/site-packages:${PYTHONPATH} /usr/bin/python3 setup.py egg_info --egg-base build/ros_exercises build --build-base /home/racecar/racecar_ws/src/lab1c/ros_exercises/build/ros_exercises/build install --record /home/racecar/racecar_ws/src/lab1c/ros_exercises/build/ros_exercises/install.log --install-scripts $base/lib/ros_exercises --single-version-externally-managed
