[2.650s] DEBUG:colcon:Command line arguments: ['/usr/bin/colcon', 'build']
[2.651s] DEBUG:colcon:Parsed command line arguments: Namespace(ament_cmake_args=None, base_paths=['.'], build_base='build', catkin_cmake_args=None, catkin_skip_building_tests=False, cmake_args=None, cmake_clean_cache=False, cmake_clean_first=False, cmake_force_configure=False, cmake_target=None, cmake_target_skip_unavailable=False, continue_on_error=False, event_handlers=None, executor='parallel', ignore_user_meta=False, install_base='install', log_base=None, log_level=None, main=<bound method BuildVerb.main of <colcon_core.verb.build.BuildVerb object at 0x7fe7f4760f70>>, merge_install=False, metas=['./colcon.meta'], packages_above=None, packages_above_and_dependencies=None, packages_above_depth=None, packages_end=None, packages_ignore=None, packages_ignore_regex=None, packages_select=None, packages_select_build_failed=False, packages_select_by_dep=None, packages_select_regex=None, packages_select_test_failures=False, packages_skip=None, packages_skip_build_finished=False, packages_skip_by_dep=None, packages_skip_regex=None, packages_skip_test_passed=False, packages_skip_up_to=None, packages_start=None, packages_up_to=None, packages_up_to_regex=None, parallel_workers=8, paths=None, symlink_install=False, test_result_base=None, verb_extension=<colcon_core.verb.build.BuildVerb object at 0x7fe7f4760f70>, verb_name='build', verb_parser=<colcon_defaults.argument_parser.defaults.DefaultArgumentsDecorator object at 0x7fe7f43f9670>)
[2.769s] Level 1:colcon.colcon_core.package_discovery:discover_packages(colcon_meta) check parameters
[2.770s] Level 1:colcon.colcon_core.package_discovery:discover_packages(recursive) check parameters
[2.770s] Level 1:colcon.colcon_core.package_discovery:discover_packages(ignore) check parameters
[2.771s] Level 1:colcon.colcon_core.package_discovery:discover_packages(path) check parameters
[2.771s] Level 1:colcon.colcon_core.package_discovery:discover_packages(colcon_meta) discover
[2.771s] Level 1:colcon.colcon_core.package_discovery:discover_packages(recursive) discover
[2.772s] INFO:colcon.colcon_core.package_discovery:Crawling recursively for packages in '/home/racecar/racecar_ws/src/ros_exercises'
[2.773s] Level 1:colcon.colcon_core.package_identification:_identify(.) by extensions ['ignore', 'ignore_ament_install']
[2.773s] Level 1:colcon.colcon_core.package_identification:_identify(.) by extension 'ignore'
[2.773s] Level 1:colcon.colcon_core.package_identification:_identify(.) by extension 'ignore_ament_install'
[2.774s] Level 1:colcon.colcon_core.package_identification:_identify(.) by extensions ['colcon_pkg']
[2.774s] Level 1:colcon.colcon_core.package_identification:_identify(.) by extension 'colcon_pkg'
[2.775s] Level 1:colcon.colcon_core.package_identification:_identify(.) by extensions ['colcon_meta']
[2.775s] Level 1:colcon.colcon_core.package_identification:_identify(.) by extension 'colcon_meta'
[2.775s] Level 1:colcon.colcon_core.package_identification:_identify(.) by extensions ['ros']
[2.775s] Level 1:colcon.colcon_core.package_identification:_identify(.) by extension 'ros'
[2.792s] DEBUG:colcon.colcon_core.package_identification:Package '.' with type 'ros.ament_python' and name 'ros_exercises'
[2.792s] Level 1:colcon.colcon_core.package_discovery:discover_packages(recursive) using defaults
[2.793s] Level 1:colcon.colcon_core.package_discovery:discover_packages(ignore) discover
[2.793s] Level 1:colcon.colcon_core.package_discovery:discover_packages(ignore) using defaults
[2.793s] Level 1:colcon.colcon_core.package_discovery:discover_packages(path) discover
[2.793s] Level 1:colcon.colcon_core.package_discovery:discover_packages(path) using defaults
[2.986s] Level 5:colcon.colcon_core.verb:set package 'ros_exercises' build argument 'cmake_args' from command line to 'None'
[2.986s] Level 5:colcon.colcon_core.verb:set package 'ros_exercises' build argument 'cmake_target' from command line to 'None'
[2.987s] Level 5:colcon.colcon_core.verb:set package 'ros_exercises' build argument 'cmake_target_skip_unavailable' from command line to 'False'
[2.989s] Level 5:colcon.colcon_core.verb:set package 'ros_exercises' build argument 'cmake_clean_cache' from command line to 'False'
[2.990s] Level 5:colcon.colcon_core.verb:set package 'ros_exercises' build argument 'cmake_clean_first' from command line to 'False'
[2.990s] Level 5:colcon.colcon_core.verb:set package 'ros_exercises' build argument 'cmake_force_configure' from command line to 'False'
[2.990s] Level 5:colcon.colcon_core.verb:set package 'ros_exercises' build argument 'ament_cmake_args' from command line to 'None'
[2.992s] Level 5:colcon.colcon_core.verb:set package 'ros_exercises' build argument 'catkin_cmake_args' from command line to 'None'
[2.992s] Level 5:colcon.colcon_core.verb:set package 'ros_exercises' build argument 'catkin_skip_building_tests' from command line to 'False'
[2.992s] DEBUG:colcon.colcon_core.verb:Building package 'ros_exercises' with the following arguments: {'ament_cmake_args': None, 'build_base': '/home/racecar/racecar_ws/src/ros_exercises/build/ros_exercises', 'catkin_cmake_args': None, 'catkin_skip_building_tests': False, 'cmake_args': None, 'cmake_clean_cache': False, 'cmake_clean_first': False, 'cmake_force_configure': False, 'cmake_target': None, 'cmake_target_skip_unavailable': False, 'install_base': '/home/racecar/racecar_ws/src/ros_exercises/install/ros_exercises', 'merge_install': False, 'path': '/home/racecar/racecar_ws/src/ros_exercises', 'symlink_install': False, 'test_result_base': None}
[3.034s] INFO:colcon.colcon_core.executor:Executing jobs using 'parallel' executor
[3.081s] DEBUG:colcon.colcon_parallel_executor.executor.parallel:run_until_complete
[3.082s] INFO:colcon.colcon_ros.task.ament_python.build:Building ROS package in '/home/racecar/racecar_ws/src/ros_exercises' with build type 'ament_python'
[3.083s] Level 1:colcon.colcon_core.shell:create_environment_hook('ros_exercises', 'ament_prefix_path')
[3.139s] INFO:colcon.colcon_core.plugin_system:Skipping extension 'colcon_core.shell.bat': Not used on non-Windows systems
[3.140s] INFO:colcon.colcon_core.shell:Creating environment hook '/home/racecar/racecar_ws/src/ros_exercises/install/ros_exercises/share/ros_exercises/hook/ament_prefix_path.ps1'
[3.142s] INFO:colcon.colcon_core.shell:Creating environment descriptor '/home/racecar/racecar_ws/src/ros_exercises/install/ros_exercises/share/ros_exercises/hook/ament_prefix_path.dsv'
[3.144s] INFO:colcon.colcon_core.shell:Creating environment hook '/home/racecar/racecar_ws/src/ros_exercises/install/ros_exercises/share/ros_exercises/hook/ament_prefix_path.sh'
[3.192s] INFO:colcon.colcon_core.shell:Skip shell extension 'powershell' for command environment: Not usable outside of PowerShell
[3.193s] DEBUG:colcon.colcon_core.shell:Skip shell extension 'dsv' for command environment
[3.763s] INFO:colcon.colcon_core.task.python.build:Building Python package in '/home/racecar/racecar_ws/src/ros_exercises'
[3.805s] INFO:colcon.colcon_core.shell:Skip shell extension 'powershell' for command environment: Not usable outside of PowerShell
[3.806s] DEBUG:colcon.colcon_core.shell:Skip shell extension 'dsv' for command environment
[4.582s] DEBUG:colcon.colcon_core.event_handler.log_command:Invoking command in '/home/racecar/racecar_ws/src/ros_exercises': PYTHONPATH=/home/racecar/racecar_ws/src/ros_exercises/build/ros_exercises/prefix_override:/home/racecar/racecar_ws/src/ros_exercises/install/ros_exercises/lib/python3.8/site-packages:${PYTHONPATH} /usr/bin/python3 setup.py egg_info --egg-base build/ros_exercises build --build-base /home/racecar/racecar_ws/src/ros_exercises/build/ros_exercises/build install --record /home/racecar/racecar_ws/src/ros_exercises/build/ros_exercises/install.log --install-scripts $base/lib/ros_exercises --single-version-externally-managed
[5.012s] DEBUG:colcon.colcon_core.event_handler.log_command:Invoked command in '/home/racecar/racecar_ws/src/ros_exercises' returned '0': PYTHONPATH=/home/racecar/racecar_ws/src/ros_exercises/build/ros_exercises/prefix_override:/home/racecar/racecar_ws/src/ros_exercises/install/ros_exercises/lib/python3.8/site-packages:${PYTHONPATH} /usr/bin/python3 setup.py egg_info --egg-base build/ros_exercises build --build-base /home/racecar/racecar_ws/src/ros_exercises/build/ros_exercises/build install --record /home/racecar/racecar_ws/src/ros_exercises/build/ros_exercises/install.log --install-scripts $base/lib/ros_exercises --single-version-externally-managed
[5.058s] Level 1:colcon.colcon_core.environment:checking '/home/racecar/racecar_ws/src/ros_exercises/install/ros_exercises' for CMake module files
[5.061s] Level 1:colcon.colcon_core.environment:checking '/home/racecar/racecar_ws/src/ros_exercises/install/ros_exercises' for CMake config files
[5.072s] Level 1:colcon.colcon_core.environment:checking '/home/racecar/racecar_ws/src/ros_exercises/install/ros_exercises/lib'
[5.073s] Level 1:colcon.colcon_core.environment:checking '/home/racecar/racecar_ws/src/ros_exercises/install/ros_exercises/bin'
[5.074s] Level 1:colcon.colcon_core.environment:checking '/home/racecar/racecar_ws/src/ros_exercises/install/ros_exercises/lib/pkgconfig/ros_exercises.pc'
[5.074s] Level 1:colcon.colcon_core.environment:checking '/home/racecar/racecar_ws/src/ros_exercises/install/ros_exercises/lib/python3.8/site-packages'
[5.074s] Level 1:colcon.colcon_core.shell:create_environment_hook('ros_exercises', 'pythonpath')
[5.118s] INFO:colcon.colcon_core.shell:Creating environment hook '/home/racecar/racecar_ws/src/ros_exercises/install/ros_exercises/share/ros_exercises/hook/pythonpath.ps1'
[5.121s] INFO:colcon.colcon_core.shell:Creating environment descriptor '/home/racecar/racecar_ws/src/ros_exercises/install/ros_exercises/share/ros_exercises/hook/pythonpath.dsv'
[5.123s] INFO:colcon.colcon_core.shell:Creating environment hook '/home/racecar/racecar_ws/src/ros_exercises/install/ros_exercises/share/ros_exercises/hook/pythonpath.sh'
[5.125s] Level 1:colcon.colcon_core.environment:checking '/home/racecar/racecar_ws/src/ros_exercises/install/ros_exercises/bin'
[5.125s] Level 1:colcon.colcon_core.environment:create_environment_scripts_only(ros_exercises)
[5.174s] INFO:colcon.colcon_core.shell:Creating package script '/home/racecar/racecar_ws/src/ros_exercises/install/ros_exercises/share/ros_exercises/package.ps1'
[5.177s] INFO:colcon.colcon_core.shell:Creating package descriptor '/home/racecar/racecar_ws/src/ros_exercises/install/ros_exercises/share/ros_exercises/package.dsv'
[5.178s] INFO:colcon.colcon_core.shell:Creating package script '/home/racecar/racecar_ws/src/ros_exercises/install/ros_exercises/share/ros_exercises/package.sh'
[5.180s] INFO:colcon.colcon_core.shell:Creating package script '/home/racecar/racecar_ws/src/ros_exercises/install/ros_exercises/share/ros_exercises/package.bash'
[5.182s] INFO:colcon.colcon_core.shell:Creating package script '/home/racecar/racecar_ws/src/ros_exercises/install/ros_exercises/share/ros_exercises/package.zsh'
[5.184s] Level 1:colcon.colcon_core.environment:create_file_with_runtime_dependencies(/home/racecar/racecar_ws/src/ros_exercises/install/ros_exercises/share/colcon-core/packages/ros_exercises)
[5.186s] DEBUG:colcon.colcon_parallel_executor.executor.parallel:closing loop
[5.186s] DEBUG:colcon.colcon_parallel_executor.executor.parallel:loop closed
[5.187s] DEBUG:colcon.colcon_parallel_executor.executor.parallel:run_until_complete finished with '0'
[5.187s] DEBUG:colcon.colcon_core.event_reactor:joining thread
[5.251s] INFO:colcon.colcon_core.plugin_system:Skipping extension 'colcon_notification.desktop_notification.notify_send': Could not find 'notify-send'
[5.251s] INFO:colcon.colcon_core.plugin_system:Skipping extension 'colcon_notification.desktop_notification.terminal_notifier': Not used on non-Darwin systems
[5.252s] INFO:colcon.colcon_core.plugin_system:Skipping extension 'colcon_notification.desktop_notification.win32': Not used on non-Windows systems
[5.252s] INFO:colcon.colcon_notification.desktop_notification:Sending desktop notification using 'notify2'
[5.260s] DEBUG:colcon.colcon_notification.desktop_notification.notify2:Failed to initialize notify2: org.freedesktop.DBus.Error.ServiceUnknown: The name org.freedesktop.Notifications was not provided by any .service files
[5.261s] DEBUG:colcon.colcon_core.event_reactor:joined thread
[5.306s] INFO:colcon.colcon_core.shell:Creating prefix script '/home/racecar/racecar_ws/src/ros_exercises/install/local_setup.ps1'
[5.309s] INFO:colcon.colcon_core.shell:Creating prefix util module '/home/racecar/racecar_ws/src/ros_exercises/install/_local_setup_util_ps1.py'
[5.312s] INFO:colcon.colcon_core.shell:Creating prefix chain script '/home/racecar/racecar_ws/src/ros_exercises/install/setup.ps1'
[5.363s] INFO:colcon.colcon_core.shell:Creating prefix script '/home/racecar/racecar_ws/src/ros_exercises/install/local_setup.sh'
[5.365s] INFO:colcon.colcon_core.shell:Creating prefix util module '/home/racecar/racecar_ws/src/ros_exercises/install/_local_setup_util_sh.py'
[5.367s] INFO:colcon.colcon_core.shell:Creating prefix chain script '/home/racecar/racecar_ws/src/ros_exercises/install/setup.sh'
[5.417s] INFO:colcon.colcon_core.shell:Creating prefix script '/home/racecar/racecar_ws/src/ros_exercises/install/local_setup.bash'
[5.419s] INFO:colcon.colcon_core.shell:Creating prefix chain script '/home/racecar/racecar_ws/src/ros_exercises/install/setup.bash'
[5.472s] INFO:colcon.colcon_core.shell:Creating prefix script '/home/racecar/racecar_ws/src/ros_exercises/install/local_setup.zsh'
[5.473s] INFO:colcon.colcon_core.shell:Creating prefix chain script '/home/racecar/racecar_ws/src/ros_exercises/install/setup.zsh'
