[2.963s] DEBUG:colcon:Command line arguments: ['/usr/bin/colcon', 'build']
[2.964s] DEBUG:colcon:Parsed command line arguments: Namespace(ament_cmake_args=None, base_paths=['.'], build_base='build', catkin_cmake_args=None, catkin_skip_building_tests=False, cmake_args=None, cmake_clean_cache=False, cmake_clean_first=False, cmake_force_configure=False, cmake_target=None, cmake_target_skip_unavailable=False, continue_on_error=False, event_handlers=None, executor='parallel', ignore_user_meta=False, install_base='install', log_base=None, log_level=None, main=<bound method BuildVerb.main of <colcon_core.verb.build.BuildVerb object at 0x7f14cbff5f70>>, merge_install=False, metas=['./colcon.meta'], packages_above=None, packages_above_and_dependencies=None, packages_above_depth=None, packages_end=None, packages_ignore=None, packages_ignore_regex=None, packages_select=None, packages_select_build_failed=False, packages_select_by_dep=None, packages_select_regex=None, packages_select_test_failures=False, packages_skip=None, packages_skip_build_finished=False, packages_skip_by_dep=None, packages_skip_regex=None, packages_skip_test_passed=False, packages_skip_up_to=None, packages_start=None, packages_up_to=None, packages_up_to_regex=None, parallel_workers=8, paths=None, symlink_install=False, test_result_base=None, verb_extension=<colcon_core.verb.build.BuildVerb object at 0x7f14cbff5f70>, verb_name='build', verb_parser=<colcon_defaults.argument_parser.defaults.DefaultArgumentsDecorator object at 0x7f14cbce05b0>)
[3.074s] Level 1:colcon.colcon_core.package_discovery:discover_packages(colcon_meta) check parameters
[3.075s] Level 1:colcon.colcon_core.package_discovery:discover_packages(recursive) check parameters
[3.076s] Level 1:colcon.colcon_core.package_discovery:discover_packages(ignore) check parameters
[3.076s] Level 1:colcon.colcon_core.package_discovery:discover_packages(path) check parameters
[3.076s] Level 1:colcon.colcon_core.package_discovery:discover_packages(colcon_meta) discover
[3.077s] Level 1:colcon.colcon_core.package_discovery:discover_packages(recursive) discover
[3.077s] INFO:colcon.colcon_core.package_discovery:Crawling recursively for packages in '/home/racecar/racecar_ws/src/ros_exercises'
[3.078s] Level 1:colcon.colcon_core.package_identification:_identify(.) by extensions ['ignore', 'ignore_ament_install']
[3.078s] Level 1:colcon.colcon_core.package_identification:_identify(.) by extension 'ignore'
[3.079s] Level 1:colcon.colcon_core.package_identification:_identify(.) by extension 'ignore_ament_install'
[3.079s] Level 1:colcon.colcon_core.package_identification:_identify(.) by extensions ['colcon_pkg']
[3.080s] Level 1:colcon.colcon_core.package_identification:_identify(.) by extension 'colcon_pkg'
[3.080s] Level 1:colcon.colcon_core.package_identification:_identify(.) by extensions ['colcon_meta']
[3.080s] Level 1:colcon.colcon_core.package_identification:_identify(.) by extension 'colcon_meta'
[3.081s] Level 1:colcon.colcon_core.package_identification:_identify(.) by extensions ['ros']
[3.081s] Level 1:colcon.colcon_core.package_identification:_identify(.) by extension 'ros'
[3.098s] DEBUG:colcon.colcon_core.package_identification:Package '.' with type 'ros.ament_python' and name 'ros_exercises'
[3.099s] Level 1:colcon.colcon_core.package_discovery:discover_packages(recursive) using defaults
[3.099s] Level 1:colcon.colcon_core.package_discovery:discover_packages(ignore) discover
[3.099s] Level 1:colcon.colcon_core.package_discovery:discover_packages(ignore) using defaults
[3.100s] Level 1:colcon.colcon_core.package_discovery:discover_packages(path) discover
[3.100s] Level 1:colcon.colcon_core.package_discovery:discover_packages(path) using defaults
[3.283s] Level 5:colcon.colcon_core.verb:set package 'ros_exercises' build argument 'cmake_args' from command line to 'None'
[3.284s] Level 5:colcon.colcon_core.verb:set package 'ros_exercises' build argument 'cmake_target' from command line to 'None'
[3.284s] Level 5:colcon.colcon_core.verb:set package 'ros_exercises' build argument 'cmake_target_skip_unavailable' from command line to 'False'
[3.284s] Level 5:colcon.colcon_core.verb:set package 'ros_exercises' build argument 'cmake_clean_cache' from command line to 'False'
[3.285s] Level 5:colcon.colcon_core.verb:set package 'ros_exercises' build argument 'cmake_clean_first' from command line to 'False'
[3.285s] Level 5:colcon.colcon_core.verb:set package 'ros_exercises' build argument 'cmake_force_configure' from command line to 'False'
[3.285s] Level 5:colcon.colcon_core.verb:set package 'ros_exercises' build argument 'ament_cmake_args' from command line to 'None'
[3.286s] Level 5:colcon.colcon_core.verb:set package 'ros_exercises' build argument 'catkin_cmake_args' from command line to 'None'
[3.286s] Level 5:colcon.colcon_core.verb:set package 'ros_exercises' build argument 'catkin_skip_building_tests' from command line to 'False'
[3.286s] DEBUG:colcon.colcon_core.verb:Building package 'ros_exercises' with the following arguments: {'ament_cmake_args': None, 'build_base': '/home/racecar/racecar_ws/src/ros_exercises/build/ros_exercises', 'catkin_cmake_args': None, 'catkin_skip_building_tests': False, 'cmake_args': None, 'cmake_clean_cache': False, 'cmake_clean_first': False, 'cmake_force_configure': False, 'cmake_target': None, 'cmake_target_skip_unavailable': False, 'install_base': '/home/racecar/racecar_ws/src/ros_exercises/install/ros_exercises', 'merge_install': False, 'path': '/home/racecar/racecar_ws/src/ros_exercises', 'symlink_install': False, 'test_result_base': None}
[3.326s] INFO:colcon.colcon_core.executor:Executing jobs using 'parallel' executor
[3.367s] DEBUG:colcon.colcon_parallel_executor.executor.parallel:run_until_complete
[3.368s] INFO:colcon.colcon_ros.task.ament_python.build:Building ROS package in '/home/racecar/racecar_ws/src/ros_exercises' with build type 'ament_python'
[3.369s] Level 1:colcon.colcon_core.shell:create_environment_hook('ros_exercises', 'ament_prefix_path')
[3.417s] INFO:colcon.colcon_core.plugin_system:Skipping extension 'colcon_core.shell.bat': Not used on non-Windows systems
[3.418s] INFO:colcon.colcon_core.shell:Creating environment hook '/home/racecar/racecar_ws/src/ros_exercises/install/ros_exercises/share/ros_exercises/hook/ament_prefix_path.ps1'
[3.421s] INFO:colcon.colcon_core.shell:Creating environment descriptor '/home/racecar/racecar_ws/src/ros_exercises/install/ros_exercises/share/ros_exercises/hook/ament_prefix_path.dsv'
[3.423s] INFO:colcon.colcon_core.shell:Creating environment hook '/home/racecar/racecar_ws/src/ros_exercises/install/ros_exercises/share/ros_exercises/hook/ament_prefix_path.sh'
[3.468s] INFO:colcon.colcon_core.shell:Skip shell extension 'powershell' for command environment: Not usable outside of PowerShell
[3.468s] DEBUG:colcon.colcon_core.shell:Skip shell extension 'dsv' for command environment
[4.013s] INFO:colcon.colcon_core.task.python.build:Building Python package in '/home/racecar/racecar_ws/src/ros_exercises'
[4.059s] INFO:colcon.colcon_core.shell:Skip shell extension 'powershell' for command environment: Not usable outside of PowerShell
[4.060s] DEBUG:colcon.colcon_core.shell:Skip shell extension 'dsv' for command environment
[4.809s] DEBUG:colcon.colcon_core.event_handler.log_command:Invoking command in '/home/racecar/racecar_ws/src/ros_exercises': PYTHONPATH=/home/racecar/racecar_ws/src/ros_exercises/build/ros_exercises/prefix_override:/home/racecar/racecar_ws/src/ros_exercises/install/ros_exercises/lib/python3.8/site-packages:${PYTHONPATH} /usr/bin/python3 setup.py egg_info --egg-base build/ros_exercises build --build-base /home/racecar/racecar_ws/src/ros_exercises/build/ros_exercises/build install --record /home/racecar/racecar_ws/src/ros_exercises/build/ros_exercises/install.log --install-scripts $base/lib/ros_exercises --single-version-externally-managed
[5.221s] DEBUG:colcon.colcon_core.event_handler.log_command:Invoked command in '/home/racecar/racecar_ws/src/ros_exercises' returned '0': PYTHONPATH=/home/racecar/racecar_ws/src/ros_exercises/build/ros_exercises/prefix_override:/home/racecar/racecar_ws/src/ros_exercises/install/ros_exercises/lib/python3.8/site-packages:${PYTHONPATH} /usr/bin/python3 setup.py egg_info --egg-base build/ros_exercises build --build-base /home/racecar/racecar_ws/src/ros_exercises/build/ros_exercises/build install --record /home/racecar/racecar_ws/src/ros_exercises/build/ros_exercises/install.log --install-scripts $base/lib/ros_exercises --single-version-externally-managed
[5.266s] Level 1:colcon.colcon_core.environment:checking '/home/racecar/racecar_ws/src/ros_exercises/install/ros_exercises' for CMake module files
[5.271s] Level 1:colcon.colcon_core.environment:checking '/home/racecar/racecar_ws/src/ros_exercises/install/ros_exercises' for CMake config files
[5.280s] Level 1:colcon.colcon_core.environment:checking '/home/racecar/racecar_ws/src/ros_exercises/install/ros_exercises/lib'
[5.281s] Level 1:colcon.colcon_core.environment:checking '/home/racecar/racecar_ws/src/ros_exercises/install/ros_exercises/bin'
[5.281s] Level 1:colcon.colcon_core.environment:checking '/home/racecar/racecar_ws/src/ros_exercises/install/ros_exercises/lib/pkgconfig/ros_exercises.pc'
[5.282s] Level 1:colcon.colcon_core.environment:checking '/home/racecar/racecar_ws/src/ros_exercises/install/ros_exercises/lib/python3.8/site-packages'
[5.282s] Level 1:colcon.colcon_core.shell:create_environment_hook('ros_exercises', 'pythonpath')
[5.326s] INFO:colcon.colcon_core.shell:Creating environment hook '/home/racecar/racecar_ws/src/ros_exercises/install/ros_exercises/share/ros_exercises/hook/pythonpath.ps1'
[5.328s] INFO:colcon.colcon_core.shell:Creating environment descriptor '/home/racecar/racecar_ws/src/ros_exercises/install/ros_exercises/share/ros_exercises/hook/pythonpath.dsv'
[5.330s] INFO:colcon.colcon_core.shell:Creating environment hook '/home/racecar/racecar_ws/src/ros_exercises/install/ros_exercises/share/ros_exercises/hook/pythonpath.sh'
[5.332s] Level 1:colcon.colcon_core.environment:checking '/home/racecar/racecar_ws/src/ros_exercises/install/ros_exercises/bin'
[5.332s] Level 1:colcon.colcon_core.environment:create_environment_scripts_only(ros_exercises)
[5.376s] INFO:colcon.colcon_core.shell:Creating package script '/home/racecar/racecar_ws/src/ros_exercises/install/ros_exercises/share/ros_exercises/package.ps1'
[5.379s] INFO:colcon.colcon_core.shell:Creating package descriptor '/home/racecar/racecar_ws/src/ros_exercises/install/ros_exercises/share/ros_exercises/package.dsv'
[5.380s] INFO:colcon.colcon_core.shell:Creating package script '/home/racecar/racecar_ws/src/ros_exercises/install/ros_exercises/share/ros_exercises/package.sh'
[5.383s] INFO:colcon.colcon_core.shell:Creating package script '/home/racecar/racecar_ws/src/ros_exercises/install/ros_exercises/share/ros_exercises/package.bash'
[5.384s] INFO:colcon.colcon_core.shell:Creating package script '/home/racecar/racecar_ws/src/ros_exercises/install/ros_exercises/share/ros_exercises/package.zsh'
[5.386s] Level 1:colcon.colcon_core.environment:create_file_with_runtime_dependencies(/home/racecar/racecar_ws/src/ros_exercises/install/ros_exercises/share/colcon-core/packages/ros_exercises)
[5.388s] DEBUG:colcon.colcon_parallel_executor.executor.parallel:closing loop
[5.388s] DEBUG:colcon.colcon_parallel_executor.executor.parallel:loop closed
[5.388s] DEBUG:colcon.colcon_parallel_executor.executor.parallel:run_until_complete finished with '0'
[5.389s] DEBUG:colcon.colcon_core.event_reactor:joining thread
[5.462s] INFO:colcon.colcon_core.plugin_system:Skipping extension 'colcon_notification.desktop_notification.notify_send': Could not find 'notify-send'
[5.462s] INFO:colcon.colcon_core.plugin_system:Skipping extension 'colcon_notification.desktop_notification.terminal_notifier': Not used on non-Darwin systems
[5.463s] INFO:colcon.colcon_core.plugin_system:Skipping extension 'colcon_notification.desktop_notification.win32': Not used on non-Windows systems
[5.463s] INFO:colcon.colcon_notification.desktop_notification:Sending desktop notification using 'notify2'
[5.471s] DEBUG:colcon.colcon_notification.desktop_notification.notify2:Failed to initialize notify2: org.freedesktop.DBus.Error.ServiceUnknown: The name org.freedesktop.Notifications was not provided by any .service files
[5.472s] DEBUG:colcon.colcon_core.event_reactor:joined thread
[5.518s] INFO:colcon.colcon_core.shell:Creating prefix script '/home/racecar/racecar_ws/src/ros_exercises/install/local_setup.ps1'
[5.521s] INFO:colcon.colcon_core.shell:Creating prefix util module '/home/racecar/racecar_ws/src/ros_exercises/install/_local_setup_util_ps1.py'
[5.524s] INFO:colcon.colcon_core.shell:Creating prefix chain script '/home/racecar/racecar_ws/src/ros_exercises/install/setup.ps1'
[5.576s] INFO:colcon.colcon_core.shell:Creating prefix script '/home/racecar/racecar_ws/src/ros_exercises/install/local_setup.sh'
[5.578s] INFO:colcon.colcon_core.shell:Creating prefix util module '/home/racecar/racecar_ws/src/ros_exercises/install/_local_setup_util_sh.py'
[5.579s] INFO:colcon.colcon_core.shell:Creating prefix chain script '/home/racecar/racecar_ws/src/ros_exercises/install/setup.sh'
[5.628s] INFO:colcon.colcon_core.shell:Creating prefix script '/home/racecar/racecar_ws/src/ros_exercises/install/local_setup.bash'
[5.629s] INFO:colcon.colcon_core.shell:Creating prefix chain script '/home/racecar/racecar_ws/src/ros_exercises/install/setup.bash'
[5.678s] INFO:colcon.colcon_core.shell:Creating prefix script '/home/racecar/racecar_ws/src/ros_exercises/install/local_setup.zsh'
[5.680s] INFO:colcon.colcon_core.shell:Creating prefix chain script '/home/racecar/racecar_ws/src/ros_exercises/install/setup.zsh'
