[1.744s] Invoking command in '/home/racecar/racecar_ws/src/lab1c/ros_exercises': PYTHONPATH=/home/racecar/racecar_ws/src/lab1c/ros_exercises/build/ros_exercises/prefix_override:/home/racecar/racecar_ws/src/lab1c/ros_exercises/install/ros_exercises/lib/python3.8/site-packages:${PYTHONPATH} /usr/bin/python3 setup.py egg_info --egg-base build/ros_exercises build --build-base /home/racecar/racecar_ws/src/lab1c/ros_exercises/build/ros_exercises/build install --record /home/racecar/racecar_ws/src/lab1c/ros_exercises/build/ros_exercises/install.log --install-scripts $base/lib/ros_exercises --single-version-externally-managed
[2.044s] running egg_info
[2.046s] writing build/ros_exercises/ros_exercises.egg-info/PKG-INFO
[2.047s] writing dependency_links to build/ros_exercises/ros_exercises.egg-info/dependency_links.txt
[2.049s] writing entry points to build/ros_exercises/ros_exercises.egg-info/entry_points.txt
[2.050s] writing requirements to build/ros_exercises/ros_exercises.egg-info/requires.txt
[2.051s] writing top-level names to build/ros_exercises/ros_exercises.egg-info/top_level.txt
[2.108s] reading manifest file 'build/ros_exercises/ros_exercises.egg-info/SOURCES.txt'
[2.111s] writing manifest file 'build/ros_exercises/ros_exercises.egg-info/SOURCES.txt'
[2.112s] running build
[2.113s] running build_py
[2.114s] copying ros_exercises/base_link_tf_pub.py -> /home/racecar/racecar_ws/src/lab1c/ros_exercises/build/ros_exercises/build/lib/ros_exercises
[2.118s] running install
[2.119s] running install_lib
[2.123s] copying /home/racecar/racecar_ws/src/lab1c/ros_exercises/build/ros_exercises/build/lib/ros_exercises/base_link_tf_pub.py -> /home/racecar/racecar_ws/src/lab1c/ros_exercises/install/ros_exercises/lib/python3.8/site-packages/ros_exercises
[2.128s] byte-compiling /home/racecar/racecar_ws/src/lab1c/ros_exercises/install/ros_exercises/lib/python3.8/site-packages/ros_exercises/base_link_tf_pub.py to base_link_tf_pub.cpython-38.pyc
[2.135s] running install_data
[2.138s] running install_egg_info
[2.141s] removing '/home/racecar/racecar_ws/src/lab1c/ros_exercises/install/ros_exercises/lib/python3.8/site-packages/ros_exercises-0.0.0-py3.8.egg-info' (and everything under it)
[2.144s] Copying build/ros_exercises/ros_exercises.egg-info to /home/racecar/racecar_ws/src/lab1c/ros_exercises/install/ros_exercises/lib/python3.8/site-packages/ros_exercises-0.0.0-py3.8.egg-info
[2.167s] running install_scripts
[2.195s] Installing base_link_tf_publisher script to /home/racecar/racecar_ws/src/lab1c/ros_exercises/install/ros_exercises/lib/ros_exercises
[2.198s] Installing dynamic_tf_cam_publisher script to /home/racecar/racecar_ws/src/lab1c/ros_exercises/install/ros_exercises/lib/ros_exercises
[2.201s] Installing fake_scan_publisher script to /home/racecar/racecar_ws/src/lab1c/ros_exercises/install/ros_exercises/lib/ros_exercises
[2.203s] Installing open_space_publisher script to /home/racecar/racecar_ws/src/lab1c/ros_exercises/install/ros_exercises/lib/ros_exercises
[2.205s] Installing simple_publisher script to /home/racecar/racecar_ws/src/lab1c/ros_exercises/install/ros_exercises/lib/ros_exercises
[2.208s] Installing simple_subscriber script to /home/racecar/racecar_ws/src/lab1c/ros_exercises/install/ros_exercises/lib/ros_exercises
[2.210s] Installing static_tf_cam_publisher script to /home/racecar/racecar_ws/src/lab1c/ros_exercises/install/ros_exercises/lib/ros_exercises
[2.214s] writing list of installed files to '/home/racecar/racecar_ws/src/lab1c/ros_exercises/build/ros_exercises/install.log'
[2.236s] Invoked command in '/home/racecar/racecar_ws/src/lab1c/ros_exercises' returned '0': PYTHONPATH=/home/racecar/racecar_ws/src/lab1c/ros_exercises/build/ros_exercises/prefix_override:/home/racecar/racecar_ws/src/lab1c/ros_exercises/install/ros_exercises/lib/python3.8/site-packages:${PYTHONPATH} /usr/bin/python3 setup.py egg_info --egg-base build/ros_exercises build --build-base /home/racecar/racecar_ws/src/lab1c/ros_exercises/build/ros_exercises/build install --record /home/racecar/racecar_ws/src/lab1c/ros_exercises/build/ros_exercises/install.log --install-scripts $base/lib/ros_exercises --single-version-externally-managed
