[2.058s] Invoking command in '/home/racecar/racecar_ws/src/lab1c/ros_exercises': PYTHONPATH=/home/racecar/racecar_ws/src/lab1c/build/ros_exercises/prefix_override:/home/racecar/racecar_ws/src/lab1c/install/ros_exercises/lib/python3.8/site-packages:${PYTHONPATH} /usr/bin/python3 setup.py egg_info --egg-base ../build/ros_exercises build --build-base /home/racecar/racecar_ws/src/lab1c/build/ros_exercises/build install --record /home/racecar/racecar_ws/src/lab1c/build/ros_exercises/install.log --install-scripts $base/lib/ros_exercises --single-version-externally-managed
[2.450s] running egg_info
[2.454s] writing ../build/ros_exercises/ros_exercises.egg-info/PKG-INFO
[2.460s] writing dependency_links to ../build/ros_exercises/ros_exercises.egg-info/dependency_links.txt
[2.464s] writing entry points to ../build/ros_exercises/ros_exercises.egg-info/entry_points.txt
[2.470s] writing requirements to ../build/ros_exercises/ros_exercises.egg-info/requires.txt
[2.472s] writing top-level names to ../build/ros_exercises/ros_exercises.egg-info/top_level.txt
[2.545s] reading manifest file '../build/ros_exercises/ros_exercises.egg-info/SOURCES.txt'
[2.554s] writing manifest file '../build/ros_exercises/ros_exercises.egg-info/SOURCES.txt'
[2.558s] running build
[2.569s] running build_py
[2.575s] copying ros_exercises/dynamic_tf_cam_publisher.py -> /home/racecar/racecar_ws/src/lab1c/build/ros_exercises/build/lib/ros_exercises
[2.584s] running install
[2.589s] running install_lib
[2.602s] copying /home/racecar/racecar_ws/src/lab1c/build/ros_exercises/build/lib/ros_exercises/dynamic_tf_cam_publisher.py -> /home/racecar/racecar_ws/src/lab1c/install/ros_exercises/lib/python3.8/site-packages/ros_exercises
[2.613s] byte-compiling /home/racecar/racecar_ws/src/lab1c/install/ros_exercises/lib/python3.8/site-packages/ros_exercises/dynamic_tf_cam_publisher.py to dynamic_tf_cam_publisher.cpython-38.pyc
[2.618s] running install_data
[2.620s] copying package.xml -> /home/racecar/racecar_ws/src/lab1c/install/ros_exercises/share/ros_exercises
[2.621s] running install_egg_info
[2.624s] removing '/home/racecar/racecar_ws/src/lab1c/install/ros_exercises/lib/python3.8/site-packages/ros_exercises-0.0.0-py3.8.egg-info' (and everything under it)
[2.626s] Copying ../build/ros_exercises/ros_exercises.egg-info to /home/racecar/racecar_ws/src/lab1c/install/ros_exercises/lib/python3.8/site-packages/ros_exercises-0.0.0-py3.8.egg-info
[2.635s] running install_scripts
[2.669s] Installing dynamic_tf_cam_publisher script to /home/racecar/racecar_ws/src/lab1c/install/ros_exercises/lib/ros_exercises
[2.675s] Installing fake_scan_publisher script to /home/racecar/racecar_ws/src/lab1c/install/ros_exercises/lib/ros_exercises
[2.680s] Installing open_space_publisher script to /home/racecar/racecar_ws/src/lab1c/install/ros_exercises/lib/ros_exercises
[2.682s] Installing simple_publisher script to /home/racecar/racecar_ws/src/lab1c/install/ros_exercises/lib/ros_exercises
[2.686s] Installing simple_subscriber script to /home/racecar/racecar_ws/src/lab1c/install/ros_exercises/lib/ros_exercises
[2.690s] writing list of installed files to '/home/racecar/racecar_ws/src/lab1c/build/ros_exercises/install.log'
[2.917s] Invoked command in '/home/racecar/racecar_ws/src/lab1c/ros_exercises' returned '0': PYTHONPATH=/home/racecar/racecar_ws/src/lab1c/build/ros_exercises/prefix_override:/home/racecar/racecar_ws/src/lab1c/install/ros_exercises/lib/python3.8/site-packages:${PYTHONPATH} /usr/bin/python3 setup.py egg_info --egg-base ../build/ros_exercises build --build-base /home/racecar/racecar_ws/src/lab1c/build/ros_exercises/build install --record /home/racecar/racecar_ws/src/lab1c/build/ros_exercises/install.log --install-scripts $base/lib/ros_exercises --single-version-externally-managed
