[0.000000] (-) TimerEvent: {}
[0.000757] (ros_exercises) JobQueued: {'identifier': 'ros_exercises', 'dependencies': OrderedDict()}
[0.001496] (ros_exercises) JobStarted: {'identifier': 'ros_exercises'}
[0.104214] (-) TimerEvent: {}
[0.205715] (-) TimerEvent: {}
[0.310141] (-) TimerEvent: {}
[0.415826] (-) TimerEvent: {}
[0.517780] (-) TimerEvent: {}
[0.621382] (-) TimerEvent: {}
[0.728824] (-) TimerEvent: {}
[0.830723] (-) TimerEvent: {}
[0.932909] (-) TimerEvent: {}
[1.034860] (-) TimerEvent: {}
[1.136829] (-) TimerEvent: {}
[1.237833] (-) TimerEvent: {}
[1.339868] (-) TimerEvent: {}
[1.368089] (ros_exercises) Command: {'cmd': ['/usr/bin/python3', 'setup.py', 'egg_info', '--egg-base', 'build/ros_exercises', 'build', '--build-base', '/home/racecar/racecar_ws/src/lab1c/ros_exercises/build/ros_exercises/build', 'install', '--record', '/home/racecar/racecar_ws/src/lab1c/ros_exercises/build/ros_exercises/install.log', '--install-scripts', '$base/lib/ros_exercises', '--single-version-externally-managed'], 'cwd': '/home/racecar/racecar_ws/src/lab1c/ros_exercises', 'env': {'PYTHONIOENCODING': 'utf-8', 'HOSTNAME': '7e48457b528d', 'SHLVL': '1', 'LD_LIBRARY_PATH': '/home/racecar/racecar_ws/src/install/open_space_msg/lib:/opt/ros/foxy/opt/yaml_cpp_vendor/lib:/opt/ros/foxy/opt/rviz_ogre_vendor/lib:/opt/ros/foxy/lib/x86_64-linux-gnu:/opt/ros/foxy/lib', 'HOME': '/home/racecar', 'OLDPWD': '/home/racecar/racecar_ws/src/lab1c/ros_exercises/launch', 'ROS_PYTHON_VERSION': '3', 'COLCON_PREFIX_PATH': '/home/racecar/racecar_ws/src/install:/home/sim_ws/install:/home/racecar/racecar_ws/install', 'ROS_DISTRO': 'foxy', '_': '/usr/bin/colcon', 'ROS_VERSION': '2', 'TERM': 'xterm', 'ROS_LOCALHOST_ONLY': '0', 'PATH': '/opt/ros/foxy/bin:/usr/local/sbin:/usr/local/bin:/usr/sbin:/usr/bin:/sbin:/bin', 'LANG': 'en_US.UTF-8', 'AMENT_PREFIX_PATH': '/home/racecar/racecar_ws/src/install/ros_exercises:/home/racecar/racecar_ws/src/install/open_space_msg:/home/sim_ws/install/racecar_simulator:/home/racecar/racecar_ws/install/ros_exercises:/opt/ros/foxy', 'SIM_WS': '/home/sim_ws', 'PWD': '/home/racecar/racecar_ws/src/lab1c/ros_exercises/build/ros_exercises', 'PYTHONPATH': '/home/racecar/racecar_ws/src/lab1c/ros_exercises/build/ros_exercises/prefix_override:/home/racecar/racecar_ws/src/lab1c/ros_exercises/install/ros_exercises/lib/python3.8/site-packages:/home/racecar/racecar_ws/src/install/ros_exercises/lib/python3.8/site-packages:/home/racecar/racecar_ws/src/install/open_space_msg/lib/python3.8/site-packages:/home/racecar/racecar_ws/install/ros_exercises/lib/python3.8/site-packages:/opt/ros/foxy/lib/python3.8/site-packages', 'NO_VNC_VERSION': '1.4.0', 'COLCON': '1', 'CMAKE_PREFIX_PATH': '/home/racecar/racecar_ws/src/install/open_space_msg:/home/sim_ws/install/racecar_simulator'}, 'shell': False}
[1.440768] (-) TimerEvent: {}
[1.541800] (-) TimerEvent: {}
[1.633365] (ros_exercises) StdoutLine: {'line': b'running egg_info\n'}
[1.634906] (ros_exercises) StdoutLine: {'line': b'writing build/ros_exercises/ros_exercises.egg-info/PKG-INFO\n'}
[1.635983] (ros_exercises) StdoutLine: {'line': b'writing dependency_links to build/ros_exercises/ros_exercises.egg-info/dependency_links.txt\n'}
[1.637055] (ros_exercises) StdoutLine: {'line': b'writing entry points to build/ros_exercises/ros_exercises.egg-info/entry_points.txt\n'}
[1.638325] (ros_exercises) StdoutLine: {'line': b'writing requirements to build/ros_exercises/ros_exercises.egg-info/requires.txt\n'}
[1.639418] (ros_exercises) StdoutLine: {'line': b'writing top-level names to build/ros_exercises/ros_exercises.egg-info/top_level.txt\n'}
[1.642668] (-) TimerEvent: {}
[1.689390] (ros_exercises) StdoutLine: {'line': b"reading manifest file 'build/ros_exercises/ros_exercises.egg-info/SOURCES.txt'\n"}
[1.692250] (ros_exercises) StdoutLine: {'line': b"writing manifest file 'build/ros_exercises/ros_exercises.egg-info/SOURCES.txt'\n"}
[1.693316] (ros_exercises) StdoutLine: {'line': b'running build\n'}
[1.694389] (ros_exercises) StdoutLine: {'line': b'running build_py\n'}
[1.695873] (ros_exercises) StdoutLine: {'line': b'running install\n'}
[1.697033] (ros_exercises) StdoutLine: {'line': b'running install_lib\n'}
[1.700853] (ros_exercises) StdoutLine: {'line': b'running install_data\n'}
[1.702197] (ros_exercises) StdoutLine: {'line': b'running install_egg_info\n'}
[1.705326] (ros_exercises) StdoutLine: {'line': b"removing '/home/racecar/racecar_ws/src/lab1c/ros_exercises/install/ros_exercises/lib/python3.8/site-packages/ros_exercises-0.0.0-py3.8.egg-info' (and everything under it)\n"}
[1.708403] (ros_exercises) StdoutLine: {'line': b'Copying build/ros_exercises/ros_exercises.egg-info to /home/racecar/racecar_ws/src/lab1c/ros_exercises/install/ros_exercises/lib/python3.8/site-packages/ros_exercises-0.0.0-py3.8.egg-info\n'}
[1.729233] (ros_exercises) StdoutLine: {'line': b'running install_scripts\n'}
[1.742834] (-) TimerEvent: {}
[1.751025] (ros_exercises) StdoutLine: {'line': b'Installing fake_scan_publisher script to /home/racecar/racecar_ws/src/lab1c/ros_exercises/install/ros_exercises/lib/ros_exercises\n'}
[1.752902] (ros_exercises) StdoutLine: {'line': b'Installing open_space_publisher script to /home/racecar/racecar_ws/src/lab1c/ros_exercises/install/ros_exercises/lib/ros_exercises\n'}
[1.754808] (ros_exercises) StdoutLine: {'line': b'Installing simple_publisher script to /home/racecar/racecar_ws/src/lab1c/ros_exercises/install/ros_exercises/lib/ros_exercises\n'}
[1.756732] (ros_exercises) StdoutLine: {'line': b'Installing simple_subscriber script to /home/racecar/racecar_ws/src/lab1c/ros_exercises/install/ros_exercises/lib/ros_exercises\n'}
[1.759317] (ros_exercises) StdoutLine: {'line': b"writing list of installed files to '/home/racecar/racecar_ws/src/lab1c/ros_exercises/build/ros_exercises/install.log'\n"}
[1.780694] (ros_exercises) CommandEnded: {'returncode': 0}
[1.843822] (-) TimerEvent: {}
[1.945695] (-) TimerEvent: {}
[1.984033] (ros_exercises) JobEnded: {'identifier': 'ros_exercises', 'rc': 0}
[1.988813] (-) EventReactorShutdown: {}
