[2.788s] DEBUG:colcon:Command line arguments: ['/usr/bin/colcon', 'build']
[2.788s] DEBUG:colcon:Parsed command line arguments: Namespace(ament_cmake_args=None, base_paths=['.'], build_base='build', catkin_cmake_args=None, catkin_skip_building_tests=False, cmake_args=None, cmake_clean_cache=False, cmake_clean_first=False, cmake_force_configure=False, cmake_target=None, cmake_target_skip_unavailable=False, continue_on_error=False, event_handlers=None, executor='parallel', ignore_user_meta=False, install_base='install', log_base=None, log_level=None, main=<bound method BuildVerb.main of <colcon_core.verb.build.BuildVerb object at 0x7f51c5ca89d0>>, merge_install=False, metas=['./colcon.meta'], packages_above=None, packages_above_and_dependencies=None, packages_above_depth=None, packages_end=None, packages_ignore=None, packages_ignore_regex=None, packages_select=None, packages_select_build_failed=False, packages_select_by_dep=None, packages_select_regex=None, packages_select_test_failures=False, packages_skip=None, packages_skip_build_finished=False, packages_skip_by_dep=None, packages_skip_regex=None, packages_skip_test_passed=False, packages_skip_up_to=None, packages_start=None, packages_up_to=None, packages_up_to_regex=None, parallel_workers=8, paths=None, symlink_install=False, test_result_base=None, verb_extension=<colcon_core.verb.build.BuildVerb object at 0x7f51c5ca89d0>, verb_name='build', verb_parser=<colcon_defaults.argument_parser.defaults.DefaultArgumentsDecorator object at 0x7f51c585eb50>)
[2.913s] Level 1:colcon.colcon_core.package_discovery:discover_packages(colcon_meta) check parameters
[2.914s] Level 1:colcon.colcon_core.package_discovery:discover_packages(recursive) check parameters
[2.914s] Level 1:colcon.colcon_core.package_discovery:discover_packages(ignore) check parameters
[2.915s] Level 1:colcon.colcon_core.package_discovery:discover_packages(path) check parameters
[2.915s] Level 1:colcon.colcon_core.package_discovery:discover_packages(colcon_meta) discover
[2.915s] Level 1:colcon.colcon_core.package_discovery:discover_packages(recursive) discover
[2.915s] INFO:colcon.colcon_core.package_discovery:Crawling recursively for packages in '/home/racecar/racecar_ws/src/lab1c'
[2.916s] Level 1:colcon.colcon_core.package_identification:_identify(.) by extensions ['ignore', 'ignore_ament_install']
[2.917s] Level 1:colcon.colcon_core.package_identification:_identify(.) by extension 'ignore'
[2.917s] Level 1:colcon.colcon_core.package_identification:_identify(.) by extension 'ignore_ament_install'
[2.918s] Level 1:colcon.colcon_core.package_identification:_identify(.) by extensions ['colcon_pkg']
[2.918s] Level 1:colcon.colcon_core.package_identification:_identify(.) by extension 'colcon_pkg'
[2.918s] Level 1:colcon.colcon_core.package_identification:_identify(.) by extensions ['colcon_meta']
[2.919s] Level 1:colcon.colcon_core.package_identification:_identify(.) by extension 'colcon_meta'
[2.919s] Level 1:colcon.colcon_core.package_identification:_identify(.) by extensions ['ros']
[2.919s] Level 1:colcon.colcon_core.package_identification:_identify(.) by extension 'ros'
[2.935s] Level 1:colcon.colcon_core.package_identification:_identify(.) by extensions ['cmake', 'python']
[2.935s] Level 1:colcon.colcon_core.package_identification:_identify(.) by extension 'cmake'
[2.936s] Level 1:colcon.colcon_core.package_identification:_identify(.) by extension 'python'
[2.936s] Level 1:colcon.colcon_core.package_identification:_identify(.) by extensions ['python_setup_py']
[2.936s] Level 1:colcon.colcon_core.package_identification:_identify(.) by extension 'python_setup_py'
[2.938s] Level 1:colcon.colcon_core.package_identification:_identify(build) by extensions ['ignore', 'ignore_ament_install']
[2.938s] Level 1:colcon.colcon_core.package_identification:_identify(build) by extension 'ignore'
[2.938s] Level 1:colcon.colcon_core.package_identification:_identify(build) ignored
[2.939s] Level 1:colcon.colcon_core.package_identification:_identify(install) by extensions ['ignore', 'ignore_ament_install']
[2.940s] Level 1:colcon.colcon_core.package_identification:_identify(install) by extension 'ignore'
[2.940s] Level 1:colcon.colcon_core.package_identification:_identify(install) ignored
[2.941s] Level 1:colcon.colcon_core.package_identification:_identify(log) by extensions ['ignore', 'ignore_ament_install']
[2.942s] Level 1:colcon.colcon_core.package_identification:_identify(log) by extension 'ignore'
[2.942s] Level 1:colcon.colcon_core.package_identification:_identify(log) ignored
[2.943s] Level 1:colcon.colcon_core.package_identification:_identify(open_space_msg) by extensions ['ignore', 'ignore_ament_install']
[2.944s] Level 1:colcon.colcon_core.package_identification:_identify(open_space_msg) by extension 'ignore'
[2.944s] Level 1:colcon.colcon_core.package_identification:_identify(open_space_msg) by extension 'ignore_ament_install'
[2.944s] Level 1:colcon.colcon_core.package_identification:_identify(open_space_msg) by extensions ['colcon_pkg']
[2.945s] Level 1:colcon.colcon_core.package_identification:_identify(open_space_msg) by extension 'colcon_pkg'
[2.945s] Level 1:colcon.colcon_core.package_identification:_identify(open_space_msg) by extensions ['colcon_meta']
[2.945s] Level 1:colcon.colcon_core.package_identification:_identify(open_space_msg) by extension 'colcon_meta'
[2.946s] Level 1:colcon.colcon_core.package_identification:_identify(open_space_msg) by extensions ['ros']
[2.946s] Level 1:colcon.colcon_core.package_identification:_identify(open_space_msg) by extension 'ros'
[2.949s] DEBUG:colcon.colcon_core.package_identification:Package 'open_space_msg' with type 'ros.ament_cmake' and name 'open_space_msg'
[2.951s] Level 1:colcon.colcon_core.package_identification:_identify(ros_exercises) by extensions ['ignore', 'ignore_ament_install']
[2.951s] Level 1:colcon.colcon_core.package_identification:_identify(ros_exercises) by extension 'ignore'
[2.951s] Level 1:colcon.colcon_core.package_identification:_identify(ros_exercises) by extension 'ignore_ament_install'
[2.952s] Level 1:colcon.colcon_core.package_identification:_identify(ros_exercises) by extensions ['colcon_pkg']
[2.952s] Level 1:colcon.colcon_core.package_identification:_identify(ros_exercises) by extension 'colcon_pkg'
[2.953s] Level 1:colcon.colcon_core.package_identification:_identify(ros_exercises) by extensions ['colcon_meta']
[2.953s] Level 1:colcon.colcon_core.package_identification:_identify(ros_exercises) by extension 'colcon_meta'
[2.953s] Level 1:colcon.colcon_core.package_identification:_identify(ros_exercises) by extensions ['ros']
[2.953s] Level 1:colcon.colcon_core.package_identification:_identify(ros_exercises) by extension 'ros'
[2.955s] DEBUG:colcon.colcon_core.package_identification:Package 'ros_exercises' with type 'ros.ament_python' and name 'ros_exercises'
[2.955s] Level 1:colcon.colcon_core.package_discovery:discover_packages(recursive) using defaults
[2.955s] Level 1:colcon.colcon_core.package_discovery:discover_packages(ignore) discover
[2.956s] Level 1:colcon.colcon_core.package_discovery:discover_packages(ignore) using defaults
[2.956s] Level 1:colcon.colcon_core.package_discovery:discover_packages(path) discover
[2.956s] Level 1:colcon.colcon_core.package_discovery:discover_packages(path) using defaults
[3.169s] Level 5:colcon.colcon_core.verb:set package 'open_space_msg' build argument 'cmake_args' from command line to 'None'
[3.169s] Level 5:colcon.colcon_core.verb:set package 'open_space_msg' build argument 'cmake_target' from command line to 'None'
[3.169s] Level 5:colcon.colcon_core.verb:set package 'open_space_msg' build argument 'cmake_target_skip_unavailable' from command line to 'False'
[3.170s] Level 5:colcon.colcon_core.verb:set package 'open_space_msg' build argument 'cmake_clean_cache' from command line to 'False'
[3.170s] Level 5:colcon.colcon_core.verb:set package 'open_space_msg' build argument 'cmake_clean_first' from command line to 'False'
[3.170s] Level 5:colcon.colcon_core.verb:set package 'open_space_msg' build argument 'cmake_force_configure' from command line to 'False'
[3.170s] Level 5:colcon.colcon_core.verb:set package 'open_space_msg' build argument 'ament_cmake_args' from command line to 'None'
[3.171s] Level 5:colcon.colcon_core.verb:set package 'open_space_msg' build argument 'catkin_cmake_args' from command line to 'None'
[3.171s] Level 5:colcon.colcon_core.verb:set package 'open_space_msg' build argument 'catkin_skip_building_tests' from command line to 'False'
[3.171s] DEBUG:colcon.colcon_core.verb:Building package 'open_space_msg' with the following arguments: {'ament_cmake_args': None, 'build_base': '/home/racecar/racecar_ws/src/lab1c/build/open_space_msg', 'catkin_cmake_args': None, 'catkin_skip_building_tests': False, 'cmake_args': None, 'cmake_clean_cache': False, 'cmake_clean_first': False, 'cmake_force_configure': False, 'cmake_target': None, 'cmake_target_skip_unavailable': False, 'install_base': '/home/racecar/racecar_ws/src/lab1c/install/open_space_msg', 'merge_install': False, 'path': '/home/racecar/racecar_ws/src/lab1c/open_space_msg', 'symlink_install': False, 'test_result_base': None}
[3.217s] Level 5:colcon.colcon_core.verb:set package 'ros_exercises' build argument 'cmake_args' from command line to 'None'
[3.217s] Level 5:colcon.colcon_core.verb:set package 'ros_exercises' build argument 'cmake_target' from command line to 'None'
[3.218s] Level 5:colcon.colcon_core.verb:set package 'ros_exercises' build argument 'cmake_target_skip_unavailable' from command line to 'False'
[3.218s] Level 5:colcon.colcon_core.verb:set package 'ros_exercises' build argument 'cmake_clean_cache' from command line to 'False'
[3.219s] Level 5:colcon.colcon_core.verb:set package 'ros_exercises' build argument 'cmake_clean_first' from command line to 'False'
[3.220s] Level 5:colcon.colcon_core.verb:set package 'ros_exercises' build argument 'cmake_force_configure' from command line to 'False'
[3.221s] Level 5:colcon.colcon_core.verb:set package 'ros_exercises' build argument 'ament_cmake_args' from command line to 'None'
[3.221s] Level 5:colcon.colcon_core.verb:set package 'ros_exercises' build argument 'catkin_cmake_args' from command line to 'None'
[3.222s] Level 5:colcon.colcon_core.verb:set package 'ros_exercises' build argument 'catkin_skip_building_tests' from command line to 'False'
[3.223s] DEBUG:colcon.colcon_core.verb:Building package 'ros_exercises' with the following arguments: {'ament_cmake_args': None, 'build_base': '/home/racecar/racecar_ws/src/lab1c/build/ros_exercises', 'catkin_cmake_args': None, 'catkin_skip_building_tests': False, 'cmake_args': None, 'cmake_clean_cache': False, 'cmake_clean_first': False, 'cmake_force_configure': False, 'cmake_target': None, 'cmake_target_skip_unavailable': False, 'install_base': '/home/racecar/racecar_ws/src/lab1c/install/ros_exercises', 'merge_install': False, 'path': '/home/racecar/racecar_ws/src/lab1c/ros_exercises', 'symlink_install': False, 'test_result_base': None}
[3.268s] INFO:colcon.colcon_core.executor:Executing jobs using 'parallel' executor
[3.324s] DEBUG:colcon.colcon_parallel_executor.executor.parallel:run_until_complete
[3.324s] INFO:colcon.colcon_ros.task.ament_cmake.build:Building ROS package in '/home/racecar/racecar_ws/src/lab1c/open_space_msg' with build type 'ament_cmake'
[3.325s] INFO:colcon.colcon_cmake.task.cmake.build:Building CMake package in '/home/racecar/racecar_ws/src/lab1c/open_space_msg'
[3.377s] INFO:colcon.colcon_core.plugin_system:Skipping extension 'colcon_core.shell.bat': Not used on non-Windows systems
[3.378s] INFO:colcon.colcon_core.shell:Skip shell extension 'powershell' for command environment: Not usable outside of PowerShell
[3.378s] DEBUG:colcon.colcon_core.shell:Skip shell extension 'dsv' for command environment
[3.754s] INFO:colcon.colcon_ros.task.ament_python.build:Building ROS package in '/home/racecar/racecar_ws/src/lab1c/ros_exercises' with build type 'ament_python'
[3.755s] Level 1:colcon.colcon_core.shell:create_environment_hook('ros_exercises', 'ament_prefix_path')
[3.809s] INFO:colcon.colcon_core.shell:Creating environment hook '/home/racecar/racecar_ws/src/lab1c/install/ros_exercises/share/ros_exercises/hook/ament_prefix_path.ps1'
[3.812s] INFO:colcon.colcon_core.shell:Creating environment descriptor '/home/racecar/racecar_ws/src/lab1c/install/ros_exercises/share/ros_exercises/hook/ament_prefix_path.dsv'
[3.815s] INFO:colcon.colcon_core.shell:Creating environment hook '/home/racecar/racecar_ws/src/lab1c/install/ros_exercises/share/ros_exercises/hook/ament_prefix_path.sh'
[3.881s] INFO:colcon.colcon_core.shell:Skip shell extension 'powershell' for command environment: Not usable outside of PowerShell
[3.881s] DEBUG:colcon.colcon_core.shell:Skip shell extension 'dsv' for command environment
[4.266s] DEBUG:colcon.colcon_core.event_handler.log_command:Invoking command in '/home/racecar/racecar_ws/src/lab1c/build/open_space_msg': CMAKE_PREFIX_PATH=${CMAKE_PREFIX_PATH}:/home/racecar/racecar_ws/src/lab1c/install/ros_exercises:/home/racecar/racecar_ws/src/lab1c/ros_exercises/install/ros_exercises:/home/racecar/racecar_ws/src/install/ros_exercises:/home/racecar/racecar_ws/install/ros_exercises:/opt/ros/foxy /usr/bin/cmake --build /home/racecar/racecar_ws/src/lab1c/build/open_space_msg -- -j8 -l8
[4.618s] INFO:colcon.colcon_core.task.python.build:Building Python package in '/home/racecar/racecar_ws/src/lab1c/ros_exercises'
[4.685s] INFO:colcon.colcon_core.shell:Skip shell extension 'powershell' for command environment: Not usable outside of PowerShell
[4.686s] DEBUG:colcon.colcon_core.shell:Skip shell extension 'dsv' for command environment
[5.685s] DEBUG:colcon.colcon_core.event_handler.log_command:Invoked command in '/home/racecar/racecar_ws/src/lab1c/build/open_space_msg' returned '0': CMAKE_PREFIX_PATH=${CMAKE_PREFIX_PATH}:/home/racecar/racecar_ws/src/lab1c/install/ros_exercises:/home/racecar/racecar_ws/src/lab1c/ros_exercises/install/ros_exercises:/home/racecar/racecar_ws/src/install/ros_exercises:/home/racecar/racecar_ws/install/ros_exercises:/opt/ros/foxy /usr/bin/cmake --build /home/racecar/racecar_ws/src/lab1c/build/open_space_msg -- -j8 -l8
[5.926s] DEBUG:colcon.colcon_core.event_handler.log_command:Invoking command in '/home/racecar/racecar_ws/src/lab1c/ros_exercises': PYTHONPATH=/home/racecar/racecar_ws/src/lab1c/build/ros_exercises/prefix_override:/home/racecar/racecar_ws/src/lab1c/install/ros_exercises/lib/python3.8/site-packages:${PYTHONPATH} /usr/bin/python3 setup.py egg_info --egg-base ../build/ros_exercises build --build-base /home/racecar/racecar_ws/src/lab1c/build/ros_exercises/build install --record /home/racecar/racecar_ws/src/lab1c/build/ros_exercises/install.log --install-scripts $base/lib/ros_exercises --single-version-externally-managed
[6.057s] DEBUG:colcon.colcon_core.event_handler.log_command:Invoking command in '/home/racecar/racecar_ws/src/lab1c/build/open_space_msg': CMAKE_PREFIX_PATH=${CMAKE_PREFIX_PATH}:/home/racecar/racecar_ws/src/lab1c/install/ros_exercises:/home/racecar/racecar_ws/src/lab1c/ros_exercises/install/ros_exercises:/home/racecar/racecar_ws/src/install/ros_exercises:/home/racecar/racecar_ws/install/ros_exercises:/opt/ros/foxy /usr/bin/cmake --install /home/racecar/racecar_ws/src/lab1c/build/open_space_msg
[6.378s] Level 1:colcon.colcon_core.environment:create_environment_scripts_only(open_space_msg)
[6.380s] DEBUG:colcon.colcon_core.event_handler.log_command:Invoked command in '/home/racecar/racecar_ws/src/lab1c/build/open_space_msg' returned '0': CMAKE_PREFIX_PATH=${CMAKE_PREFIX_PATH}:/home/racecar/racecar_ws/src/lab1c/install/ros_exercises:/home/racecar/racecar_ws/src/lab1c/ros_exercises/install/ros_exercises:/home/racecar/racecar_ws/src/install/ros_exercises:/home/racecar/racecar_ws/install/ros_exercises:/opt/ros/foxy /usr/bin/cmake --install /home/racecar/racecar_ws/src/lab1c/build/open_space_msg
[6.474s] Level 1:colcon.colcon_core.environment:checking '/home/racecar/racecar_ws/src/lab1c/install/open_space_msg' for CMake module files
[6.482s] Level 1:colcon.colcon_core.environment:checking '/home/racecar/racecar_ws/src/lab1c/install/open_space_msg' for CMake config files
[6.497s] Level 1:colcon.colcon_core.shell:create_environment_hook('open_space_msg', 'cmake_prefix_path')
[6.566s] INFO:colcon.colcon_core.shell:Creating environment hook '/home/racecar/racecar_ws/src/lab1c/install/open_space_msg/share/open_space_msg/hook/cmake_prefix_path.ps1'
[6.568s] INFO:colcon.colcon_core.shell:Creating environment descriptor '/home/racecar/racecar_ws/src/lab1c/install/open_space_msg/share/open_space_msg/hook/cmake_prefix_path.dsv'
[6.569s] INFO:colcon.colcon_core.shell:Creating environment hook '/home/racecar/racecar_ws/src/lab1c/install/open_space_msg/share/open_space_msg/hook/cmake_prefix_path.sh'
[6.571s] Level 1:colcon.colcon_core.environment:checking '/home/racecar/racecar_ws/src/lab1c/install/open_space_msg/lib'
[6.572s] Level 1:colcon.colcon_core.shell:create_environment_hook('open_space_msg', 'ld_library_path_lib')
[6.625s] INFO:colcon.colcon_core.shell:Creating environment hook '/home/racecar/racecar_ws/src/lab1c/install/open_space_msg/share/open_space_msg/hook/ld_library_path_lib.ps1'
[6.627s] INFO:colcon.colcon_core.shell:Creating environment descriptor '/home/racecar/racecar_ws/src/lab1c/install/open_space_msg/share/open_space_msg/hook/ld_library_path_lib.dsv'
[6.628s] INFO:colcon.colcon_core.shell:Creating environment hook '/home/racecar/racecar_ws/src/lab1c/install/open_space_msg/share/open_space_msg/hook/ld_library_path_lib.sh'
[6.630s] Level 1:colcon.colcon_core.environment:checking '/home/racecar/racecar_ws/src/lab1c/install/open_space_msg/bin'
[6.630s] Level 1:colcon.colcon_core.environment:checking '/home/racecar/racecar_ws/src/lab1c/install/open_space_msg/lib/pkgconfig/open_space_msg.pc'
[6.630s] Level 1:colcon.colcon_core.environment:checking '/home/racecar/racecar_ws/src/lab1c/install/open_space_msg/lib/python3.8/site-packages'
[6.631s] Level 1:colcon.colcon_core.shell:create_environment_hook('open_space_msg', 'pythonpath')
[6.682s] INFO:colcon.colcon_core.shell:Creating environment hook '/home/racecar/racecar_ws/src/lab1c/install/open_space_msg/share/open_space_msg/hook/pythonpath.ps1'
[6.684s] INFO:colcon.colcon_core.shell:Creating environment descriptor '/home/racecar/racecar_ws/src/lab1c/install/open_space_msg/share/open_space_msg/hook/pythonpath.dsv'
[6.685s] INFO:colcon.colcon_core.shell:Creating environment hook '/home/racecar/racecar_ws/src/lab1c/install/open_space_msg/share/open_space_msg/hook/pythonpath.sh'
[6.686s] Level 1:colcon.colcon_core.environment:checking '/home/racecar/racecar_ws/src/lab1c/install/open_space_msg/bin'
[6.737s] INFO:colcon.colcon_core.shell:Creating package script '/home/racecar/racecar_ws/src/lab1c/install/open_space_msg/share/open_space_msg/package.ps1'
[6.740s] INFO:colcon.colcon_core.shell:Creating package descriptor '/home/racecar/racecar_ws/src/lab1c/install/open_space_msg/share/open_space_msg/package.dsv'
[6.743s] INFO:colcon.colcon_core.shell:Creating package script '/home/racecar/racecar_ws/src/lab1c/install/open_space_msg/share/open_space_msg/package.sh'
[6.746s] INFO:colcon.colcon_core.shell:Creating package script '/home/racecar/racecar_ws/src/lab1c/install/open_space_msg/share/open_space_msg/package.bash'
[6.750s] INFO:colcon.colcon_core.shell:Creating package script '/home/racecar/racecar_ws/src/lab1c/install/open_space_msg/share/open_space_msg/package.zsh'
[6.753s] Level 1:colcon.colcon_core.environment:create_file_with_runtime_dependencies(/home/racecar/racecar_ws/src/lab1c/install/open_space_msg/share/colcon-core/packages/open_space_msg)
[6.766s] DEBUG:colcon.colcon_core.event_handler.log_command:Invoked command in '/home/racecar/racecar_ws/src/lab1c/ros_exercises' returned '0': PYTHONPATH=/home/racecar/racecar_ws/src/lab1c/build/ros_exercises/prefix_override:/home/racecar/racecar_ws/src/lab1c/install/ros_exercises/lib/python3.8/site-packages:${PYTHONPATH} /usr/bin/python3 setup.py egg_info --egg-base ../build/ros_exercises build --build-base /home/racecar/racecar_ws/src/lab1c/build/ros_exercises/build install --record /home/racecar/racecar_ws/src/lab1c/build/ros_exercises/install.log --install-scripts $base/lib/ros_exercises --single-version-externally-managed
[6.840s] Level 1:colcon.colcon_core.environment:checking '/home/racecar/racecar_ws/src/lab1c/install/ros_exercises' for CMake module files
[6.848s] Level 1:colcon.colcon_core.environment:checking '/home/racecar/racecar_ws/src/lab1c/install/ros_exercises' for CMake config files
[6.865s] Level 1:colcon.colcon_core.environment:checking '/home/racecar/racecar_ws/src/lab1c/install/ros_exercises/lib'
[6.867s] Level 1:colcon.colcon_core.environment:checking '/home/racecar/racecar_ws/src/lab1c/install/ros_exercises/bin'
[6.868s] Level 1:colcon.colcon_core.environment:checking '/home/racecar/racecar_ws/src/lab1c/install/ros_exercises/lib/pkgconfig/ros_exercises.pc'
[6.870s] Level 1:colcon.colcon_core.environment:checking '/home/racecar/racecar_ws/src/lab1c/install/ros_exercises/lib/python3.8/site-packages'
[6.871s] Level 1:colcon.colcon_core.shell:create_environment_hook('ros_exercises', 'pythonpath')
[6.935s] INFO:colcon.colcon_core.shell:Creating environment hook '/home/racecar/racecar_ws/src/lab1c/install/ros_exercises/share/ros_exercises/hook/pythonpath.ps1'
[6.937s] INFO:colcon.colcon_core.shell:Creating environment descriptor '/home/racecar/racecar_ws/src/lab1c/install/ros_exercises/share/ros_exercises/hook/pythonpath.dsv'
[6.939s] INFO:colcon.colcon_core.shell:Creating environment hook '/home/racecar/racecar_ws/src/lab1c/install/ros_exercises/share/ros_exercises/hook/pythonpath.sh'
[6.941s] Level 1:colcon.colcon_core.environment:checking '/home/racecar/racecar_ws/src/lab1c/install/ros_exercises/bin'
[6.941s] Level 1:colcon.colcon_core.environment:create_environment_scripts_only(ros_exercises)
[7.002s] INFO:colcon.colcon_core.shell:Creating package script '/home/racecar/racecar_ws/src/lab1c/install/ros_exercises/share/ros_exercises/package.ps1'
[7.005s] INFO:colcon.colcon_core.shell:Creating package descriptor '/home/racecar/racecar_ws/src/lab1c/install/ros_exercises/share/ros_exercises/package.dsv'
[7.007s] INFO:colcon.colcon_core.shell:Creating package script '/home/racecar/racecar_ws/src/lab1c/install/ros_exercises/share/ros_exercises/package.sh'
[7.010s] INFO:colcon.colcon_core.shell:Creating package script '/home/racecar/racecar_ws/src/lab1c/install/ros_exercises/share/ros_exercises/package.bash'
[7.012s] INFO:colcon.colcon_core.shell:Creating package script '/home/racecar/racecar_ws/src/lab1c/install/ros_exercises/share/ros_exercises/package.zsh'
[7.013s] Level 1:colcon.colcon_core.environment:create_file_with_runtime_dependencies(/home/racecar/racecar_ws/src/lab1c/install/ros_exercises/share/colcon-core/packages/ros_exercises)
[7.215s] Level 1:colcon.colcon_core.environment:create_environment_scripts_only(open_space_msg)
[7.275s] Level 1:colcon.colcon_core.environment:checking '/home/racecar/racecar_ws/src/lab1c/install/open_space_msg' for CMake module files
[7.281s] Level 1:colcon.colcon_core.environment:checking '/home/racecar/racecar_ws/src/lab1c/install/open_space_msg' for CMake config files
[7.292s] Level 1:colcon.colcon_core.shell:create_environment_hook('open_space_msg', 'cmake_prefix_path')
[7.347s] INFO:colcon.colcon_core.shell:Creating environment hook '/home/racecar/racecar_ws/src/lab1c/install/open_space_msg/share/open_space_msg/hook/cmake_prefix_path.ps1'
[7.352s] INFO:colcon.colcon_core.shell:Creating environment descriptor '/home/racecar/racecar_ws/src/lab1c/install/open_space_msg/share/open_space_msg/hook/cmake_prefix_path.dsv'
[7.355s] INFO:colcon.colcon_core.shell:Creating environment hook '/home/racecar/racecar_ws/src/lab1c/install/open_space_msg/share/open_space_msg/hook/cmake_prefix_path.sh'
[7.359s] Level 1:colcon.colcon_core.environment:checking '/home/racecar/racecar_ws/src/lab1c/install/open_space_msg/lib'
[7.360s] Level 1:colcon.colcon_core.shell:create_environment_hook('open_space_msg', 'ld_library_path_lib')
[7.432s] INFO:colcon.colcon_core.shell:Creating environment hook '/home/racecar/racecar_ws/src/lab1c/install/open_space_msg/share/open_space_msg/hook/ld_library_path_lib.ps1'
[7.435s] INFO:colcon.colcon_core.shell:Creating environment descriptor '/home/racecar/racecar_ws/src/lab1c/install/open_space_msg/share/open_space_msg/hook/ld_library_path_lib.dsv'
[7.437s] INFO:colcon.colcon_core.shell:Creating environment hook '/home/racecar/racecar_ws/src/lab1c/install/open_space_msg/share/open_space_msg/hook/ld_library_path_lib.sh'
[7.438s] Level 1:colcon.colcon_core.environment:checking '/home/racecar/racecar_ws/src/lab1c/install/open_space_msg/bin'
[7.439s] Level 1:colcon.colcon_core.environment:checking '/home/racecar/racecar_ws/src/lab1c/install/open_space_msg/lib/pkgconfig/open_space_msg.pc'
[7.439s] Level 1:colcon.colcon_core.environment:checking '/home/racecar/racecar_ws/src/lab1c/install/open_space_msg/lib/python3.8/site-packages'
[7.440s] Level 1:colcon.colcon_core.shell:create_environment_hook('open_space_msg', 'pythonpath')
[7.506s] INFO:colcon.colcon_core.shell:Creating environment hook '/home/racecar/racecar_ws/src/lab1c/install/open_space_msg/share/open_space_msg/hook/pythonpath.ps1'
[7.510s] INFO:colcon.colcon_core.shell:Creating environment descriptor '/home/racecar/racecar_ws/src/lab1c/install/open_space_msg/share/open_space_msg/hook/pythonpath.dsv'
[7.513s] INFO:colcon.colcon_core.shell:Creating environment hook '/home/racecar/racecar_ws/src/lab1c/install/open_space_msg/share/open_space_msg/hook/pythonpath.sh'
[7.516s] Level 1:colcon.colcon_core.environment:checking '/home/racecar/racecar_ws/src/lab1c/install/open_space_msg/bin'
[7.579s] INFO:colcon.colcon_core.shell:Creating package script '/home/racecar/racecar_ws/src/lab1c/install/open_space_msg/share/open_space_msg/package.ps1'
[7.582s] INFO:colcon.colcon_core.shell:Creating package descriptor '/home/racecar/racecar_ws/src/lab1c/install/open_space_msg/share/open_space_msg/package.dsv'
[7.584s] INFO:colcon.colcon_core.shell:Creating package script '/home/racecar/racecar_ws/src/lab1c/install/open_space_msg/share/open_space_msg/package.sh'
[7.586s] INFO:colcon.colcon_core.shell:Creating package script '/home/racecar/racecar_ws/src/lab1c/install/open_space_msg/share/open_space_msg/package.bash'
[7.587s] INFO:colcon.colcon_core.shell:Creating package script '/home/racecar/racecar_ws/src/lab1c/install/open_space_msg/share/open_space_msg/package.zsh'
[7.589s] Level 1:colcon.colcon_core.environment:create_file_with_runtime_dependencies(/home/racecar/racecar_ws/src/lab1c/install/open_space_msg/share/colcon-core/packages/open_space_msg)
[7.590s] DEBUG:colcon.colcon_parallel_executor.executor.parallel:closing loop
[7.591s] DEBUG:colcon.colcon_parallel_executor.executor.parallel:loop closed
[7.592s] DEBUG:colcon.colcon_parallel_executor.executor.parallel:run_until_complete finished with '0'
[7.592s] DEBUG:colcon.colcon_core.event_reactor:joining thread
[7.669s] INFO:colcon.colcon_core.plugin_system:Skipping extension 'colcon_notification.desktop_notification.notify_send': Could not find 'notify-send'
[7.670s] INFO:colcon.colcon_core.plugin_system:Skipping extension 'colcon_notification.desktop_notification.terminal_notifier': Not used on non-Darwin systems
[7.670s] INFO:colcon.colcon_core.plugin_system:Skipping extension 'colcon_notification.desktop_notification.win32': Not used on non-Windows systems
[7.671s] INFO:colcon.colcon_notification.desktop_notification:Sending desktop notification using 'notify2'
[7.671s] DEBUG:colcon.colcon_notification.desktop_notification.notify2:Failed to initialize notify2: org.freedesktop.DBus.Error.NotSupported: Unable to autolaunch a dbus-daemon without a $DISPLAY for X11
[7.672s] DEBUG:colcon.colcon_core.event_reactor:joined thread
[7.726s] INFO:colcon.colcon_core.shell:Creating prefix script '/home/racecar/racecar_ws/src/lab1c/install/local_setup.ps1'
[7.730s] INFO:colcon.colcon_core.shell:Creating prefix util module '/home/racecar/racecar_ws/src/lab1c/install/_local_setup_util_ps1.py'
[7.735s] INFO:colcon.colcon_core.shell:Creating prefix chain script '/home/racecar/racecar_ws/src/lab1c/install/setup.ps1'
[7.811s] INFO:colcon.colcon_core.shell:Creating prefix script '/home/racecar/racecar_ws/src/lab1c/install/local_setup.sh'
[7.814s] INFO:colcon.colcon_core.shell:Creating prefix util module '/home/racecar/racecar_ws/src/lab1c/install/_local_setup_util_sh.py'
[7.817s] INFO:colcon.colcon_core.shell:Creating prefix chain script '/home/racecar/racecar_ws/src/lab1c/install/setup.sh'
[7.895s] INFO:colcon.colcon_core.shell:Creating prefix script '/home/racecar/racecar_ws/src/lab1c/install/local_setup.bash'
[7.897s] INFO:colcon.colcon_core.shell:Creating prefix chain script '/home/racecar/racecar_ws/src/lab1c/install/setup.bash'
[7.968s] INFO:colcon.colcon_core.shell:Creating prefix script '/home/racecar/racecar_ws/src/lab1c/install/local_setup.zsh'
[7.971s] INFO:colcon.colcon_core.shell:Creating prefix chain script '/home/racecar/racecar_ws/src/lab1c/install/setup.zsh'
