[0.000000] (-) TimerEvent: {}
[0.000769] (ros_exercises) JobQueued: {'identifier': 'ros_exercises', 'dependencies': OrderedDict()}
[0.001416] (ros_exercises) JobStarted: {'identifier': 'ros_exercises'}
[0.101890] (-) TimerEvent: {}
[0.204865] (-) TimerEvent: {}
[0.306775] (-) TimerEvent: {}
[0.408449] (-) TimerEvent: {}
[0.509593] (-) TimerEvent: {}
[0.612687] (-) TimerEvent: {}
[0.715518] (-) TimerEvent: {}
[0.816541] (-) TimerEvent: {}
[0.917374] (-) TimerEvent: {}
[1.018549] (-) TimerEvent: {}
[1.119563] (-) TimerEvent: {}
[1.221402] (-) TimerEvent: {}
[1.249122] (ros_exercises) Command: {'cmd': ['/usr/bin/python3', 'setup.py', 'develop', '--editable', '--build-directory', '/home/racecar/racecar_ws/src/ros_exercises/build/ros_exercises/build', '--no-deps', 'install_data'], 'cwd': '/home/racecar/racecar_ws/src/ros_exercises/build/ros_exercises', 'env': {'VNCDESKTOP': '057a5573a02e:1 (racecar)', 'PYTHONIOENCODING': 'utf-8', 'HOSTNAME': '057a5573a02e', 'SHLVL': '2', 'LD_LIBRARY_PATH': '/opt/ros/foxy/opt/yaml_cpp_vendor/lib:/opt/ros/foxy/opt/rviz_ogre_vendor/lib:/opt/ros/foxy/lib/x86_64-linux-gnu:/opt/ros/foxy/lib', 'HOME': '/home/racecar', 'OLDPWD': '/home/racecar/racecar_ws/src', 'ROS_PYTHON_VERSION': '3', 'COLCON_PREFIX_PATH': '/home/racecar/racecar_ws/src/ros_exercises/install:/home/sim_ws/install:/home/racecar/racecar_ws/install', 'ROS_DISTRO': 'foxy', 'LOGNAME': 'racecar', 'WINDOWID': '4194317', '_': '/usr/bin/colcon', 'ROS_VERSION': '2', 'XTERM_SHELL': '/bin/bash', 'TERM': 'xterm', 'ROS_LOCALHOST_ONLY': '0', 'PATH': '/opt/ros/foxy/bin:/usr/local/sbin:/usr/local/bin:/usr/sbin:/usr/bin:/sbin:/bin', 'DISPLAY': ':1', 'LANG': 'en_US.UTF-8', 'AMENT_PREFIX_PATH': '/home/racecar/racecar_ws/src/ros_exercises/install/ros_exercises:/home/sim_ws/install/racecar_simulator:/opt/ros/foxy', 'SHELL': '/bin/bash', 'SIM_WS': '/home/sim_ws', 'PWD': '/home/racecar/racecar_ws/src/ros_exercises/build/ros_exercises', 'XTERM_LOCALE': 'en_US.UTF-8', 'XTERM_VERSION': 'XTerm(353)', 'PYTHONPATH': '/home/racecar/racecar_ws/src/ros_exercises/build/ros_exercises/prefix_override:/home/racecar/racecar_ws/src/ros_exercises/install/ros_exercises/lib/python3.8/site-packages:/home/racecar/racecar_ws/src/ros_exercises/install/ros_exercises/lib/python3.8/site-packages:/opt/ros/foxy/lib/python3.8/site-packages', 'NO_VNC_VERSION': '1.4.0', 'COLCON': '1', 'CMAKE_PREFIX_PATH': '/home/sim_ws/install/racecar_simulator'}, 'shell': False}
[1.322501] (-) TimerEvent: {}
[1.423648] (-) TimerEvent: {}
[1.507700] (ros_exercises) StdoutLine: {'line': b'running develop\n'}
[1.524548] (-) TimerEvent: {}
[1.625513] (-) TimerEvent: {}
[1.647770] (ros_exercises) StdoutLine: {'line': b'running egg_info\n'}
[1.649322] (ros_exercises) StdoutLine: {'line': b'writing ros_exercises.egg-info/PKG-INFO\n'}
[1.651163] (ros_exercises) StdoutLine: {'line': b'writing dependency_links to ros_exercises.egg-info/dependency_links.txt\n'}
[1.652542] (ros_exercises) StdoutLine: {'line': b'writing entry points to ros_exercises.egg-info/entry_points.txt\n'}
[1.653656] (ros_exercises) StdoutLine: {'line': b'writing requirements to ros_exercises.egg-info/requires.txt\n'}
[1.654803] (ros_exercises) StdoutLine: {'line': b'writing top-level names to ros_exercises.egg-info/top_level.txt\n'}
[1.702116] (ros_exercises) StdoutLine: {'line': b"reading manifest file 'ros_exercises.egg-info/SOURCES.txt'\n"}
[1.707563] (ros_exercises) StdoutLine: {'line': b"writing manifest file 'ros_exercises.egg-info/SOURCES.txt'\n"}
[1.726390] (-) TimerEvent: {}
[1.763900] (ros_exercises) StdoutLine: {'line': b'running build_ext\n'}
[1.765404] (ros_exercises) StdoutLine: {'line': b'Creating /home/racecar/racecar_ws/src/ros_exercises/install/ros_exercises/lib/python3.8/site-packages/site.py\n'}
[1.770983] (ros_exercises) StdoutLine: {'line': b'Creating /home/racecar/racecar_ws/src/ros_exercises/install/ros_exercises/lib/python3.8/site-packages/ros-exercises.egg-link (link to .)\n'}
[1.774751] (ros_exercises) StdoutLine: {'line': b'\n'}
[1.776387] (ros_exercises) StdoutLine: {'line': b'Installed /home/racecar/racecar_ws/src/ros_exercises/build/ros_exercises\n'}
[1.778622] (ros_exercises) StdoutLine: {'line': b'running install_data\n'}
[1.803558] (ros_exercises) CommandEnded: {'returncode': 0}
[1.828137] (-) TimerEvent: {}
[1.931656] (-) TimerEvent: {}
[2.012974] (ros_exercises) JobEnded: {'identifier': 'ros_exercises', 'rc': 0}
[2.018608] (-) EventReactorShutdown: {}
