[0.000000] (-) TimerEvent: {}
[0.000683] (ros_exercises) JobQueued: {'identifier': 'ros_exercises', 'dependencies': OrderedDict()}
[0.001178] (ros_exercises) JobStarted: {'identifier': 'ros_exercises'}
[0.100044] (-) TimerEvent: {}
[0.203338] (-) TimerEvent: {}
[0.305147] (-) TimerEvent: {}
[0.407412] (-) TimerEvent: {}
[0.508854] (-) TimerEvent: {}
[0.611119] (-) TimerEvent: {}
[0.712957] (-) TimerEvent: {}
[0.813841] (-) TimerEvent: {}
[0.914782] (-) TimerEvent: {}
[1.015883] (-) TimerEvent: {}
[1.117315] (-) TimerEvent: {}
[1.219162] (-) TimerEvent: {}
[1.321854] (-) TimerEvent: {}
[1.423035] (-) TimerEvent: {}
[1.524042] (-) TimerEvent: {}
[1.624833] (-) TimerEvent: {}
[1.721175] (ros_exercises) Command: {'cmd': ['/usr/bin/python3', 'setup.py', 'egg_info', '--egg-base', 'build/ros_exercises', 'build', '--build-base', '/home/racecar/racecar_ws/src/lab1c/ros_exercises/build/ros_exercises/build', 'install', '--record', '/home/racecar/racecar_ws/src/lab1c/ros_exercises/build/ros_exercises/install.log', '--install-scripts', '$base/lib/ros_exercises', '--single-version-externally-managed'], 'cwd': '/home/racecar/racecar_ws/src/lab1c/ros_exercises', 'env': {'PYTHONIOENCODING': 'utf-8', 'HOSTNAME': '4a8c1757ee4a', 'SHLVL': '1', 'LD_LIBRARY_PATH': '/home/racecar/racecar_ws/src/lab1c/install/open_space_msg/lib:/home/racecar/racecar_ws/src/install/open_space_msg/lib:/opt/ros/foxy/opt/yaml_cpp_vendor/lib:/opt/ros/foxy/opt/rviz_ogre_vendor/lib:/opt/ros/foxy/lib/x86_64-linux-gnu:/opt/ros/foxy/lib', 'HOME': '/home/racecar', 'OLDPWD': '/home/racecar/racecar_ws/src/lab1c/ros_exercises/launch', 'ROS_PYTHON_VERSION': '3', 'COLCON_PREFIX_PATH': '/home/racecar/racecar_ws/src/lab1c/ros_exercises/install:/home/racecar/racecar_ws/src/lab1c/install:/home/racecar/racecar_ws/src/install:/home/sim_ws/install:/home/racecar/racecar_ws/install', 'ROS_DISTRO': 'foxy', '_': '/usr/bin/colcon', 'ROS_VERSION': '2', 'TERM': 'xterm', 'ROS_LOCALHOST_ONLY': '0', 'PATH': '/opt/ros/foxy/bin:/usr/local/sbin:/usr/local/bin:/usr/sbin:/usr/bin:/sbin:/bin', 'LANG': 'en_US.UTF-8', 'AMENT_PREFIX_PATH': '/home/racecar/racecar_ws/src/lab1c/install/ros_exercises:/home/racecar/racecar_ws/src/lab1c/install/open_space_msg:/home/racecar/racecar_ws/src/lab1c/ros_exercises/install/ros_exercises:/home/racecar/racecar_ws/src/install/ros_exercises:/home/racecar/racecar_ws/src/install/open_space_msg:/home/sim_ws/install/racecar_simulator:/home/racecar/racecar_ws/install/ros_exercises:/opt/ros/foxy', 'SIM_WS': '/home/sim_ws', 'PWD': '/home/racecar/racecar_ws/src/lab1c/ros_exercises/build/ros_exercises', 'PYTHONPATH': '/home/racecar/racecar_ws/src/lab1c/ros_exercises/build/ros_exercises/prefix_override:/home/racecar/racecar_ws/src/lab1c/ros_exercises/install/ros_exercises/lib/python3.8/site-packages:/home/racecar/racecar_ws/src/lab1c/install/ros_exercises/lib/python3.8/site-packages:/home/racecar/racecar_ws/src/lab1c/install/open_space_msg/lib/python3.8/site-packages:/home/racecar/racecar_ws/src/lab1c/ros_exercises/install/ros_exercises/lib/python3.8/site-packages:/home/racecar/racecar_ws/src/install/ros_exercises/lib/python3.8/site-packages:/home/racecar/racecar_ws/src/install/open_space_msg/lib/python3.8/site-packages:/home/racecar/racecar_ws/install/ros_exercises/lib/python3.8/site-packages:/opt/ros/foxy/lib/python3.8/site-packages', 'NO_VNC_VERSION': '1.4.0', 'COLCON': '1', 'CMAKE_PREFIX_PATH': '/home/racecar/racecar_ws/src/lab1c/install/open_space_msg:/home/racecar/racecar_ws/src/install/open_space_msg:/home/sim_ws/install/racecar_simulator'}, 'shell': False}
[1.729904] (-) TimerEvent: {}
[1.830833] (-) TimerEvent: {}
[1.932981] (-) TimerEvent: {}
[2.008874] (ros_exercises) StdoutLine: {'line': b'running egg_info\n'}
[2.010986] (ros_exercises) StdoutLine: {'line': b'writing build/ros_exercises/ros_exercises.egg-info/PKG-INFO\n'}
[2.012887] (ros_exercises) StdoutLine: {'line': b'writing dependency_links to build/ros_exercises/ros_exercises.egg-info/dependency_links.txt\n'}
[2.014318] (ros_exercises) StdoutLine: {'line': b'writing entry points to build/ros_exercises/ros_exercises.egg-info/entry_points.txt\n'}
[2.015668] (ros_exercises) StdoutLine: {'line': b'writing requirements to build/ros_exercises/ros_exercises.egg-info/requires.txt\n'}
[2.016757] (ros_exercises) StdoutLine: {'line': b'writing top-level names to build/ros_exercises/ros_exercises.egg-info/top_level.txt\n'}
[2.033951] (-) TimerEvent: {}
[2.070038] (ros_exercises) StdoutLine: {'line': b"reading manifest file 'build/ros_exercises/ros_exercises.egg-info/SOURCES.txt'\n"}
[2.073309] (ros_exercises) StdoutLine: {'line': b"writing manifest file 'build/ros_exercises/ros_exercises.egg-info/SOURCES.txt'\n"}
[2.074431] (ros_exercises) StdoutLine: {'line': b'running build\n'}
[2.075556] (ros_exercises) StdoutLine: {'line': b'running build_py\n'}
[2.076916] (ros_exercises) StdoutLine: {'line': b'copying ros_exercises/base_link_tf_pub.py -> /home/racecar/racecar_ws/src/lab1c/ros_exercises/build/ros_exercises/build/lib/ros_exercises\n'}
[2.080834] (ros_exercises) StdoutLine: {'line': b'running install\n'}
[2.082033] (ros_exercises) StdoutLine: {'line': b'running install_lib\n'}
[2.086360] (ros_exercises) StdoutLine: {'line': b'copying /home/racecar/racecar_ws/src/lab1c/ros_exercises/build/ros_exercises/build/lib/ros_exercises/base_link_tf_pub.py -> /home/racecar/racecar_ws/src/lab1c/ros_exercises/install/ros_exercises/lib/python3.8/site-packages/ros_exercises\n'}
[2.092937] (ros_exercises) StdoutLine: {'line': b'byte-compiling /home/racecar/racecar_ws/src/lab1c/ros_exercises/install/ros_exercises/lib/python3.8/site-packages/ros_exercises/base_link_tf_pub.py to base_link_tf_pub.cpython-38.pyc\n'}
[2.097727] (ros_exercises) StdoutLine: {'line': b'running install_data\n'}
[2.100233] (ros_exercises) StdoutLine: {'line': b'running install_egg_info\n'}
[2.102984] (ros_exercises) StdoutLine: {'line': b"removing '/home/racecar/racecar_ws/src/lab1c/ros_exercises/install/ros_exercises/lib/python3.8/site-packages/ros_exercises-0.0.0-py3.8.egg-info' (and everything under it)\n"}
[2.107210] (ros_exercises) StdoutLine: {'line': b'Copying build/ros_exercises/ros_exercises.egg-info to /home/racecar/racecar_ws/src/lab1c/ros_exercises/install/ros_exercises/lib/python3.8/site-packages/ros_exercises-0.0.0-py3.8.egg-info\n'}
[2.135009] (-) TimerEvent: {}
[2.157851] (ros_exercises) StdoutLine: {'line': b'running install_scripts\n'}
[2.186450] (ros_exercises) StdoutLine: {'line': b'Installing base_link_tf_pub script to /home/racecar/racecar_ws/src/lab1c/ros_exercises/install/ros_exercises/lib/ros_exercises\n'}
[2.189226] (ros_exercises) StdoutLine: {'line': b'Installing dynamic_tf_cam_publisher script to /home/racecar/racecar_ws/src/lab1c/ros_exercises/install/ros_exercises/lib/ros_exercises\n'}
[2.191388] (ros_exercises) StdoutLine: {'line': b'Installing fake_scan_publisher script to /home/racecar/racecar_ws/src/lab1c/ros_exercises/install/ros_exercises/lib/ros_exercises\n'}
[2.193056] (ros_exercises) StdoutLine: {'line': b'Installing open_space_publisher script to /home/racecar/racecar_ws/src/lab1c/ros_exercises/install/ros_exercises/lib/ros_exercises\n'}
[2.194653] (ros_exercises) StdoutLine: {'line': b'Installing simple_publisher script to /home/racecar/racecar_ws/src/lab1c/ros_exercises/install/ros_exercises/lib/ros_exercises\n'}
[2.196902] (ros_exercises) StdoutLine: {'line': b'Installing simple_subscriber script to /home/racecar/racecar_ws/src/lab1c/ros_exercises/install/ros_exercises/lib/ros_exercises\n'}
[2.198850] (ros_exercises) StdoutLine: {'line': b'Installing static_tf_cam_publisher script to /home/racecar/racecar_ws/src/lab1c/ros_exercises/install/ros_exercises/lib/ros_exercises\n'}
[2.202180] (ros_exercises) StdoutLine: {'line': b"writing list of installed files to '/home/racecar/racecar_ws/src/lab1c/ros_exercises/build/ros_exercises/install.log'\n"}
[2.236120] (ros_exercises) CommandEnded: {'returncode': 0}
[2.238944] (-) TimerEvent: {}
[2.340210] (-) TimerEvent: {}
[2.444813] (-) TimerEvent: {}
[2.453352] (ros_exercises) JobEnded: {'identifier': 'ros_exercises', 'rc': 0}
[2.458626] (-) EventReactorShutdown: {}
