[1.707s] Invoking command in '/home/racecar/racecar_ws/src/lab1c/ros_exercises': PYTHONPATH=/home/racecar/racecar_ws/src/lab1c/ros_exercises/build/ros_exercises/prefix_override:/home/racecar/racecar_ws/src/lab1c/ros_exercises/install/ros_exercises/lib/python3.8/site-packages:${PYTHONPATH} /usr/bin/python3 setup.py egg_info --egg-base build/ros_exercises build --build-base /home/racecar/racecar_ws/src/lab1c/ros_exercises/build/ros_exercises/build install --record /home/racecar/racecar_ws/src/lab1c/ros_exercises/build/ros_exercises/install.log --install-scripts $base/lib/ros_exercises --single-version-externally-managed
[1.988s] running egg_info
[1.989s] writing build/ros_exercises/ros_exercises.egg-info/PKG-INFO
[1.990s] writing dependency_links to build/ros_exercises/ros_exercises.egg-info/dependency_links.txt
[1.991s] writing entry points to build/ros_exercises/ros_exercises.egg-info/entry_points.txt
[1.992s] writing requirements to build/ros_exercises/ros_exercises.egg-info/requires.txt
[1.994s] writing top-level names to build/ros_exercises/ros_exercises.egg-info/top_level.txt
[2.047s] reading manifest file 'build/ros_exercises/ros_exercises.egg-info/SOURCES.txt'
[2.051s] writing manifest file 'build/ros_exercises/ros_exercises.egg-info/SOURCES.txt'
[2.053s] running build
[2.054s] running build_py
[2.056s] running install
[2.059s] running install_lib
[2.067s] running install_data
[2.069s] running install_egg_info
[2.072s] removing '/home/racecar/racecar_ws/src/lab1c/ros_exercises/install/ros_exercises/lib/python3.8/site-packages/ros_exercises-0.0.0-py3.8.egg-info' (and everything under it)
[2.077s] Copying build/ros_exercises/ros_exercises.egg-info to /home/racecar/racecar_ws/src/lab1c/ros_exercises/install/ros_exercises/lib/python3.8/site-packages/ros_exercises-0.0.0-py3.8.egg-info
[2.101s] running install_scripts
[2.134s] Installing base_link_tf_pub script to /home/racecar/racecar_ws/src/lab1c/ros_exercises/install/ros_exercises/lib/ros_exercises
[2.137s] Installing dynamic_tf_cam_publisher script to /home/racecar/racecar_ws/src/lab1c/ros_exercises/install/ros_exercises/lib/ros_exercises
[2.139s] Installing fake_scan_publisher script to /home/racecar/racecar_ws/src/lab1c/ros_exercises/install/ros_exercises/lib/ros_exercises
[2.142s] Installing open_space_publisher script to /home/racecar/racecar_ws/src/lab1c/ros_exercises/install/ros_exercises/lib/ros_exercises
[2.145s] Installing simple_publisher script to /home/racecar/racecar_ws/src/lab1c/ros_exercises/install/ros_exercises/lib/ros_exercises
[2.148s] Installing simple_subscriber script to /home/racecar/racecar_ws/src/lab1c/ros_exercises/install/ros_exercises/lib/ros_exercises
[2.150s] Installing static_tf_cam_publisher script to /home/racecar/racecar_ws/src/lab1c/ros_exercises/install/ros_exercises/lib/ros_exercises
[2.156s] writing list of installed files to '/home/racecar/racecar_ws/src/lab1c/ros_exercises/build/ros_exercises/install.log'
[2.185s] Invoked command in '/home/racecar/racecar_ws/src/lab1c/ros_exercises' returned '0': PYTHONPATH=/home/racecar/racecar_ws/src/lab1c/ros_exercises/build/ros_exercises/prefix_override:/home/racecar/racecar_ws/src/lab1c/ros_exercises/install/ros_exercises/lib/python3.8/site-packages:${PYTHONPATH} /usr/bin/python3 setup.py egg_info --egg-base build/ros_exercises build --build-base /home/racecar/racecar_ws/src/lab1c/ros_exercises/build/ros_exercises/build install --record /home/racecar/racecar_ws/src/lab1c/ros_exercises/build/ros_exercises/install.log --install-scripts $base/lib/ros_exercises --single-version-externally-managed
