[1.286s] Invoking command in '/home/racecar/racecar_ws/src/ros_exercises': PYTHONPATH=/home/racecar/racecar_ws/src/ros_exercises/build/ros_exercises/prefix_override:/home/racecar/racecar_ws/src/ros_exercises/install/ros_exercises/lib/python3.8/site-packages:${PYTHONPATH} /usr/bin/python3 setup.py egg_info --egg-base build/ros_exercises build --build-base /home/racecar/racecar_ws/src/ros_exercises/build/ros_exercises/build install --record /home/racecar/racecar_ws/src/ros_exercises/build/ros_exercises/install.log --install-scripts $base/lib/ros_exercises --single-version-externally-managed
[1.521s] running egg_info
[1.522s] writing build/ros_exercises/ros_exercises.egg-info/PKG-INFO
[1.524s] writing dependency_links to build/ros_exercises/ros_exercises.egg-info/dependency_links.txt
[1.525s] writing entry points to build/ros_exercises/ros_exercises.egg-info/entry_points.txt
[1.526s] writing requirements to build/ros_exercises/ros_exercises.egg-info/requires.txt
[1.528s] writing top-level names to build/ros_exercises/ros_exercises.egg-info/top_level.txt
[1.575s] reading manifest file 'build/ros_exercises/ros_exercises.egg-info/SOURCES.txt'
[1.577s] writing manifest file 'build/ros_exercises/ros_exercises.egg-info/SOURCES.txt'
[1.578s] running build
[1.580s] running build_py
[1.581s] running install
[1.582s] running install_lib
[1.585s] running install_data
[1.587s] running install_egg_info
[1.589s] removing '/home/racecar/racecar_ws/src/ros_exercises/install/ros_exercises/lib/python3.8/site-packages/ros_exercises-0.0.0-py3.8.egg-info' (and everything under it)
[1.593s] Copying build/ros_exercises/ros_exercises.egg-info to /home/racecar/racecar_ws/src/ros_exercises/install/ros_exercises/lib/python3.8/site-packages/ros_exercises-0.0.0-py3.8.egg-info
[1.616s] running install_scripts
[1.638s] Installing simple_publisher script to /home/racecar/racecar_ws/src/ros_exercises/install/ros_exercises/lib/ros_exercises
[1.641s] writing list of installed files to '/home/racecar/racecar_ws/src/ros_exercises/build/ros_exercises/install.log'
[1.662s] Invoked command in '/home/racecar/racecar_ws/src/ros_exercises' returned '0': PYTHONPATH=/home/racecar/racecar_ws/src/ros_exercises/build/ros_exercises/prefix_override:/home/racecar/racecar_ws/src/ros_exercises/install/ros_exercises/lib/python3.8/site-packages:${PYTHONPATH} /usr/bin/python3 setup.py egg_info --egg-base build/ros_exercises build --build-base /home/racecar/racecar_ws/src/ros_exercises/build/ros_exercises/build install --record /home/racecar/racecar_ws/src/ros_exercises/build/ros_exercises/install.log --install-scripts $base/lib/ros_exercises --single-version-externally-managed
