[2.659s] DEBUG:colcon:Command line arguments: ['/usr/bin/colcon', 'build']
[2.660s] DEBUG:colcon:Parsed command line arguments: Namespace(ament_cmake_args=None, base_paths=['.'], build_base='build', catkin_cmake_args=None, catkin_skip_building_tests=False, cmake_args=None, cmake_clean_cache=False, cmake_clean_first=False, cmake_force_configure=False, cmake_target=None, cmake_target_skip_unavailable=False, continue_on_error=False, event_handlers=None, executor='parallel', ignore_user_meta=False, install_base='install', log_base=None, log_level=None, main=<bound method BuildVerb.main of <colcon_core.verb.build.BuildVerb object at 0x7feb3d21f550>>, merge_install=False, metas=['./colcon.meta'], packages_above=None, packages_above_and_dependencies=None, packages_above_depth=None, packages_end=None, packages_ignore=None, packages_ignore_regex=None, packages_select=None, packages_select_build_failed=False, packages_select_by_dep=None, packages_select_regex=None, packages_select_test_failures=False, packages_skip=None, packages_skip_build_finished=False, packages_skip_by_dep=None, packages_skip_regex=None, packages_skip_test_passed=False, packages_skip_up_to=None, packages_start=None, packages_up_to=None, packages_up_to_regex=None, parallel_workers=8, paths=None, symlink_install=False, test_result_base=None, verb_extension=<colcon_core.verb.build.BuildVerb object at 0x7feb3d21f550>, verb_name='build', verb_parser=<colcon_defaults.argument_parser.defaults.DefaultArgumentsDecorator object at 0x7feb3cf0ca00>)
[2.833s] Level 1:colcon.colcon_core.package_discovery:discover_packages(colcon_meta) check parameters
[2.834s] Level 1:colcon.colcon_core.package_discovery:discover_packages(recursive) check parameters
[2.834s] Level 1:colcon.colcon_core.package_discovery:discover_packages(ignore) check parameters
[2.835s] Level 1:colcon.colcon_core.package_discovery:discover_packages(path) check parameters
[2.836s] Level 1:colcon.colcon_core.package_discovery:discover_packages(colcon_meta) discover
[2.836s] Level 1:colcon.colcon_core.package_discovery:discover_packages(recursive) discover
[2.837s] INFO:colcon.colcon_core.package_discovery:Crawling recursively for packages in '/home/racecar/racecar_ws/src/ros_exercises/ros_exercises'
[2.839s] Level 1:colcon.colcon_core.package_identification:_identify(.) by extensions ['ignore', 'ignore_ament_install']
[2.839s] Level 1:colcon.colcon_core.package_identification:_identify(.) by extension 'ignore'
[2.840s] Level 1:colcon.colcon_core.package_identification:_identify(.) by extension 'ignore_ament_install'
[2.840s] Level 1:colcon.colcon_core.package_identification:_identify(.) by extensions ['colcon_pkg']
[2.841s] Level 1:colcon.colcon_core.package_identification:_identify(.) by extension 'colcon_pkg'
[2.841s] Level 1:colcon.colcon_core.package_identification:_identify(.) by extensions ['colcon_meta']
[2.842s] Level 1:colcon.colcon_core.package_identification:_identify(.) by extension 'colcon_meta'
[2.842s] Level 1:colcon.colcon_core.package_identification:_identify(.) by extensions ['ros']
[2.842s] Level 1:colcon.colcon_core.package_identification:_identify(.) by extension 'ros'
[2.858s] Level 1:colcon.colcon_core.package_identification:_identify(.) by extensions ['cmake', 'python']
[2.858s] Level 1:colcon.colcon_core.package_identification:_identify(.) by extension 'cmake'
[2.859s] Level 1:colcon.colcon_core.package_identification:_identify(.) by extension 'python'
[2.860s] Level 1:colcon.colcon_core.package_identification:_identify(.) by extensions ['python_setup_py']
[2.860s] Level 1:colcon.colcon_core.package_identification:_identify(.) by extension 'python_setup_py'
[2.861s] Level 1:colcon.colcon_core.package_identification:_identify(__pycache__) by extensions ['ignore', 'ignore_ament_install']
[2.861s] Level 1:colcon.colcon_core.package_identification:_identify(__pycache__) by extension 'ignore'
[2.862s] Level 1:colcon.colcon_core.package_identification:_identify(__pycache__) by extension 'ignore_ament_install'
[2.862s] Level 1:colcon.colcon_core.package_identification:_identify(__pycache__) by extensions ['colcon_pkg']
[2.863s] Level 1:colcon.colcon_core.package_identification:_identify(__pycache__) by extension 'colcon_pkg'
[2.863s] Level 1:colcon.colcon_core.package_identification:_identify(__pycache__) by extensions ['colcon_meta']
[2.863s] Level 1:colcon.colcon_core.package_identification:_identify(__pycache__) by extension 'colcon_meta'
[2.863s] Level 1:colcon.colcon_core.package_identification:_identify(__pycache__) by extensions ['ros']
[2.864s] Level 1:colcon.colcon_core.package_identification:_identify(__pycache__) by extension 'ros'
[2.864s] Level 1:colcon.colcon_core.package_identification:_identify(__pycache__) by extensions ['cmake', 'python']
[2.865s] Level 1:colcon.colcon_core.package_identification:_identify(__pycache__) by extension 'cmake'
[2.865s] Level 1:colcon.colcon_core.package_identification:_identify(__pycache__) by extension 'python'
[2.865s] Level 1:colcon.colcon_core.package_identification:_identify(__pycache__) by extensions ['python_setup_py']
[2.866s] Level 1:colcon.colcon_core.package_identification:_identify(__pycache__) by extension 'python_setup_py'
[2.867s] Level 1:colcon.colcon_core.package_identification:_identify(build) by extensions ['ignore', 'ignore_ament_install']
[2.867s] Level 1:colcon.colcon_core.package_identification:_identify(build) by extension 'ignore'
[2.867s] Level 1:colcon.colcon_core.package_identification:_identify(build) ignored
[2.868s] Level 1:colcon.colcon_core.package_identification:_identify(install) by extensions ['ignore', 'ignore_ament_install']
[2.868s] Level 1:colcon.colcon_core.package_identification:_identify(install) by extension 'ignore'
[2.869s] Level 1:colcon.colcon_core.package_identification:_identify(install) ignored
[2.870s] Level 1:colcon.colcon_core.package_identification:_identify(log) by extensions ['ignore', 'ignore_ament_install']
[2.870s] Level 1:colcon.colcon_core.package_identification:_identify(log) by extension 'ignore'
[2.871s] Level 1:colcon.colcon_core.package_identification:_identify(log) ignored
[2.871s] Level 1:colcon.colcon_core.package_discovery:discover_packages(recursive) using defaults
[2.871s] Level 1:colcon.colcon_core.package_discovery:discover_packages(ignore) discover
[2.871s] Level 1:colcon.colcon_core.package_discovery:discover_packages(ignore) using defaults
[2.872s] Level 1:colcon.colcon_core.package_discovery:discover_packages(path) discover
[2.872s] Level 1:colcon.colcon_core.package_discovery:discover_packages(path) using defaults
[3.053s] INFO:colcon.colcon_core.executor:Executing jobs using 'parallel' executor
[3.095s] DEBUG:colcon.colcon_parallel_executor.executor.parallel:run_until_complete
[3.096s] DEBUG:colcon.colcon_parallel_executor.executor.parallel:closing loop
[3.096s] DEBUG:colcon.colcon_parallel_executor.executor.parallel:loop closed
[3.097s] DEBUG:colcon.colcon_parallel_executor.executor.parallel:run_until_complete finished with '0'
[3.097s] DEBUG:colcon.colcon_core.event_reactor:joining thread
[3.156s] INFO:colcon.colcon_core.plugin_system:Skipping extension 'colcon_notification.desktop_notification.notify_send': Could not find 'notify-send'
[3.156s] INFO:colcon.colcon_core.plugin_system:Skipping extension 'colcon_notification.desktop_notification.terminal_notifier': Not used on non-Darwin systems
[3.157s] INFO:colcon.colcon_core.plugin_system:Skipping extension 'colcon_notification.desktop_notification.win32': Not used on non-Windows systems
[3.157s] INFO:colcon.colcon_notification.desktop_notification:Sending desktop notification using 'notify2'
[3.167s] DEBUG:colcon.colcon_notification.desktop_notification.notify2:Failed to initialize notify2: org.freedesktop.DBus.Error.ServiceUnknown: The name org.freedesktop.Notifications was not provided by any .service files
[3.169s] DEBUG:colcon.colcon_core.event_reactor:joined thread
[3.213s] INFO:colcon.colcon_core.plugin_system:Skipping extension 'colcon_core.shell.bat': Not used on non-Windows systems
[3.214s] INFO:colcon.colcon_core.shell:Creating prefix script '/home/racecar/racecar_ws/src/ros_exercises/ros_exercises/install/local_setup.ps1'
[3.217s] INFO:colcon.colcon_core.shell:Creating prefix util module '/home/racecar/racecar_ws/src/ros_exercises/ros_exercises/install/_local_setup_util_ps1.py'
[3.220s] INFO:colcon.colcon_core.shell:Creating prefix chain script '/home/racecar/racecar_ws/src/ros_exercises/ros_exercises/install/setup.ps1'
[3.272s] INFO:colcon.colcon_core.shell:Creating prefix script '/home/racecar/racecar_ws/src/ros_exercises/ros_exercises/install/local_setup.sh'
[3.276s] INFO:colcon.colcon_core.shell:Creating prefix util module '/home/racecar/racecar_ws/src/ros_exercises/ros_exercises/install/_local_setup_util_sh.py'
[3.279s] INFO:colcon.colcon_core.shell:Creating prefix chain script '/home/racecar/racecar_ws/src/ros_exercises/ros_exercises/install/setup.sh'
[3.341s] INFO:colcon.colcon_core.shell:Creating prefix script '/home/racecar/racecar_ws/src/ros_exercises/ros_exercises/install/local_setup.bash'
[3.343s] INFO:colcon.colcon_core.shell:Creating prefix chain script '/home/racecar/racecar_ws/src/ros_exercises/ros_exercises/install/setup.bash'
[3.393s] INFO:colcon.colcon_core.shell:Creating prefix script '/home/racecar/racecar_ws/src/ros_exercises/ros_exercises/install/local_setup.zsh'
[3.396s] INFO:colcon.colcon_core.shell:Creating prefix chain script '/home/racecar/racecar_ws/src/ros_exercises/ros_exercises/install/setup.zsh'
