[0.000000] (-) TimerEvent: {}
[0.000711] (ros_exercises) JobQueued: {'identifier': 'ros_exercises', 'dependencies': OrderedDict()}
[0.001214] (ros_exercises) JobStarted: {'identifier': 'ros_exercises'}
[0.099576] (-) TimerEvent: {}
[0.202129] (-) TimerEvent: {}
[0.305653] (-) TimerEvent: {}
[0.407846] (-) TimerEvent: {}
[0.509719] (-) TimerEvent: {}
[0.611614] (-) TimerEvent: {}
[0.712578] (-) TimerEvent: {}
[0.814537] (-) TimerEvent: {}
[0.918334] (-) TimerEvent: {}
[1.023479] (-) TimerEvent: {}
[1.132272] (-) TimerEvent: {}
[1.236685] (-) TimerEvent: {}
[1.338671] (-) TimerEvent: {}
[1.439512] (-) TimerEvent: {}
[1.540475] (-) TimerEvent: {}
[1.641544] (-) TimerEvent: {}
[1.742545] (-) TimerEvent: {}
[1.843514] (-) TimerEvent: {}
[1.911780] (ros_exercises) Command: {'cmd': ['/usr/bin/python3', 'setup.py', 'egg_info', '--egg-base', 'build/ros_exercises', 'build', '--build-base', '/home/racecar/racecar_ws/src/ros_exercises/build/ros_exercises/build', 'install', '--record', '/home/racecar/racecar_ws/src/ros_exercises/build/ros_exercises/install.log', '--install-scripts', '$base/lib/ros_exercises', '--single-version-externally-managed'], 'cwd': '/home/racecar/racecar_ws/src/ros_exercises', 'env': {'PYTHONIOENCODING': 'utf-8', 'HOSTNAME': '7454ae33d199', 'SHLVL': '1', 'LD_LIBRARY_PATH': '/opt/ros/foxy/opt/yaml_cpp_vendor/lib:/opt/ros/foxy/opt/rviz_ogre_vendor/lib:/opt/ros/foxy/lib/x86_64-linux-gnu:/opt/ros/foxy/lib', 'HOME': '/home/racecar', 'OLDPWD': '/home/racecar/racecar_ws/src/ros_exercises/ros_exercises', 'ROS_PYTHON_VERSION': '3', 'COLCON_PREFIX_PATH': '/home/sim_ws/install:/home/racecar/racecar_ws/install', 'ROS_DISTRO': 'foxy', '_': '/usr/bin/colcon', 'ROS_VERSION': '2', 'TERM': 'xterm', 'ROS_LOCALHOST_ONLY': '0', 'PATH': '/opt/ros/foxy/bin:/usr/local/sbin:/usr/local/bin:/usr/sbin:/usr/bin:/sbin:/bin', 'LANG': 'en_US.UTF-8', 'AMENT_PREFIX_PATH': '/home/sim_ws/install/racecar_simulator:/home/racecar/racecar_ws/install/ros_exercises:/opt/ros/foxy', 'SIM_WS': '/home/sim_ws', 'PWD': '/home/racecar/racecar_ws/src/ros_exercises/build/ros_exercises', 'PYTHONPATH': '/home/racecar/racecar_ws/src/ros_exercises/build/ros_exercises/prefix_override:/home/racecar/racecar_ws/src/ros_exercises/install/ros_exercises/lib/python3.8/site-packages:/home/racecar/racecar_ws/install/ros_exercises/lib/python3.8/site-packages:/opt/ros/foxy/lib/python3.8/site-packages', 'NO_VNC_VERSION': '1.4.0', 'COLCON': '1', 'CMAKE_PREFIX_PATH': '/home/sim_ws/install/racecar_simulator'}, 'shell': False}
[1.944779] (-) TimerEvent: {}
[2.046852] (-) TimerEvent: {}
[2.148667] (-) TimerEvent: {}
[2.249614] (-) TimerEvent: {}
[2.328098] (ros_exercises) StdoutLine: {'line': b'running egg_info\n'}
[2.330708] (ros_exercises) StdoutLine: {'line': b'writing build/ros_exercises/ros_exercises.egg-info/PKG-INFO\n'}
[2.333294] (ros_exercises) StdoutLine: {'line': b'writing dependency_links to build/ros_exercises/ros_exercises.egg-info/dependency_links.txt\n'}
[2.335879] (ros_exercises) StdoutLine: {'line': b'writing entry points to build/ros_exercises/ros_exercises.egg-info/entry_points.txt\n'}
[2.338350] (ros_exercises) StdoutLine: {'line': b'writing requirements to build/ros_exercises/ros_exercises.egg-info/requires.txt\n'}
[2.341264] (ros_exercises) StdoutLine: {'line': b'writing top-level names to build/ros_exercises/ros_exercises.egg-info/top_level.txt\n'}
[2.350597] (-) TimerEvent: {}
[2.441447] (ros_exercises) StdoutLine: {'line': b"reading manifest file 'build/ros_exercises/ros_exercises.egg-info/SOURCES.txt'\n"}
[2.446952] (ros_exercises) StdoutLine: {'line': b"writing manifest file 'build/ros_exercises/ros_exercises.egg-info/SOURCES.txt'\n"}
[2.448960] (ros_exercises) StdoutLine: {'line': b'running build\n'}
[2.450805] (-) TimerEvent: {}
[2.451466] (ros_exercises) StdoutLine: {'line': b'running build_py\n'}
[2.453792] (ros_exercises) StdoutLine: {'line': b'running install\n'}
[2.456206] (ros_exercises) StdoutLine: {'line': b'running install_lib\n'}
[2.462856] (ros_exercises) StdoutLine: {'line': b'running install_data\n'}
[2.465149] (ros_exercises) StdoutLine: {'line': b'running install_egg_info\n'}
[2.468379] (ros_exercises) StdoutLine: {'line': b"removing '/home/racecar/racecar_ws/src/ros_exercises/install/ros_exercises/lib/python3.8/site-packages/ros_exercises-0.0.0-py3.8.egg-info' (and everything under it)\n"}
[2.473867] (ros_exercises) StdoutLine: {'line': b'Copying build/ros_exercises/ros_exercises.egg-info to /home/racecar/racecar_ws/src/ros_exercises/install/ros_exercises/lib/python3.8/site-packages/ros_exercises-0.0.0-py3.8.egg-info\n'}
[2.514863] (ros_exercises) StdoutLine: {'line': b'running install_scripts\n'}
[2.548220] (ros_exercises) StdoutLine: {'line': b'Installing simple_publisher script to /home/racecar/racecar_ws/src/ros_exercises/install/ros_exercises/lib/ros_exercises\n'}
[2.550864] (ros_exercises) StdoutLine: {'line': b'Installing simple_subscriber script to /home/racecar/racecar_ws/src/ros_exercises/install/ros_exercises/lib/ros_exercises\n'}
[2.552870] (-) TimerEvent: {}
[2.555647] (ros_exercises) StdoutLine: {'line': b"writing list of installed files to '/home/racecar/racecar_ws/src/ros_exercises/build/ros_exercises/install.log'\n"}
[2.584968] (ros_exercises) CommandEnded: {'returncode': 0}
[2.653847] (-) TimerEvent: {}
[2.755734] (-) TimerEvent: {}
[2.857609] (-) TimerEvent: {}
[2.858608] (ros_exercises) JobEnded: {'identifier': 'ros_exercises', 'rc': 0}
[2.865363] (-) EventReactorShutdown: {}
