[3.155s] DEBUG:colcon:Command line arguments: ['/usr/bin/colcon', 'build']
[3.155s] DEBUG:colcon:Parsed command line arguments: Namespace(ament_cmake_args=None, base_paths=['.'], build_base='build', catkin_cmake_args=None, catkin_skip_building_tests=False, cmake_args=None, cmake_clean_cache=False, cmake_clean_first=False, cmake_force_configure=False, cmake_target=None, cmake_target_skip_unavailable=False, continue_on_error=False, event_handlers=None, executor='parallel', ignore_user_meta=False, install_base='install', log_base=None, log_level=None, main=<bound method BuildVerb.main of <colcon_core.verb.build.BuildVerb object at 0x7f02e68ee6a0>>, merge_install=False, metas=['./colcon.meta'], packages_above=None, packages_above_and_dependencies=None, packages_above_depth=None, packages_end=None, packages_ignore=None, packages_ignore_regex=None, packages_select=None, packages_select_build_failed=False, packages_select_by_dep=None, packages_select_regex=None, packages_select_test_failures=False, packages_skip=None, packages_skip_build_finished=False, packages_skip_by_dep=None, packages_skip_regex=None, packages_skip_test_passed=False, packages_skip_up_to=None, packages_start=None, packages_up_to=None, packages_up_to_regex=None, parallel_workers=8, paths=None, symlink_install=False, test_result_base=None, verb_extension=<colcon_core.verb.build.BuildVerb object at 0x7f02e68ee6a0>, verb_name='build', verb_parser=<colcon_defaults.argument_parser.defaults.DefaultArgumentsDecorator object at 0x7f02e64ebfa0>)
[3.305s] Level 1:colcon.colcon_core.package_discovery:discover_packages(colcon_meta) check parameters
[3.306s] Level 1:colcon.colcon_core.package_discovery:discover_packages(recursive) check parameters
[3.307s] Level 1:colcon.colcon_core.package_discovery:discover_packages(ignore) check parameters
[3.307s] Level 1:colcon.colcon_core.package_discovery:discover_packages(path) check parameters
[3.307s] Level 1:colcon.colcon_core.package_discovery:discover_packages(colcon_meta) discover
[3.308s] Level 1:colcon.colcon_core.package_discovery:discover_packages(recursive) discover
[3.308s] INFO:colcon.colcon_core.package_discovery:Crawling recursively for packages in '/home/racecar/racecar_ws/src/lab1c'
[3.310s] Level 1:colcon.colcon_core.package_identification:_identify(.) by extensions ['ignore', 'ignore_ament_install']
[3.311s] Level 1:colcon.colcon_core.package_identification:_identify(.) by extension 'ignore'
[3.311s] Level 1:colcon.colcon_core.package_identification:_identify(.) by extension 'ignore_ament_install'
[3.312s] Level 1:colcon.colcon_core.package_identification:_identify(.) by extensions ['colcon_pkg']
[3.313s] Level 1:colcon.colcon_core.package_identification:_identify(.) by extension 'colcon_pkg'
[3.313s] Level 1:colcon.colcon_core.package_identification:_identify(.) by extensions ['colcon_meta']
[3.314s] Level 1:colcon.colcon_core.package_identification:_identify(.) by extension 'colcon_meta'
[3.314s] Level 1:colcon.colcon_core.package_identification:_identify(.) by extensions ['ros']
[3.315s] Level 1:colcon.colcon_core.package_identification:_identify(.) by extension 'ros'
[3.332s] Level 1:colcon.colcon_core.package_identification:_identify(.) by extensions ['cmake', 'python']
[3.332s] Level 1:colcon.colcon_core.package_identification:_identify(.) by extension 'cmake'
[3.333s] Level 1:colcon.colcon_core.package_identification:_identify(.) by extension 'python'
[3.334s] Level 1:colcon.colcon_core.package_identification:_identify(.) by extensions ['python_setup_py']
[3.334s] Level 1:colcon.colcon_core.package_identification:_identify(.) by extension 'python_setup_py'
[3.336s] Level 1:colcon.colcon_core.package_identification:_identify(build) by extensions ['ignore', 'ignore_ament_install']
[3.336s] Level 1:colcon.colcon_core.package_identification:_identify(build) by extension 'ignore'
[3.336s] Level 1:colcon.colcon_core.package_identification:_identify(build) ignored
[3.338s] Level 1:colcon.colcon_core.package_identification:_identify(install) by extensions ['ignore', 'ignore_ament_install']
[3.338s] Level 1:colcon.colcon_core.package_identification:_identify(install) by extension 'ignore'
[3.339s] Level 1:colcon.colcon_core.package_identification:_identify(install) ignored
[3.340s] Level 1:colcon.colcon_core.package_identification:_identify(log) by extensions ['ignore', 'ignore_ament_install']
[3.341s] Level 1:colcon.colcon_core.package_identification:_identify(log) by extension 'ignore'
[3.341s] Level 1:colcon.colcon_core.package_identification:_identify(log) ignored
[3.343s] Level 1:colcon.colcon_core.package_identification:_identify(open_space_msg) by extensions ['ignore', 'ignore_ament_install']
[3.344s] Level 1:colcon.colcon_core.package_identification:_identify(open_space_msg) by extension 'ignore'
[3.344s] Level 1:colcon.colcon_core.package_identification:_identify(open_space_msg) by extension 'ignore_ament_install'
[3.345s] Level 1:colcon.colcon_core.package_identification:_identify(open_space_msg) by extensions ['colcon_pkg']
[3.345s] Level 1:colcon.colcon_core.package_identification:_identify(open_space_msg) by extension 'colcon_pkg'
[3.346s] Level 1:colcon.colcon_core.package_identification:_identify(open_space_msg) by extensions ['colcon_meta']
[3.347s] Level 1:colcon.colcon_core.package_identification:_identify(open_space_msg) by extension 'colcon_meta'
[3.347s] Level 1:colcon.colcon_core.package_identification:_identify(open_space_msg) by extensions ['ros']
[3.347s] Level 1:colcon.colcon_core.package_identification:_identify(open_space_msg) by extension 'ros'
[3.352s] DEBUG:colcon.colcon_core.package_identification:Package 'open_space_msg' with type 'ros.ament_cmake' and name 'open_space_msg'
[3.354s] Level 1:colcon.colcon_core.package_identification:_identify(ros_exercises) by extensions ['ignore', 'ignore_ament_install']
[3.354s] Level 1:colcon.colcon_core.package_identification:_identify(ros_exercises) by extension 'ignore'
[3.355s] Level 1:colcon.colcon_core.package_identification:_identify(ros_exercises) by extension 'ignore_ament_install'
[3.355s] Level 1:colcon.colcon_core.package_identification:_identify(ros_exercises) by extensions ['colcon_pkg']
[3.356s] Level 1:colcon.colcon_core.package_identification:_identify(ros_exercises) by extension 'colcon_pkg'
[3.356s] Level 1:colcon.colcon_core.package_identification:_identify(ros_exercises) by extensions ['colcon_meta']
[3.357s] Level 1:colcon.colcon_core.package_identification:_identify(ros_exercises) by extension 'colcon_meta'
[3.357s] Level 1:colcon.colcon_core.package_identification:_identify(ros_exercises) by extensions ['ros']
[3.357s] Level 1:colcon.colcon_core.package_identification:_identify(ros_exercises) by extension 'ros'
[3.359s] DEBUG:colcon.colcon_core.package_identification:Package 'ros_exercises' with type 'ros.ament_python' and name 'ros_exercises'
[3.359s] Level 1:colcon.colcon_core.package_discovery:discover_packages(recursive) using defaults
[3.360s] Level 1:colcon.colcon_core.package_discovery:discover_packages(ignore) discover
[3.360s] Level 1:colcon.colcon_core.package_discovery:discover_packages(ignore) using defaults
[3.361s] Level 1:colcon.colcon_core.package_discovery:discover_packages(path) discover
[3.361s] Level 1:colcon.colcon_core.package_discovery:discover_packages(path) using defaults
[3.598s] Level 5:colcon.colcon_core.verb:set package 'open_space_msg' build argument 'cmake_args' from command line to 'None'
[3.599s] Level 5:colcon.colcon_core.verb:set package 'open_space_msg' build argument 'cmake_target' from command line to 'None'
[3.599s] Level 5:colcon.colcon_core.verb:set package 'open_space_msg' build argument 'cmake_target_skip_unavailable' from command line to 'False'
[3.600s] Level 5:colcon.colcon_core.verb:set package 'open_space_msg' build argument 'cmake_clean_cache' from command line to 'False'
[3.600s] Level 5:colcon.colcon_core.verb:set package 'open_space_msg' build argument 'cmake_clean_first' from command line to 'False'
[3.600s] Level 5:colcon.colcon_core.verb:set package 'open_space_msg' build argument 'cmake_force_configure' from command line to 'False'
[3.601s] Level 5:colcon.colcon_core.verb:set package 'open_space_msg' build argument 'ament_cmake_args' from command line to 'None'
[3.601s] Level 5:colcon.colcon_core.verb:set package 'open_space_msg' build argument 'catkin_cmake_args' from command line to 'None'
[3.602s] Level 5:colcon.colcon_core.verb:set package 'open_space_msg' build argument 'catkin_skip_building_tests' from command line to 'False'
[3.602s] DEBUG:colcon.colcon_core.verb:Building package 'open_space_msg' with the following arguments: {'ament_cmake_args': None, 'build_base': '/home/racecar/racecar_ws/src/lab1c/build/open_space_msg', 'catkin_cmake_args': None, 'catkin_skip_building_tests': False, 'cmake_args': None, 'cmake_clean_cache': False, 'cmake_clean_first': False, 'cmake_force_configure': False, 'cmake_target': None, 'cmake_target_skip_unavailable': False, 'install_base': '/home/racecar/racecar_ws/src/lab1c/install/open_space_msg', 'merge_install': False, 'path': '/home/racecar/racecar_ws/src/lab1c/open_space_msg', 'symlink_install': False, 'test_result_base': None}
[3.655s] Level 5:colcon.colcon_core.verb:set package 'ros_exercises' build argument 'cmake_args' from command line to 'None'
[3.655s] Level 5:colcon.colcon_core.verb:set package 'ros_exercises' build argument 'cmake_target' from command line to 'None'
[3.656s] Level 5:colcon.colcon_core.verb:set package 'ros_exercises' build argument 'cmake_target_skip_unavailable' from command line to 'False'
[3.656s] Level 5:colcon.colcon_core.verb:set package 'ros_exercises' build argument 'cmake_clean_cache' from command line to 'False'
[3.656s] Level 5:colcon.colcon_core.verb:set package 'ros_exercises' build argument 'cmake_clean_first' from command line to 'False'
[3.657s] Level 5:colcon.colcon_core.verb:set package 'ros_exercises' build argument 'cmake_force_configure' from command line to 'False'
[3.657s] Level 5:colcon.colcon_core.verb:set package 'ros_exercises' build argument 'ament_cmake_args' from command line to 'None'
[3.658s] Level 5:colcon.colcon_core.verb:set package 'ros_exercises' build argument 'catkin_cmake_args' from command line to 'None'
[3.658s] Level 5:colcon.colcon_core.verb:set package 'ros_exercises' build argument 'catkin_skip_building_tests' from command line to 'False'
[3.659s] DEBUG:colcon.colcon_core.verb:Building package 'ros_exercises' with the following arguments: {'ament_cmake_args': None, 'build_base': '/home/racecar/racecar_ws/src/lab1c/build/ros_exercises', 'catkin_cmake_args': None, 'catkin_skip_building_tests': False, 'cmake_args': None, 'cmake_clean_cache': False, 'cmake_clean_first': False, 'cmake_force_configure': False, 'cmake_target': None, 'cmake_target_skip_unavailable': False, 'install_base': '/home/racecar/racecar_ws/src/lab1c/install/ros_exercises', 'merge_install': False, 'path': '/home/racecar/racecar_ws/src/lab1c/ros_exercises', 'symlink_install': False, 'test_result_base': None}
[3.711s] INFO:colcon.colcon_core.executor:Executing jobs using 'parallel' executor
[3.766s] DEBUG:colcon.colcon_parallel_executor.executor.parallel:run_until_complete
[3.767s] INFO:colcon.colcon_ros.task.ament_cmake.build:Building ROS package in '/home/racecar/racecar_ws/src/lab1c/open_space_msg' with build type 'ament_cmake'
[3.767s] INFO:colcon.colcon_cmake.task.cmake.build:Building CMake package in '/home/racecar/racecar_ws/src/lab1c/open_space_msg'
[3.825s] INFO:colcon.colcon_core.plugin_system:Skipping extension 'colcon_core.shell.bat': Not used on non-Windows systems
[3.826s] INFO:colcon.colcon_core.shell:Skip shell extension 'powershell' for command environment: Not usable outside of PowerShell
[3.826s] DEBUG:colcon.colcon_core.shell:Skip shell extension 'dsv' for command environment
[4.208s] INFO:colcon.colcon_ros.task.ament_python.build:Building ROS package in '/home/racecar/racecar_ws/src/lab1c/ros_exercises' with build type 'ament_python'
[4.209s] Level 1:colcon.colcon_core.shell:create_environment_hook('ros_exercises', 'ament_prefix_path')
[4.270s] INFO:colcon.colcon_core.shell:Creating environment hook '/home/racecar/racecar_ws/src/lab1c/install/ros_exercises/share/ros_exercises/hook/ament_prefix_path.ps1'
[4.274s] INFO:colcon.colcon_core.shell:Creating environment descriptor '/home/racecar/racecar_ws/src/lab1c/install/ros_exercises/share/ros_exercises/hook/ament_prefix_path.dsv'
[4.277s] INFO:colcon.colcon_core.shell:Creating environment hook '/home/racecar/racecar_ws/src/lab1c/install/ros_exercises/share/ros_exercises/hook/ament_prefix_path.sh'
[4.334s] INFO:colcon.colcon_core.shell:Skip shell extension 'powershell' for command environment: Not usable outside of PowerShell
[4.334s] DEBUG:colcon.colcon_core.shell:Skip shell extension 'dsv' for command environment
[4.704s] DEBUG:colcon.colcon_core.event_handler.log_command:Invoking command in '/home/racecar/racecar_ws/src/lab1c/build/open_space_msg': CMAKE_PREFIX_PATH=${CMAKE_PREFIX_PATH}:/home/racecar/racecar_ws/src/lab1c/install/ros_exercises:/home/racecar/racecar_ws/src/install/ros_exercises:/home/racecar/racecar_ws/install/ros_exercises:/opt/ros/foxy /usr/bin/cmake --build /home/racecar/racecar_ws/src/lab1c/build/open_space_msg -- -j8 -l8
[5.107s] INFO:colcon.colcon_core.task.python.build:Building Python package in '/home/racecar/racecar_ws/src/lab1c/ros_exercises'
[5.187s] INFO:colcon.colcon_core.shell:Skip shell extension 'powershell' for command environment: Not usable outside of PowerShell
[5.187s] DEBUG:colcon.colcon_core.shell:Skip shell extension 'dsv' for command environment
[6.461s] DEBUG:colcon.colcon_core.event_handler.log_command:Invoked command in '/home/racecar/racecar_ws/src/lab1c/build/open_space_msg' returned '0': CMAKE_PREFIX_PATH=${CMAKE_PREFIX_PATH}:/home/racecar/racecar_ws/src/lab1c/install/ros_exercises:/home/racecar/racecar_ws/src/install/ros_exercises:/home/racecar/racecar_ws/install/ros_exercises:/opt/ros/foxy /usr/bin/cmake --build /home/racecar/racecar_ws/src/lab1c/build/open_space_msg -- -j8 -l8
[6.680s] DEBUG:colcon.colcon_core.event_handler.log_command:Invoking command in '/home/racecar/racecar_ws/src/lab1c/ros_exercises': PYTHONPATH=/home/racecar/racecar_ws/src/lab1c/build/ros_exercises/prefix_override:/home/racecar/racecar_ws/src/lab1c/install/ros_exercises/lib/python3.8/site-packages:${PYTHONPATH} /usr/bin/python3 setup.py egg_info --egg-base ../build/ros_exercises build --build-base /home/racecar/racecar_ws/src/lab1c/build/ros_exercises/build install --record /home/racecar/racecar_ws/src/lab1c/build/ros_exercises/install.log --install-scripts $base/lib/ros_exercises --single-version-externally-managed
[7.013s] DEBUG:colcon.colcon_core.event_handler.log_command:Invoking command in '/home/racecar/racecar_ws/src/lab1c/build/open_space_msg': CMAKE_PREFIX_PATH=${CMAKE_PREFIX_PATH}:/home/racecar/racecar_ws/src/lab1c/install/ros_exercises:/home/racecar/racecar_ws/src/install/ros_exercises:/home/racecar/racecar_ws/install/ros_exercises:/opt/ros/foxy /usr/bin/cmake --install /home/racecar/racecar_ws/src/lab1c/build/open_space_msg
[7.431s] DEBUG:colcon.colcon_core.event_handler.log_command:Invoked command in '/home/racecar/racecar_ws/src/lab1c/ros_exercises' returned '0': PYTHONPATH=/home/racecar/racecar_ws/src/lab1c/build/ros_exercises/prefix_override:/home/racecar/racecar_ws/src/lab1c/install/ros_exercises/lib/python3.8/site-packages:${PYTHONPATH} /usr/bin/python3 setup.py egg_info --egg-base ../build/ros_exercises build --build-base /home/racecar/racecar_ws/src/lab1c/build/ros_exercises/build install --record /home/racecar/racecar_ws/src/lab1c/build/ros_exercises/install.log --install-scripts $base/lib/ros_exercises --single-version-externally-managed
[7.497s] Level 1:colcon.colcon_core.environment:checking '/home/racecar/racecar_ws/src/lab1c/install/ros_exercises' for CMake module files
[7.502s] Level 1:colcon.colcon_core.environment:checking '/home/racecar/racecar_ws/src/lab1c/install/ros_exercises' for CMake config files
[7.517s] Level 1:colcon.colcon_core.environment:checking '/home/racecar/racecar_ws/src/lab1c/install/ros_exercises/lib'
[7.519s] Level 1:colcon.colcon_core.environment:checking '/home/racecar/racecar_ws/src/lab1c/install/ros_exercises/bin'
[7.519s] Level 1:colcon.colcon_core.environment:checking '/home/racecar/racecar_ws/src/lab1c/install/ros_exercises/lib/pkgconfig/ros_exercises.pc'
[7.521s] Level 1:colcon.colcon_core.environment:checking '/home/racecar/racecar_ws/src/lab1c/install/ros_exercises/lib/python3.8/site-packages'
[7.521s] Level 1:colcon.colcon_core.shell:create_environment_hook('ros_exercises', 'pythonpath')
[7.582s] INFO:colcon.colcon_core.shell:Creating environment hook '/home/racecar/racecar_ws/src/lab1c/install/ros_exercises/share/ros_exercises/hook/pythonpath.ps1'
[7.585s] INFO:colcon.colcon_core.shell:Creating environment descriptor '/home/racecar/racecar_ws/src/lab1c/install/ros_exercises/share/ros_exercises/hook/pythonpath.dsv'
[7.588s] INFO:colcon.colcon_core.shell:Creating environment hook '/home/racecar/racecar_ws/src/lab1c/install/ros_exercises/share/ros_exercises/hook/pythonpath.sh'
[7.590s] Level 1:colcon.colcon_core.environment:checking '/home/racecar/racecar_ws/src/lab1c/install/ros_exercises/bin'
[7.591s] Level 1:colcon.colcon_core.environment:create_environment_scripts_only(ros_exercises)
[7.657s] INFO:colcon.colcon_core.shell:Creating package script '/home/racecar/racecar_ws/src/lab1c/install/ros_exercises/share/ros_exercises/package.ps1'
[7.661s] INFO:colcon.colcon_core.shell:Creating package descriptor '/home/racecar/racecar_ws/src/lab1c/install/ros_exercises/share/ros_exercises/package.dsv'
[7.664s] INFO:colcon.colcon_core.shell:Creating package script '/home/racecar/racecar_ws/src/lab1c/install/ros_exercises/share/ros_exercises/package.sh'
[7.667s] INFO:colcon.colcon_core.shell:Creating package script '/home/racecar/racecar_ws/src/lab1c/install/ros_exercises/share/ros_exercises/package.bash'
[7.671s] INFO:colcon.colcon_core.shell:Creating package script '/home/racecar/racecar_ws/src/lab1c/install/ros_exercises/share/ros_exercises/package.zsh'
[7.674s] Level 1:colcon.colcon_core.environment:create_file_with_runtime_dependencies(/home/racecar/racecar_ws/src/lab1c/install/ros_exercises/share/colcon-core/packages/ros_exercises)
[7.678s] Level 1:colcon.colcon_core.environment:create_environment_scripts_only(open_space_msg)
[7.686s] DEBUG:colcon.colcon_core.event_handler.log_command:Invoked command in '/home/racecar/racecar_ws/src/lab1c/build/open_space_msg' returned '0': CMAKE_PREFIX_PATH=${CMAKE_PREFIX_PATH}:/home/racecar/racecar_ws/src/lab1c/install/ros_exercises:/home/racecar/racecar_ws/src/install/ros_exercises:/home/racecar/racecar_ws/install/ros_exercises:/opt/ros/foxy /usr/bin/cmake --install /home/racecar/racecar_ws/src/lab1c/build/open_space_msg
[7.745s] Level 1:colcon.colcon_core.environment:checking '/home/racecar/racecar_ws/src/lab1c/install/open_space_msg' for CMake module files
[7.755s] Level 1:colcon.colcon_core.environment:checking '/home/racecar/racecar_ws/src/lab1c/install/open_space_msg' for CMake config files
[7.770s] Level 1:colcon.colcon_core.shell:create_environment_hook('open_space_msg', 'cmake_prefix_path')
[7.832s] INFO:colcon.colcon_core.shell:Creating environment hook '/home/racecar/racecar_ws/src/lab1c/install/open_space_msg/share/open_space_msg/hook/cmake_prefix_path.ps1'
[7.835s] INFO:colcon.colcon_core.shell:Creating environment descriptor '/home/racecar/racecar_ws/src/lab1c/install/open_space_msg/share/open_space_msg/hook/cmake_prefix_path.dsv'
[7.838s] INFO:colcon.colcon_core.shell:Creating environment hook '/home/racecar/racecar_ws/src/lab1c/install/open_space_msg/share/open_space_msg/hook/cmake_prefix_path.sh'
[7.842s] Level 1:colcon.colcon_core.environment:checking '/home/racecar/racecar_ws/src/lab1c/install/open_space_msg/lib'
[7.843s] Level 1:colcon.colcon_core.shell:create_environment_hook('open_space_msg', 'ld_library_path_lib')
[7.909s] INFO:colcon.colcon_core.shell:Creating environment hook '/home/racecar/racecar_ws/src/lab1c/install/open_space_msg/share/open_space_msg/hook/ld_library_path_lib.ps1'
[7.913s] INFO:colcon.colcon_core.shell:Creating environment descriptor '/home/racecar/racecar_ws/src/lab1c/install/open_space_msg/share/open_space_msg/hook/ld_library_path_lib.dsv'
[7.917s] INFO:colcon.colcon_core.shell:Creating environment hook '/home/racecar/racecar_ws/src/lab1c/install/open_space_msg/share/open_space_msg/hook/ld_library_path_lib.sh'
[7.922s] Level 1:colcon.colcon_core.environment:checking '/home/racecar/racecar_ws/src/lab1c/install/open_space_msg/bin'
[7.923s] Level 1:colcon.colcon_core.environment:checking '/home/racecar/racecar_ws/src/lab1c/install/open_space_msg/lib/pkgconfig/open_space_msg.pc'
[7.925s] Level 1:colcon.colcon_core.environment:checking '/home/racecar/racecar_ws/src/lab1c/install/open_space_msg/lib/python3.8/site-packages'
[7.926s] Level 1:colcon.colcon_core.shell:create_environment_hook('open_space_msg', 'pythonpath')
[8.020s] INFO:colcon.colcon_core.shell:Creating environment hook '/home/racecar/racecar_ws/src/lab1c/install/open_space_msg/share/open_space_msg/hook/pythonpath.ps1'
[8.024s] INFO:colcon.colcon_core.shell:Creating environment descriptor '/home/racecar/racecar_ws/src/lab1c/install/open_space_msg/share/open_space_msg/hook/pythonpath.dsv'
[8.027s] INFO:colcon.colcon_core.shell:Creating environment hook '/home/racecar/racecar_ws/src/lab1c/install/open_space_msg/share/open_space_msg/hook/pythonpath.sh'
[8.030s] Level 1:colcon.colcon_core.environment:checking '/home/racecar/racecar_ws/src/lab1c/install/open_space_msg/bin'
[8.092s] INFO:colcon.colcon_core.shell:Creating package script '/home/racecar/racecar_ws/src/lab1c/install/open_space_msg/share/open_space_msg/package.ps1'
[8.094s] INFO:colcon.colcon_core.shell:Creating package descriptor '/home/racecar/racecar_ws/src/lab1c/install/open_space_msg/share/open_space_msg/package.dsv'
[8.097s] INFO:colcon.colcon_core.shell:Creating package script '/home/racecar/racecar_ws/src/lab1c/install/open_space_msg/share/open_space_msg/package.sh'
[8.099s] INFO:colcon.colcon_core.shell:Creating package script '/home/racecar/racecar_ws/src/lab1c/install/open_space_msg/share/open_space_msg/package.bash'
[8.102s] INFO:colcon.colcon_core.shell:Creating package script '/home/racecar/racecar_ws/src/lab1c/install/open_space_msg/share/open_space_msg/package.zsh'
[8.104s] Level 1:colcon.colcon_core.environment:create_file_with_runtime_dependencies(/home/racecar/racecar_ws/src/lab1c/install/open_space_msg/share/colcon-core/packages/open_space_msg)
[8.609s] Level 1:colcon.colcon_core.environment:create_environment_scripts_only(open_space_msg)
[8.679s] Level 1:colcon.colcon_core.environment:checking '/home/racecar/racecar_ws/src/lab1c/install/open_space_msg' for CMake module files
[8.688s] Level 1:colcon.colcon_core.environment:checking '/home/racecar/racecar_ws/src/lab1c/install/open_space_msg' for CMake config files
[8.701s] Level 1:colcon.colcon_core.shell:create_environment_hook('open_space_msg', 'cmake_prefix_path')
[8.764s] INFO:colcon.colcon_core.shell:Creating environment hook '/home/racecar/racecar_ws/src/lab1c/install/open_space_msg/share/open_space_msg/hook/cmake_prefix_path.ps1'
[8.767s] INFO:colcon.colcon_core.shell:Creating environment descriptor '/home/racecar/racecar_ws/src/lab1c/install/open_space_msg/share/open_space_msg/hook/cmake_prefix_path.dsv'
[8.770s] INFO:colcon.colcon_core.shell:Creating environment hook '/home/racecar/racecar_ws/src/lab1c/install/open_space_msg/share/open_space_msg/hook/cmake_prefix_path.sh'
[8.774s] Level 1:colcon.colcon_core.environment:checking '/home/racecar/racecar_ws/src/lab1c/install/open_space_msg/lib'
[8.775s] Level 1:colcon.colcon_core.shell:create_environment_hook('open_space_msg', 'ld_library_path_lib')
[8.840s] INFO:colcon.colcon_core.shell:Creating environment hook '/home/racecar/racecar_ws/src/lab1c/install/open_space_msg/share/open_space_msg/hook/ld_library_path_lib.ps1'
[8.843s] INFO:colcon.colcon_core.shell:Creating environment descriptor '/home/racecar/racecar_ws/src/lab1c/install/open_space_msg/share/open_space_msg/hook/ld_library_path_lib.dsv'
[8.846s] INFO:colcon.colcon_core.shell:Creating environment hook '/home/racecar/racecar_ws/src/lab1c/install/open_space_msg/share/open_space_msg/hook/ld_library_path_lib.sh'
[8.848s] Level 1:colcon.colcon_core.environment:checking '/home/racecar/racecar_ws/src/lab1c/install/open_space_msg/bin'
[8.849s] Level 1:colcon.colcon_core.environment:checking '/home/racecar/racecar_ws/src/lab1c/install/open_space_msg/lib/pkgconfig/open_space_msg.pc'
[8.850s] Level 1:colcon.colcon_core.environment:checking '/home/racecar/racecar_ws/src/lab1c/install/open_space_msg/lib/python3.8/site-packages'
[8.851s] Level 1:colcon.colcon_core.shell:create_environment_hook('open_space_msg', 'pythonpath')
[8.918s] INFO:colcon.colcon_core.shell:Creating environment hook '/home/racecar/racecar_ws/src/lab1c/install/open_space_msg/share/open_space_msg/hook/pythonpath.ps1'
[8.921s] INFO:colcon.colcon_core.shell:Creating environment descriptor '/home/racecar/racecar_ws/src/lab1c/install/open_space_msg/share/open_space_msg/hook/pythonpath.dsv'
[8.924s] INFO:colcon.colcon_core.shell:Creating environment hook '/home/racecar/racecar_ws/src/lab1c/install/open_space_msg/share/open_space_msg/hook/pythonpath.sh'
[8.928s] Level 1:colcon.colcon_core.environment:checking '/home/racecar/racecar_ws/src/lab1c/install/open_space_msg/bin'
[8.998s] INFO:colcon.colcon_core.shell:Creating package script '/home/racecar/racecar_ws/src/lab1c/install/open_space_msg/share/open_space_msg/package.ps1'
[9.001s] INFO:colcon.colcon_core.shell:Creating package descriptor '/home/racecar/racecar_ws/src/lab1c/install/open_space_msg/share/open_space_msg/package.dsv'
[9.004s] INFO:colcon.colcon_core.shell:Creating package script '/home/racecar/racecar_ws/src/lab1c/install/open_space_msg/share/open_space_msg/package.sh'
[9.006s] INFO:colcon.colcon_core.shell:Creating package script '/home/racecar/racecar_ws/src/lab1c/install/open_space_msg/share/open_space_msg/package.bash'
[9.008s] INFO:colcon.colcon_core.shell:Creating package script '/home/racecar/racecar_ws/src/lab1c/install/open_space_msg/share/open_space_msg/package.zsh'
[9.011s] Level 1:colcon.colcon_core.environment:create_file_with_runtime_dependencies(/home/racecar/racecar_ws/src/lab1c/install/open_space_msg/share/colcon-core/packages/open_space_msg)
[9.014s] DEBUG:colcon.colcon_parallel_executor.executor.parallel:closing loop
[9.015s] DEBUG:colcon.colcon_parallel_executor.executor.parallel:loop closed
[9.016s] DEBUG:colcon.colcon_parallel_executor.executor.parallel:run_until_complete finished with '0'
[9.016s] DEBUG:colcon.colcon_core.event_reactor:joining thread
[9.097s] INFO:colcon.colcon_core.plugin_system:Skipping extension 'colcon_notification.desktop_notification.notify_send': Could not find 'notify-send'
[9.098s] INFO:colcon.colcon_core.plugin_system:Skipping extension 'colcon_notification.desktop_notification.terminal_notifier': Not used on non-Darwin systems
[9.099s] INFO:colcon.colcon_core.plugin_system:Skipping extension 'colcon_notification.desktop_notification.win32': Not used on non-Windows systems
[9.099s] INFO:colcon.colcon_notification.desktop_notification:Sending desktop notification using 'notify2'
[9.100s] DEBUG:colcon.colcon_notification.desktop_notification.notify2:Failed to initialize notify2: org.freedesktop.DBus.Error.NotSupported: Unable to autolaunch a dbus-daemon without a $DISPLAY for X11
[9.100s] DEBUG:colcon.colcon_core.event_reactor:joined thread
[9.166s] INFO:colcon.colcon_core.shell:Creating prefix script '/home/racecar/racecar_ws/src/lab1c/install/local_setup.ps1'
[9.170s] INFO:colcon.colcon_core.shell:Creating prefix util module '/home/racecar/racecar_ws/src/lab1c/install/_local_setup_util_ps1.py'
[9.176s] INFO:colcon.colcon_core.shell:Creating prefix chain script '/home/racecar/racecar_ws/src/lab1c/install/setup.ps1'
[9.253s] INFO:colcon.colcon_core.shell:Creating prefix script '/home/racecar/racecar_ws/src/lab1c/install/local_setup.sh'
[9.256s] INFO:colcon.colcon_core.shell:Creating prefix util module '/home/racecar/racecar_ws/src/lab1c/install/_local_setup_util_sh.py'
[9.259s] INFO:colcon.colcon_core.shell:Creating prefix chain script '/home/racecar/racecar_ws/src/lab1c/install/setup.sh'
[9.332s] INFO:colcon.colcon_core.shell:Creating prefix script '/home/racecar/racecar_ws/src/lab1c/install/local_setup.bash'
[9.335s] INFO:colcon.colcon_core.shell:Creating prefix chain script '/home/racecar/racecar_ws/src/lab1c/install/setup.bash'
[9.407s] INFO:colcon.colcon_core.shell:Creating prefix script '/home/racecar/racecar_ws/src/lab1c/install/local_setup.zsh'
[9.409s] INFO:colcon.colcon_core.shell:Creating prefix chain script '/home/racecar/racecar_ws/src/lab1c/install/setup.zsh'
