[0.000000] (-) TimerEvent: {}
[0.000706] (ros_exercises) JobQueued: {'identifier': 'ros_exercises', 'dependencies': OrderedDict()}
[0.001432] (ros_exercises) JobStarted: {'identifier': 'ros_exercises'}
[0.101650] (-) TimerEvent: {}
[0.204265] (-) TimerEvent: {}
[0.318226] (-) TimerEvent: {}
[0.420170] (-) TimerEvent: {}
[0.521922] (-) TimerEvent: {}
[0.622949] (-) TimerEvent: {}
[0.723927] (-) TimerEvent: {}
[0.825172] (-) TimerEvent: {}
[0.927370] (-) TimerEvent: {}
[1.029250] (-) TimerEvent: {}
[1.131031] (-) TimerEvent: {}
[1.232118] (-) TimerEvent: {}
[1.332989] (-) TimerEvent: {}
[1.433971] (-) TimerEvent: {}
[1.523316] (ros_exercises) Command: {'cmd': ['/usr/bin/python3', 'setup.py', 'egg_info', '--egg-base', 'build/ros_exercises', 'build', '--build-base', '/home/racecar/racecar_ws/src/lab1c/ros_exercises/build/ros_exercises/build', 'install', '--record', '/home/racecar/racecar_ws/src/lab1c/ros_exercises/build/ros_exercises/install.log', '--install-scripts', '$base/lib/ros_exercises', '--single-version-externally-managed'], 'cwd': '/home/racecar/racecar_ws/src/lab1c/ros_exercises', 'env': {'PYTHONIOENCODING': 'utf-8', 'HOSTNAME': '7e48457b528d', 'SHLVL': '1', 'LD_LIBRARY_PATH': '/home/racecar/racecar_ws/src/lab1c/install/open_space_msg/lib:/home/racecar/racecar_ws/src/install/open_space_msg/lib:/opt/ros/foxy/opt/yaml_cpp_vendor/lib:/opt/ros/foxy/opt/rviz_ogre_vendor/lib:/opt/ros/foxy/lib/x86_64-linux-gnu:/opt/ros/foxy/lib', 'HOME': '/home/racecar', 'OLDPWD': '/home/racecar/racecar_ws/src/lab1c/ros_exercises/launch', 'ROS_PYTHON_VERSION': '3', 'COLCON_PREFIX_PATH': '/home/racecar/racecar_ws/src/lab1c/install:/home/racecar/racecar_ws/src/install:/home/sim_ws/install:/home/racecar/racecar_ws/install', 'ROS_DISTRO': 'foxy', '_': '/usr/bin/colcon', 'ROS_VERSION': '2', 'TERM': 'xterm', 'ROS_LOCALHOST_ONLY': '0', 'PATH': '/opt/ros/foxy/bin:/usr/local/sbin:/usr/local/bin:/usr/sbin:/usr/bin:/sbin:/bin', 'LANG': 'en_US.UTF-8', 'AMENT_PREFIX_PATH': '/home/racecar/racecar_ws/src/lab1c/install/ros_exercises:/home/racecar/racecar_ws/src/lab1c/install/open_space_msg:/home/racecar/racecar_ws/src/install/ros_exercises:/home/racecar/racecar_ws/src/install/open_space_msg:/home/racecar/racecar_ws/install/ros_exercises:/home/sim_ws/install/racecar_simulator:/opt/ros/foxy', 'SIM_WS': '/home/sim_ws', 'PWD': '/home/racecar/racecar_ws/src/lab1c/ros_exercises/build/ros_exercises', 'PYTHONPATH': '/home/racecar/racecar_ws/src/lab1c/ros_exercises/build/ros_exercises/prefix_override:/home/racecar/racecar_ws/src/lab1c/ros_exercises/install/ros_exercises/lib/python3.8/site-packages:/home/racecar/racecar_ws/src/lab1c/install/ros_exercises/lib/python3.8/site-packages:/home/racecar/racecar_ws/src/lab1c/install/open_space_msg/lib/python3.8/site-packages:/home/racecar/racecar_ws/src/install/ros_exercises/lib/python3.8/site-packages:/home/racecar/racecar_ws/src/install/open_space_msg/lib/python3.8/site-packages:/home/racecar/racecar_ws/install/ros_exercises/lib/python3.8/site-packages:/opt/ros/foxy/lib/python3.8/site-packages', 'NO_VNC_VERSION': '1.4.0', 'COLCON': '1', 'CMAKE_PREFIX_PATH': '/home/racecar/racecar_ws/src/lab1c/install/open_space_msg:/home/racecar/racecar_ws/src/install/open_space_msg:/home/sim_ws/install/racecar_simulator'}, 'shell': False}
[1.535008] (-) TimerEvent: {}
[1.636052] (-) TimerEvent: {}
[1.737182] (-) TimerEvent: {}
[1.799623] (ros_exercises) StdoutLine: {'line': b'running egg_info\n'}
[1.801377] (ros_exercises) StdoutLine: {'line': b'writing build/ros_exercises/ros_exercises.egg-info/PKG-INFO\n'}
[1.802584] (ros_exercises) StdoutLine: {'line': b'writing dependency_links to build/ros_exercises/ros_exercises.egg-info/dependency_links.txt\n'}
[1.804287] (ros_exercises) StdoutLine: {'line': b'writing entry points to build/ros_exercises/ros_exercises.egg-info/entry_points.txt\n'}
[1.805653] (ros_exercises) StdoutLine: {'line': b'writing requirements to build/ros_exercises/ros_exercises.egg-info/requires.txt\n'}
[1.806960] (ros_exercises) StdoutLine: {'line': b'writing top-level names to build/ros_exercises/ros_exercises.egg-info/top_level.txt\n'}
[1.838124] (-) TimerEvent: {}
[1.856201] (ros_exercises) StdoutLine: {'line': b"reading manifest file 'build/ros_exercises/ros_exercises.egg-info/SOURCES.txt'\n"}
[1.862854] (ros_exercises) StdoutLine: {'line': b"writing manifest file 'build/ros_exercises/ros_exercises.egg-info/SOURCES.txt'\n"}
[1.864007] (ros_exercises) StdoutLine: {'line': b'running build\n'}
[1.865040] (ros_exercises) StdoutLine: {'line': b'running build_py\n'}
[1.866080] (ros_exercises) StdoutLine: {'line': b'copying ros_exercises/open_space_publisher.py -> /home/racecar/racecar_ws/src/lab1c/ros_exercises/build/ros_exercises/build/lib/ros_exercises\n'}
[1.867656] (ros_exercises) StdoutLine: {'line': b'copying ros_exercises/__init__.py -> /home/racecar/racecar_ws/src/lab1c/ros_exercises/build/ros_exercises/build/lib/ros_exercises\n'}
[1.869672] (ros_exercises) StdoutLine: {'line': b'copying ros_exercises/simple_subscriber.py -> /home/racecar/racecar_ws/src/lab1c/ros_exercises/build/ros_exercises/build/lib/ros_exercises\n'}
[1.872102] (ros_exercises) StdoutLine: {'line': b'copying ros_exercises/simple_publisher.py -> /home/racecar/racecar_ws/src/lab1c/ros_exercises/build/ros_exercises/build/lib/ros_exercises\n'}
[1.875468] (ros_exercises) StdoutLine: {'line': b'copying ros_exercises/fake_scan_publisher.py -> /home/racecar/racecar_ws/src/lab1c/ros_exercises/build/ros_exercises/build/lib/ros_exercises\n'}
[1.880368] (ros_exercises) StdoutLine: {'line': b'running install\n'}
[1.881929] (ros_exercises) StdoutLine: {'line': b'running install_lib\n'}
[1.886161] (ros_exercises) StdoutLine: {'line': b'copying /home/racecar/racecar_ws/src/lab1c/ros_exercises/build/ros_exercises/build/lib/ros_exercises/open_space_publisher.py -> /home/racecar/racecar_ws/src/lab1c/ros_exercises/install/ros_exercises/lib/python3.8/site-packages/ros_exercises\n'}
[1.889906] (ros_exercises) StdoutLine: {'line': b'copying /home/racecar/racecar_ws/src/lab1c/ros_exercises/build/ros_exercises/build/lib/ros_exercises/__init__.py -> /home/racecar/racecar_ws/src/lab1c/ros_exercises/install/ros_exercises/lib/python3.8/site-packages/ros_exercises\n'}
[1.893267] (ros_exercises) StdoutLine: {'line': b'copying /home/racecar/racecar_ws/src/lab1c/ros_exercises/build/ros_exercises/build/lib/ros_exercises/simple_subscriber.py -> /home/racecar/racecar_ws/src/lab1c/ros_exercises/install/ros_exercises/lib/python3.8/site-packages/ros_exercises\n'}
[1.897562] (ros_exercises) StdoutLine: {'line': b'copying /home/racecar/racecar_ws/src/lab1c/ros_exercises/build/ros_exercises/build/lib/ros_exercises/simple_publisher.py -> /home/racecar/racecar_ws/src/lab1c/ros_exercises/install/ros_exercises/lib/python3.8/site-packages/ros_exercises\n'}
[1.902165] (ros_exercises) StdoutLine: {'line': b'copying /home/racecar/racecar_ws/src/lab1c/ros_exercises/build/ros_exercises/build/lib/ros_exercises/fake_scan_publisher.py -> /home/racecar/racecar_ws/src/lab1c/ros_exercises/install/ros_exercises/lib/python3.8/site-packages/ros_exercises\n'}
[1.906990] (ros_exercises) StdoutLine: {'line': b'byte-compiling /home/racecar/racecar_ws/src/lab1c/ros_exercises/install/ros_exercises/lib/python3.8/site-packages/ros_exercises/open_space_publisher.py to open_space_publisher.cpython-38.pyc\n'}
[1.913475] (ros_exercises) StdoutLine: {'line': b'byte-compiling /home/racecar/racecar_ws/src/lab1c/ros_exercises/install/ros_exercises/lib/python3.8/site-packages/ros_exercises/__init__.py to __init__.cpython-38.pyc\n'}
[1.916550] (ros_exercises) StdoutLine: {'line': b'byte-compiling /home/racecar/racecar_ws/src/lab1c/ros_exercises/install/ros_exercises/lib/python3.8/site-packages/ros_exercises/simple_subscriber.py to simple_subscriber.cpython-38.pyc\n'}
[1.921492] (ros_exercises) StdoutLine: {'line': b'byte-compiling /home/racecar/racecar_ws/src/lab1c/ros_exercises/install/ros_exercises/lib/python3.8/site-packages/ros_exercises/simple_publisher.py to simple_publisher.cpython-38.pyc\n'}
[1.926291] (ros_exercises) StdoutLine: {'line': b'byte-compiling /home/racecar/racecar_ws/src/lab1c/ros_exercises/install/ros_exercises/lib/python3.8/site-packages/ros_exercises/fake_scan_publisher.py to fake_scan_publisher.cpython-38.pyc\n'}
[1.930865] (ros_exercises) StdoutLine: {'line': b'running install_data\n'}
[1.934770] (ros_exercises) StdoutLine: {'line': b'running install_egg_info\n'}
[1.938757] (ros_exercises) StdoutLine: {'line': b"removing '/home/racecar/racecar_ws/src/lab1c/ros_exercises/install/ros_exercises/lib/python3.8/site-packages/ros_exercises-0.0.0-py3.8.egg-info' (and everything under it)\n"}
[1.941833] (-) TimerEvent: {}
[1.947362] (ros_exercises) StdoutLine: {'line': b'Copying build/ros_exercises/ros_exercises.egg-info to /home/racecar/racecar_ws/src/lab1c/ros_exercises/install/ros_exercises/lib/python3.8/site-packages/ros_exercises-0.0.0-py3.8.egg-info\n'}
[1.980854] (ros_exercises) StdoutLine: {'line': b'running install_scripts\n'}
[2.011786] (ros_exercises) StdoutLine: {'line': b'Installing fake_scan_publisher script to /home/racecar/racecar_ws/src/lab1c/ros_exercises/install/ros_exercises/lib/ros_exercises\n'}
[2.015241] (ros_exercises) StdoutLine: {'line': b'Installing open_space_publisher script to /home/racecar/racecar_ws/src/lab1c/ros_exercises/install/ros_exercises/lib/ros_exercises\n'}
[2.017850] (ros_exercises) StdoutLine: {'line': b'Installing simple_publisher script to /home/racecar/racecar_ws/src/lab1c/ros_exercises/install/ros_exercises/lib/ros_exercises\n'}
[2.020147] (ros_exercises) StdoutLine: {'line': b'Installing simple_subscriber script to /home/racecar/racecar_ws/src/lab1c/ros_exercises/install/ros_exercises/lib/ros_exercises\n'}
[2.025671] (ros_exercises) StdoutLine: {'line': b"writing list of installed files to '/home/racecar/racecar_ws/src/lab1c/ros_exercises/build/ros_exercises/install.log'\n"}
[2.042908] (-) TimerEvent: {}
[2.051206] (ros_exercises) CommandEnded: {'returncode': 0}
[2.147278] (-) TimerEvent: {}
[2.210688] (ros_exercises) JobEnded: {'identifier': 'ros_exercises', 'rc': 0}
[2.215186] (-) EventReactorShutdown: {}
