[2.189s] DEBUG:colcon:Command line arguments: ['/usr/bin/colcon', 'build']
[2.189s] DEBUG:colcon:Parsed command line arguments: Namespace(ament_cmake_args=None, base_paths=['.'], build_base='build', catkin_cmake_args=None, catkin_skip_building_tests=False, cmake_args=None, cmake_clean_cache=False, cmake_clean_first=False, cmake_force_configure=False, cmake_target=None, cmake_target_skip_unavailable=False, continue_on_error=False, event_handlers=None, executor='parallel', ignore_user_meta=False, install_base='install', log_base=None, log_level=None, main=<bound method BuildVerb.main of <colcon_core.verb.build.BuildVerb object at 0x7fc42aec3310>>, merge_install=False, metas=['./colcon.meta'], packages_above=None, packages_above_and_dependencies=None, packages_above_depth=None, packages_end=None, packages_ignore=None, packages_ignore_regex=None, packages_select=None, packages_select_build_failed=False, packages_select_by_dep=None, packages_select_regex=None, packages_select_test_failures=False, packages_skip=None, packages_skip_build_finished=False, packages_skip_by_dep=None, packages_skip_regex=None, packages_skip_test_passed=False, packages_skip_up_to=None, packages_start=None, packages_up_to=None, packages_up_to_regex=None, parallel_workers=8, paths=None, symlink_install=False, test_result_base=None, verb_extension=<colcon_core.verb.build.BuildVerb object at 0x7fc42aec3310>, verb_name='build', verb_parser=<colcon_defaults.argument_parser.defaults.DefaultArgumentsDecorator object at 0x7fc42ab629d0>)
[2.285s] Level 1:colcon.colcon_core.package_discovery:discover_packages(colcon_meta) check parameters
[2.286s] Level 1:colcon.colcon_core.package_discovery:discover_packages(recursive) check parameters
[2.286s] Level 1:colcon.colcon_core.package_discovery:discover_packages(ignore) check parameters
[2.286s] Level 1:colcon.colcon_core.package_discovery:discover_packages(path) check parameters
[2.287s] Level 1:colcon.colcon_core.package_discovery:discover_packages(colcon_meta) discover
[2.287s] Level 1:colcon.colcon_core.package_discovery:discover_packages(recursive) discover
[2.287s] INFO:colcon.colcon_core.package_discovery:Crawling recursively for packages in '/home/racecar/racecar_ws/src/ros_exercises'
[2.288s] Level 1:colcon.colcon_core.package_identification:_identify(.) by extensions ['ignore', 'ignore_ament_install']
[2.289s] Level 1:colcon.colcon_core.package_identification:_identify(.) by extension 'ignore'
[2.289s] Level 1:colcon.colcon_core.package_identification:_identify(.) by extension 'ignore_ament_install'
[2.289s] Level 1:colcon.colcon_core.package_identification:_identify(.) by extensions ['colcon_pkg']
[2.290s] Level 1:colcon.colcon_core.package_identification:_identify(.) by extension 'colcon_pkg'
[2.290s] Level 1:colcon.colcon_core.package_identification:_identify(.) by extensions ['colcon_meta']
[2.290s] Level 1:colcon.colcon_core.package_identification:_identify(.) by extension 'colcon_meta'
[2.290s] Level 1:colcon.colcon_core.package_identification:_identify(.) by extensions ['ros']
[2.290s] Level 1:colcon.colcon_core.package_identification:_identify(.) by extension 'ros'
[2.312s] DEBUG:colcon.colcon_core.package_identification:Package '.' with type 'ros.ament_python' and name 'ros_exercises'
[2.312s] Level 1:colcon.colcon_core.package_discovery:discover_packages(recursive) using defaults
[2.312s] Level 1:colcon.colcon_core.package_discovery:discover_packages(ignore) discover
[2.312s] Level 1:colcon.colcon_core.package_discovery:discover_packages(ignore) using defaults
[2.313s] Level 1:colcon.colcon_core.package_discovery:discover_packages(path) discover
[2.313s] Level 1:colcon.colcon_core.package_discovery:discover_packages(path) using defaults
[2.481s] Level 5:colcon.colcon_core.verb:set package 'ros_exercises' build argument 'cmake_args' from command line to 'None'
[2.482s] Level 5:colcon.colcon_core.verb:set package 'ros_exercises' build argument 'cmake_target' from command line to 'None'
[2.482s] Level 5:colcon.colcon_core.verb:set package 'ros_exercises' build argument 'cmake_target_skip_unavailable' from command line to 'False'
[2.482s] Level 5:colcon.colcon_core.verb:set package 'ros_exercises' build argument 'cmake_clean_cache' from command line to 'False'
[2.483s] Level 5:colcon.colcon_core.verb:set package 'ros_exercises' build argument 'cmake_clean_first' from command line to 'False'
[2.483s] Level 5:colcon.colcon_core.verb:set package 'ros_exercises' build argument 'cmake_force_configure' from command line to 'False'
[2.483s] Level 5:colcon.colcon_core.verb:set package 'ros_exercises' build argument 'ament_cmake_args' from command line to 'None'
[2.483s] Level 5:colcon.colcon_core.verb:set package 'ros_exercises' build argument 'catkin_cmake_args' from command line to 'None'
[2.484s] Level 5:colcon.colcon_core.verb:set package 'ros_exercises' build argument 'catkin_skip_building_tests' from command line to 'False'
[2.484s] DEBUG:colcon.colcon_core.verb:Building package 'ros_exercises' with the following arguments: {'ament_cmake_args': None, 'build_base': '/home/racecar/racecar_ws/src/ros_exercises/build/ros_exercises', 'catkin_cmake_args': None, 'catkin_skip_building_tests': False, 'cmake_args': None, 'cmake_clean_cache': False, 'cmake_clean_first': False, 'cmake_force_configure': False, 'cmake_target': None, 'cmake_target_skip_unavailable': False, 'install_base': '/home/racecar/racecar_ws/src/ros_exercises/install/ros_exercises', 'merge_install': False, 'path': '/home/racecar/racecar_ws/src/ros_exercises', 'symlink_install': False, 'test_result_base': None}
[2.520s] INFO:colcon.colcon_core.executor:Executing jobs using 'parallel' executor
[2.558s] DEBUG:colcon.colcon_parallel_executor.executor.parallel:run_until_complete
[2.559s] INFO:colcon.colcon_ros.task.ament_python.build:Building ROS package in '/home/racecar/racecar_ws/src/ros_exercises' with build type 'ament_python'
[2.559s] Level 1:colcon.colcon_core.shell:create_environment_hook('ros_exercises', 'ament_prefix_path')
[2.601s] INFO:colcon.colcon_core.plugin_system:Skipping extension 'colcon_core.shell.bat': Not used on non-Windows systems
[2.602s] INFO:colcon.colcon_core.shell:Creating environment hook '/home/racecar/racecar_ws/src/ros_exercises/install/ros_exercises/share/ros_exercises/hook/ament_prefix_path.ps1'
[2.606s] INFO:colcon.colcon_core.shell:Creating environment descriptor '/home/racecar/racecar_ws/src/ros_exercises/install/ros_exercises/share/ros_exercises/hook/ament_prefix_path.dsv'
[2.608s] INFO:colcon.colcon_core.shell:Creating environment hook '/home/racecar/racecar_ws/src/ros_exercises/install/ros_exercises/share/ros_exercises/hook/ament_prefix_path.sh'
[2.649s] INFO:colcon.colcon_core.shell:Skip shell extension 'powershell' for command environment: Not usable outside of PowerShell
[2.650s] DEBUG:colcon.colcon_core.shell:Skip shell extension 'dsv' for command environment
[3.131s] INFO:colcon.colcon_core.task.python.build:Building Python package in '/home/racecar/racecar_ws/src/ros_exercises'
[3.171s] INFO:colcon.colcon_core.shell:Skip shell extension 'powershell' for command environment: Not usable outside of PowerShell
[3.172s] DEBUG:colcon.colcon_core.shell:Skip shell extension 'dsv' for command environment
[4.214s] DEBUG:colcon.colcon_core.event_handler.log_command:Invoking command in '/home/racecar/racecar_ws/src/ros_exercises': PYTHONPATH=/home/racecar/racecar_ws/src/ros_exercises/build/ros_exercises/prefix_override:/home/racecar/racecar_ws/src/ros_exercises/install/ros_exercises/lib/python3.8/site-packages:${PYTHONPATH} /usr/bin/python3 setup.py egg_info --egg-base build/ros_exercises build --build-base /home/racecar/racecar_ws/src/ros_exercises/build/ros_exercises/build install --record /home/racecar/racecar_ws/src/ros_exercises/build/ros_exercises/install.log --install-scripts $base/lib/ros_exercises --single-version-externally-managed
[4.914s] DEBUG:colcon.colcon_core.event_handler.log_command:Invoked command in '/home/racecar/racecar_ws/src/ros_exercises' returned '0': PYTHONPATH=/home/racecar/racecar_ws/src/ros_exercises/build/ros_exercises/prefix_override:/home/racecar/racecar_ws/src/ros_exercises/install/ros_exercises/lib/python3.8/site-packages:${PYTHONPATH} /usr/bin/python3 setup.py egg_info --egg-base build/ros_exercises build --build-base /home/racecar/racecar_ws/src/ros_exercises/build/ros_exercises/build install --record /home/racecar/racecar_ws/src/ros_exercises/build/ros_exercises/install.log --install-scripts $base/lib/ros_exercises --single-version-externally-managed
[4.959s] Level 1:colcon.colcon_core.environment:checking '/home/racecar/racecar_ws/src/ros_exercises/install/ros_exercises' for CMake module files
[4.964s] Level 1:colcon.colcon_core.environment:checking '/home/racecar/racecar_ws/src/ros_exercises/install/ros_exercises' for CMake config files
[4.974s] Level 1:colcon.colcon_core.environment:checking '/home/racecar/racecar_ws/src/ros_exercises/install/ros_exercises/lib'
[4.975s] Level 1:colcon.colcon_core.environment:checking '/home/racecar/racecar_ws/src/ros_exercises/install/ros_exercises/bin'
[4.975s] Level 1:colcon.colcon_core.environment:checking '/home/racecar/racecar_ws/src/ros_exercises/install/ros_exercises/lib/pkgconfig/ros_exercises.pc'
[4.976s] Level 1:colcon.colcon_core.environment:checking '/home/racecar/racecar_ws/src/ros_exercises/install/ros_exercises/lib/python3.8/site-packages'
[4.976s] Level 1:colcon.colcon_core.shell:create_environment_hook('ros_exercises', 'pythonpath')
[5.015s] INFO:colcon.colcon_core.shell:Creating environment hook '/home/racecar/racecar_ws/src/ros_exercises/install/ros_exercises/share/ros_exercises/hook/pythonpath.ps1'
[5.018s] INFO:colcon.colcon_core.shell:Creating environment descriptor '/home/racecar/racecar_ws/src/ros_exercises/install/ros_exercises/share/ros_exercises/hook/pythonpath.dsv'
[5.019s] INFO:colcon.colcon_core.shell:Creating environment hook '/home/racecar/racecar_ws/src/ros_exercises/install/ros_exercises/share/ros_exercises/hook/pythonpath.sh'
[5.021s] Level 1:colcon.colcon_core.environment:checking '/home/racecar/racecar_ws/src/ros_exercises/install/ros_exercises/bin'
[5.021s] Level 1:colcon.colcon_core.environment:create_environment_scripts_only(ros_exercises)
[5.063s] INFO:colcon.colcon_core.shell:Creating package script '/home/racecar/racecar_ws/src/ros_exercises/install/ros_exercises/share/ros_exercises/package.ps1'
[5.065s] INFO:colcon.colcon_core.shell:Creating package descriptor '/home/racecar/racecar_ws/src/ros_exercises/install/ros_exercises/share/ros_exercises/package.dsv'
[5.067s] INFO:colcon.colcon_core.shell:Creating package script '/home/racecar/racecar_ws/src/ros_exercises/install/ros_exercises/share/ros_exercises/package.sh'
[5.069s] INFO:colcon.colcon_core.shell:Creating package script '/home/racecar/racecar_ws/src/ros_exercises/install/ros_exercises/share/ros_exercises/package.bash'
[5.071s] INFO:colcon.colcon_core.shell:Creating package script '/home/racecar/racecar_ws/src/ros_exercises/install/ros_exercises/share/ros_exercises/package.zsh'
[5.073s] Level 1:colcon.colcon_core.environment:create_file_with_runtime_dependencies(/home/racecar/racecar_ws/src/ros_exercises/install/ros_exercises/share/colcon-core/packages/ros_exercises)
[5.075s] DEBUG:colcon.colcon_parallel_executor.executor.parallel:closing loop
[5.076s] DEBUG:colcon.colcon_parallel_executor.executor.parallel:loop closed
[5.077s] DEBUG:colcon.colcon_parallel_executor.executor.parallel:run_until_complete finished with '0'
[5.077s] DEBUG:colcon.colcon_core.event_reactor:joining thread
[5.132s] INFO:colcon.colcon_core.plugin_system:Skipping extension 'colcon_notification.desktop_notification.notify_send': Could not find 'notify-send'
[5.133s] INFO:colcon.colcon_core.plugin_system:Skipping extension 'colcon_notification.desktop_notification.terminal_notifier': Not used on non-Darwin systems
[5.133s] INFO:colcon.colcon_core.plugin_system:Skipping extension 'colcon_notification.desktop_notification.win32': Not used on non-Windows systems
[5.134s] INFO:colcon.colcon_notification.desktop_notification:Sending desktop notification using 'notify2'
[5.134s] DEBUG:colcon.colcon_notification.desktop_notification.notify2:Failed to initialize notify2: org.freedesktop.DBus.Error.NotSupported: Unable to autolaunch a dbus-daemon without a $DISPLAY for X11
[5.135s] DEBUG:colcon.colcon_core.event_reactor:joined thread
[5.173s] INFO:colcon.colcon_core.shell:Creating prefix script '/home/racecar/racecar_ws/src/ros_exercises/install/local_setup.ps1'
[5.176s] INFO:colcon.colcon_core.shell:Creating prefix util module '/home/racecar/racecar_ws/src/ros_exercises/install/_local_setup_util_ps1.py'
[5.179s] INFO:colcon.colcon_core.shell:Creating prefix chain script '/home/racecar/racecar_ws/src/ros_exercises/install/setup.ps1'
[5.223s] INFO:colcon.colcon_core.shell:Creating prefix script '/home/racecar/racecar_ws/src/ros_exercises/install/local_setup.sh'
[5.224s] INFO:colcon.colcon_core.shell:Creating prefix util module '/home/racecar/racecar_ws/src/ros_exercises/install/_local_setup_util_sh.py'
[5.226s] INFO:colcon.colcon_core.shell:Creating prefix chain script '/home/racecar/racecar_ws/src/ros_exercises/install/setup.sh'
[5.271s] INFO:colcon.colcon_core.shell:Creating prefix script '/home/racecar/racecar_ws/src/ros_exercises/install/local_setup.bash'
[5.272s] INFO:colcon.colcon_core.shell:Creating prefix chain script '/home/racecar/racecar_ws/src/ros_exercises/install/setup.bash'
[5.316s] INFO:colcon.colcon_core.shell:Creating prefix script '/home/racecar/racecar_ws/src/ros_exercises/install/local_setup.zsh'
[5.318s] INFO:colcon.colcon_core.shell:Creating prefix chain script '/home/racecar/racecar_ws/src/ros_exercises/install/setup.zsh'
