[0.000000] (-) TimerEvent: {}
[0.000509] (open_space_msg) JobQueued: {'identifier': 'open_space_msg', 'dependencies': OrderedDict()}
[0.000906] (ros_exercises) JobQueued: {'identifier': 'ros_exercises', 'dependencies': OrderedDict()}
[0.001329] (open_space_msg) JobStarted: {'identifier': 'open_space_msg'}
[0.100776] (-) TimerEvent: {}
[0.203140] (-) TimerEvent: {}
[0.292392] (ros_exercises) JobStarted: {'identifier': 'ros_exercises'}
[0.304137] (-) TimerEvent: {}
[0.405592] (-) TimerEvent: {}
[0.509803] (-) TimerEvent: {}
[0.614410] (-) TimerEvent: {}
[0.623355] (open_space_msg) JobProgress: {'identifier': 'open_space_msg', 'progress': 'cmake'}
[0.625331] (open_space_msg) Command: {'cmd': ['/usr/bin/cmake', '/home/racecar/racecar_ws/src/lab1c/open_space_msg', '-DCMAKE_INSTALL_PREFIX=/home/racecar/racecar_ws/src/lab1c/install/open_space_msg'], 'cwd': '/home/racecar/racecar_ws/src/lab1c/build/open_space_msg', 'env': OrderedDict([('PYTHONIOENCODING', 'utf-8'), ('HOSTNAME', '7e48457b528d'), ('SHLVL', '1'), ('LD_LIBRARY_PATH', '/home/racecar/racecar_ws/src/install/open_space_msg/lib:/opt/ros/foxy/opt/yaml_cpp_vendor/lib:/opt/ros/foxy/opt/rviz_ogre_vendor/lib:/opt/ros/foxy/lib/x86_64-linux-gnu:/opt/ros/foxy/lib'), ('HOME', '/home/racecar'), ('OLDPWD', '/home/racecar/racecar_ws/src'), ('ROS_PYTHON_VERSION', '3'), ('COLCON_PREFIX_PATH', '/home/racecar/racecar_ws/src/install:/home/sim_ws/install:/home/racecar/racecar_ws/install'), ('ROS_DISTRO', 'foxy'), ('_', '/usr/bin/colcon'), ('ROS_VERSION', '2'), ('TERM', 'xterm'), ('ROS_LOCALHOST_ONLY', '0'), ('PATH', '/opt/ros/foxy/bin:/usr/local/sbin:/usr/local/bin:/usr/sbin:/usr/bin:/sbin:/bin'), ('LANG', 'en_US.UTF-8'), ('AMENT_PREFIX_PATH', '/home/racecar/racecar_ws/src/install/ros_exercises:/home/racecar/racecar_ws/src/install/open_space_msg:/home/sim_ws/install/racecar_simulator:/home/racecar/racecar_ws/install/ros_exercises:/opt/ros/foxy'), ('SIM_WS', '/home/sim_ws'), ('PWD', '/home/racecar/racecar_ws/src/lab1c/build/open_space_msg'), ('PYTHONPATH', '/home/racecar/racecar_ws/src/install/ros_exercises/lib/python3.8/site-packages:/home/racecar/racecar_ws/src/install/open_space_msg/lib/python3.8/site-packages:/home/racecar/racecar_ws/install/ros_exercises/lib/python3.8/site-packages:/opt/ros/foxy/lib/python3.8/site-packages'), ('NO_VNC_VERSION', '1.4.0'), ('COLCON', '1'), ('CMAKE_PREFIX_PATH', '/home/racecar/racecar_ws/src/install/open_space_msg:/home/sim_ws/install/racecar_simulator:/home/racecar/racecar_ws/src/install/ros_exercises:/home/racecar/racecar_ws/install/ros_exercises:/opt/ros/foxy')]), 'shell': False}
[0.715166] (-) TimerEvent: {}
[0.766857] (open_space_msg) StdoutLine: {'line': b'-- The C compiler identification is GNU 9.4.0\n'}
[0.816236] (-) TimerEvent: {}
[0.917244] (-) TimerEvent: {}
[0.919608] (open_space_msg) StdoutLine: {'line': b'-- The CXX compiler identification is GNU 9.4.0\n'}
[0.932635] (open_space_msg) StdoutLine: {'line': b'-- Check for working C compiler: /usr/bin/cc\n'}
[1.018605] (-) TimerEvent: {}
[1.122069] (-) TimerEvent: {}
[1.193050] (open_space_msg) StdoutLine: {'line': b'-- Check for working C compiler: /usr/bin/cc -- works\n'}
[1.195365] (open_space_msg) StdoutLine: {'line': b'-- Detecting C compiler ABI info\n'}
[1.223137] (-) TimerEvent: {}
[1.325268] (-) TimerEvent: {}
[1.427188] (-) TimerEvent: {}
[1.448681] (open_space_msg) StdoutLine: {'line': b'-- Detecting C compiler ABI info - done\n'}
[1.477814] (open_space_msg) StdoutLine: {'line': b'-- Detecting C compile features\n'}
[1.479229] (open_space_msg) StdoutLine: {'line': b'-- Detecting C compile features - done\n'}
[1.487215] (open_space_msg) StdoutLine: {'line': b'-- Check for working CXX compiler: /usr/bin/c++\n'}
[1.528200] (-) TimerEvent: {}
[1.629339] (-) TimerEvent: {}
[1.730191] (-) TimerEvent: {}
[1.746707] (open_space_msg) StdoutLine: {'line': b'-- Check for working CXX compiler: /usr/bin/c++ -- works\n'}
[1.749809] (open_space_msg) StdoutLine: {'line': b'-- Detecting CXX compiler ABI info\n'}
[1.831225] (-) TimerEvent: {}
[1.902736] (ros_exercises) Command: {'cmd': ['/usr/bin/python3', 'setup.py', 'egg_info', '--egg-base', '../build/ros_exercises', 'build', '--build-base', '/home/racecar/racecar_ws/src/lab1c/build/ros_exercises/build', 'install', '--record', '/home/racecar/racecar_ws/src/lab1c/build/ros_exercises/install.log', '--install-scripts', '$base/lib/ros_exercises', '--single-version-externally-managed'], 'cwd': '/home/racecar/racecar_ws/src/lab1c/ros_exercises', 'env': {'PYTHONIOENCODING': 'utf-8', 'HOSTNAME': '7e48457b528d', 'SHLVL': '1', 'LD_LIBRARY_PATH': '/home/racecar/racecar_ws/src/install/open_space_msg/lib:/opt/ros/foxy/opt/yaml_cpp_vendor/lib:/opt/ros/foxy/opt/rviz_ogre_vendor/lib:/opt/ros/foxy/lib/x86_64-linux-gnu:/opt/ros/foxy/lib', 'HOME': '/home/racecar', 'OLDPWD': '/home/racecar/racecar_ws/src', 'ROS_PYTHON_VERSION': '3', 'COLCON_PREFIX_PATH': '/home/racecar/racecar_ws/src/install:/home/sim_ws/install:/home/racecar/racecar_ws/install', 'ROS_DISTRO': 'foxy', '_': '/usr/bin/colcon', 'ROS_VERSION': '2', 'TERM': 'xterm', 'ROS_LOCALHOST_ONLY': '0', 'PATH': '/opt/ros/foxy/bin:/usr/local/sbin:/usr/local/bin:/usr/sbin:/usr/bin:/sbin:/bin', 'LANG': 'en_US.UTF-8', 'AMENT_PREFIX_PATH': '/home/racecar/racecar_ws/src/install/ros_exercises:/home/racecar/racecar_ws/src/install/open_space_msg:/home/sim_ws/install/racecar_simulator:/home/racecar/racecar_ws/install/ros_exercises:/opt/ros/foxy', 'SIM_WS': '/home/sim_ws', 'PWD': '/home/racecar/racecar_ws/src/lab1c/build/ros_exercises', 'PYTHONPATH': '/home/racecar/racecar_ws/src/lab1c/build/ros_exercises/prefix_override:/home/racecar/racecar_ws/src/lab1c/install/ros_exercises/lib/python3.8/site-packages:/home/racecar/racecar_ws/src/install/ros_exercises/lib/python3.8/site-packages:/home/racecar/racecar_ws/src/install/open_space_msg/lib/python3.8/site-packages:/home/racecar/racecar_ws/install/ros_exercises/lib/python3.8/site-packages:/opt/ros/foxy/lib/python3.8/site-packages', 'NO_VNC_VERSION': '1.4.0', 'COLCON': '1', 'CMAKE_PREFIX_PATH': '/home/racecar/racecar_ws/src/install/open_space_msg:/home/sim_ws/install/racecar_simulator'}, 'shell': False}
[1.932229] (-) TimerEvent: {}
[2.003536] (open_space_msg) StdoutLine: {'line': b'-- Detecting CXX compiler ABI info - done\n'}
[2.033273] (open_space_msg) StdoutLine: {'line': b'-- Detecting CXX compile features\n'}
[2.035423] (-) TimerEvent: {}
[2.036167] (open_space_msg) StdoutLine: {'line': b'-- Detecting CXX compile features - done\n'}
[2.067982] (open_space_msg) StdoutLine: {'line': b'-- Found ament_cmake: 0.9.12 (/opt/ros/foxy/share/ament_cmake/cmake)\n'}
[2.136250] (-) TimerEvent: {}
[2.141020] (open_space_msg) StdoutLine: {'line': b'-- Found PythonInterp: /usr/bin/python3 (found suitable version "3.8.10", minimum required is "3") \n'}
[2.142624] (open_space_msg) StdoutLine: {'line': b'-- Using PYTHON_EXECUTABLE: /usr/bin/python3\n'}
[2.190191] (ros_exercises) StdoutLine: {'line': b'running egg_info\n'}
[2.191968] (ros_exercises) StdoutLine: {'line': b'creating ../build/ros_exercises/ros_exercises.egg-info\n'}
[2.193816] (ros_exercises) StdoutLine: {'line': b'writing ../build/ros_exercises/ros_exercises.egg-info/PKG-INFO\n'}
[2.195980] (ros_exercises) StdoutLine: {'line': b'writing dependency_links to ../build/ros_exercises/ros_exercises.egg-info/dependency_links.txt\n'}
[2.197984] (ros_exercises) StdoutLine: {'line': b'writing entry points to ../build/ros_exercises/ros_exercises.egg-info/entry_points.txt\n'}
[2.200122] (ros_exercises) StdoutLine: {'line': b'writing requirements to ../build/ros_exercises/ros_exercises.egg-info/requires.txt\n'}
[2.202295] (ros_exercises) StdoutLine: {'line': b'writing top-level names to ../build/ros_exercises/ros_exercises.egg-info/top_level.txt\n'}
[2.206088] (ros_exercises) StdoutLine: {'line': b"writing manifest file '../build/ros_exercises/ros_exercises.egg-info/SOURCES.txt'\n"}
[2.237197] (-) TimerEvent: {}
[2.257994] (ros_exercises) StdoutLine: {'line': b"reading manifest file '../build/ros_exercises/ros_exercises.egg-info/SOURCES.txt'\n"}
[2.261258] (ros_exercises) StdoutLine: {'line': b"writing manifest file '../build/ros_exercises/ros_exercises.egg-info/SOURCES.txt'\n"}
[2.262568] (ros_exercises) StdoutLine: {'line': b'running build\n'}
[2.263691] (ros_exercises) StdoutLine: {'line': b'running build_py\n'}
[2.265043] (ros_exercises) StdoutLine: {'line': b'creating /home/racecar/racecar_ws/src/lab1c/build/ros_exercises/build\n'}
[2.266235] (ros_exercises) StdoutLine: {'line': b'creating /home/racecar/racecar_ws/src/lab1c/build/ros_exercises/build/lib\n'}
[2.267252] (ros_exercises) StdoutLine: {'line': b'creating /home/racecar/racecar_ws/src/lab1c/build/ros_exercises/build/lib/ros_exercises\n'}
[2.268324] (ros_exercises) StdoutLine: {'line': b'copying ros_exercises/open_space_publisher.py -> /home/racecar/racecar_ws/src/lab1c/build/ros_exercises/build/lib/ros_exercises\n'}
[2.269418] (ros_exercises) StdoutLine: {'line': b'copying ros_exercises/__init__.py -> /home/racecar/racecar_ws/src/lab1c/build/ros_exercises/build/lib/ros_exercises\n'}
[2.270539] (ros_exercises) StdoutLine: {'line': b'copying ros_exercises/simple_subscriber.py -> /home/racecar/racecar_ws/src/lab1c/build/ros_exercises/build/lib/ros_exercises\n'}
[2.271803] (ros_exercises) StdoutLine: {'line': b'copying ros_exercises/simple_publisher.py -> /home/racecar/racecar_ws/src/lab1c/build/ros_exercises/build/lib/ros_exercises\n'}
[2.275182] (ros_exercises) StdoutLine: {'line': b'copying ros_exercises/fake_scan_publisher.py -> /home/racecar/racecar_ws/src/lab1c/build/ros_exercises/build/lib/ros_exercises\n'}
[2.279757] (ros_exercises) StdoutLine: {'line': b'running install\n'}
[2.281442] (ros_exercises) StdoutLine: {'line': b'running install_lib\n'}
[2.284590] (ros_exercises) StdoutLine: {'line': b'creating /home/racecar/racecar_ws/src/lab1c/install/ros_exercises/lib/python3.8/site-packages/ros_exercises\n'}
[2.286121] (ros_exercises) StdoutLine: {'line': b'copying /home/racecar/racecar_ws/src/lab1c/build/ros_exercises/build/lib/ros_exercises/open_space_publisher.py -> /home/racecar/racecar_ws/src/lab1c/install/ros_exercises/lib/python3.8/site-packages/ros_exercises\n'}
[2.288538] (ros_exercises) StdoutLine: {'line': b'copying /home/racecar/racecar_ws/src/lab1c/build/ros_exercises/build/lib/ros_exercises/__init__.py -> /home/racecar/racecar_ws/src/lab1c/install/ros_exercises/lib/python3.8/site-packages/ros_exercises\n'}
[2.290756] (ros_exercises) StdoutLine: {'line': b'copying /home/racecar/racecar_ws/src/lab1c/build/ros_exercises/build/lib/ros_exercises/simple_subscriber.py -> /home/racecar/racecar_ws/src/lab1c/install/ros_exercises/lib/python3.8/site-packages/ros_exercises\n'}
[2.293369] (ros_exercises) StdoutLine: {'line': b'copying /home/racecar/racecar_ws/src/lab1c/build/ros_exercises/build/lib/ros_exercises/simple_publisher.py -> /home/racecar/racecar_ws/src/lab1c/install/ros_exercises/lib/python3.8/site-packages/ros_exercises\n'}
[2.296979] (ros_exercises) StdoutLine: {'line': b'copying /home/racecar/racecar_ws/src/lab1c/build/ros_exercises/build/lib/ros_exercises/fake_scan_publisher.py -> /home/racecar/racecar_ws/src/lab1c/install/ros_exercises/lib/python3.8/site-packages/ros_exercises\n'}
[2.300973] (ros_exercises) StdoutLine: {'line': b'byte-compiling /home/racecar/racecar_ws/src/lab1c/install/ros_exercises/lib/python3.8/site-packages/ros_exercises/open_space_publisher.py to open_space_publisher.cpython-38.pyc\n'}
[2.305162] (ros_exercises) StdoutLine: {'line': b'byte-compiling /home/racecar/racecar_ws/src/lab1c/install/ros_exercises/lib/python3.8/site-packages/ros_exercises/__init__.py to __init__.cpython-38.pyc\n'}
[2.307924] (ros_exercises) StdoutLine: {'line': b'byte-compiling /home/racecar/racecar_ws/src/lab1c/install/ros_exercises/lib/python3.8/site-packages/ros_exercises/simple_subscriber.py to simple_subscriber.cpython-38.pyc\n'}
[2.312908] (ros_exercises) StdoutLine: {'line': b'byte-compiling /home/racecar/racecar_ws/src/lab1c/install/ros_exercises/lib/python3.8/site-packages/ros_exercises/simple_publisher.py to simple_publisher.cpython-38.pyc\n'}
[2.316198] (ros_exercises) StdoutLine: {'line': b'byte-compiling /home/racecar/racecar_ws/src/lab1c/install/ros_exercises/lib/python3.8/site-packages/ros_exercises/fake_scan_publisher.py to fake_scan_publisher.cpython-38.pyc\n'}
[2.320442] (ros_exercises) StdoutLine: {'line': b'running install_data\n'}
[2.322609] (ros_exercises) StdoutLine: {'line': b'creating /home/racecar/racecar_ws/src/lab1c/install/ros_exercises/share/ament_index\n'}
[2.324293] (ros_exercises) StdoutLine: {'line': b'creating /home/racecar/racecar_ws/src/lab1c/install/ros_exercises/share/ament_index/resource_index\n'}
[2.325890] (ros_exercises) StdoutLine: {'line': b'creating /home/racecar/racecar_ws/src/lab1c/install/ros_exercises/share/ament_index/resource_index/packages\n'}
[2.327245] (ros_exercises) StdoutLine: {'line': b'copying resource/ros_exercises -> /home/racecar/racecar_ws/src/lab1c/install/ros_exercises/share/ament_index/resource_index/packages\n'}
[2.328819] (ros_exercises) StdoutLine: {'line': b'copying package.xml -> /home/racecar/racecar_ws/src/lab1c/install/ros_exercises/share/ros_exercises\n'}
[2.331252] (ros_exercises) StdoutLine: {'line': b'running install_egg_info\n'}
[2.334277] (ros_exercises) StdoutLine: {'line': b'Copying ../build/ros_exercises/ros_exercises.egg-info to /home/racecar/racecar_ws/src/lab1c/install/ros_exercises/lib/python3.8/site-packages/ros_exercises-0.0.0-py3.8.egg-info\n'}
[2.338150] (-) TimerEvent: {}
[2.360451] (ros_exercises) StdoutLine: {'line': b'running install_scripts\n'}
[2.391547] (ros_exercises) StdoutLine: {'line': b'Installing fake_scan_publisher script to /home/racecar/racecar_ws/src/lab1c/install/ros_exercises/lib/ros_exercises\n'}
[2.394178] (ros_exercises) StdoutLine: {'line': b'Installing open_space_publisher script to /home/racecar/racecar_ws/src/lab1c/install/ros_exercises/lib/ros_exercises\n'}
[2.396981] (ros_exercises) StdoutLine: {'line': b'Installing simple_publisher script to /home/racecar/racecar_ws/src/lab1c/install/ros_exercises/lib/ros_exercises\n'}
[2.399570] (ros_exercises) StdoutLine: {'line': b'Installing simple_subscriber script to /home/racecar/racecar_ws/src/lab1c/install/ros_exercises/lib/ros_exercises\n'}
[2.403706] (ros_exercises) StdoutLine: {'line': b"writing list of installed files to '/home/racecar/racecar_ws/src/lab1c/build/ros_exercises/install.log'\n"}
[2.429668] (ros_exercises) CommandEnded: {'returncode': 0}
[2.439445] (-) TimerEvent: {}
[2.540436] (-) TimerEvent: {}
[2.604043] (ros_exercises) JobEnded: {'identifier': 'ros_exercises', 'rc': 0}
[2.641176] (-) TimerEvent: {}
[2.713490] (open_space_msg) StdoutLine: {'line': b'-- Found rosidl_default_generators: 1.0.1 (/opt/ros/foxy/share/rosidl_default_generators/cmake)\n'}
[2.741328] (open_space_msg) StdoutLine: {'line': b'-- Using all available rosidl_typesupport_c: rosidl_typesupport_fastrtps_c;rosidl_typesupport_introspection_c\n'}
[2.742983] (-) TimerEvent: {}
[2.807338] (open_space_msg) StdoutLine: {'line': b'-- Found rosidl_adapter: 1.3.1 (/opt/ros/foxy/share/rosidl_adapter/cmake)\n'}
[2.844206] (-) TimerEvent: {}
[2.945184] (-) TimerEvent: {}
[3.046154] (-) TimerEvent: {}
[3.147107] (-) TimerEvent: {}
[3.165638] (open_space_msg) StdoutLine: {'line': b'-- Found OpenSSL: /usr/lib/x86_64-linux-gnu/libcrypto.so (found version "1.1.1f")  \n'}
[3.241596] (open_space_msg) StdoutLine: {'line': b'-- Found FastRTPS: /opt/ros/foxy/include  \n'}
[3.248147] (-) TimerEvent: {}
[3.349236] (-) TimerEvent: {}
[3.450435] (-) TimerEvent: {}
[3.548675] (open_space_msg) StdoutLine: {'line': b'-- Using all available rosidl_typesupport_cpp: rosidl_typesupport_fastrtps_cpp;rosidl_typesupport_introspection_cpp\n'}
[3.550586] (-) TimerEvent: {}
[3.652161] (-) TimerEvent: {}
[3.704896] (open_space_msg) StdoutLine: {'line': b'-- Found PythonInterp: /usr/bin/python3 (found version "3.8.10") \n'}
[3.753341] (-) TimerEvent: {}
[3.854387] (-) TimerEvent: {}
[3.933381] (open_space_msg) StdoutLine: {'line': b'-- Found ament_cmake_ros: 0.9.2 (/opt/ros/foxy/share/ament_cmake_ros/cmake)\n'}
[3.955175] (-) TimerEvent: {}
[4.056303] (-) TimerEvent: {}
[4.157209] (-) TimerEvent: {}
[4.258153] (-) TimerEvent: {}
[4.319501] (open_space_msg) StdoutLine: {'line': b'-- Using all available rosidl_typesupport_c: rosidl_typesupport_fastrtps_c;rosidl_typesupport_introspection_c\n'}
[4.359068] (-) TimerEvent: {}
[4.401323] (open_space_msg) StdoutLine: {'line': b'-- Using all available rosidl_typesupport_cpp: rosidl_typesupport_fastrtps_cpp;rosidl_typesupport_introspection_cpp\n'}
[4.431679] (open_space_msg) StdoutLine: {'line': b'-- Found PythonInterp: /usr/bin/python3 (found suitable version "3.8.10", minimum required is "3.5") \n'}
[4.451913] (open_space_msg) StdoutLine: {'line': b'-- Found python_cmake_module: 0.8.1 (/opt/ros/foxy/share/python_cmake_module/cmake)\n'}
[4.460215] (-) TimerEvent: {}
[4.495198] (open_space_msg) StdoutLine: {'line': b'-- Found PythonLibs: /usr/lib/x86_64-linux-gnu/libpython3.8.so (found suitable version "3.8.10", minimum required is "3.5") \n'}
[4.496597] (open_space_msg) StdoutLine: {'line': b'-- Using PYTHON_EXECUTABLE: /usr/bin/python3\n'}
[4.498281] (open_space_msg) StdoutLine: {'line': b'-- Using PYTHON_INCLUDE_DIRS: /usr/include/python3.8\n'}
[4.499500] (open_space_msg) StdoutLine: {'line': b'-- Using PYTHON_LIBRARIES: /usr/lib/x86_64-linux-gnu/libpython3.8.so\n'}
[4.526302] (open_space_msg) StdoutLine: {'line': b'-- Found PythonExtra: .so  \n'}
[4.560617] (-) TimerEvent: {}
[4.662248] (-) TimerEvent: {}
[4.663216] (open_space_msg) StdoutLine: {'line': b'-- Found ament_lint_auto: 0.9.8 (/opt/ros/foxy/share/ament_lint_auto/cmake)\n'}
[4.763165] (-) TimerEvent: {}
[4.864173] (-) TimerEvent: {}
[4.925203] (open_space_msg) StdoutLine: {'line': b"-- Added test 'copyright' to check source files copyright and LICENSE\n"}
[4.965112] (-) TimerEvent: {}
[4.989604] (open_space_msg) StdoutLine: {'line': b"-- Added test 'lint_cmake' to check CMake code style\n"}
[5.039546] (open_space_msg) StdoutLine: {'line': b"-- Added test 'xmllint' to check XML markup files\n"}
[5.066162] (-) TimerEvent: {}
[5.119349] (open_space_msg) StdoutLine: {'line': b'-- Configuring done\n'}
[5.167543] (-) TimerEvent: {}
[5.269152] (-) TimerEvent: {}
[5.371333] (-) TimerEvent: {}
[5.473096] (-) TimerEvent: {}
[5.575368] (-) TimerEvent: {}
[5.677593] (-) TimerEvent: {}
[5.706491] (open_space_msg) StdoutLine: {'line': b'-- Generating done\n'}
[5.775256] (open_space_msg) StdoutLine: {'line': b'-- Build files have been written to: /home/racecar/racecar_ws/src/lab1c/build/open_space_msg\n'}
[5.778199] (-) TimerEvent: {}
[5.784181] (open_space_msg) CommandEnded: {'returncode': 0}
[5.788269] (open_space_msg) JobProgress: {'identifier': 'open_space_msg', 'progress': 'build'}
[5.788625] (open_space_msg) Command: {'cmd': ['/usr/bin/cmake', '--build', '/home/racecar/racecar_ws/src/lab1c/build/open_space_msg', '--', '-j8', '-l8'], 'cwd': '/home/racecar/racecar_ws/src/lab1c/build/open_space_msg', 'env': OrderedDict([('PYTHONIOENCODING', 'utf-8'), ('HOSTNAME', '7e48457b528d'), ('SHLVL', '1'), ('LD_LIBRARY_PATH', '/home/racecar/racecar_ws/src/install/open_space_msg/lib:/opt/ros/foxy/opt/yaml_cpp_vendor/lib:/opt/ros/foxy/opt/rviz_ogre_vendor/lib:/opt/ros/foxy/lib/x86_64-linux-gnu:/opt/ros/foxy/lib'), ('HOME', '/home/racecar'), ('OLDPWD', '/home/racecar/racecar_ws/src'), ('ROS_PYTHON_VERSION', '3'), ('COLCON_PREFIX_PATH', '/home/racecar/racecar_ws/src/install:/home/sim_ws/install:/home/racecar/racecar_ws/install'), ('ROS_DISTRO', 'foxy'), ('_', '/usr/bin/colcon'), ('ROS_VERSION', '2'), ('TERM', 'xterm'), ('ROS_LOCALHOST_ONLY', '0'), ('PATH', '/opt/ros/foxy/bin:/usr/local/sbin:/usr/local/bin:/usr/sbin:/usr/bin:/sbin:/bin'), ('LANG', 'en_US.UTF-8'), ('AMENT_PREFIX_PATH', '/home/racecar/racecar_ws/src/install/ros_exercises:/home/racecar/racecar_ws/src/install/open_space_msg:/home/sim_ws/install/racecar_simulator:/home/racecar/racecar_ws/install/ros_exercises:/opt/ros/foxy'), ('SIM_WS', '/home/sim_ws'), ('PWD', '/home/racecar/racecar_ws/src/lab1c/build/open_space_msg'), ('PYTHONPATH', '/home/racecar/racecar_ws/src/install/ros_exercises/lib/python3.8/site-packages:/home/racecar/racecar_ws/src/install/open_space_msg/lib/python3.8/site-packages:/home/racecar/racecar_ws/install/ros_exercises/lib/python3.8/site-packages:/opt/ros/foxy/lib/python3.8/site-packages'), ('NO_VNC_VERSION', '1.4.0'), ('COLCON', '1'), ('CMAKE_PREFIX_PATH', '/home/racecar/racecar_ws/src/install/open_space_msg:/home/sim_ws/install/racecar_simulator:/home/racecar/racecar_ws/src/install/ros_exercises:/home/racecar/racecar_ws/install/ros_exercises:/opt/ros/foxy')]), 'shell': False}
[5.879226] (-) TimerEvent: {}
[5.912889] (open_space_msg) StdoutLine: {'line': b'\x1b[35m\x1b[1mScanning dependencies of target open_space_msg__cpp\x1b[0m\n'}
[5.915943] (open_space_msg) StdoutLine: {'line': b'[  3%] \x1b[34m\x1b[1mGenerating C code for ROS interfaces\x1b[0m\n'}
[5.958670] (open_space_msg) StdoutLine: {'line': b'[  6%] \x1b[34m\x1b[1mGenerating C++ code for ROS interfaces\x1b[0m\n'}
[5.980398] (-) TimerEvent: {}
[6.082276] (-) TimerEvent: {}
[6.183223] (-) TimerEvent: {}
[6.284093] (-) TimerEvent: {}
[6.375322] (open_space_msg) StdoutLine: {'line': b'\x1b[35m\x1b[1mScanning dependencies of target open_space_msg__rosidl_generator_c\x1b[0m\n'}
[6.385414] (-) TimerEvent: {}
[6.397290] (open_space_msg) StdoutLine: {'line': b'[  6%] Built target open_space_msg__cpp\n'}
[6.468622] (open_space_msg) StdoutLine: {'line': b'[  9%] \x1b[34m\x1b[1mGenerating C++ type support dispatch for ROS interfaces\x1b[0m\n'}
[6.484190] (open_space_msg) StdoutLine: {'line': b'[ 16%] \x1b[34m\x1b[1mGenerating C++ introspection for ROS interfaces\x1b[0m\n'}
[6.486237] (-) TimerEvent: {}
[6.486961] (open_space_msg) StdoutLine: {'line': b'[ 16%] \x1b[34m\x1b[1mGenerating C++ type support for eProsima Fast-RTPS\x1b[0m\n'}
[6.489018] (open_space_msg) StdoutLine: {'line': b'[ 19%] \x1b[32mBuilding C object CMakeFiles/open_space_msg__rosidl_generator_c.dir/rosidl_generator_c/open_space_msg/msg/detail/open_space__functions.c.o\x1b[0m\n'}
[6.587281] (-) TimerEvent: {}
[6.609192] (open_space_msg) StdoutLine: {'line': b'[ 22%] \x1b[32m\x1b[1mLinking C shared library libopen_space_msg__rosidl_generator_c.so\x1b[0m\n'}
[6.688342] (-) TimerEvent: {}
[6.718975] (open_space_msg) StdoutLine: {'line': b'[ 22%] Built target open_space_msg__rosidl_generator_c\n'}
[6.779026] (open_space_msg) StdoutLine: {'line': b'[ 29%] \x1b[34m\x1b[1mGenerating C introspection for ROS interfaces\x1b[0m\n'}
[6.781593] (open_space_msg) StdoutLine: {'line': b'[ 29%] \x1b[34m\x1b[1mGenerating C type support dispatch for ROS interfaces\x1b[0m\n'}
[6.789342] (-) TimerEvent: {}
[6.871289] (open_space_msg) StdoutLine: {'line': b'\x1b[35m\x1b[1mScanning dependencies of target open_space_msg__rosidl_typesupport_cpp\x1b[0m\n'}
[6.890316] (-) TimerEvent: {}
[6.954061] (open_space_msg) StdoutLine: {'line': b'\x1b[35m\x1b[1mScanning dependencies of target open_space_msg__rosidl_typesupport_introspection_cpp\x1b[0m\n'}
[6.991179] (-) TimerEvent: {}
[6.992722] (open_space_msg) StdoutLine: {'line': b'\x1b[35m\x1b[1mScanning dependencies of target open_space_msg__rosidl_typesupport_fastrtps_cpp\x1b[0m\n'}
[6.994975] (open_space_msg) StdoutLine: {'line': b'[ 32%] \x1b[32mBuilding CXX object CMakeFiles/open_space_msg__rosidl_typesupport_cpp.dir/rosidl_typesupport_cpp/open_space_msg/msg/open_space__type_support.cpp.o\x1b[0m\n'}
[7.070620] (open_space_msg) StdoutLine: {'line': b'[ 35%] \x1b[32mBuilding CXX object CMakeFiles/open_space_msg__rosidl_typesupport_introspection_cpp.dir/rosidl_typesupport_introspection_cpp/open_space_msg/msg/detail/open_space__type_support.cpp.o\x1b[0m\n'}
[7.092260] (-) TimerEvent: {}
[7.179659] (open_space_msg) StdoutLine: {'line': b'[ 38%] \x1b[32mBuilding CXX object CMakeFiles/open_space_msg__rosidl_typesupport_fastrtps_cpp.dir/rosidl_typesupport_fastrtps_cpp/open_space_msg/msg/detail/dds_fastrtps/open_space__type_support.cpp.o\x1b[0m\n'}
[7.193142] (-) TimerEvent: {}
[7.218369] (open_space_msg) StdoutLine: {'line': b'\x1b[35m\x1b[1mScanning dependencies of target open_space_msg__rosidl_typesupport_c\x1b[0m\n'}
[7.281348] (open_space_msg) StdoutLine: {'line': b'\x1b[35m\x1b[1mScanning dependencies of target open_space_msg__rosidl_typesupport_introspection_c\x1b[0m\n'}
[7.293331] (-) TimerEvent: {}
[7.322421] (open_space_msg) StdoutLine: {'line': b'[ 41%] \x1b[32mBuilding CXX object CMakeFiles/open_space_msg__rosidl_typesupport_c.dir/rosidl_typesupport_c/open_space_msg/msg/open_space__type_support.cpp.o\x1b[0m\n'}
[7.394273] (-) TimerEvent: {}
[7.398404] (open_space_msg) StdoutLine: {'line': b'[ 45%] \x1b[32mBuilding C object CMakeFiles/open_space_msg__rosidl_typesupport_introspection_c.dir/rosidl_typesupport_introspection_c/open_space_msg/msg/detail/open_space__type_support.c.o\x1b[0m\n'}
[7.437989] (open_space_msg) StdoutLine: {'line': b'[ 48%] \x1b[32m\x1b[1mLinking CXX shared library libopen_space_msg__rosidl_typesupport_c.so\x1b[0m\n'}
[7.495337] (-) TimerEvent: {}
[7.519640] (open_space_msg) StdoutLine: {'line': b'[ 51%] \x1b[32m\x1b[1mLinking C shared library libopen_space_msg__rosidl_typesupport_introspection_c.so\x1b[0m\n'}
[7.596301] (-) TimerEvent: {}
[7.596984] (open_space_msg) StdoutLine: {'line': b'[ 51%] Built target open_space_msg__rosidl_typesupport_c\n'}
[7.635770] (open_space_msg) StdoutLine: {'line': b'[ 54%] \x1b[32m\x1b[1mLinking CXX shared library libopen_space_msg__rosidl_typesupport_cpp.so\x1b[0m\n'}
[7.660803] (open_space_msg) StdoutLine: {'line': b'[ 54%] Built target open_space_msg__rosidl_typesupport_introspection_c\n'}
[7.690473] (open_space_msg) StdoutLine: {'line': b'[ 58%] \x1b[32m\x1b[1mLinking CXX shared library libopen_space_msg__rosidl_typesupport_introspection_cpp.so\x1b[0m\n'}
[7.697186] (-) TimerEvent: {}
[7.764902] (open_space_msg) StdoutLine: {'line': b'[ 58%] Built target open_space_msg__rosidl_typesupport_cpp\n'}
[7.798429] (-) TimerEvent: {}
[7.808352] (open_space_msg) StdoutLine: {'line': b'[ 58%] Built target open_space_msg__rosidl_typesupport_introspection_cpp\n'}
[7.899197] (-) TimerEvent: {}
[7.930168] (open_space_msg) StdoutLine: {'line': b'[ 61%] \x1b[32m\x1b[1mLinking CXX shared library libopen_space_msg__rosidl_typesupport_fastrtps_cpp.so\x1b[0m\n'}
[8.000293] (-) TimerEvent: {}
[8.071959] (open_space_msg) StdoutLine: {'line': b'[ 61%] Built target open_space_msg__rosidl_typesupport_fastrtps_cpp\n'}
[8.101345] (-) TimerEvent: {}
[8.107553] (open_space_msg) StdoutLine: {'line': b'[ 64%] \x1b[34m\x1b[1mGenerating C type support for eProsima Fast-RTPS\x1b[0m\n'}
[8.202277] (-) TimerEvent: {}
[8.303349] (-) TimerEvent: {}
[8.405318] (-) TimerEvent: {}
[8.454214] (open_space_msg) StdoutLine: {'line': b'\x1b[35m\x1b[1mScanning dependencies of target open_space_msg__rosidl_typesupport_fastrtps_c\x1b[0m\n'}
[8.506325] (-) TimerEvent: {}
[8.580335] (open_space_msg) StdoutLine: {'line': b'[ 67%] \x1b[32mBuilding CXX object CMakeFiles/open_space_msg__rosidl_typesupport_fastrtps_c.dir/rosidl_typesupport_fastrtps_c/open_space_msg/msg/detail/open_space__type_support_c.cpp.o\x1b[0m\n'}
[8.607139] (-) TimerEvent: {}
[8.708226] (-) TimerEvent: {}
[8.809334] (-) TimerEvent: {}
[8.911343] (-) TimerEvent: {}
[9.013374] (-) TimerEvent: {}
[9.076533] (open_space_msg) StdoutLine: {'line': b'[ 70%] \x1b[32m\x1b[1mLinking CXX shared library libopen_space_msg__rosidl_typesupport_fastrtps_c.so\x1b[0m\n'}
[9.114287] (-) TimerEvent: {}
[9.215109] (-) TimerEvent: {}
[9.228516] (open_space_msg) StdoutLine: {'line': b'[ 70%] Built target open_space_msg__rosidl_typesupport_fastrtps_c\n'}
[9.255528] (open_space_msg) StdoutLine: {'line': b'\x1b[35m\x1b[1mScanning dependencies of target open_space_msg\x1b[0m\n'}
[9.287592] (open_space_msg) StdoutLine: {'line': b'[ 70%] Built target open_space_msg\n'}
[9.312245] (open_space_msg) StdoutLine: {'line': b'\x1b[35m\x1b[1mScanning dependencies of target open_space_msg__py\x1b[0m\n'}
[9.316186] (-) TimerEvent: {}
[9.345600] (open_space_msg) StdoutLine: {'line': b'[ 74%] \x1b[34m\x1b[1mGenerating Python code for ROS interfaces\x1b[0m\n'}
[9.417383] (-) TimerEvent: {}
[9.519424] (-) TimerEvent: {}
[9.621347] (-) TimerEvent: {}
[9.722325] (-) TimerEvent: {}
[9.823187] (-) TimerEvent: {}
[9.876119] (open_space_msg) StdoutLine: {'line': b'[ 74%] Built target open_space_msg__py\n'}
[9.904660] (open_space_msg) StdoutLine: {'line': b'\x1b[35m\x1b[1mScanning dependencies of target open_space_msg__python\x1b[0m\n'}
[9.924236] (-) TimerEvent: {}
[10.025159] (-) TimerEvent: {}
[10.126184] (-) TimerEvent: {}
[10.145615] (open_space_msg) StdoutLine: {'line': b'[ 77%] \x1b[32mBuilding C object CMakeFiles/open_space_msg__python.dir/rosidl_generator_py/open_space_msg/msg/_open_space_s.c.o\x1b[0m\n'}
[10.227149] (-) TimerEvent: {}
[10.318246] (open_space_msg) StdoutLine: {'line': b'[ 80%] \x1b[32m\x1b[1mLinking C shared library rosidl_generator_py/open_space_msg/libopen_space_msg__python.so\x1b[0m\n'}
[10.328160] (-) TimerEvent: {}
[10.401125] (open_space_msg) StdoutLine: {'line': b'[ 80%] Built target open_space_msg__python\n'}
[10.429225] (-) TimerEvent: {}
[10.453677] (open_space_msg) StdoutLine: {'line': b'\x1b[35m\x1b[1mScanning dependencies of target open_space_msg__rosidl_typesupport_c__pyext\x1b[0m\n'}
[10.455826] (open_space_msg) StdoutLine: {'line': b'\x1b[35m\x1b[1mScanning dependencies of target open_space_msg__rosidl_typesupport_introspection_c__pyext\x1b[0m\n'}
[10.458218] (open_space_msg) StdoutLine: {'line': b'\x1b[35m\x1b[1mScanning dependencies of target open_space_msg__rosidl_typesupport_fastrtps_c__pyext\x1b[0m\n'}
[10.530193] (-) TimerEvent: {}
[10.631206] (-) TimerEvent: {}
[10.733240] (-) TimerEvent: {}
[10.835147] (-) TimerEvent: {}
[10.845520] (open_space_msg) StdoutLine: {'line': b'[ 83%] \x1b[32mBuilding C object CMakeFiles/open_space_msg__rosidl_typesupport_c__pyext.dir/rosidl_generator_py/open_space_msg/_open_space_msg_s.ep.rosidl_typesupport_c.c.o\x1b[0m\n'}
[10.849925] (open_space_msg) StdoutLine: {'line': b'[ 87%] \x1b[32mBuilding C object CMakeFiles/open_space_msg__rosidl_typesupport_introspection_c__pyext.dir/rosidl_generator_py/open_space_msg/_open_space_msg_s.ep.rosidl_typesupport_introspection_c.c.o\x1b[0m\n'}
[10.874952] (open_space_msg) StdoutLine: {'line': b'[ 90%] \x1b[32mBuilding C object CMakeFiles/open_space_msg__rosidl_typesupport_fastrtps_c__pyext.dir/rosidl_generator_py/open_space_msg/_open_space_msg_s.ep.rosidl_typesupport_fastrtps_c.c.o\x1b[0m\n'}
[10.936453] (-) TimerEvent: {}
[11.038125] (-) TimerEvent: {}
[11.132405] (open_space_msg) StdoutLine: {'line': b'[ 93%] \x1b[32m\x1b[1mLinking C shared library rosidl_generator_py/open_space_msg/open_space_msg_s__rosidl_typesupport_c.cpython-38-x86_64-linux-gnu.so\x1b[0m\n'}
[11.138375] (open_space_msg) StdoutLine: {'line': b'[ 96%] \x1b[32m\x1b[1mLinking C shared library rosidl_generator_py/open_space_msg/open_space_msg_s__rosidl_typesupport_introspection_c.cpython-38-x86_64-linux-gnu.so\x1b[0m\n'}
[11.140004] (-) TimerEvent: {}
[11.214773] (open_space_msg) StdoutLine: {'line': b'[100%] \x1b[32m\x1b[1mLinking CXX shared library rosidl_generator_py/open_space_msg/open_space_msg_s__rosidl_typesupport_fastrtps_c.cpython-38-x86_64-linux-gnu.so\x1b[0m\n'}
[11.240159] (-) TimerEvent: {}
[11.274102] (open_space_msg) StdoutLine: {'line': b'[100%] Built target open_space_msg__rosidl_typesupport_c__pyext\n'}
[11.276283] (open_space_msg) StdoutLine: {'line': b'[100%] Built target open_space_msg__rosidl_typesupport_introspection_c__pyext\n'}
[11.341202] (-) TimerEvent: {}
[11.344382] (open_space_msg) StdoutLine: {'line': b'[100%] Built target open_space_msg__rosidl_typesupport_fastrtps_c__pyext\n'}
[11.376645] (open_space_msg) CommandEnded: {'returncode': 0}
[11.442230] (-) TimerEvent: {}
[11.543486] (-) TimerEvent: {}
[11.544224] (open_space_msg) JobProgress: {'identifier': 'open_space_msg', 'progress': 'install'}
[11.566354] (open_space_msg) Command: {'cmd': ['/usr/bin/cmake', '--install', '/home/racecar/racecar_ws/src/lab1c/build/open_space_msg'], 'cwd': '/home/racecar/racecar_ws/src/lab1c/build/open_space_msg', 'env': OrderedDict([('PYTHONIOENCODING', 'utf-8'), ('HOSTNAME', '7e48457b528d'), ('SHLVL', '1'), ('LD_LIBRARY_PATH', '/home/racecar/racecar_ws/src/install/open_space_msg/lib:/opt/ros/foxy/opt/yaml_cpp_vendor/lib:/opt/ros/foxy/opt/rviz_ogre_vendor/lib:/opt/ros/foxy/lib/x86_64-linux-gnu:/opt/ros/foxy/lib'), ('HOME', '/home/racecar'), ('OLDPWD', '/home/racecar/racecar_ws/src'), ('ROS_PYTHON_VERSION', '3'), ('COLCON_PREFIX_PATH', '/home/racecar/racecar_ws/src/install:/home/sim_ws/install:/home/racecar/racecar_ws/install'), ('ROS_DISTRO', 'foxy'), ('_', '/usr/bin/colcon'), ('ROS_VERSION', '2'), ('TERM', 'xterm'), ('ROS_LOCALHOST_ONLY', '0'), ('PATH', '/opt/ros/foxy/bin:/usr/local/sbin:/usr/local/bin:/usr/sbin:/usr/bin:/sbin:/bin'), ('LANG', 'en_US.UTF-8'), ('AMENT_PREFIX_PATH', '/home/racecar/racecar_ws/src/install/ros_exercises:/home/racecar/racecar_ws/src/install/open_space_msg:/home/sim_ws/install/racecar_simulator:/home/racecar/racecar_ws/install/ros_exercises:/opt/ros/foxy'), ('SIM_WS', '/home/sim_ws'), ('PWD', '/home/racecar/racecar_ws/src/lab1c/build/open_space_msg'), ('PYTHONPATH', '/home/racecar/racecar_ws/src/install/ros_exercises/lib/python3.8/site-packages:/home/racecar/racecar_ws/src/install/open_space_msg/lib/python3.8/site-packages:/home/racecar/racecar_ws/install/ros_exercises/lib/python3.8/site-packages:/opt/ros/foxy/lib/python3.8/site-packages'), ('NO_VNC_VERSION', '1.4.0'), ('COLCON', '1'), ('CMAKE_PREFIX_PATH', '/home/racecar/racecar_ws/src/install/open_space_msg:/home/sim_ws/install/racecar_simulator:/home/racecar/racecar_ws/src/install/ros_exercises:/home/racecar/racecar_ws/install/ros_exercises:/opt/ros/foxy')]), 'shell': False}
[11.585201] (open_space_msg) StdoutLine: {'line': b'-- Install configuration: ""\n'}
[11.588646] (open_space_msg) StdoutLine: {'line': b'-- Installing: /home/racecar/racecar_ws/src/lab1c/install/open_space_msg/share/ament_index/resource_index/rosidl_interfaces/open_space_msg\n'}
[11.592913] (open_space_msg) StdoutLine: {'line': b'-- Installing: /home/racecar/racecar_ws/src/lab1c/install/open_space_msg/include/open_space_msg\n'}
[11.596390] (open_space_msg) StdoutLine: {'line': b'-- Installing: /home/racecar/racecar_ws/src/lab1c/install/open_space_msg/include/open_space_msg/msg\n'}
[11.599359] (open_space_msg) StdoutLine: {'line': b'-- Installing: /home/racecar/racecar_ws/src/lab1c/install/open_space_msg/include/open_space_msg/msg/open_space.h\n'}
[11.603451] (open_space_msg) StdoutLine: {'line': b'-- Installing: /home/racecar/racecar_ws/src/lab1c/install/open_space_msg/include/open_space_msg/msg/rosidl_generator_c__visibility_control.h\n'}
[11.608411] (open_space_msg) StdoutLine: {'line': b'-- Installing: /home/racecar/racecar_ws/src/lab1c/install/open_space_msg/include/open_space_msg/msg/detail\n'}
[11.611020] (open_space_msg) StdoutLine: {'line': b'-- Installing: /home/racecar/racecar_ws/src/lab1c/install/open_space_msg/include/open_space_msg/msg/detail/open_space__type_support.h\n'}
[11.615226] (open_space_msg) StdoutLine: {'line': b'-- Installing: /home/racecar/racecar_ws/src/lab1c/install/open_space_msg/include/open_space_msg/msg/detail/open_space__functions.h\n'}
[11.620683] (open_space_msg) StdoutLine: {'line': b'-- Installing: /home/racecar/racecar_ws/src/lab1c/install/open_space_msg/include/open_space_msg/msg/detail/open_space__struct.h\n'}
[11.625139] (open_space_msg) StdoutLine: {'line': b'-- Installing: /home/racecar/racecar_ws/src/lab1c/install/open_space_msg/include/open_space_msg/msg/detail/open_space__functions.c\n'}
[11.632472] (open_space_msg) StdoutLine: {'line': b'-- Installing: /home/racecar/racecar_ws/src/lab1c/install/open_space_msg/share/open_space_msg/environment/library_path.sh\n'}
[11.636912] (open_space_msg) StdoutLine: {'line': b'-- Installing: /home/racecar/racecar_ws/src/lab1c/install/open_space_msg/share/open_space_msg/environment/library_path.dsv\n'}
[11.642948] (open_space_msg) StdoutLine: {'line': b'-- Installing: /home/racecar/racecar_ws/src/lab1c/install/open_space_msg/lib/libopen_space_msg__rosidl_generator_c.so\n'}
[11.643976] (-) TimerEvent: {}
[11.650763] (open_space_msg) StdoutLine: {'line': b'-- Set runtime path of "/home/racecar/racecar_ws/src/lab1c/install/open_space_msg/lib/libopen_space_msg__rosidl_generator_c.so" to ""\n'}
[11.651889] (open_space_msg) StdoutLine: {'line': b'-- Up-to-date: /home/racecar/racecar_ws/src/lab1c/install/open_space_msg/include/open_space_msg\n'}
[11.652994] (open_space_msg) StdoutLine: {'line': b'-- Up-to-date: /home/racecar/racecar_ws/src/lab1c/install/open_space_msg/include/open_space_msg/msg\n'}
[11.654215] (open_space_msg) StdoutLine: {'line': b'-- Up-to-date: /home/racecar/racecar_ws/src/lab1c/install/open_space_msg/include/open_space_msg/msg/detail\n'}
[11.655728] (open_space_msg) StdoutLine: {'line': b'-- Installing: /home/racecar/racecar_ws/src/lab1c/install/open_space_msg/include/open_space_msg/msg/detail/open_space__rosidl_typesupport_fastrtps_c.h\n'}
[11.659846] (open_space_msg) StdoutLine: {'line': b'-- Installing: /home/racecar/racecar_ws/src/lab1c/install/open_space_msg/include/open_space_msg/msg/rosidl_typesupport_fastrtps_c__visibility_control.h\n'}
[11.664515] (open_space_msg) StdoutLine: {'line': b'-- Installing: /home/racecar/racecar_ws/src/lab1c/install/open_space_msg/lib/libopen_space_msg__rosidl_typesupport_fastrtps_c.so\n'}
[11.672459] (open_space_msg) StdoutLine: {'line': b'-- Set runtime path of "/home/racecar/racecar_ws/src/lab1c/install/open_space_msg/lib/libopen_space_msg__rosidl_typesupport_fastrtps_c.so" to ""\n'}
[11.673568] (open_space_msg) StdoutLine: {'line': b'-- Up-to-date: /home/racecar/racecar_ws/src/lab1c/install/open_space_msg/include/open_space_msg\n'}
[11.674549] (open_space_msg) StdoutLine: {'line': b'-- Up-to-date: /home/racecar/racecar_ws/src/lab1c/install/open_space_msg/include/open_space_msg/msg\n'}
[11.675674] (open_space_msg) StdoutLine: {'line': b'-- Installing: /home/racecar/racecar_ws/src/lab1c/install/open_space_msg/include/open_space_msg/msg/rosidl_typesupport_fastrtps_cpp__visibility_control.h\n'}
[11.680228] (open_space_msg) StdoutLine: {'line': b'-- Up-to-date: /home/racecar/racecar_ws/src/lab1c/install/open_space_msg/include/open_space_msg/msg/detail\n'}
[11.681775] (open_space_msg) StdoutLine: {'line': b'-- Installing: /home/racecar/racecar_ws/src/lab1c/install/open_space_msg/include/open_space_msg/msg/detail/open_space__rosidl_typesupport_fastrtps_cpp.hpp\n'}
[11.686871] (open_space_msg) StdoutLine: {'line': b'-- Installing: /home/racecar/racecar_ws/src/lab1c/install/open_space_msg/include/open_space_msg/msg/detail/dds_fastrtps\n'}
[11.690679] (open_space_msg) StdoutLine: {'line': b'-- Installing: /home/racecar/racecar_ws/src/lab1c/install/open_space_msg/lib/libopen_space_msg__rosidl_typesupport_fastrtps_cpp.so\n'}
[11.697930] (open_space_msg) StdoutLine: {'line': b'-- Set runtime path of "/home/racecar/racecar_ws/src/lab1c/install/open_space_msg/lib/libopen_space_msg__rosidl_typesupport_fastrtps_cpp.so" to ""\n'}
[11.699115] (open_space_msg) StdoutLine: {'line': b'-- Up-to-date: /home/racecar/racecar_ws/src/lab1c/install/open_space_msg/include/open_space_msg\n'}
[11.700235] (open_space_msg) StdoutLine: {'line': b'-- Up-to-date: /home/racecar/racecar_ws/src/lab1c/install/open_space_msg/include/open_space_msg/msg\n'}
[11.701324] (open_space_msg) StdoutLine: {'line': b'-- Up-to-date: /home/racecar/racecar_ws/src/lab1c/install/open_space_msg/include/open_space_msg/msg/detail\n'}
[11.702498] (open_space_msg) StdoutLine: {'line': b'-- Installing: /home/racecar/racecar_ws/src/lab1c/install/open_space_msg/include/open_space_msg/msg/detail/open_space__rosidl_typesupport_introspection_c.h\n'}
[11.707010] (open_space_msg) StdoutLine: {'line': b'-- Installing: /home/racecar/racecar_ws/src/lab1c/install/open_space_msg/include/open_space_msg/msg/detail/open_space__type_support.c\n'}
[11.711822] (open_space_msg) StdoutLine: {'line': b'-- Installing: /home/racecar/racecar_ws/src/lab1c/install/open_space_msg/include/open_space_msg/msg/rosidl_typesupport_introspection_c__visibility_control.h\n'}
[11.716677] (open_space_msg) StdoutLine: {'line': b'-- Installing: /home/racecar/racecar_ws/src/lab1c/install/open_space_msg/lib/libopen_space_msg__rosidl_typesupport_introspection_c.so\n'}
[11.724108] (open_space_msg) StdoutLine: {'line': b'-- Set runtime path of "/home/racecar/racecar_ws/src/lab1c/install/open_space_msg/lib/libopen_space_msg__rosidl_typesupport_introspection_c.so" to ""\n'}
[11.725460] (open_space_msg) StdoutLine: {'line': b'-- Installing: /home/racecar/racecar_ws/src/lab1c/install/open_space_msg/lib/libopen_space_msg__rosidl_typesupport_c.so\n'}
[11.734452] (open_space_msg) StdoutLine: {'line': b'-- Set runtime path of "/home/racecar/racecar_ws/src/lab1c/install/open_space_msg/lib/libopen_space_msg__rosidl_typesupport_c.so" to ""\n'}
[11.736308] (open_space_msg) StdoutLine: {'line': b'-- Up-to-date: /home/racecar/racecar_ws/src/lab1c/install/open_space_msg/include/open_space_msg\n'}
[11.737871] (open_space_msg) StdoutLine: {'line': b'-- Up-to-date: /home/racecar/racecar_ws/src/lab1c/install/open_space_msg/include/open_space_msg/msg\n'}
[11.739634] (open_space_msg) StdoutLine: {'line': b'-- Up-to-date: /home/racecar/racecar_ws/src/lab1c/install/open_space_msg/include/open_space_msg/msg/detail\n'}
[11.741146] (open_space_msg) StdoutLine: {'line': b'-- Installing: /home/racecar/racecar_ws/src/lab1c/install/open_space_msg/include/open_space_msg/msg/detail/open_space__traits.hpp\n'}
[11.745267] (-) TimerEvent: {}
[11.746299] (open_space_msg) StdoutLine: {'line': b'-- Installing: /home/racecar/racecar_ws/src/lab1c/install/open_space_msg/include/open_space_msg/msg/detail/open_space__struct.hpp\n'}
[11.753964] (open_space_msg) StdoutLine: {'line': b'-- Installing: /home/racecar/racecar_ws/src/lab1c/install/open_space_msg/include/open_space_msg/msg/detail/open_space__builder.hpp\n'}
[11.761254] (open_space_msg) StdoutLine: {'line': b'-- Installing: /home/racecar/racecar_ws/src/lab1c/install/open_space_msg/include/open_space_msg/msg/detail/open_space__type_support.hpp\n'}
[11.765575] (open_space_msg) StdoutLine: {'line': b'-- Installing: /home/racecar/racecar_ws/src/lab1c/install/open_space_msg/include/open_space_msg/msg/rosidl_generator_cpp__visibility_control.hpp\n'}
[11.770906] (open_space_msg) StdoutLine: {'line': b'-- Installing: /home/racecar/racecar_ws/src/lab1c/install/open_space_msg/include/open_space_msg/msg/open_space.hpp\n'}
[11.775544] (open_space_msg) StdoutLine: {'line': b'-- Up-to-date: /home/racecar/racecar_ws/src/lab1c/install/open_space_msg/include/open_space_msg\n'}
[11.776818] (open_space_msg) StdoutLine: {'line': b'-- Up-to-date: /home/racecar/racecar_ws/src/lab1c/install/open_space_msg/include/open_space_msg/msg\n'}
[11.778477] (open_space_msg) StdoutLine: {'line': b'-- Up-to-date: /home/racecar/racecar_ws/src/lab1c/install/open_space_msg/include/open_space_msg/msg/detail\n'}
[11.780287] (open_space_msg) StdoutLine: {'line': b'-- Installing: /home/racecar/racecar_ws/src/lab1c/install/open_space_msg/include/open_space_msg/msg/detail/open_space__type_support.cpp\n'}
[11.785479] (open_space_msg) StdoutLine: {'line': b'-- Installing: /home/racecar/racecar_ws/src/lab1c/install/open_space_msg/include/open_space_msg/msg/detail/open_space__rosidl_typesupport_introspection_cpp.hpp\n'}
[11.791860] (open_space_msg) StdoutLine: {'line': b'-- Installing: /home/racecar/racecar_ws/src/lab1c/install/open_space_msg/lib/libopen_space_msg__rosidl_typesupport_introspection_cpp.so\n'}
[11.799922] (open_space_msg) StdoutLine: {'line': b'-- Set runtime path of "/home/racecar/racecar_ws/src/lab1c/install/open_space_msg/lib/libopen_space_msg__rosidl_typesupport_introspection_cpp.so" to ""\n'}
[11.801072] (open_space_msg) StdoutLine: {'line': b'-- Installing: /home/racecar/racecar_ws/src/lab1c/install/open_space_msg/lib/libopen_space_msg__rosidl_typesupport_cpp.so\n'}
[11.810223] (open_space_msg) StdoutLine: {'line': b'-- Set runtime path of "/home/racecar/racecar_ws/src/lab1c/install/open_space_msg/lib/libopen_space_msg__rosidl_typesupport_cpp.so" to ""\n'}
[11.811963] (open_space_msg) StdoutLine: {'line': b'-- Installing: /home/racecar/racecar_ws/src/lab1c/install/open_space_msg/share/open_space_msg/environment/pythonpath.sh\n'}
[11.817786] (open_space_msg) StdoutLine: {'line': b'-- Installing: /home/racecar/racecar_ws/src/lab1c/install/open_space_msg/share/open_space_msg/environment/pythonpath.dsv\n'}
[11.825853] (open_space_msg) StdoutLine: {'line': b'-- Installing: /home/racecar/racecar_ws/src/lab1c/install/open_space_msg/lib/python3.8/site-packages/open_space_msg/__init__.py\n'}
[11.846217] (-) TimerEvent: {}
[11.875782] (open_space_msg) StdoutLine: {'line': b"Compiling '/home/racecar/racecar_ws/src/lab1c/install/open_space_msg/lib/python3.8/site-packages/open_space_msg/__init__.py'...\n"}
[11.881983] (open_space_msg) StdoutLine: {'line': b'-- Installing: /home/racecar/racecar_ws/src/lab1c/install/open_space_msg/lib/python3.8/site-packages/open_space_msg/msg\n'}
[11.886743] (open_space_msg) StdoutLine: {'line': b'-- Installing: /home/racecar/racecar_ws/src/lab1c/install/open_space_msg/lib/python3.8/site-packages/open_space_msg/msg/_open_space.py\n'}
[11.891411] (open_space_msg) StdoutLine: {'line': b'-- Installing: /home/racecar/racecar_ws/src/lab1c/install/open_space_msg/lib/python3.8/site-packages/open_space_msg/msg/__init__.py\n'}
[11.896893] (open_space_msg) StdoutLine: {'line': b'-- Installing: /home/racecar/racecar_ws/src/lab1c/install/open_space_msg/lib/python3.8/site-packages/open_space_msg/msg/_open_space_s.c\n'}
[11.901987] (open_space_msg) StdoutLine: {'line': b'-- Installing: /home/racecar/racecar_ws/src/lab1c/install/open_space_msg/lib/python3.8/site-packages/open_space_msg/open_space_msg_s__rosidl_typesupport_fastrtps_c.cpython-38-x86_64-linux-gnu.so\n'}
[11.909634] (open_space_msg) StdoutLine: {'line': b'-- Set runtime path of "/home/racecar/racecar_ws/src/lab1c/install/open_space_msg/lib/python3.8/site-packages/open_space_msg/open_space_msg_s__rosidl_typesupport_fastrtps_c.cpython-38-x86_64-linux-gnu.so" to ""\n'}
[11.910819] (open_space_msg) StdoutLine: {'line': b'-- Installing: /home/racecar/racecar_ws/src/lab1c/install/open_space_msg/lib/python3.8/site-packages/open_space_msg/open_space_msg_s__rosidl_typesupport_introspection_c.cpython-38-x86_64-linux-gnu.so\n'}
[11.918316] (open_space_msg) StdoutLine: {'line': b'-- Set runtime path of "/home/racecar/racecar_ws/src/lab1c/install/open_space_msg/lib/python3.8/site-packages/open_space_msg/open_space_msg_s__rosidl_typesupport_introspection_c.cpython-38-x86_64-linux-gnu.so" to ""\n'}
[11.919475] (open_space_msg) StdoutLine: {'line': b'-- Installing: /home/racecar/racecar_ws/src/lab1c/install/open_space_msg/lib/python3.8/site-packages/open_space_msg/open_space_msg_s__rosidl_typesupport_c.cpython-38-x86_64-linux-gnu.so\n'}
[11.926552] (open_space_msg) StdoutLine: {'line': b'-- Set runtime path of "/home/racecar/racecar_ws/src/lab1c/install/open_space_msg/lib/python3.8/site-packages/open_space_msg/open_space_msg_s__rosidl_typesupport_c.cpython-38-x86_64-linux-gnu.so" to ""\n'}
[11.928113] (open_space_msg) StdoutLine: {'line': b'-- Installing: /home/racecar/racecar_ws/src/lab1c/install/open_space_msg/lib/libopen_space_msg__python.so\n'}
[11.934362] (open_space_msg) StdoutLine: {'line': b'-- Set runtime path of "/home/racecar/racecar_ws/src/lab1c/install/open_space_msg/lib/libopen_space_msg__python.so" to ""\n'}
[11.937538] (open_space_msg) StdoutLine: {'line': b'-- Installing: /home/racecar/racecar_ws/src/lab1c/install/open_space_msg/share/open_space_msg/msg/OpenSpace.idl\n'}
[11.942423] (open_space_msg) StdoutLine: {'line': b'-- Installing: /home/racecar/racecar_ws/src/lab1c/install/open_space_msg/share/open_space_msg/msg/OpenSpace.msg\n'}
[11.947147] (-) TimerEvent: {}
[11.949394] (open_space_msg) StdoutLine: {'line': b'-- Installing: /home/racecar/racecar_ws/src/lab1c/install/open_space_msg/share/ament_index/resource_index/package_run_dependencies/open_space_msg\n'}
[11.955351] (open_space_msg) StdoutLine: {'line': b'-- Installing: /home/racecar/racecar_ws/src/lab1c/install/open_space_msg/share/ament_index/resource_index/parent_prefix_path/open_space_msg\n'}
[11.960769] (open_space_msg) StdoutLine: {'line': b'-- Installing: /home/racecar/racecar_ws/src/lab1c/install/open_space_msg/share/open_space_msg/environment/ament_prefix_path.sh\n'}
[11.964495] (open_space_msg) StdoutLine: {'line': b'-- Installing: /home/racecar/racecar_ws/src/lab1c/install/open_space_msg/share/open_space_msg/environment/ament_prefix_path.dsv\n'}
[11.969626] (open_space_msg) StdoutLine: {'line': b'-- Installing: /home/racecar/racecar_ws/src/lab1c/install/open_space_msg/share/open_space_msg/environment/path.sh\n'}
[11.973673] (open_space_msg) StdoutLine: {'line': b'-- Installing: /home/racecar/racecar_ws/src/lab1c/install/open_space_msg/share/open_space_msg/environment/path.dsv\n'}
[11.979301] (open_space_msg) StdoutLine: {'line': b'-- Installing: /home/racecar/racecar_ws/src/lab1c/install/open_space_msg/share/open_space_msg/local_setup.bash\n'}
[11.984047] (open_space_msg) StdoutLine: {'line': b'-- Installing: /home/racecar/racecar_ws/src/lab1c/install/open_space_msg/share/open_space_msg/local_setup.sh\n'}
[11.989276] (open_space_msg) StdoutLine: {'line': b'-- Installing: /home/racecar/racecar_ws/src/lab1c/install/open_space_msg/share/open_space_msg/local_setup.zsh\n'}
[11.993722] (open_space_msg) StdoutLine: {'line': b'-- Installing: /home/racecar/racecar_ws/src/lab1c/install/open_space_msg/share/open_space_msg/local_setup.dsv\n'}
[11.999295] (open_space_msg) StdoutLine: {'line': b'-- Installing: /home/racecar/racecar_ws/src/lab1c/install/open_space_msg/share/open_space_msg/package.dsv\n'}
[12.007929] (open_space_msg) StdoutLine: {'line': b'-- Installing: /home/racecar/racecar_ws/src/lab1c/install/open_space_msg/share/ament_index/resource_index/packages/open_space_msg\n'}
[12.018453] (open_space_msg) StdoutLine: {'line': b'-- Installing: /home/racecar/racecar_ws/src/lab1c/install/open_space_msg/share/open_space_msg/cmake/open_space_msg__rosidl_generator_cExport.cmake\n'}
[12.024400] (open_space_msg) StdoutLine: {'line': b'-- Installing: /home/racecar/racecar_ws/src/lab1c/install/open_space_msg/share/open_space_msg/cmake/open_space_msg__rosidl_generator_cExport-noconfig.cmake\n'}
[12.029811] (open_space_msg) StdoutLine: {'line': b'-- Installing: /home/racecar/racecar_ws/src/lab1c/install/open_space_msg/share/open_space_msg/cmake/open_space_msg__rosidl_typesupport_introspection_cExport.cmake\n'}
[12.034901] (open_space_msg) StdoutLine: {'line': b'-- Installing: /home/racecar/racecar_ws/src/lab1c/install/open_space_msg/share/open_space_msg/cmake/open_space_msg__rosidl_typesupport_introspection_cExport-noconfig.cmake\n'}
[12.040727] (open_space_msg) StdoutLine: {'line': b'-- Installing: /home/racecar/racecar_ws/src/lab1c/install/open_space_msg/share/open_space_msg/cmake/open_space_msg__rosidl_typesupport_cExport.cmake\n'}
[12.045485] (open_space_msg) StdoutLine: {'line': b'-- Installing: /home/racecar/racecar_ws/src/lab1c/install/open_space_msg/share/open_space_msg/cmake/open_space_msg__rosidl_typesupport_cExport-noconfig.cmake\n'}
[12.047739] (-) TimerEvent: {}
[12.052131] (open_space_msg) StdoutLine: {'line': b'-- Installing: /home/racecar/racecar_ws/src/lab1c/install/open_space_msg/share/open_space_msg/cmake/open_space_msg__rosidl_generator_cppExport.cmake\n'}
[12.056926] (open_space_msg) StdoutLine: {'line': b'-- Installing: /home/racecar/racecar_ws/src/lab1c/install/open_space_msg/share/open_space_msg/cmake/open_space_msg__rosidl_typesupport_introspection_cppExport.cmake\n'}
[12.062577] (open_space_msg) StdoutLine: {'line': b'-- Installing: /home/racecar/racecar_ws/src/lab1c/install/open_space_msg/share/open_space_msg/cmake/open_space_msg__rosidl_typesupport_introspection_cppExport-noconfig.cmake\n'}
[12.068376] (open_space_msg) StdoutLine: {'line': b'-- Installing: /home/racecar/racecar_ws/src/lab1c/install/open_space_msg/share/open_space_msg/cmake/open_space_msg__rosidl_typesupport_cppExport.cmake\n'}
[12.073506] (open_space_msg) StdoutLine: {'line': b'-- Installing: /home/racecar/racecar_ws/src/lab1c/install/open_space_msg/share/open_space_msg/cmake/open_space_msg__rosidl_typesupport_cppExport-noconfig.cmake\n'}
[12.078742] (open_space_msg) StdoutLine: {'line': b'-- Installing: /home/racecar/racecar_ws/src/lab1c/install/open_space_msg/share/open_space_msg/cmake/rosidl_cmake-extras.cmake\n'}
[12.083836] (open_space_msg) StdoutLine: {'line': b'-- Installing: /home/racecar/racecar_ws/src/lab1c/install/open_space_msg/share/open_space_msg/cmake/ament_cmake_export_dependencies-extras.cmake\n'}
[12.089818] (open_space_msg) StdoutLine: {'line': b'-- Installing: /home/racecar/racecar_ws/src/lab1c/install/open_space_msg/share/open_space_msg/cmake/ament_cmake_export_libraries-extras.cmake\n'}
[12.094797] (open_space_msg) StdoutLine: {'line': b'-- Installing: /home/racecar/racecar_ws/src/lab1c/install/open_space_msg/share/open_space_msg/cmake/ament_cmake_export_targets-extras.cmake\n'}
[12.100194] (open_space_msg) StdoutLine: {'line': b'-- Installing: /home/racecar/racecar_ws/src/lab1c/install/open_space_msg/share/open_space_msg/cmake/ament_cmake_export_include_directories-extras.cmake\n'}
[12.104680] (open_space_msg) StdoutLine: {'line': b'-- Installing: /home/racecar/racecar_ws/src/lab1c/install/open_space_msg/share/open_space_msg/cmake/rosidl_cmake_export_typesupport_libraries-extras.cmake\n'}
[12.110032] (open_space_msg) StdoutLine: {'line': b'-- Installing: /home/racecar/racecar_ws/src/lab1c/install/open_space_msg/share/open_space_msg/cmake/rosidl_cmake_export_typesupport_targets-extras.cmake\n'}
[12.116281] (open_space_msg) StdoutLine: {'line': b'-- Installing: /home/racecar/racecar_ws/src/lab1c/install/open_space_msg/share/open_space_msg/cmake/open_space_msgConfig.cmake\n'}
[12.122522] (open_space_msg) StdoutLine: {'line': b'-- Installing: /home/racecar/racecar_ws/src/lab1c/install/open_space_msg/share/open_space_msg/cmake/open_space_msgConfig-version.cmake\n'}
[12.127402] (open_space_msg) StdoutLine: {'line': b'-- Installing: /home/racecar/racecar_ws/src/lab1c/install/open_space_msg/share/open_space_msg/package.xml\n'}
[12.135686] (open_space_msg) CommandEnded: {'returncode': 0}
[12.148665] (-) TimerEvent: {}
[12.251449] (-) TimerEvent: {}
[12.356389] (-) TimerEvent: {}
[12.459071] (-) TimerEvent: {}
[12.562254] (-) TimerEvent: {}
[12.663255] (-) TimerEvent: {}
[12.765150] (-) TimerEvent: {}
[12.866686] (-) TimerEvent: {}
[12.969345] (-) TimerEvent: {}
[13.072227] (-) TimerEvent: {}
[13.134492] (open_space_msg) JobEnded: {'identifier': 'open_space_msg', 'rc': 0}
[13.140258] (-) EventReactorShutdown: {}
