[1.951s] Invoking command in '/home/racecar/racecar_ws/src/lab1c/ros_exercises': PYTHONPATH=/home/racecar/racecar_ws/src/lab1c/build/ros_exercises/prefix_override:/home/racecar/racecar_ws/src/lab1c/install/ros_exercises/lib/python3.8/site-packages:${PYTHONPATH} /usr/bin/python3 setup.py egg_info --egg-base ../build/ros_exercises build --build-base /home/racecar/racecar_ws/src/lab1c/build/ros_exercises/build install --record /home/racecar/racecar_ws/src/lab1c/build/ros_exercises/install.log --install-scripts $base/lib/ros_exercises --single-version-externally-managed
[2.367s] running egg_info
[2.369s] writing ../build/ros_exercises/ros_exercises.egg-info/PKG-INFO
[2.371s] writing dependency_links to ../build/ros_exercises/ros_exercises.egg-info/dependency_links.txt
[2.373s] writing entry points to ../build/ros_exercises/ros_exercises.egg-info/entry_points.txt
[2.375s] writing requirements to ../build/ros_exercises/ros_exercises.egg-info/requires.txt
[2.379s] writing top-level names to ../build/ros_exercises/ros_exercises.egg-info/top_level.txt
[2.458s] reading manifest file '../build/ros_exercises/ros_exercises.egg-info/SOURCES.txt'
[2.461s] writing manifest file '../build/ros_exercises/ros_exercises.egg-info/SOURCES.txt'
[2.463s] running build
[2.466s] running build_py
[2.468s] copying ros_exercises/base_link_tf_pub.py -> /home/racecar/racecar_ws/src/lab1c/build/ros_exercises/build/lib/ros_exercises
[2.472s] running install
[2.474s] running install_lib
[2.486s] copying /home/racecar/racecar_ws/src/lab1c/build/ros_exercises/build/lib/ros_exercises/base_link_tf_pub.py -> /home/racecar/racecar_ws/src/lab1c/install/ros_exercises/lib/python3.8/site-packages/ros_exercises
[2.493s] byte-compiling /home/racecar/racecar_ws/src/lab1c/install/ros_exercises/lib/python3.8/site-packages/ros_exercises/base_link_tf_pub.py to base_link_tf_pub.cpython-38.pyc
[2.501s] running install_data
[2.507s] running install_egg_info
[2.515s] removing '/home/racecar/racecar_ws/src/lab1c/install/ros_exercises/lib/python3.8/site-packages/ros_exercises-0.0.0-py3.8.egg-info' (and everything under it)
[2.524s] Copying ../build/ros_exercises/ros_exercises.egg-info to /home/racecar/racecar_ws/src/lab1c/install/ros_exercises/lib/python3.8/site-packages/ros_exercises-0.0.0-py3.8.egg-info
[2.544s] running install_scripts
[2.567s] Installing base_link_tf_pub script to /home/racecar/racecar_ws/src/lab1c/install/ros_exercises/lib/ros_exercises
[2.569s] Installing dynamic_tf_cam_publisher script to /home/racecar/racecar_ws/src/lab1c/install/ros_exercises/lib/ros_exercises
[2.572s] Installing fake_scan_publisher script to /home/racecar/racecar_ws/src/lab1c/install/ros_exercises/lib/ros_exercises
[2.575s] Installing open_space_publisher script to /home/racecar/racecar_ws/src/lab1c/install/ros_exercises/lib/ros_exercises
[2.582s] Installing simple_publisher script to /home/racecar/racecar_ws/src/lab1c/install/ros_exercises/lib/ros_exercises
[2.586s] Installing simple_subscriber script to /home/racecar/racecar_ws/src/lab1c/install/ros_exercises/lib/ros_exercises
[2.593s] Installing static_tf_cam_publisher script to /home/racecar/racecar_ws/src/lab1c/install/ros_exercises/lib/ros_exercises
[2.597s] writing list of installed files to '/home/racecar/racecar_ws/src/lab1c/build/ros_exercises/install.log'
[2.760s] Invoked command in '/home/racecar/racecar_ws/src/lab1c/ros_exercises' returned '0': PYTHONPATH=/home/racecar/racecar_ws/src/lab1c/build/ros_exercises/prefix_override:/home/racecar/racecar_ws/src/lab1c/install/ros_exercises/lib/python3.8/site-packages:${PYTHONPATH} /usr/bin/python3 setup.py egg_info --egg-base ../build/ros_exercises build --build-base /home/racecar/racecar_ws/src/lab1c/build/ros_exercises/build install --record /home/racecar/racecar_ws/src/lab1c/build/ros_exercises/install.log --install-scripts $base/lib/ros_exercises --single-version-externally-managed
