[0.000000] (-) TimerEvent: {}
[0.000695] (ros_exercises) JobQueued: {'identifier': 'ros_exercises', 'dependencies': OrderedDict()}
[0.001288] (ros_exercises) JobStarted: {'identifier': 'ros_exercises'}
[0.099584] (-) TimerEvent: {}
[0.202959] (-) TimerEvent: {}
[0.310956] (-) TimerEvent: {}
[0.413616] (-) TimerEvent: {}
[0.517780] (-) TimerEvent: {}
[0.619621] (-) TimerEvent: {}
[0.721693] (-) TimerEvent: {}
[0.825374] (-) TimerEvent: {}
[0.935631] (-) TimerEvent: {}
[1.038457] (-) TimerEvent: {}
[1.139696] (-) TimerEvent: {}
[1.241535] (-) TimerEvent: {}
[1.342557] (-) TimerEvent: {}
[1.444536] (-) TimerEvent: {}
[1.545554] (-) TimerEvent: {}
[1.646681] (-) TimerEvent: {}
[1.748668] (-) TimerEvent: {}
[1.773702] (ros_exercises) Command: {'cmd': ['/usr/bin/python3', 'setup.py', 'egg_info', '--egg-base', 'build/ros_exercises', 'build', '--build-base', '/home/racecar/racecar_ws/src/ros_exercises/build/ros_exercises/build', 'install', '--record', '/home/racecar/racecar_ws/src/ros_exercises/build/ros_exercises/install.log', '--install-scripts', '$base/lib/ros_exercises', '--single-version-externally-managed'], 'cwd': '/home/racecar/racecar_ws/src/ros_exercises', 'env': {'VNCDESKTOP': '7454ae33d199:1 (racecar)', 'PYTHONIOENCODING': 'utf-8', 'HOSTNAME': '7454ae33d199', 'SHLVL': '2', 'LD_LIBRARY_PATH': '/opt/ros/foxy/opt/yaml_cpp_vendor/lib:/opt/ros/foxy/opt/rviz_ogre_vendor/lib:/opt/ros/foxy/lib/x86_64-linux-gnu:/opt/ros/foxy/lib', 'HOME': '/home/racecar', 'OLDPWD': '/home/racecar/racecar_ws', 'ROS_PYTHON_VERSION': '3', 'COLCON_PREFIX_PATH': '/home/sim_ws/install:/home/racecar/racecar_ws/install', 'ROS_DISTRO': 'foxy', 'LOGNAME': 'racecar', 'WINDOWID': '2097165', '_': '/usr/bin/colcon', 'ROS_VERSION': '2', 'XTERM_SHELL': '/bin/bash', 'TERM': 'xterm', 'ROS_LOCALHOST_ONLY': '0', 'PATH': '/opt/ros/foxy/bin:/usr/local/sbin:/usr/local/bin:/usr/sbin:/usr/bin:/sbin:/bin', 'DISPLAY': ':1', 'LANG': 'en_US.UTF-8', 'AMENT_PREFIX_PATH': '/home/sim_ws/install/racecar_simulator:/home/racecar/racecar_ws/install/ros_exercises:/opt/ros/foxy', 'SHELL': '/bin/bash', 'SIM_WS': '/home/sim_ws', 'PWD': '/home/racecar/racecar_ws/src/ros_exercises/build/ros_exercises', 'XTERM_LOCALE': 'en_US.UTF-8', 'XTERM_VERSION': 'XTerm(353)', 'PYTHONPATH': '/home/racecar/racecar_ws/src/ros_exercises/build/ros_exercises/prefix_override:/home/racecar/racecar_ws/src/ros_exercises/install/ros_exercises/lib/python3.8/site-packages:/home/racecar/racecar_ws/install/ros_exercises/lib/python3.8/site-packages:/opt/ros/foxy/lib/python3.8/site-packages', 'NO_VNC_VERSION': '1.4.0', 'COLCON': '1', 'CMAKE_PREFIX_PATH': '/home/sim_ws/install/racecar_simulator'}, 'shell': False}
[1.849629] (-) TimerEvent: {}
[1.951637] (-) TimerEvent: {}
[2.053505] (-) TimerEvent: {}
[2.139156] (ros_exercises) StdoutLine: {'line': b'running egg_info\n'}
[2.141485] (ros_exercises) StdoutLine: {'line': b'writing build/ros_exercises/ros_exercises.egg-info/PKG-INFO\n'}
[2.143300] (ros_exercises) StdoutLine: {'line': b'writing dependency_links to build/ros_exercises/ros_exercises.egg-info/dependency_links.txt\n'}
[2.145844] (ros_exercises) StdoutLine: {'line': b'writing entry points to build/ros_exercises/ros_exercises.egg-info/entry_points.txt\n'}
[2.148233] (ros_exercises) StdoutLine: {'line': b'writing requirements to build/ros_exercises/ros_exercises.egg-info/requires.txt\n'}
[2.150045] (ros_exercises) StdoutLine: {'line': b'writing top-level names to build/ros_exercises/ros_exercises.egg-info/top_level.txt\n'}
[2.153700] (-) TimerEvent: {}
[2.233905] (ros_exercises) StdoutLine: {'line': b"reading manifest file 'build/ros_exercises/ros_exercises.egg-info/SOURCES.txt'\n"}
[2.239217] (ros_exercises) StdoutLine: {'line': b"writing manifest file 'build/ros_exercises/ros_exercises.egg-info/SOURCES.txt'\n"}
[2.241494] (ros_exercises) StdoutLine: {'line': b'running build\n'}
[2.243424] (ros_exercises) StdoutLine: {'line': b'running build_py\n'}
[2.245839] (ros_exercises) StdoutLine: {'line': b'running install\n'}
[2.248479] (ros_exercises) StdoutLine: {'line': b'running install_lib\n'}
[2.254280] (ros_exercises) StdoutLine: {'line': b'running install_data\n'}
[2.256709] (-) TimerEvent: {}
[2.257441] (ros_exercises) StdoutLine: {'line': b'running install_egg_info\n'}
[2.259873] (ros_exercises) StdoutLine: {'line': b"removing '/home/racecar/racecar_ws/src/ros_exercises/install/ros_exercises/lib/python3.8/site-packages/ros_exercises-0.0.0-py3.8.egg-info' (and everything under it)\n"}
[2.265973] (ros_exercises) StdoutLine: {'line': b'Copying build/ros_exercises/ros_exercises.egg-info to /home/racecar/racecar_ws/src/ros_exercises/install/ros_exercises/lib/python3.8/site-packages/ros_exercises-0.0.0-py3.8.egg-info\n'}
[2.307950] (ros_exercises) StdoutLine: {'line': b'running install_scripts\n'}
[2.344426] (ros_exercises) StdoutLine: {'line': b'Installing fake_scan_publisher script to /home/racecar/racecar_ws/src/ros_exercises/install/ros_exercises/lib/ros_exercises\n'}
[2.348004] (ros_exercises) StdoutLine: {'line': b'Installing simple_publisher script to /home/racecar/racecar_ws/src/ros_exercises/install/ros_exercises/lib/ros_exercises\n'}
[2.351008] (ros_exercises) StdoutLine: {'line': b'Installing simple_subscriber script to /home/racecar/racecar_ws/src/ros_exercises/install/ros_exercises/lib/ros_exercises\n'}
[2.355921] (ros_exercises) StdoutLine: {'line': b"writing list of installed files to '/home/racecar/racecar_ws/src/ros_exercises/build/ros_exercises/install.log'\n"}
[2.358360] (-) TimerEvent: {}
[2.391453] (ros_exercises) CommandEnded: {'returncode': 0}
[2.461194] (-) TimerEvent: {}
[2.570159] (-) TimerEvent: {}
[2.671527] (-) TimerEvent: {}
[2.688116] (ros_exercises) JobEnded: {'identifier': 'ros_exercises', 'rc': 0}
[2.696137] (-) EventReactorShutdown: {}
