[0.000000] (-) TimerEvent: {}
[0.000798] (ros_exercises) JobQueued: {'identifier': 'ros_exercises', 'dependencies': OrderedDict()}
[0.001226] (ros_exercises) JobStarted: {'identifier': 'ros_exercises'}
[0.098670] (-) TimerEvent: {}
[0.201924] (-) TimerEvent: {}
[0.306872] (-) TimerEvent: {}
[0.410038] (-) TimerEvent: {}
[0.511877] (-) TimerEvent: {}
[0.615647] (-) TimerEvent: {}
[0.716594] (-) TimerEvent: {}
[0.817592] (-) TimerEvent: {}
[0.919054] (-) TimerEvent: {}
[1.025713] (-) TimerEvent: {}
[1.129292] (-) TimerEvent: {}
[1.231648] (-) TimerEvent: {}
[1.332780] (-) TimerEvent: {}
[1.433836] (-) TimerEvent: {}
[1.535634] (-) TimerEvent: {}
[1.636604] (-) TimerEvent: {}
[1.737612] (-) TimerEvent: {}
[1.838738] (-) TimerEvent: {}
[1.939622] (-) TimerEvent: {}
[2.012854] (ros_exercises) Command: {'cmd': ['/usr/bin/python3', 'setup.py', 'egg_info', '--egg-base', 'build/ros_exercises', 'build', '--build-base', '/home/racecar/racecar_ws/src/ros_exercises/build/ros_exercises/build', 'install', '--record', '/home/racecar/racecar_ws/src/ros_exercises/build/ros_exercises/install.log', '--install-scripts', '$base/lib/ros_exercises', '--single-version-externally-managed'], 'cwd': '/home/racecar/racecar_ws/src/ros_exercises', 'env': {'PYTHONIOENCODING': 'utf-8', 'HOSTNAME': '7454ae33d199', 'SHLVL': '1', 'LD_LIBRARY_PATH': '/opt/ros/foxy/opt/yaml_cpp_vendor/lib:/opt/ros/foxy/opt/rviz_ogre_vendor/lib:/opt/ros/foxy/lib/x86_64-linux-gnu:/opt/ros/foxy/lib', 'HOME': '/home/racecar', 'OLDPWD': '/home/racecar/racecar_ws/src/ros_exercises/ros_exercises', 'ROS_PYTHON_VERSION': '3', 'COLCON_PREFIX_PATH': '/home/racecar/racecar_ws/src/ros_exercises/install:/home/sim_ws/install:/home/racecar/racecar_ws/install', 'ROS_DISTRO': 'foxy', '_': '/usr/bin/colcon', 'ROS_VERSION': '2', 'TERM': 'xterm', 'ROS_LOCALHOST_ONLY': '0', 'PATH': '/opt/ros/foxy/bin:/usr/local/sbin:/usr/local/bin:/usr/sbin:/usr/bin:/sbin:/bin', 'LANG': 'en_US.UTF-8', 'AMENT_PREFIX_PATH': '/home/racecar/racecar_ws/src/ros_exercises/install/ros_exercises:/home/sim_ws/install/racecar_simulator:/home/racecar/racecar_ws/install/ros_exercises:/opt/ros/foxy', 'SIM_WS': '/home/sim_ws', 'PWD': '/home/racecar/racecar_ws/src/ros_exercises/build/ros_exercises', 'PYTHONPATH': '/home/racecar/racecar_ws/src/ros_exercises/build/ros_exercises/prefix_override:/home/racecar/racecar_ws/src/ros_exercises/install/ros_exercises/lib/python3.8/site-packages:/home/racecar/racecar_ws/src/ros_exercises/install/ros_exercises/lib/python3.8/site-packages:/home/racecar/racecar_ws/install/ros_exercises/lib/python3.8/site-packages:/opt/ros/foxy/lib/python3.8/site-packages', 'NO_VNC_VERSION': '1.4.0', 'COLCON': '1', 'CMAKE_PREFIX_PATH': '/home/sim_ws/install/racecar_simulator'}, 'shell': False}
[2.040714] (-) TimerEvent: {}
[2.145621] (-) TimerEvent: {}
[2.246571] (-) TimerEvent: {}
[2.348770] (-) TimerEvent: {}
[2.392921] (ros_exercises) StdoutLine: {'line': b'running egg_info\n'}
[2.398262] (ros_exercises) StdoutLine: {'line': b'writing build/ros_exercises/ros_exercises.egg-info/PKG-INFO\n'}
[2.400774] (ros_exercises) StdoutLine: {'line': b'writing dependency_links to build/ros_exercises/ros_exercises.egg-info/dependency_links.txt\n'}
[2.403996] (ros_exercises) StdoutLine: {'line': b'writing entry points to build/ros_exercises/ros_exercises.egg-info/entry_points.txt\n'}
[2.406907] (ros_exercises) StdoutLine: {'line': b'writing requirements to build/ros_exercises/ros_exercises.egg-info/requires.txt\n'}
[2.408981] (ros_exercises) StdoutLine: {'line': b'writing top-level names to build/ros_exercises/ros_exercises.egg-info/top_level.txt\n'}
[2.449697] (-) TimerEvent: {}
[2.492624] (ros_exercises) StdoutLine: {'line': b"reading manifest file 'build/ros_exercises/ros_exercises.egg-info/SOURCES.txt'\n"}
[2.497518] (ros_exercises) StdoutLine: {'line': b"writing manifest file 'build/ros_exercises/ros_exercises.egg-info/SOURCES.txt'\n"}
[2.499523] (ros_exercises) StdoutLine: {'line': b'running build\n'}
[2.501507] (ros_exercises) StdoutLine: {'line': b'running build_py\n'}
[2.503542] (ros_exercises) StdoutLine: {'line': b'copying ros_exercises/simple_subscriber.py -> /home/racecar/racecar_ws/src/ros_exercises/build/ros_exercises/build/lib/ros_exercises\n'}
[2.508780] (ros_exercises) StdoutLine: {'line': b'running install\n'}
[2.511604] (ros_exercises) StdoutLine: {'line': b'running install_lib\n'}
[2.515179] (ros_exercises) StdoutLine: {'line': b'copying /home/racecar/racecar_ws/src/ros_exercises/build/ros_exercises/build/lib/ros_exercises/simple_subscriber.py -> /home/racecar/racecar_ws/src/ros_exercises/install/ros_exercises/lib/python3.8/site-packages/ros_exercises\n'}
[2.520738] (ros_exercises) StdoutLine: {'line': b'byte-compiling /home/racecar/racecar_ws/src/ros_exercises/install/ros_exercises/lib/python3.8/site-packages/ros_exercises/simple_subscriber.py to simple_subscriber.cpython-38.pyc\n'}
[2.527016] (ros_exercises) StdoutLine: {'line': b'running install_data\n'}
[2.530688] (ros_exercises) StdoutLine: {'line': b'running install_egg_info\n'}
[2.533845] (ros_exercises) StdoutLine: {'line': b"removing '/home/racecar/racecar_ws/src/ros_exercises/install/ros_exercises/lib/python3.8/site-packages/ros_exercises-0.0.0-py3.8.egg-info' (and everything under it)\n"}
[2.539449] (ros_exercises) StdoutLine: {'line': b'Copying build/ros_exercises/ros_exercises.egg-info to /home/racecar/racecar_ws/src/ros_exercises/install/ros_exercises/lib/python3.8/site-packages/ros_exercises-0.0.0-py3.8.egg-info\n'}
[2.550625] (-) TimerEvent: {}
[2.577960] (ros_exercises) StdoutLine: {'line': b'running install_scripts\n'}
[2.611522] (ros_exercises) StdoutLine: {'line': b'Installing simple_publisher script to /home/racecar/racecar_ws/src/ros_exercises/install/ros_exercises/lib/ros_exercises\n'}
[2.619049] (ros_exercises) StdoutLine: {'line': b'Installing simple_subscriber script to /home/racecar/racecar_ws/src/ros_exercises/install/ros_exercises/lib/ros_exercises\n'}
[2.623261] (ros_exercises) StdoutLine: {'line': b"writing list of installed files to '/home/racecar/racecar_ws/src/ros_exercises/build/ros_exercises/install.log'\n"}
[2.652114] (-) TimerEvent: {}
[2.658996] (ros_exercises) CommandEnded: {'returncode': 0}
[2.752567] (-) TimerEvent: {}
[2.854049] (-) TimerEvent: {}
[2.914970] (ros_exercises) JobEnded: {'identifier': 'ros_exercises', 'rc': 0}
[2.921599] (-) EventReactorShutdown: {}
